Case 1:
8509
33746
20175
18081
80851
3187
16004
33981
31002
27579
26111
51
34487
47116
7947
13674
48094
1526
32757
16288
12276
52485
6551
46316
31669
34676
13667
87918
46770
8318
12451
53992
18501
16846
25649
53378
41850
21408
66144
9216
49521
10228
1016
25988
1583
16291
79742
27918
1942
13821
23249
58995
40778
26014
20092
46454
49057
76242
64621
49213
80087
3466
23185
26107
39551
57817
1049
60577
7448
29458
12928
33231
8423
10344
37489
6460
5978
78536
12435
51273
52835
2226
30812
40822
12618
33849
32056
54503
20869
21474
187
47745
74729
76094
62399
15026
31639
53469
20025
12520
14760
44664
27025
45694
17217
8956
7245
7668
32271
53134
7940
11807
972
28180
11333
23063
5677
10913
53295
56427
60089
56005
36549
51874
61885
42869
5218
616
41781
10386
34929
12253
41885
81445
67128
33451
26272
32689
62399
5208
5480
4151
25542
16559
12296
15364
9083
38766
11317
58892
16230
56838
27321
17160
43665
13200
24624
73193
25825
41892
32441
13271
79500
16907
45074
21424
10238
1380
76401
41033
244
57489
35046
45803
22872
7700
38162
53725
21390
17952
21183
56734
3481
11850
27253
12062
21402
3281
5084
15525
66097
12748
69568
16816
45678
26407
47126
23711
21214
37749
52809
33615
14466
56123
39194
2147
29627
19011
12697
6064
48720
14666
21086
73762
2232
58979
30349
16100
40538
5472
39224
30268
39432
3059
47804
22327
54266
58105
4229
5200
22504
28396
60734
78954
8198
4730
62094
5938
45788
84191
36152
17323
24970
45500
55107
64358
29935
35318
66155
19905
23595
76657
42604
48322
35435
39518
24437
6831
39732
2753
38428
18359
55195
13296
12713
4966
32418
26220
4436
19484
81197
46436
34340
1458
40123
53205
2429
42786
53432
18558
20018
42319
52782
33316
26602
19085
22442
31402
36924
28385
26447
836
55910
39744
60612
939
44585
13041
55981
69431
34369
33138
65500
83114
68878
35375
66639
50788
19852
10949
49685
63231
71077
49232
52355
61823
12746
29516
39476
26584
2259
40119
18769
6404
41247
26018
8136
16639
26372
61773
17563
20812
65093
35415
26710
8884
35312
33680
78963
76673
27827
7974
68798
27360
19656
46929
33440
29746
19094
53966
26248
67522
14134
36207
25670
5873
26537
45681
16643
61579
29646
16292
2929
63402
31130
22766
7074
24766
13685
83
51
43976
44914
3129
24355
17093
45224
33543
3434
33934
70019
63381
379
50946
9602
26384
2634
33148
7220
17464
15844
17431
11060
50134
48052
19071
24560
13444
19989
65817
46436
33189
66915
34644
44035
53037
9477
74155
33234
56573
57054
70306
70130
2597
54014
7203
38019
1866
30059
3086
78236
54753
34447
1263
58833
13439
32287
5122
35252
4710
73510
17062
22692
36633
18530
18812
33394
7914
17767
15264
28094
15538
38574
13924
66303
41833
63397
74187
38709
1633
29711
4947
53933
1759
39429
6931
38214
40099
58001
8434
42441
39140
36526
7812
54799
17094
74371
53561
8778
51601
3664
51599
68882
38637
12878
1888
25194
10468
24717
31514
21779
67678
25186
15542
35226
20371
11888
308
21021
66827
5278
34447
45721
5522
46795
20408
61155
27445
36343
62957
25671
16705
44641
12086
25104
4309
52370
9894
9188
17811
68622
92208
54382
7447
8128
3930
42242
43170
13909
30277
69635
33699
2105
56616
11413
590
23382
81119
46389
34166
25363
45318
12731
11584
1787
45980
21939
10127
22662
58208
12575
27014
59403
61359
10224
2484
3005
16143
8220
57653
5918
38019
24665
57808
55474
76470
22871
29034
25191
49694
35832
18176
11244
57702
14673
10055
72404
44438
4253
707
48320
36018
21866
17936
67911
90256
14345
69268
55637
54515
51636
38907
23476
59847
70072
5649
22552
9847
60030
5215
3891
11408
3246
4094
4229
1733
85558
50801
34867
19716
57451
65147
26620
7181
24349
77921
53467
25655
9612
29335
55051
37953
13188
18366
51653
77631
73413
6392
13845
24075
19459
56784
39224
55779
7324
67089
23149
33724
41437
83560
49368
65144
4631
32201
9524
41071
13164
2847
60497
9763
49140
33177
20094
74412
57644
2129
59341
69447
43048
44460
32527
29698
3968
23843
172
589
45751
6338
12905
46216
1441
12144
49326
59236
3719
17246
77268
46727
20975
4133
19026
51140
43321
82323
8195
45017
10151
34692
18387
22448
55298
27092
24106
34252
44787
43182
17475
22522
15014
29509
64606
49442
10071
14765
38920
17482
20453
41336
38014
51533
6833
7839
34261
26558
1770
37784
69192
8391
38002
50893
44181
28403
3423
48279
5327
11961
13469
37289
4985
30974
59758
53492
27929
25324
13833
4567
51694
11624
44543
22030
6567
90560
17928
12807
8733
4905
37033
19340
35897
29234
4421
498
36534
12055
6600
14900
28544
27995
27497
31674
12345
34020
9882
22001
33937
33507
17123
24015
47238
24626
87417
35315
11204
31579
19387
58623
52677
23912
6475
46261
86840
45024
7164
30179
30541
34944
12555
27393
3868
1415
23640
12656
23088
31652
31869
44081
43239
21538
53087
63908
39148
25209
54789
72207
15657
31612
12890
31321
27676
43744
29627
43963
56809
10616
11077
42112
44920
56709
15670
13116
78125
2238
20489
31666
16029
3705
23130
41535
31256
30134
4950
11313
11699
58572
7822
11979
33600
30129
40797
1400
39220
74977
88512
6015
33231
43702
54392
20010
25613
5880
32017
11752
53497
46363
1257
32452
58462
52956
15564
38139
20721
39530
18112
9145
35450
31574
15596
51193
26921
15581
39467
8864
17366
40510
39663
14072
50688
47141
18175
32116
61898
17686
57996
38607
31486
17873
40369
48440
14942
2683
48811
51604
25947
42996
26492
32164
8412
52766
9498
53413
49107
45244
20607
72393
66268
24256
76009
24806
4179
14397
19837
1274
2396
7144
55935
36825
3759
54786
37524
37806
10057
42300
50850
47929
46907
47064
17175
878
2220
58629
6405
6840
21998
69177
20459
12592
73714
38005
64448
14575
45650
44752
22715
86428
7545
54059
1692
46347
51872
12842
25058
34666
49997
64697
39775
16695
430
43141
37359
79936
15251
70304
31998
68955
33486
75087
40131
84765
80217
32119
71687
17442
34558
10655
59011
3993
1439
796
24798
68849
26980
88704
70874
12285
33695
47543
53366
47905
9432
56529
15031
36478
52525
3706
39928
53831
28289
32845
7147
47675
15107
33365
33194
934
34578
843
50831
1752
80171
51321
21923
22247
11788
1351
41134
54954
12896
4153
56853
79144
57798
6179
21066
52035
16556
55703
18194
25948
19036
32208
31292
24268
56129
4130
11879
34626
14748
24555
800
68373
60876
64280
40475
30575
24853
18638
69290
23857
83797
10507
59735
24344
8460
15854
697
22456
27798
6320
2742
41348
58466
35540
8496
44669
24271
68915
13171
66985
44243
48148
2401
85653
52723
7126
13039
61505
30161
29688
9949
5438
35177
55069
59544
45305
30773
17877
36455
4170
39297
54079
6251
9515
836
43297
40656
91629
65770
36148
37854
39958
77113
21998
31268
33565
16351
59591
38948
51805
81756
28056
47350
78247
72521
30802
48199
48375
31496
2205
17943
29988
45904
32761
16605
83762
23241
80189
36950
30793
40735
20428
51056
65150
38906
44152
48442
43378
28324
17079
12853
27700
3440
348
27397
7616
9328
13014
7278
15997
2523
18784
64853
53393
28435
29730
5561
13561
10386
26881
38108
15971
9622
25397
11188
36489
63800
28652
68569
46548
41733
13789
15241
26143
5275
75016
9946
10233
76392
34952
27241
22631
37537
55529
21168
33162
50015
62790
58645
28026
1986
25131
17352
9560
9951
6943
53521
11935
8147
41701
21194
7944
89631
35887
30771
60829
25792
11006
10329
67637
20316
39098
32368
7967
47432
43291
11100
18906
27051
9156
32008
32713
20520
25151
93380
71728
21245
69111
4568
23442
42264
72060
71254
28950
32538
63373
39798
58721
3548
45905
5565
72953
31279
355
10879
7984
47028
2179
1038
3900
11957
66122
50140
34285
34454
38826
7017
34097
53094
24484
52713
33042
27749
18393
16842
8521
3128
242
44617
43330
18047
10525
24973
17851
6251
54017
12162
14010
42967
35256
7441
6284
17357
34156
12334
56893
11095
71642
20877
68987
57088
9014
69704
11382
6004
34276
11994
51954
14395
87081
6897
53318
34403
12232
14832
5743
21638
67564
60117
27757
38158
15808
34002
42665
5094
6543
25754
23505
14624
22346
2182
15054
60523
60160
1934
58196
42397
44079
52996
69317
25504
74069
3099
71145
11191
23372
56038
21238
34045
2375
12136
48010
19925
36627
53889
53822
11016
19641
19381
36939
10189
10579
12354
438
27164
45607
42796
83326
11359
19117
58674
43016
6614
2834
9728
11055
28207
5686
50430
5633
61596
58383
27508
94802
12360
39227
25381
24715
72708
45457
23005
33945
53979
3553
42322
34970
60610
17837
16916
9344
20132
51248
17121
622
32549
24874
62500
63383
6172
16939
19889
8242
53372
5784
6596
2924
65667
43383
84554
4472
40165
17862
29083
23719
24648
9961
11364
18435
25267
52591
36785
56682
39843
41680
57488
39222
56977
56489
18780
47132
28813
5443
23095
16691
58399
35420
7815
24215
2225
1227
17870
35416
34888
13993
35229
92811
12748
8963
5277
14492
4398
59081
78322
29425
31310
2485
23275
76557
71847
12419
22133
37396
31565
74558
21428
698
4579
50028
39875
31098
48705
24683
39490
17879
15629
54599
26134
955
38249
48520
2869
11630
48984
5158
10443
48835
10565
16055
37100
56522
8511
22546
59308
32282
6558
69014
4173
76102
63925
37643
36183
25837
15442
49455
36572
1512
24589
53797
10127
27940
27301
65267
14026
14575
50581
17436
22135
5071
57375
15767
2717
9894
36901
19435
74798
28854
13818
79900
44839
57431
30177
45013
59115
50820
24572
53122
16237
51855
11623
85726
5442
73703
23332
28535
27120
21405
5773
2497
35015
13927
74406
82590
15213
28626
32222
24258
38666
51906
31668
33500
60262
24128
37100
38782
11144
62219
6479
22409
23190
933
68287
69125
8118
29114
4382
315
48102
13402
26445
2744
43798
28680
24099
4665
31620
31042
45050
26294
5324
34184
45237
1165
34973
5849
42338
76403
72454
77854
73731
71807
87397
4880
28355
50720
26418
54478
8335
46344
17373
89367
30838
86107
1794
30932
72429
18811
52420
35864
21467
3572
59238
16246
24337
27783
3473
35172
25044
5928
40820
41070
10476
35907
29458
29419
79966
86336
8829
39947
43870
3265
50086
13572
48068
32462
25863
29519
5916
9263
37751
37933
Case 2:
2334
1001
3504
2451
883
1429
1791
922
1538
3652
2230
2011
3869
1317
1080
569
4575
911
1273
548
1805
979
2235
421
1987
2087
1708
1619
2116
2275
2434
1417
1365
2063
2229
1099
28
86
3765
316
3057
199
108
3899
1302
697
4125
1132
1402
1772
3428
1127
249
1850
2031
3134
1200
830
822
90
1158
2234
3191
1932
911
2548
907
3597
1918
2403
2040
1433
2954
286
3092
707
1223
1384
781
1253
497
1109
1713
2577
1399
2970
4041
2446
3739
2150
2170
1549
670
2222
2322
1889
1816
531
2124
3105
1060
548
1487
2286
288
2248
4702
2563
449
1165
788
1027
123
3465
1721
2389
2332
4955
1168
2517
539
1514
375
2747
480
1831
474
2296
3416
180
4367
861
3680
2474
2694
184
4339
926
1480
1667
170
197
1776
1209
4193
2890
2172
72
1818
5021
2425
1214
1049
2866
117
671
3291
2832
2604
1390
612
281
3253
1123
2053
3400
2470
2359
3582
1112
603
4187
133
3940
5228
4663
4687
753
2948
2419
4822
2228
236
1534
674
2367
205
257
3582
2717
2564
3330
179
1732
2190
2026
4711
239
3280
218
2529
3625
789
1755
394
1995
2239
1317
3310
3302
3331
3812
771
1334
5547
545
1318
240
4486
2852
4156
49
461
1199
1843
1526
296
1308
167
2435
1006
4464
1482
3923
2011
4338
692
1548
2342
1955
1330
4204
1615
4825
1147
1544
1133
2647
3267
2435
481
2766
2447
1632
5481
458
1414
765
6217
2021
1734
5266
2909
642
2395
1670
4928
3087
570
3576
4394
2228
1450
2121
1209
4534
1635
1058
4188
1056
5584
3743
2668
2017
5753
1066
2362
4544
2281
3430
837
1180
997
4857
2071
4024
2070
2667
2100
4311
997
805
1867
939
99
1619
2722
343
4011
2464
3467
2192
421
193
5137
1056
1530
208
1314
2058
3172
978
622
1909
2216
546
3376
602
883
4673
1009
6015
1435
1919
2350
4208
1211
3197
783
579
501
823
1228
668
2397
167
257
6113
1638
2205
2458
3869
4860
3771
1355
1937
1701
3192
1431
1350
2457
1694
2866
3366
318
3836
220
2896
986
1288
1880
1329
2562
1774
2460
2425
1076
637
1023
1905
1612
545
781
2319
4271
3996
3887
5129
2215
417
2290
5530
79
5090
206
2867
1796
81
4712
1258
4808
931
1246
1843
2619
1115
3330
2517
1219
4027
2032
528
4616
2050
669
924
5711
984
3913
2453
519
2466
2509
5664
679
343
1029
3033
3236
860
910
2597
1846
2020
2915
4939
6194
4634
2605
5037
1872
4201
3200
1408
61
2336
898
4400
5058
832
964
2096
6761
985
653
3426
2932
3033
3890
772
3978
1950
749
1999
423
531
4616
2824
2651
489
624
1473
639
1498
431
2597
1349
3041
2898
622
3181
2907
82
1425
6874
2448
2004
1387
748
440
2865
4348
2150
5004
4177
4455
5248
4442
1719
456
2381
5826
1342
3646
1088
665
2062
4632
1018
850
3911
144
761
858
615
4989
301
2159
637
5311
888
2138
1282
3838
1890
735
1333
1360
175
812
3263
721
1993
1261
3779
6376
398
5688
3896
430
2306
2961
747
1620
378
6107
76
2106
586
1770
469
2892
2804
953
3722
2372
165
791
2460
4980
3027
6446
3368
650
1963
5579
3453
3012
6264
758
2439
738
3054
3626
96
1358
1812
1481
1771
2902
1891
4547
5569
1559
2210
2233
2175
1951
2647
324
3393
4892
3365
4988
157
605
5106
6744
1349
775
2861
702
2226
569
344
6868
5972
482
5194
541
59
3568
986
38
6071
367
680
3497
3514
2202
359
611
2164
1553
1141
1651
765
2391
1730
4342
5707
3187
2789
92
4708
2769
5031
1526
1316
2939
1732
675
3799
267
4176
2348
2180
2255
1968
6937
5744
131
636
229
4652
6318
3283
3275
4824
6485
769
653
4177
1704
1689
4075
4805
5817
5192
2662
1001
1417
588
4808
473
4562
4586
5341
1344
442
3204
3539
939
483
3046
2121
1114
2772
4507
4634
1622
1134
2407
1984
5869
15
7093
2146
5217
4201
4744
721
5088
1817
4771
2137
388
5287
2150
6509
632
2112
2128
3435
1675
520
1125
1260
2474
5319
7227
6124
2236
4775
3228
4408
3057
892
3611
2887
2302
103
158
4353
923
3256
4258
6294
443
1672
78
350
5514
6800
1231
5325
3766
5887
2589
2821
2991
1257
3349
647
2252
1262
4817
2163
438
1473
687
2238
1275
1080
2854
2186
346
3963
1315
2258
2522
932
5827
3281
285
1414
257
3183
4308
2715
1131
7210
2078
4713
1854
453
6072
3075
396
3276
446
3841
4056
154
4864
2655
747
2626
4035
1824
4189
7218
5119
492
859
171
1724
5446
3854
1945
6535
302
707
2009
1420
2371
4717
2938
1093
1599
1715
3716
214
188
7015
5123
3647
2717
1120
3059
3768
1080
894
1433
2495
7198
5948
2331
797
2860
3032
4118
4534
4729
394
559
612
585
1335
1298
2518
3026
1865
1236
2382
7580
1141
313
4345
395
1335
5732
2601
2272
4070
1490
1554
2132
5177
3547
543
4218
5233
4560
3342
6236
5566
3204
2172
3544
1544
2286
4859
987
2365
5470
3725
4859
734
1571
452
7226
4314
2213
5572
1019
1081
2442
1681
859
3674
2149
1984
2929
751
5966
3675
3892
2601
1626
1325
1795
8256
5877
1866
2970
269
3814
6489
4460
3523
991
1085
2654
3164
1335
576
239
790
401
4720
2187
1092
2428
816
404
711
6616
1772
6280
4355
857
151
3271
2107
6844
4750
6098
3621
3057
1993
532
3019
2413
55
92
191
798
1478
4719
2917
2041
3850
1298
1855
873
3061
2848
4262
7182
1463
179
1558
5813
7953
2940
1459
341
7068
5545
3912
2952
5813
1614
6970
6609
1413
202
3522
5984
661
3725
1194
1120
1717
2350
4017
862
1716
5184
1628
2865
5676
-106
57
712
2327
4319
4903
6774
5457
8815
5497
340
3270
281
2359
4626
720
278
580
3126
659
1241
6598
3720
1285
1601
228
1935
1968
4333
837
265
2457
2123
1356
6920
558
7180
6465
8430
3097
4023
7019
6223
4195
1309
4086
5865
1917
6195
2696
1731
2319
3325
497
2989
3663
6433
3344
813
1705
2792
3823
4223
6565
2198
1675
4136
1126
1822
8218
2396
800
2764
860
828
5414
1263
3197
1272
6865
601
5018
724
4759
2349
1229
3501
7003
456
6112
86
253
3888
1370
5049
6097
179
5813
530
3763
1871
6595
2264
577
3551
4093
3864
1227
3626
5939
4799
3535
3251
5241
1241
2466
6680
57
5620
4410
2080
4773
1857
3721
5637
2612
1679
405
3678
1418
4158
6234
7082
193
112
1497
2997
995
787
646
1601
1152
4478
1235
4477
517
1574
6462
1506
5697
6876
1650
7364
1433
1092
711
1453
99
27
738
6375
4224
3456
5167
3817
931
4117
1647
2526
7834
1590
582
4695
542
1429
2517
3653
4400
3248
2088
428
1354
1230
2867
5182
845
5599
3812
2501
2821
1434
3115
3334
4303
1882
3587
893
4849
2142
4409
5814
1097
2541
1172
1578
4929
709
3670
6716
1510
5874
3279
3301
8525
2605
7503
2719
2196
6436
3342
1809
140
1008
2875
695
1558
2211
8014
3592
1220
1259
1280
289
3301
8962
1921
2541
4555
2596
1188
2085
972
906
660
1313
4399
9031
1460
2706
902
8605
3399
4080
3937
3234
5339
2632
1298
4230
6755
7552
1749
5186
437
3179
7778
5512
4206
4224
689
6601
1580
3401
6759
1834
1594
8742
869
4017
5522
1826
2858
3773
5599
2362
4374
8849
3170
2883
189
2451
3897
1911
84
580
891
8636
9035
450
2457
3792
3960
9676
1523
3696
3930
2788
2041
4283
7213
2237
6671
3505
5310
2899
3345
5356
5669
1664
2823
2469
5020
6697
5808
3418
1615
8789
276
4591
1717
4622
2597
1104
7673
6853
8558
2266
6407
2664
672
2457
4438
2312
1869
2878
2609
4550
3666
6382
6452
528
8992
3251
7274
3938
1546
1716
2238
6222
2046
4521
4750
1222
3240
2683
2079
1979
1995
3113
1217
8821
5066
78
6444
4212
394
1314
2292
4271
2514
1990
2267
339
1513
6095
1055
5447
7458
5181
689
1141
2007
768
6509
2231
7575
3364
1005
2760
4332
1053
504
6480
3628
-5
4183
7440
7926
5221
3347
4356
2214
6988
5708
70
5954
2044
633
5577
1688
4621
1645
1569
1449
2759
10001
2386
5679
8693
2773
169
2534
7090
7057
794
6417
6418
3461
5382
4328
4242
6164
7887
1873
2557
5426
597
2980
2120
1736
4227
6345
1353
5099
4690
7087
4585
683
5869
980
302
4863
2563
412
7937
136
4797
6800
3143
7209
6358
7531
6345
3572
8758
7194
7094
2211
1426
7226
340
3414
676
8136
2726
5719
5014
2043
573
635
1202
3209
744
2172
8434
3305
420
8074
9389
5684
5598
3962
4917
2811
4323
4207
485
639
2116
3146
5084
2660
838
5610
4571
6108
1952
270
2983
857
6767
7578
6451
804
365
262
6242
8576
5338
609
6597
3631
353
2499
1211
4578
6742
5346
1579
1425
962
1495
9429
1074
1668
9342
6257
6681
1849
1357
4852
1104
2978
4522
1965
4370
1095
7831
6906
2061
293
5016
5239
6374
38
163
1225
1502
2888
1836
4170
5558
2805
3703
335
1061
2740
1289
2399
3643
2744
3196
644
1489
1211
4371
7885
6296
4786
5384
648
3032
3575
1888
1047
4508
635
5073
1230
4306
8622
2576
2424
1160
297
251
3126
406
7084
3285
4289
6278
2384
5864
1412
3463
2204
2323
2408
4388
3667
2862
785
2066
8014
6344
1974
1357
3886
2202
4295
4094
9294
5562
2388
7518
65
2589
2423
91
7680
7633
355
5120
1633
2512
662
7264
4321
1016
3047
3377
10092
2314
881
2146
7656
2756
8046
7956
3956
6415
5268
1892
6337
5988
2276
5092
1008
1475
1646
260
4472
3643
4531
6071
4152
1877
2627
2331
217
2338
2241
2960
1116
4216
6589
7381
5947
6549
2366
1623
4916
507
4033
10123
7237
590
344
1636
6680
5556
7671
5467
1940
3209
3346
7809
2475
5317
10226
9056
3118
4366
1601
961
4320
259
9382
5472
1445
8416
3054
5056
4200
4707
2013
116
2093
4197
2374
2934
4301
123
1068
3456
2444
4446
1120
3746
373
2356
719
9344
1607
1015
6421
8203
1556
2405
4701
10077
9384
1536
8830
7447
1124
1759
2238
6643
3493
88
7190
462
5158
1324
7512
5264
4071
1334
868
7084
3703
1127
1651
6882
4772
2000
6890
5843
4719
166
6164
2298
1863
6355
660
725
4887
591
4090
5097
1133
2006
2551
1036
3246
3384
8999
6935
815
9469
2125
2177
3153
2041
7569
210
1124
7675
4815
1423
10165
1010
1456
5612
921
10721
5304
5210
3816
9655
1365
4144
2856
2558
460
7651
727
3458
3131
1588
4431
400
1727
3059
5909
4851
9925
1791
7815
5745
946
4860
7054
8265
255
4791
1026
1493
3082
1800
2315
3109
5863
9473
1473
6510
5785
1325
1130
8077
725
2188
3270
5377
1315
635
3533
841
1631
1457
1149
8547
3919
4762
9239
105
517
1739
1286
2630
1443
2096
2052
332
7352
3994
882
4858
9298
764
5044
1283
7595
3628
4311
9958
3052
2678
2547
852
3234
3098
2582
950
3717
7820
4692
910
356
419
1088
486
744
8259
3134
4229
1687
751
992
700
4371
5968
5142
3302
7049
1958
6693
895
4891
2154
9816
7552
68
8803
1031
5041
947
966
5797
7659
6272
2672
7183
2067
10866
3263
4337
541
5014
1108
331
9596
523
3277
5490
7658
9953
6085
1385
2385
2375
797
160
5556
4001
3178
1792
6897
8202
488
3742
492
3550
1619
5046
1985
2672
1203
7161
3031
222
2187
8903
1712
3763
3147
3787
5009
4458
661
4299
991
5805
2900
4009
8772
1583
3717
4238
1477
762
3110
2266
1858
4165
423
79
46
3472
1070
5825
3212
5101
1604
5249
2276
5251
7096
824
1714
129
4590
5527
600
1305
2088
1241
2180
1125
8888
699
3439
5280
5472
3454
6132
2754
2722
7498
4121
4950
481
3871
6819
9162
4488
3160
9369
5604
288
2893
6015
296
1108
7193
868
1936
273
182
5602
2707
231
7092
4578
7766
8675
902
7085
7355
2151
2686
1050
1301
715
1125
4223
1951
1539
1969
9954
690
8749
2723
5105
6135
3442
4446
278
6357
5748
3103
7615
7913
339
3535
2640
7628
4857
4853
1292
9395
7882
9052
6151
832
8743
2801
6179
2412
3276
8538
4769
4938
3245
2973
9652
5443
4349
1417
3779
2688
10062
7618
1174
915
6281
983
6069
1710
1403
9167
3849
6885
1652
6745
2757
864
6214
4520
3772
101
7208
6209
6330
1995
2599
4551
95
7661
1851
1061
6582
6392
11301
7871
2452
7634
1684
1086
7724
5428
3146
6157
11031
1770
130
4223
1002
2996
7499
12500
2436
10847
8290
4533
8229
2848
4745
5835
1190
3567
2968
3707
6442
7775
7750
4788
10415
1975
2312
4887
7679
1533
6334
4471
6456
232
10140
3031
979
131
5575
457
353
1119
154
5488
550
8753
9466
9900
731
9622
2313
799
1941
1208
1150
5623
8041
8930
3847
11616
2527
695
7203
2288
7444
308
2302
9214
1576
3571
3005
7904
1367
7056
7259
1318
1413
613
2172
6617
4343
3668
3638
2986
3228
44
942
4018
8135
7170
3061
4787
1285
3077
911
4231
3043
9495
7270
3994
282
145
5674
6786
11810
3063
2851
2255
8137
7624
4322
4265
1802
6180
4672
3705
2297
1829
6288
775
6275
4752
5232
11713
6754
5971
3280
2664
1536
7273
1045
11506
10251
447
2818
3284
4704
1603
6776
9731
2252
336
287
2424
4176
1145
2320
6491
3128
1752
3190
5575
4862
6910
8551
8715
2968
844
6061
1633
263
3177
9440
5702
12503
1499
5853
69
1434
11458
1096
5611
4305
8400
5539
2045
798
6550
3321
10627
927
3769
949
9413
11230
11333
447
2702
11832
4594
3045
1188
856
2483
2680
2265
1935
3872
5658
991
6338
1821
6119
5317
4013
4443
571
880
6848
477
1123
3792
2989
349
6399
601
9891
2287
5758
187
4193
1348
9124
3217
290
1113
6790
4317
3008
7274
332
1883
1187
4413
8993
2216
11875
6069
3571
3614
9073
6233
2263
5568
8467
949
2291
11209
4796
4822
1638
6649
7054
1252
2918
4409
1796
10400
1596
6624
2041
10253
5931
3667
6139
7143
3367
2259
80
436
1764
5227
5046
4610
4070
10162
11507
3644
7624
10162
7865
8528
5833
1865
17
5484
6618
3038
3978
7883
129
2220
567
7648
10302
1360
3684
3195
1526
10264
6661
5690
4824
950
3258
3975
3551
2914
4114
9317
5597
178
1532
3925
5143
5641
5400
2436
3103
7056
4844
2013
2010
2056
794
4590
347
3235
8833
5232
11925
1564
3027
439
6707
9366
4755
2259
49
3660
9528
3317
7616
12123
1069
1612
1632
3978
9632
2314
11160
6034
10091
3003
1677
158
2465
4612
1871
1668
6205
1399
8390
7324
10439
3577
1424
2288
71
2232
1986
4690
700
3178
9778
2559
4225
2218
3809
3487
3119
10503
2932
11612
6562
7153
7078
2260
4356
5695
859
8421
1788
8384
1728
7383
6752
7035
7120
1514
903
10388
1805
4107
7873
4199
7164
12126
5518
7168
6097
1520
3625
4685
5157
663
8384
179
5254
5970
6610
1323
10965
7788
3057
11915
4933
5321
3370
7233
130
71
9570
2345
3856
248
259
6750
5739
7843
6013
4651
10238
2497
2270
3929
9056
8608
12326
2670
3477
11198
1386
140
4981
4184
4743
7932
4050
3884
6332
9037
3344
2078
411
3980
990
5549
710
38
13232
4885
793
11386
4193
3803
6774
9401
2032
1535
2210
1675
706
2891
2587
915
7314
3020
6786
6918
8114
9424
1658
5552
1778
60
4304
3746
5691
841
7502
7665
740
1610
10467
7993
8117
10518
2369
5325
10344
7355
3627
1490
6545
2132
10912
8893
10160
8376
8137
7169
3707
6811
1160
2234
1208
8267
8312
11042
6687
11913
3382
2701
8440
1687
815
1443
9067
9219
2115
7911
8381
7843
10429
8363
7095
5074
219
9021
6754
11857
1356
4124
3715
3541
8219
3538
5737
1856
1868
10299
7053
3310
7963
5105
1658
8442
9756
2437
7379
1566
4702
6571
6065
12550
10139
3265
12419
8380
12328
1920
4144
2636
2259
3219
9193
275
565
4477
4379
3727
6541
2024
13477
8135
86
811
5195
8277
5046
583
2104
400
1205
874
840
7682
2780
7819
4100
6556
1561
37
9529
483
5670
9638
374
9174
8445
1378
9770
259
7279
8797
473
8994
4127
8848
5774
11142
2845
3557
3938
5234
9698
8207
1222
2501
8550
689
1612
1965
172
5493
196
6357
9587
4202
4382
12350
2912
1810
6414
1227
3192
3482
4499
8212
11562
1139
756
186
7718
690
6431
11366
4744
8799
10787
4150
13102
266
11406
12029
4182
5752
3477
9618
1154
5967
1507
7001
1678
814
8222
6456
7813
8372
5826
7906
10097
5807
8075
5458
1795
941
2391
1095
5790
1905
2346
481
742
4376
4195
8649
2911
5096
4476
5965
4442
4249
10495
2254
12133
3947
3687
1231
9698
5641
892
9504
3252
9994
3111
8302
8974
10441
8370
4646
7071
1371
12831
5356
3650
5981
3479
279
2897
8167
2386
1985
2397
3032
8384
1216
10173
9205
918
122
6669
1000
898
395
10453
67
10367
747
7902
8676
1460
5051
9561
4467
12061
2952
3073
1514
378
341
9907
2570
12170
8257
8358
4214
5296
1105
6431
11530
3513
9973
9425
1390
8902
8626
5436
3016
11453
11906
5385
4056
9056
123
11456
1636
1166
1489
13537
4504
3219
1072
1249
933
1819
7964
3411
357
4482
4694
9213
3133
9964
929
13913
8100
13055
1751
1080
5275
1972
10597
6582
6696
10349
7448
6116
1667
248
3400
13551
3759
1465
435
6974
1898
9744
7916
3034
9100
11034
12737
6647
2982
11160
9689
8250
399
2318
4033
9779
7940
7418
668
1483
9023
8692
4515
5633
492
11514
1475
4384
11142
12954
4362
8827
11219
395
6287
1885
6476
10530
11513
7911
985
1242
3911
9130
1459
87
14117
5261
9429
2840
6323
4527
311
851
11160
7220
7750
2667
10860
4295
3784
3122
7297
1620
3281
11592
5872
2448
5494
5667
1187
10238
9421
3385
6371
4647
11161
1261
8142
1954
2731
4054
1932
10526
2448
7905
9087
7402
1998
6624
11148
10651
10956
1425
3531
11086
1142
4798
9709
4188
3687
1248
4157
2652
2732
2374
8662
11341
6682
3454
7920
7165
2269
6763
1444
13301
11046
2502
5400
5203
1543
2285
13062
5417
1051
1048
8031
5510
9141
5248
3915
4549
2635
873
7093
2742
2608
6066
9033
5325
2607
7971
983
3665
78
10001
1822
301
7434
8150
11004
5936
6966
10957
11847
4413
469
1895
8233
3845
4444
2939
3842
3599
4101
8481
5949
1156
8624
8060
6226
12249
1054
3121
1753
1251
11209
6578
7326
5779
6132
1066
12454
3590
2218
299
6009
9203
9974
5769
9088
4871
11238
10392
9997
657
9473
6296
615
1045
9535
4119
410
5276
5823
5142
11716
9044
2500
6171
7142
325
4651
1773
6790
9883
5730
13423
957
2418
2233
623
4006
1785
884
492
9597
5508
8352
4059
14558
1160
10624
5329
11485
74
1858
542
10631
7085
7337
760
3403
9396
6909
6052
8056
12813
2241
4797
14894
1710
10755
3951
12419
1056
3271
2672
2185
6948
3700
12678
8571
9549
8717
292
4578
627
5544
295
1858
12823
5718
4382
1127
11317
5472
915
277
2634
2138
3852
10846
4078
6315
7367
8778
935
5213
11850
2584
1306
2196
813
3841
531
2060
13909
906
8472
997
12970
6377
1786
2783
13143
3179
2515
435
6951
10955
1138
6516
5415
5665
2723
9422
1553
9698
5090
862
2722
6050
8732
3750
7182
6000
5909
3061
13872
4173
9336
5032
439
6721
3817
8937
3258
2789
2562
1889
2005
14179
6833
2545
8144
7439
2288
1681
8974
637
2548
11159
849
8396
4347
6665
5273
7762
83
7987
7282
7094
841
679
2431
2441
8122
7077
2158
2704
15031
4809
11037
341
1575
2003
302
1868
5150
11684
9331
14353
7059
2130
1930
8563
8733
4125
14854
10842
4449
11208
5575
1121
7171
1754
4477
13752
9504
3463
1031
2955
5179
3755
11794
1151
7147
11880
12453
1143
4920
11754
1540
6675
421
695
10752
9917
7173
12631
1892
6560
8644
8209
2100
14801
2831
10977
7718
12026
755
9299
1859
12125
2742
9143
3272
10065
198
570
13584
4551
4689
7593
13957
4204
3387
3482
5673
1592
2795
13909
1138
4942
2621
5965
9882
4514
2868
11044
2832
1060
7160
768
2779
1184
12966
8082
3236
9779
14504
4951
1159
2648
7779
