Case 1:
74861
42033
33887
6606
97994
18874
39532
19226
33993
4211
69771
43341
6088
83400
6437
54037
62888
47375
23816
59660
62552
1522
48771
55701
41557
20463
32164
27337
61780
24664
33452
103438
20635
52867
90644
39242
25155
113377
15122
42170
32678
10272
35859
49309
42019
80547
46688
64858
9865
20585
322
35656
62383
68417
57114
18857
49034
9136
62751
24474
37272
84266
5541
71089
2014
21941
55478
1546
39531
73593
14957
45219
80837
10797
38908
34210
597
80574
47936
12573
5835
48888
61692
17741
40933
76352
6905
6074
19978
37282
11031
86954
43406
88279
15227
42440
21236
52987
35176
62911
18114
74063
4919
275
31953
9777
24618
31789
44530
42983
71010
38473
10864
21899
54467
8564
61357
17477
40991
2092
10958
32690
25171
65012
77310
1049
31517
46610
50466
17239
4278
25332
23079
1558
25507
7156
63811
57453
21231
15329
19072
24113
14745
14778
472
18020
15099
13002
6764
51662
40692
12629
18352
3593
30301
5873
3665
87202
63533
39993
2288
69741
25387
89695
29570
51253
24851
20312
24144
45212
77958
53007
14818
22172
14763
8455
82800
30819
17317
15805
14850
31728
57852
17328
96428
104343
40695
68785
18415
17557
23516
39986
74120
25722
9251
33336
59852
63660
60306
33829
52861
6617
26187
45522
66458
50039
40595
87314
15871
34258
63035
16444
14894
5566
90505
5550
954
2454
27635
62858
55806
32945
3409
104722
42928
8856
74845
8922
36351
12380
74284
38280
38621
26260
58269
1395
10096
4149
71944
46236
82076
31267
59562
83991
58450
17897
12876
18568
50994
81214
1428
72965
32216
38002
29240
74352
21480
68353
86629
11976
106497
24657
26008
71825
114
92680
53387
36023
32092
20460
17173
12462
15194
77507
10064
64142
31101
17296
45020
6076
40458
45024
10198
8783
19179
4333
54205
38338
2234
33183
17349
5524
15232
59325
32458
12268
77093
21470
7744
55878
13506
79914
31242
16855
7865
13185
45648
26982
35980
59367
5648
8879
21643
102276
48884
80598
76698
2983
55334
50080
23883
11411
90770
62957
89425
95357
40791
20940
46777
76237
31646
18737
24561
23182
93310
19963
86373
15866
620
5061
47122
24507
23104
83626
1623
11337
72215
8226
15726
85644
75023
9947
28722
45862
58492
89038
26417
30578
29655
14664
12911
56814
27398
34826
35620
64423
4164
10313
10398
30151
49657
16735
69003
15199
82879
3055
1830
82945
34807
755
104334
83113
13750
74599
8069
41690
13708
25209
18571
13735
40292
39838
21900
23412
66223
13381
61296
25467
85741
3688
104916
12855
10283
59478
39281
52830
4853
16338
15335
71097
73321
12603
91159
38650
22168
68428
81448
58486
81270
65233
81815
54680
66633
10597
26981
67274
21122
12534
16762
50251
19253
22055
8364
25826
44292
21914
3788
78614
28196
9777
31014
74325
49356
5330
70077
28039
30019
8061
31599
33504
26946
48300
20660
62522
26964
58791
33852
110293
25021
15633
38690
69392
92813
14086
9645
49170
87159
18663
17778
81951
14954
1915
28330
51011
21697
20392
23772
53472
22989
60
20757
81526
25717
28922
27449
28727
36533
27215
1160
75783
50737
31091
5846
31856
31844
5441
10031
78218
59172
61871
25308
65541
4261
19877
20424
14219
22651
58336
13775
17687
60398
65903
29871
99022
9769
31724
26506
20730
36528
37997
20352
15409
39390
37999
79030
64096
11805
9764
22519
43591
87310
56731
5671
57513
4975
15502
47678
25410
59916
8669
39248
24205
2107
40531
53876
11583
84974
53515
44943
82006
45370
19675
31623
13580
28941
24501
30052
11586
12175
87831
578
23174
76133
63230
44976
12024
11991
29780
45668
6651
4874
49942
9639
76294
22740
2988
50715
17023
33865
89786
725
71720
68828
20287
58950
36093
11937
10945
55023
34906
38735
30785
62125
17796
12073
84132
57657
92700
74970
66265
21392
53167
87371
12150
86889
45065
72227
76335
25392
33377
81814
30613
53088
41920
70515
28509
21724
34545
12549
30512
32059
4051
54856
9446
45167
75161
78794
34089
84926
37035
76685
1555
22744
29764
84870
85748
30275
42924
5089
2642
39165
105407
10583
21666
20262
14216
4932
3410
84261
29026
9255
59584
42765
16845
3658
97152
27771
16626
50605
7103
35657
2837
8923
4755
24452
10768
68126
88393
18030
23907
12860
38420
52444
39369
30281
53776
76155
66944
39747
11379
43530
80859
69756
7256
78883
61113
15170
24822
26684
30873
77597
67020
33048
50749
31199
60872
16994
52230
74825
8679
86985
41565
41052
20606
40016
39530
1867
30556
35504
19587
72419
37885
78456
65262
34640
7689
83959
33146
57304
14740
1014
24800
21666
69623
37248
9582
10689
24327
12681
17215
8899
6923
714
57856
25162
77105
38184
25726
26073
79544
20709
28258
72875
3052
74945
73238
1783
446
66825
28436
46512
1583
75500
64535
31393
108439
20037
40846
14172
22235
63783
51031
25266
1819
52668
6316
66570
60126
17435
3325
12374
74822
76591
46512
49110
32923
59410
10995
11813
63884
11370
71440
76644
10439
85211
71316
30332
78367
15709
50412
25728
5827
91308
1736
66620
40943
44334
4081
41103
31053
84624
8226
31067
51940
20989
79259
17562
2547
50968
19312
17335
13923
100184
2296
40312
28509
12843
10002
23445
24713
13494
62674
52318
31198
42702
44615
100102
51014
64008
1105
113777
34897
55510
85817
1313
4185
39413
87339
85082
23947
45576
93675
33027
73116
68976
62107
18516
36965
8206
20796
32393
31690
52004
107698
21013
9155
15141
71025
57899
21032
96340
37577
61271
93049
7963
36591
29184
113559
51618
7467
65350
10121
88621
63672
59293
5538
11336
33274
9851
85666
109741
91422
36835
50040
17239
8807
1693
61174
43186
102496
5303
73882
52670
29834
4308
13627
79688
58328
20037
77684
108372
98955
14276
39628
87603
93164
75469
63146
239
17045
41769
53169
84077
9030
8517
79682
17422
48265
54306
42076
57175
38198
64988
43215
43545
69561
4800
55231
19209
504
31390
24284
19196
4354
32740
68944
98
58804
12527
54131
13618
2289
35315
10600
32753
35575
25280
92321
80513
27086
9475
49879
104438
46556
55633
16735
56696
16806
36901
57839
71946
8381
80672
39717
76236
56754
50818
9924
47926
96551
22390
8052
51597
66463
72470
46999
68966
34095
58708
20439
56134
1535
104306
20212
18316
71762
96880
28381
13917
75226
33317
29139
29896
12037
36187
14182
39896
12618
34815
39560
50930
54521
5661
31220
61624
9517
19890
22403
83014
33241
8503
63200
13278
79689
35715
1927
42460
17930
27935
57142
4914
11123
42598
39593
76176
79902
60027
52535
73781
35753
47062
8116
16435
1314
1264
43425
93015
17533
29838
50181
59274
20264
46482
20561
24965
19969
92067
73241
14283
35358
65813
24896
15692
82576
17218
29003
2476
42207
1971
14725
6126
20130
15108
32632
14039
21491
49168
38811
27987
19846
2890
77791
52628
7621
82433
54446
10193
48006
9682
38911
10444
25889
67942
16390
19894
51325
81390
72928
98660
90868
13427
83055
59423
94722
26102
22243
94298
17518
70418
54604
66407
53569
31840
56277
72891
62699
18049
22814
72077
14451
9495
63265
113841
21846
65820
44714
62053
66679
88925
18800
10660
48975
68452
3040
46027
24693
46034
26671
19493
78997
48847
6835
43920
96690
104124
23958
51371
17344
51017
62857
104167
57228
44397
36311
4735
90688
7969
66081
1088
36745
101331
46463
19098
20050
24979
18896
36567
36535
24244
61373
40262
13040
1555
54814
71065
107726
74028
86425
78967
40379
61221
33345
102621
22549
79867
80317
51241
102576
9397
9838
8277
67958
19985
16210
57191
2641
27387
92243
106129
29660
28866
53061
62557
98979
48963
10415
1602
26048
54791
28881
16122
95273
1499
41177
33394
32476
7273
32639
9610
825
97565
71339
83779
18771
14531
37353
9883
34109
99302
63197
67947
26049
58369
24816
64825
95099
74388
1802
12995
25499
23148
19635
72478
2890
21931
16863
4852
15474
13752
576
61078
97801
4772
88286
15624
26858
46538
55587
43357
14388
14360
107732
6904
3705
37481
97821
27366
73657
65846
61275
45976
20451
1598
30232
57274
80962
23887
13570
8851
2146
37765
66804
34014
43897
92429
69115
41775
77501
21214
21628
1327
15199
33889
55105
29933
39856
57193
12860
30489
33176
86606
64974
29470
82580
34329
84835
47175
18437
1485
49351
32474
30878
48505
83779
91395
13831
72175
46068
64175
4582
97339
23771
8508
52192
66147
71225
28629
8530
39920
73204
37502
41482
18404
15256
33535
53189
71029
21950
69527
37102
18236
24446
32652
23994
25903
43934
30992
40532
94792
45446
49207
30741
35744
10686
109749
6879
65794
1866
516
10393
56478
52546
7273
4431
68303
5572
10078
75719
1594
9442
59034
45628
48074
46753
35488
45260
36879
39969
35614
16551
33887
57625
76559
7346
21129
38276
35353
74387
62167
2085
53278
30693
38502
42622
76480
27771
24326
37538
19408
50191
39086
65516
18157
33756
7537
33332
92955
57534
1533
11083
24929
112567
48036
68653
5571
57135
24262
50748
70531
49332
60372
48263
27035
77587
11684
11773
30386
55780
89397
12749
34127
2724
9736
94884
70848
39263
80548
89170
45133
7984
12687
16511
30852
79735
57893
32140
61169
74785
52719
87773
16297
61722
100837
79024
30055
51936
66723
16663
75350
1727
8371
61682
31112
52030
77030
35176
36114
32222
49006
8105
3456
15753
49327
30110
39081
47568
103688
82413
9905
53636
8683
28183
15280
47627
27117
77372
22066
26536
69136
48796
48249
6929
52267
36858
19002
1407
16665
30719
28115
17114
29951
13866
63504
21034
21477
62269
66124
18077
33746
10739
1869
80784
639
76205
7570
3639
7584
67809
15993
101435
62716
26219
57644
1131
38140
68336
44418
59531
3500
50810
10234
24275
73546
7810
66869
33136
17954
27277
38954
54735
33390
26137
85185
34845
28538
63206
80846
42624
34281
8981
31983
11087
2743
2478
26642
37576
24651
49176
89434
67981
31058
86492
26702
37015
5791
2022
17805
29994
73517
28662
22192
92702
32950
19354
11239
70844
3177
59933
28633
63560
45864
22870
23077
4163
45019
72044
10669
13724
17459
5026
64433
34713
1092
1277
1496
75460
17313
69268
68735
346
53517
37825
91449
36687
20431
13149
11469
23882
97315
34629
27971
99761
50227
1116
5542
55206
14230
3631
36922
1978
25529
41797
34083
50215
65074
32663
69066
21466
65842
78951
8019
62165
26727
57490
95191
35776
70240
41265
50705
11634
40065
93996
57388
5276
65910
10605
39663
76004
67653
83616
49101
45885
23119
33456
19416
3685
23153
51210
27420
8115
41514
9326
35478
12535
50484
28903
55650
73139
60898
58389
54247
53914
83884
63108
24068
8687
32984
22397
18464
19103
30474
12726
68775
59679
23405
104737
17364
34052
70502
8133
104782
43509
21562
10795
57706
12983
32914
43919
98730
76148
68497
26357
78651
124
39417
14119
24798
3421
6606
4116
11855
589
64071
67684
47471
73386
7975
27753
70690
50845
88809
48035
42837
82721
8395
86158
1777
25829
32906
29967
54343
36622
62863
27625
51742
86171
79491
11809
5538
20187
38922
6562
23038
2659
103258
87586
39443
56518
39025
96621
38488
29181
56135
30873
41725
19840
13290
111745
34156
61403
2350
69523
59155
6471
62515
26172
55450
63117
102691
35113
4066
15189
116523
8855
7506
56639
18482
26362
51027
1438
17267
75595
31991
28086
9445
70437
25936
6037
72583
56935
61537
45117
54820
5758
70526
19207
62311
34999
19937
95079
12273
3709
56247
29005
6325
55155
13337
16047
16154
5110
54166
70950
60572
79629
49219
64014
6827
26582
65405
85737
56396
64621
70663
70841
31500
20966
63371
102819
5646
28745
69198
34171
99745
48100
46898
58377
4307
14522
604
5093
37963
39283
31960
13869
80946
39570
27856
27629
12961
2758
1447
50557
25133
10576
31053
55854
48535
8745
34347
34826
111541
48150
21431
30953
51057
69742
49648
30738
84381
2880
112955
34567
17994
45908
11373
10685
89681
11217
57281
25937
44341
35985
10789
55695
21014
11769
92364
6479
47138
17109
51374
31085
27226
19534
35176
41501
10162
41657
67924
5371
33434
50534
9227
16775
70483
41404
6935
3976
43368
53312
109914
66910
59246
56832
40114
34827
53772
15705
73770
9069
17471
1682
505
52989
80299
14378
94104
17101
39298
55803
59138
65039
95976
24968
67226
28529
50436
24086
16165
4562
84153
45405
45227
49862
47187
40572
82202
53452
30253
34408
78325
40956
70358
47527
92986
55243
19483
7708
26965
8625
91244
57159
69104
18235
103176
83930
69110
8459
26396
36038
47620
58196
8253
52009
64202
16491
28193
36203
59438
12425
72510
39116
53686
11745
28448
43602
39100
67462
59031
22717
74296
11697
9910
6803
77627
18720
2634
29074
60786
24216
29532
1231
20387
37967
1246
11823
42645
78127
38974
30017
650
4701
103532
41145
56560
113700
11539
74575
13217
7336
3554
40288
111507
46952
31116
24046
81461
73997
20161
22116
23779
42505
20511
21653
48856
4386
24069
90534
79
61730
42368
95138
19488
21972
41549
56392
89245
12480
7774
95173
628
13697
86246
65012
28454
34333
84864
20688
102864
6416
36147
71373
73215
83499
3128
19625
45074
99328
31372
928
44291
96692
34233
102215
79353
48017
1220
45891
22223
13504
112419
20833
31177
56290
21329
42589
23497
11911
51734
48468
21843
35797
70146
30169
77503
89053
111059
42790
72345
27435
53406
94335
4768
25340
88736
9480
19859
28886
9937
60430
52225
22708
82093
67783
33209
91589
26332
93593
71743
12530
28408
13355
76547
28551
108405
10294
4348
64108
42254
86293
65294
76448
35776
43857
28251
39946
84042
5186
60934
41924
5953
10877
34588
47236
68131
74260
8352
5144
20297
44252
28985
7016
47370
87466
19534
70123
13980
39411
99527
31689
26378
19928
35765
2367
29825
4578
73343
63172
21896
90093
8455
6462
19552
38485
35063
16311
38056
903
43195
29996
92785
11532
43712
72959
47460
61461
3662
4758
3137
38622
20959
4923
20316
21493
12194
11762
18526
40011
96771
21844
78947
5191
48295
28489
83386
4637
44861
14534
65028
99572
107218
9429
22740
35170
58531
41884
6006
2349
65299
12786
101672
11601
82197
42135
10743
92565
42294
79064
8971
1577
49147
16632
53090
51475
38937
59089
55025
94031
21380
56960
9512
57423
20803
10012
19768
71974
82210
8560
9943
2138
4615
15411
8176
29169
17597
28936
18505
48583
77721
27761
11755
93196
26189
11430
15808
9325
78155
22724
79569
92608
90401
63619
84205
63358
26708
67280
18916
28041
15891
55122
19741
2157
77491
8572
18813
44636
59589
1356
53889
6303
62641
1704
30788
99306
74790
12755
28925
13033
24134
86305
32037
86240
23806
32175
35465
45916
31539
31166
83095
19888
87509
25543
56417
101544
2718
66084
18462
74535
7266
40034
43758
37748
3393
78806
60154
23062
17088
42278
19424
21859
28977
27275
55404
34734
14782
51594
82216
30216
16507
45840
8558
31634
58245
42172
18965
77156
74665
13561
67430
51281
38732
75592
42942
78834
19458
20343
37069
13713
6134
53245
116434
4683
53826
20470
68988
67605
29022
57141
46300
11811
81194
44947
27743
71508
58422
60011
73489
21059
49824
62756
31923
73672
93363
19847
57106
87448
10874
3673
40661
494
109913
36196
84049
103755
101224
76188
4396
5772
9218
22449
3368
38037
49364
48639
52151
37461
108030
25565
31052
37378
4588
295
85971
8733
6952
67400
60485
106627
37920
8522
63883
255
45820
18631
73369
62214
7350
118878
43164
12027
7011
47803
58999
4044
10672
5814
74680
81045
71209
32337
47566
21521
34220
10824
24859
30014
103038
1880
74307
7763
88243
65127
38789
56382
13566
5798
90685
81066
56187
29836
53786
19410
28160
6724
40864
36617
36293
62208
25225
20323
79253
46365
12780
65580
38625
3574
71822
95553
45769
40801
33949
31318
14926
32583
12018
103344
22099
70301
83112
55160
38689
26697
18747
33764
84153
9081
68301
28014
76856
3683
10858
5997
45328
5149
455
113565
76202
53959
46184
66583
86216
16151
25926
78633
17572
88535
56159
38918
8814
100006
8594
16291
9712
60212
79858
50802
50668
76308
49131
49296
52888
64139
49387
16499
81385
70619
110916
16476
77519
23139
67453
60205
75120
48095
37223
57318
29821
19257
22620
109087
4072
24603
33798
60844
7033
4606
25210
57138
42004
4679
28719
40565
2988
16132
48861
57388
51678
91709
13367
78826
96487
80658
71723
23019
36707
33611
46081
53352
7386
295
65921
22898
52078
40379
22261
69223
10315
23950
9333
32629
27658
14284
11455
2017
67462
45561
3358
8229
34384
58657
61801
66779
59584
85691
16770
80078
99332
50999
13777
31194
88108
93337
6643
16565
70015
69407
46176
97532
11006
23729
1377
64359
4754
35975
35949
36298
64425
36452
47472
18017
81656
4454
25122
85066
10980
91520
42297
20521
17885
64615
22832
2478
49051
70910
83187
74052
98160
114374
27047
14595
96134
50801
95417
45497
7222
91737
44011
59050
22940
17810
28651
98639
6070
77404
48799
35777
22043
9353
36464
38485
104135
60467
38326
12232
36701
101203
69279
24480
29890
12832
39921
20766
26068
19989
11293
2553
44611
77308
65053
42781
95278
100060
32741
61559
106212
52722
23493
13136
23804
50783
28588
40903
39695
27095
79313
68812
14080
17856
9722
54512
98807
26832
15747
45668
4535
35125
6730
10165
24421
10371
10707
48489
34065
93743
7906
56062
41132
10744
8006
54219
34086
18407
64819
83141
44180
4561
27231
9910
332
23855
21232
54916
10865
99833
62402
44887
23751
103992
50583
19236
18662
109437
82596
73573
811
32277
63496
10200
11738
16961
71828
13523
58315
100219
32247
21381
5993
17450
58793
10743
57521
39266
63925
2628
12269
63788
59640
90299
81933
18205
18530
52037
78975
26192
40497
20265
3356
40320
12282
116969
16221
67642
71268
86130
828
15780
18137
29154
3569
7163
30936
65931
26223
42718
60752
38255
69179
80128
36685
14095
41064
20399
78564
25432
62908
75843
11931
1589
1376
43650
20607
20441
52461
27959
34775
92390
23718
70481
16742
51996
3260
117602
27834
40438
81171
36663
33056
59159
79704
33008
10268
16485
74594
9297
84772
98739
57974
46894
33011
77806
10109
26818
25634
51645
30615
37897
13205
13974
50203
24613
88286
58316
76255
49428
6284
38194
64575
22846
9322
6015
95725
86973
62296
27122
26050
48860
56720
8102
37517
92299
62560
95523
12974
54947
20317
13407
20889
67173
23643
4993
6431
18392
53065
30367
8949
45330
54988
8729
742
62169
64349
25435
79709
19823
24119
13652
81234
5823
47406
25019
71861
416
16811
38398
29882
67650
45640
67987
22834
16329
78020
50491
50246
3691
67825
25049
20331
70247
88528
70173
69876
26835
63062
47270
18180
74468
56994
44802
70968
48208
335
51822
50960
66534
50428
25517
40523
43918
23332
54304
57806
20982
86475
44570
34739
33125
121768
67636
21559
101953
38370
79802
47871
21298
2226
9009
75878
16595
62427
52985
92496
67365
6584
1089
3073
46607
52344
28674
54649
49414
9082
41998
13891
109718
15173
54768
24386
11875
53342
77310
71300
16619
6551
29735
1624
24432
63637
88762
40757
29446
24451
28793
92876
27711
48429
45031
33972
26290
52356
22667
48847
896
29245
14875
62648
2081
20904
24909
21195
57304
1519
66857
23747
69726
7298
65408
61864
3174
29051
65625
44422
72716
11930
67890
13707
23442
47094
61512
91455
75409
39764
90456
69078
113828
70010
6837
24284
42300
38325
30296
29972
55397
11723
8878
35985
3803
48519
75179
60480
33571
41843
40015
48924
81909
31682
46322
21511
59987
28905
31297
35706
65227
58411
24983
55423
38911
89610
78464
27914
6883
25542
41795
45539
59116
75399
37009
10649
42898
47881
94475
21698
16232
984
64036
45225
59255
21970
37941
41742
70607
84662
62284
26591
69920
4159
53682
555
33013
1459
4211
47078
28233
17634
61708
69421
55183
28604
21009
8182
26873
28416
54465
24655
64454
404
77360
85525
21264
24116
18452
13047
3694
101387
35484
113959
66408
50500
50313
8729
107604
95709
27688
31964
57220
10992
27790
32726
68658
18254
33052
54948
23715
20046
97692
7233
40281
39782
111228
43231
66076
63640
68164
48778
9148
18888
24219
40275
12744
59123
4781
109619
18701
3088
1629
31287
24768
65453
50637
74617
12469
21020
15668
8363
34262
48197
103955
3443
46917
65733
65932
25858
947
42483
5589
28319
35240
69328
26644
46378
40693
91049
45058
65992
9026
79767
64653
1810
59596
28757
13652
29549
48866
29596
19597
106289
58979
30822
43205
40322
36937
5112
48588
21772
26007
31309
24174
87722
33362
25941
70031
11863
8986
7475
24211
46892
110530
101307
8328
4042
62352
98916
23453
17473
5300
33436
24635
50677
7849
35206
43121
28400
83141
56681
26070
57928
35315
41263
12937
38682
79527
31161
11979
22475
87438
6352
99999
24642
67233
110505
8558
54777
79454
85503
9592
5257
55419
52877
13310
22249
3116
29926
13534
44336
33942
39111
77379
45435
44600
16560
116459
66877
19396
22931
10390
7333
25594
37164
50796
37214
2283
5491
38321
123037
36651
12618
1988
35586
15583
15937
57569
58497
11398
47956
1032
8339
68202
89143
42227
53951
86548
93904
43685
98624
69916
108143
40690
75379
63381
46819
12640
91715
51873
41378
33435
5682
752
63700
55035
45304
84297
96199
7760
30459
45923
30232
53299
24305
14809
10658
74212
108272
14833
31037
8701
85109
9994
68990
76999
20919
11895
5026
86358
51226
36329
38709
3360
85145
116701
87129
18283
99745
66247
54627
1264
18595
8887
48446
113780
21923
84217
3007
56465
29905
100229
51624
52876
13591
23377
54099
66014
5576
88803
29177
31837
32555
49590
20371
11100
70490
3051
45911
81707
15057
42653
6704
15130
24231
39844
35667
76506
11607
2137
24903
7037
42974
75228
24468
18074
34779
14386
26464
75867
9049
2760
9072
14651
10963
111515
42072
24706
19554
93650
59868
99435
19465
84892
1137
21259
37352
687
15204
47679
12592
34849
22119
13589
41396
119226
72390
32246
80613
59033
91441
66353
23771
40056
35062
44175
118899
49324
57856
5892
60642
76815
59747
48116
8946
49109
13217
47402
73646
20
79575
11447
56850
55193
31812
13622
45649
13298
54065
6496
27105
46548
24323
76254
27848
54927
22609
44124
10503
39252
8554
44857
8322
82825
37725
105439
94221
14887
82656
26289
1043
3978
33565
59884
17958
109560
11541
92444
12697
41152
17103
15578
62375
35549
49181
53287
91731
4014
76179
10533
25771
13582
149
1027
24605
5956
54453
32715
42804
3942
20838
73153
63713
52364
83569
41255
96318
16456
25678
107789
76920
70751
42134
9886
65674
68629
61705
6984
21205
51133
79164
2801
81640
28362
83159
23482
10274
84688
11469
81153
38314
8233
7739
25432
11483
25671
17593
6525
38466
10896
2737
33725
11380
56204
90440
27987
35731
105739
14714
88875
17085
59592
36054
11334
3058
12214
47595
29227
17493
7130
66852
26129
13499
2908
72546
21245
85582
18290
94683
98793
9722
13471
93172
29091
67682
12317
113911
40325
6253
1221
51434
19162
71730
35547
50792
52255
252
30908
15353
67889
20419
51077
70338
34245
52901
22405
4104
69279
67385
54755
2027
48583
85106
37066
5886
56127
15524
17041
23474
39847
28602
56362
6235
1233
70289
13985
15238
37048
11285
36528
6519
89141
7093
39636
74889
83604
87762
6901
35612
49700
33512
25708
8274
20683
1379
17314
47373
65748
23805
443
24276
50259
12352
22557
120094
22675
27201
8100
27696
42673
52511
6254
71924
32360
74403
19903
29306
12857
36251
24496
83244
38942
55870
66642
36585
6086
40294
27676
14283
15125
56510
48273
56163
39025
10819
6411
58886
99929
38909
25970
85362
25588
15655
104385
33991
66744
5168
43434
87617
42657
88151
47263
34178
63932
18427
22252
71543
5908
39251
21112
55512
50612
23888
98459
63996
47453
6169
36473
4332
68517
60171
23785
37898
124057
50734
55598
39299
59367
24602
52374
74666
90780
16086
83118
12394
47219
16382
21911
15311
27533
4594
47431
107739
15782
628
28107
33529
47345
12379
29264
1165
85169
88231
30690
22391
63990
48809
23340
78792
65438
28001
43015
14852
49982
2569
95535
109167
69237
22835
48164
14607
56821
21412
44206
76933
85576
42653
30669
11856
10988
29748
32992
16180
54190
8032
1482
31260
355
11309
29938
3535
12768
35172
6568
117048
27935
19561
26164
48004
26382
5679
16351
109885
41240
13529
85
30024
110699
23150
9271
8347
6685
3220
85677
19442
15111
49262
33705
71571
18934
789
20768
38349
28343
62238
12934
45463
6711
29002
33792
32430
27160
18498
17837
9435
12666
6757
12816
63260
46686
13764
50259
32326
78982
55658
6572
82821
27801
9289
4469
70223
737
33208
23303
111200
12086
79712
64081
13029
13728
17213
57406
64713
94723
86231
19710
3429
119728
9610
39425
29666
70856
29097
36487
42881
103502
6396
74599
59433
96470
8832
95806
48494
12325
118994
85520
78944
47729
2510
5143
69200
10590
39524
9647
67092
104535
64400
100031
19543
69285
55937
45237
23117
593
55982
47313
16548
55231
77971
75175
85861
47389
43881
23975
42106
19874
612
100035
35759
67965
28969
50728
20777
13737
45147
9541
13012
444
10775
20216
73203
43301
25797
61341
34691
37591
105637
49309
48251
51531
12619
12714
18642
19635
33910
38090
14672
37373
92942
75107
52020
57096
126332
45869
9483
44276
15396
8200
58658
27879
12822
9768
20016
68396
23717
64162
86950
61950
56197
3025
116505
20733
46314
77691
12799
82526
78622
50666
17343
85018
55447
86281
71352
52845
58237
13874
70813
97164
51945
17804
13788
72057
60192
3860
1712
19692
51079
33031
18183
12098
10998
23969
42264
51206
33813
48244
27231
59145
96056
45969
36514
23357
52029
22440
16058
51508
15709
53734
8799
34464
39263
50357
74041
6819
34237
9890
34974
17609
15191
40732
69860
15276
14366
26963
65074
31407
93294
54666
46538
105009
19105
15198
11912
28178
71415
30728
12441
1102
40249
44807
73937
42096
68285
48897
106601
71418
5303
53349
3582
16345
55505
74917
31025
7694
14469
13818
6702
3686
42572
15576
109252
42450
84862
3771
68304
81896
8057
7827
11474
64891
53043
50604
25774
19207
27388
22656
10522
64644
45891
35264
46930
30096
98897
5397
86755
42147
35814
12576
71868
62418
47204
86005
44888
103460
1454
2265
81641
1973
23558
81621
13871
33215
49732
56350
13521
52390
68958
34826
9491
29364
14367
3442
1765
31811
16919
90746
31903
13011
63667
43184
20150
95149
29390
55693
18270
84166
50608
11433
2684
52266
38156
41144
10906
82407
71660
23650
40047
13629
26338
47285
80552
31276
51540
22086
10005
56783
16743
19485
20687
85937
56469
83222
18562
11251
7070
24074
39039
101334
28276
15931
119
20642
91646
26039
25346
85977
66070
28968
56574
12639
26656
3589
46557
90844
61531
41146
92380
7055
20372
2539
77583
35728
41114
47546
12549
34572
105552
14332
90751
6113
58707
97100
71274
51337
16343
37722
73348
61608
57702
7149
38215
60988
19946
19100
24109
45834
55920
14655
116664
36284
11142
63878
76461
72822
65443
13817
1676
68814
63275
35779
66418
45016
38605
17673
44807
38254
27518
38414
16556
29916
17181
88297
43799
9506
52774
120951
40091
28501
71543
104101
22631
17417
17914
61253
89989
6855
53853
80216
31834
1121
80878
91249
71935
31297
32661
463
2005
18684
26317
22039
11920
90558
28210
40998
43548
25616
18846
93188
38
3379
16861
310
33286
118420
91129
63275
112858
11142
108807
108413
47972
30700
45113
66551
61942
45495
3623
10119
36715
100907
73058
84973
43164
32378
91253
111434
34274
45487
35368
9485
70246
79531
36318
62974
62064
3981
117488
28139
46012
38170
29435
35052
33161
73895
90909
76590
16313
90033
81508
57143
48304
13126
6243
100287
55542
74246
41810
114983
105345
188
16654
12430
38192
24300
16868
40827
15627
16073
102740
53854
33828
94873
37670
62138
7077
88366
6668
3057
49081
84680
27002
30929
7947
6569
35062
17460
31106
83534
20982
940
4173
94049
27894
759
67839
31589
67942
1876
114280
51738
2632
6673
5237
42483
30981
50144
15141
1425
80874
81053
44185
90765
99241
12588
24290
10341
25879
25828
33148
48973
50014
36291
59328
12188
107667
20098
53111
59747
73800
61850
103186
72772
7616
64288
95377
18660
89840
74800
2953
74547
84579
7927
22279
93726
13037
21341
21785
28811
60758
82229
83077
17678
39660
70520
18646
24939
56229
78014
30311
21392
33172
37728
60805
27238
96526
51495
83001
83926
2911
26847
56529
89690
27281
43552
46062
18779
43010
4119
3457
42276
37247
16882
74530
51105
29353
74815
49299
21800
15462
57531
23895
55680
60158
27506
958
7069
54664
105260
16851
69271
56632
56137
103579
5188
42668
73026
36876
30142
61343
93898
77093
50816
77132
2208
41660
103253
52678
74403
51714
12304
86252
15773
100758
2916
19835
20396
70314
13067
4916
19883
71652
78746
55671
82628
13735
49052
108368
7916
36316
21207
2733
54302
10479
60611
106372
65316
70018
35921
27574
92585
32760
8938
26840
43715
74801
35141
31565
67008
23007
12946
71275
56381
51830
30561
112854
10640
11803
116177
30222
4140
65079
80620
47855
41078
33985
58848
37665
191
8301
23471
36427
6301
9667
27083
29678
56794
69942
9880
5641
69962
62357
11802
13331
8160
9285
12721
71563
44498
1934
7951
23392
13890
79872
2414
104169
22700
27174
23522
41779
82438
21893
2246
70315
18419
70148
35466
20764
58694
35320
39487
38300
82803
69310
85516
10083
53123
3986
9631
84443
1655
18056
66039
11724
25590
82584
20689
2687
19305
4782
19256
27975
43634
31078
28271
84362
1816
52354
19580
1997
979
4954
64638
1623
53544
21135
37390
45073
23113
77396
57054
111566
1208
45475
69932
69812
3354
49473
6015
64554
77216
3843
28968
51798
3148
35471
47981
32909
62119
47841
59741
607
10924
91151
113098
793
57202
37751
49440
11405
41899
17797
26358
60486
25185
19373
56090
95463
4491
27522
95797
41896
38951
28735
41620
13605
23116
13917
90546
17153
60158
55728
64198
19034
134
20178
37447
58849
30538
6392
47067
57223
19413
37152
27869
37751
17348
9105
16075
1299
15900
6708
47193
66777
23909
51761
25036
77831
82099
41119
25615
11417
22163
31744
13725
27448
76893
93072
17487
81951
42662
23392
16543
23312
36423
19933
46012
101960
21971
79808
1342
76557
102244
22777
61384
23507
116011
10563
49010
26809
107199
11586
11303
14893
32314
13529
3583
78452
16770
49103
85911
29195
23269
44865
94202
36205
16607
5772
44195
4567
40315
73227
84500
74161
44858
62742
46307
79130
51084
38433
91149
39085
72179
41972
53816
45817
20771
79731
5615
80014
4164
52827
53488
68802
55754
43580
124820
18496
62644
32853
34489
97704
4881
3197
48526
45013
125712
48579
39185
40358
11179
Case 2:
5118
9807
5198
8104
10662
15294
5294
11208
2623
9737
10131
19961
9982
18945
11800
2306
5305
22335
747
1957
5341
6262
16951
3769
453
6724
4420
3653
2394
21620
5184
4031
20665
7635
5885
9940
16138
9805
2671
21821
498
20639
3602
15468
20450
1955
7934
20460
20091
20177
9580
14495
3044
2131
3061
14377
2250
7730
17361
10864
10983
3167
3727
11557
5591
747
1564
9906
13256
6074
782
7510
7025
2082
4128
2539
23404
11940
4863
9253
5093
12354
10820
1789
20336
273
9619
5124
8427
20362
11914
18417
7705
13209
21546
14949
5578
13727
18100
11668
18390
13280
22679
11344
1281
8136
2777
9004
1606
4510
18557
20085
6408
3410
13475
5014
2665
640
7544
1325
371
4489
17624
5839
10692
9279
418
1893
1747
4002
18087
5287
7004
10707
6168
12476
10755
21813
9960
11411
617
5323
19867
297
7563
4304
12634
10622
6172
15137
5530
6471
4911
153
11356
5458
3560
9217
4370
14860
3860
14018
12450
6412
19746
18916
5988
7527
21004
1071
2925
3349
15128
14042
13830
21951
21252
12850
5625
14224
11193
8044
3455
10585
11010
3474
2164
3187
139
13933
11152
12405
7806
13243
19040
11939
17125
5753
9285
14260
1795
22095
14857
2915
6275
21705
6072
2555
6666
9914
10110
14478
6284
22759
20404
15675
4940
3881
7411
20691
5248
11949
627
7553
2350
4976
7552
1086
7081
2775
2619
13316
23736
3736
8196
18252
14716
3108
6642
10525
10847
8969
2216
2567
6517
1041
660
5018
26430
4160
6486
12955
2082
10568
5390
7192
20695
6087
3503
1324
17345
10500
6163
1600
13132
14052
1849
20822
17184
20376
11377
10321
3993
12003
11201
7499
8017
9518
5690
10839
7880
8116
4729
4059
16065
4410
22560
10278
18144
12463
12596
6525
16030
13429
13968
2468
5638
487
13023
1979
9964
1112
7829
19860
8278
3770
278
4753
4344
7456
269
17591
60
247
2516
22112
16255
17484
11837
12736
6861
24961
5073
4837
6519
6166
695
2105
6054
11450
6173
8043
10975
8559
6035
18207
9031
318
2930
13531
10535
10686
8347
1761
228
1089
14427
5757
14677
1066
3352
6543
417
23936
1722
3446
6558
12918
6245
1619
14589
10032
8907
17064
652
10671
7533
8758
12366
20115
24850
8918
8941
19616
4947
3749
11519
15310
10221
11771
15420
2659
2048
19038
2411
17532
19432
12329
3300
106
3673
5144
2340
185
2738
6230
2953
15032
8736
1201
8017
2944
11883
22760
15040
7682
6636
252
3279
21636
1321
3465
14847
17826
10588
945
7118
3262
12732
2528
12288
1018
25440
1141
13812
5302
5969
4163
6505
3456
23435
14478
11989
1775
1421
23343
8545
14640
3508
8380
7829
1077
5550
3176
21232
20515
13781
11451
7806
21813
2253
14999
6069
2200
14932
19604
1246
3965
23211
879
454
26340
163
933
16036
13342
3496
20882
842
1306
4840
5278
13109
12536
1859
10125
1298
5445
5116
14364
24162
622
24698
19354
9203
7358
3654
19412
13855
4765
15890
21776
7992
3366
2962
1565
5676
4598
7546
5806
24629
1100
314
15717
13988
2645
5627
2406
15728
20949
8413
8474
15991
8905
12056
6702
8169
17705
4308
24154
18337
16556
18340
9839
13064
22235
4933
9447
9007
8965
9350
16842
14851
3938
8274
1810
1052
5715
3292
6196
19950
3487
5010
3147
19129
17097
888
7301
15262
23328
806
17319
656
13907
21655
13559
12067
9488
7249
13048
15365
8242
11265
1914
5178
7458
2381
13559
10987
2207
1656
12507
9945
20734
1185
4345
21860
16289
6709
2083
13338
3556
6061
10578
12040
9194
7943
13126
13543
9446
9758
2255
14180
21141
9155
7011
4400
3181
15078
1084
12799
9428
5266
10612
6988
3362
7227
9877
13848
6611
21166
14861
25644
16826
10767
242
11790
6544
22492
249
1889
6004
15047
4545
1510
7406
15389
17409
860
6064
5921
7930
6471
10345
24150
975
19164
9726
4813
13325
3182
5607
2152
907
14429
721
15800
548
19461
17451
1439
10079
12665
355
9005
6088
2787
5308
12930
12261
3488
4014
9190
18426
8350
15142
1107
1781
14473
19979
1354
6777
3333
1141
6477
13737
618
3343
4690
16689
9594
10573
7737
4368
9026
14464
6928
5110
16557
22289
2950
5335
10443
12400
1079
4424
7833
20304
2217
4102
11588
22002
716
2475
2577
205
216
5373
11645
11804
1901
2003
17976
884
11935
23478
13599
13071
4481
8658
24938
5722
706
7903
2820
21998
4403
15029
9441
5075
9339
21650
14624
5987
2554
10565
16375
4286
2910
12978
13125
136
22760
8256
16655
2217
10478
2804
12745
3042
11832
26172
10197
15704
906
2871
9537
2436
1599
3854
21836
5381
1725
6370
2874
6021
12875
19286
4084
4899
12578
11087
1175
21151
579
8915
12887
20037
353
18185
5966
9578
20990
617
997
8533
2885
14438
8432
14798
191
3272
1559
4425
16354
4255
735
8902
102
Case 3:
28190
55535
76849
31908
99100
2283
13906
20597
102425
1210
50582
103308
29457
32410
50569
75915
110683
5443
31487
70955
88532
5606
25649
70442
27907
61240
46829
22372
76647
8991
84469
8183
35590
3123
74607
146080
21078
78376
22366
68382
4133
3309
20236
54795
62535
50978
6845
11569
54295
52217
18851
17944
55468
48280
25184
101245
86633
75065
25697
117736
4740
4907
29128
13747
4047
17786
15666
13732
122827
113004
17826
58861
19051
15077
33154
68522
101709
34901
51833
65784
40313
118230
42529
72315
71190
13622
28233
62953
94775
72140
122804
121999
66344
76312
32753
40557
49648
2729
33542
98253
89365
36040
14725
109058
39052
35567
6524
76752
22777
58543
53901
47778
101592
32756
80466
81723
86638
26761
43373
28505
61879
91825
49298
52050
28227
89527
79272
89429
85763
74617
43662
134602
78451
3241
20773
94883
94057
26674
35454
128130
44427
3705
103411
21407
6918
3886
66228
46646
103071
40565
89897
1615
105835
127437
103111
41236
18926
15422
36146
26951
39681
23893
2920
12598
95973
47700
84987
61172
47396
41823
64357
43146
46481
9459
92895
31015
29688
11708
17215
114387
25592
83194
92375
15111
89696
117081
56766
109655
35167
16653
109267
45025
8421
19399
124901
69441
72641
10423
40247
16689
20530
59993
19666
2822
73997
28757
121325
4645
77325
5849
82451
8754
23770
28195
10274
46478
49569
98653
30653
6537
69233
49167
22179
66434
25472
62898
116713
29070
810
45336
58325
54410
229
41496
94388
108827
104734
103338
7688
49923
4883
50473
61516
82223
63577
108808
46077
11200
117151
69924
51982
97722
132894
59151
91863
58307
50029
52143
39373
70355
38862
49894
8118
119216
6543
134303
19664
10105
93763
117627
36802
69745
84822
20032
65621
20562
19217
50858
58318
94048
59220
21116
1039
68482
33164
17605
10649
33602
45508
100047
921
35257
103492
38343
45431
50840
40513
26458
75735
33092
29957
54878
103272
79811
26598
55315
102979
38441
49202
62368
41049
83043
71728
30676
33897
3752
68482
2326
115613
22403
53615
6902
23881
63970
71352
76415
13120
6702
44395
25241
14549
35010
29235
82989
29600
34476
11315
70533
108442
73301
30535
102057
85247
69370
10893
41359
29545
66206
71784
37644
3000
1124
116221
100491
43181
89120
29303
127719
73021
48926
41197
66357
12654
6794
15225
130734
19966
140403
10019
64111
101192
99187
34784
9007
73836
24754
92670
154430
120378
22734
85201
68678
85777
69817
37217
111078
29433
87366
22094
15118
33834
120093
67782
17958
28321
15222
78993
59828
79293
43734
144309
107116
114206
22014
11459
73071
46583
15741
44954
7024
77617
82791
113098
103792
134573
40277
13300
145831
82154
91627
18913
7869
52037
51257
37971
85027
20818
14535
86514
93210
44739
17814
1707
45794
125536
82542
19962
27437
117615
89715
12747
93691
125523
38085
111200
65596
11454
8656
50091
21869
67623
25232
57389
85371
78084
35635
145696
54325
21291
72779
37369
26664
84880
4453
39388
101294
124489
54454
119272
12662
36013
37244
12327
85516
65973
60232
97726
32579
101932
24688
2846
51812
97780
33888
122169
80329
18847
22425
114633
144222
13013
19321
32784
47305
3138
35335
6650
10811
25268
91495
80582
68523
13719
35839
5759
62929
59565
1885
23491
782
21409
24040
24674
38462
99812
109901
77529
67166
66847
20612
6408
108803
23686
138809
136875
46072
32639
3492
18578
55586
97681
21072
90905
123652
69182
100180
4489
136003
72844
34688
24462
16904
39369
14685
49839
32066
90742
21155
62598
6586
21423
100891
7463
34661
9699
23344
22459
69783
90787
80764
12252
29289
36152
58374
58154
47532
96962
19768
75152
113800
129239
7624
80422
69606
52456
19571
43035
122094
69496
149468
14611
8992
1228
28323
48894
65503
24996
5658
29616
61213
43480
3436
44691
62510
7685
58027
1502
89131
19911
126340
30811
117319
45904
6277
50899
9272
69397
39251
6320
14230
61994
67928
61978
109177
67129
65884
16555
17351
21332
45176
12207
46497
63464
122287
56955
6750
67821
7011
117898
20872
10948
34752
16099
767
20528
47027
18050
39600
30118
124603
78859
18683
36944
121341
91868
19579
109088
5410
16086
119575
33451
219
46187
41401
66418
74456
52009
149283
94754
67786
13019
23360
122213
41395
43908
94248
117167
10556
79771
55943
69939
33472
17157
2454
29691
47316
36295
19548
65785
25035
46348
22559
48820
68772
83045
90908
110540
19629
83858
124133
4630
9951
125064
7157
75168
69100
100349
20981
41690
109217
16386
17326
109854
23195
124622
69836
37713
32491
22079
89865
4934
23788
124038
26211
67733
82494
97440
54904
65468
63181
71587
30496
97178
37690
32932
7303
44356
112920
62993
57327
83490
41880
3106
46393
31399
112602
98280
24191
22676
49932
2623
41060
36309
13021
44703
35676
29728
63682
107750
28059
20100
21471
64354
2076
49776
125107
21589
21236
85451
8767
26699
111115
90968
22565
21294
6101
109312
25145
9505
23496
98449
17793
46659
13065
111493
29318
104017
2711
39809
22962
31138
51927
17392
10234
38792
26874
41053
115775
55715
23563
13334
29494
79368
4485
37112
32763
36510
43891
1281
74120
137873
86102
23971
3492
32028
92302
18617
10286
28444
67665
100308
53440
43381
38673
15270
11958
93252
11246
5019
30705
83635
58036
25407
35425
69710
63308
29343
27651
57597
63677
87303
113156
59365
8726
18056
63766
32318
56459
19659
14931
8809
14219
21548
27763
53068
102389
114681
46967
20129
70305
87451
32309
63608
108202
3605
104572
63842
114125
74809
24957
28877
115624
14740
12756
146673
32839
94692
8514
46682
100495
2716
39729
9796
66677
11639
17875
84776
5394
897
111015
5840
32414
122121
40829
527
20454
99431
57911
21753
44888
8901
6521
44608
79350
90098
33310
74835
62869
45409
114028
61034
51549
46921
11893
107995
108888
33023
151085
32595
86822
8322
75717
13402
15081
9431
17374
15328
27658
16121
90920
60411
54488
85755
6912
55605
87232
50743
70856
76749
80053
135
38683
87301
44620
6064
88685
22761
2183
79274
8561
12120
102909
33064
122938
13732
28054
31799
10544
107958
101533
26347
21969
18503
18995
66708
3438
68049
25927
29984
130029
137628
120989
126619
134013
108601
104461
57294
20245
3160
4244
117867
21344
7958
24595
62067
111674
27312
5936
48845
8006
80207
26288
8464
50941
45991
3711
72200
105770
102858
117249
37516
19051
99314
6469
6500
3927
84114
4669
30628
139589
88643
70859
6775
69240
44488
73730
74052
38380
65457
20210
58390
14432
107867
111360
23024
27893
113606
73181
98681
87827
13682
20577
112726
41115
94909
56444
40744
117237
19576
9351
127197
121095
20611
90431
72691
33861
62396
5339
36190
3830
6995
40615
69742
27505
32284
26297
35229
127572
129093
18497
44404
6293
59921
58449
50363
79085
92256
26985
48347
12012
87462
15148
22744
37266
75828
2037
44520
86522
70785
20436
9034
71655
7981
9315
54903
43616
133051
25040
124283
6638
71715
22270
115193
15461
16984
77785
40507
10620
99144
70316
75742
121532
26768
23473
18100
20481
77774
58658
87384
28273
56137
26984
32983
125934
56313
13932
53943
119589
81738
82342
48889
42575
25633
48837
94986
11176
22952
104689
84492
27429
28415
3891
6278
90563
86775
12558
12060
14277
12111
1730
8526
133091
73848
81981
49595
90183
111321
75174
26618
75990
37211
87642
32648
44209
66531
2234
1441
61428
67932
25107
144768
19646
121054
19024
4065
141624
88471
12765
27329
67623
80406
15402
63200
10484
37328
78127
7682
31997
21377
89985
77907
43194
87647
20154
17755
4175
101068
47902
94994
61910
98645
99181
22911
113777
65454
112333
1213
79763
52684
49733
70687
20024
3659
12999
80891
28474
2190
31878
33528
4609
39937
67413
24062
94407
37333
5746
126211
71719
35728
79992
73838
12380
35852
15969
18024
14733
109451
12465
18240
10480
75813
90182
71717
69576
21615
9082
41867
2494
42304
81265
91412
42545
23760
48618
105669
14242
74193
19979
78655
50944
84625
92208
82438
29285
11878
103266
32525
23805
66727
85101
90963
42149
119123
21850
64831
30467
49891
121348
128237
42174
76219
17683
56219
48694
58118
90830
8090
68484
47528
49751
112838
8820
103844
52338
31785
147779
29375
38066
49535
50146
19458
38625
57834
30634
54733
89456
33549
58478
50650
20045
14731
84324
42155
147508
11391
28442
88743
22530
34820
120319
23640
58859
117254
28193
66514
82848
31418
17048
61844
53077
50162
8526
51039
53204
24053
71225
98835
37082
7427
54416
80381
35360
74592
6621
59089
44558
6250
73930
8459
1565
39864
98535
12092
80368
8791
36022
56234
7244
57633
57608
106
115772
107280
85909
12360
111171
79344
103160
18583
22256
114635
19380
942
14498
3865
13636
45521
43050
118341
37992
64583
82272
14788
77506
17800
18794
68464
39510
16719
108292
48496
40221
621
66403
49553
152025
47145
31545
117254
100936
75556
102530
3710
59150
5415
74658
46974
52397
51664
120897
6562
117815
87404
71182
21716
15451
108401
76877
4726
47893
118732
42120
96798
1814
48175
57926
73021
102527
90417
44695
38842
9732
120781
57328
123846
81398
33529
57487
72752
73833
3082
25449
90314
18450
36240
3246
19051
66490
51053
19154
112229
107034
17143
109026
50598
1644
98393
134227
41093
7473
111881
120909
21317
148415
12712
102527
14616
19093
52231
20029
79236
33081
98820
149389
9144
48307
24583
34887
55637
42354
22595
43609
3314
36341
63560
76349
62654
94705
74969
22434
1654
139765
17296
69916
17239
79584
71445
95925
99260
32899
6528
90122
2121
29412
135730
67334
31666
111127
43729
100431
97303
46675
70735
92349
9228
118412
13607
11369
73169
134147
72075
9829
49096
21068
95108
55461
65089
5290
100212
74447
38991
142224
3227
39002
13364
12996
71613
30493
41859
74261
54970
113179
46701
60368
58778
14753
89749
12904
54937
5901
34474
78154
94855
131623
115673
134
59223
37391
40866
24991
29765
19651
46360
75049
16988
65093
4544
2161
19148
81315
103955
108189
147151
87123
40997
6862
76702
35887
53532
115452
91595
52585
100635
10246
27513
96448
31591
95768
56785
2291
24015
111983
135967
88927
38993
76196
45672
29311
4799
74522
34628
43819
28103
55568
119432
15332
46839
15235
136959
42514
7618
53043
50966
14615
4112
43209
130524
115553
48261
91713
3261
3803
42832
146507
9502
8355
76762
42041
8655
118899
30946
44742
12055
70989
15803
24252
26441
88469
19453
105501
25703
86558
90432
18233
3602
67569
13528
6903
78322
45544
14358
3974
93996
31396
40734
8688
76653
47703
100236
56136
61056
81845
83768
46297
103677
29068
30158
7783
35416
54286
50842
25061
24761
16693
41333
50712
24581
63360
127923
137830
67159
83909
19303
85580
32883
124010
5234
69371
10438
132139
45886
110494
12208
19056
14450
73697
28386
61959
32534
11285
70236
23944
31719
36284
24464
71945
34748
4056
2867
92580
13616
12895
125729
44745
132101
125632
73222
441
10531
5651
18329
107291
76244
2796
26441
7616
11278
8675
15910
73053
39912
153213
75708
25034
44569
9878
89894
38371
22477
52574
13363
87615
4010
59644
50600
4896
7531
46192
53434
1082
104447
21653
107777
80703
73639
33715
71474
117785
275
19158
18541
154567
129942
19895
92786
130986
92323
41689
103202
4152
17683
72857
90091
90179
90670
90920
134506
93819
62289
2261
112630
50895
29388
11681
30745
4474
79103
62960
12207
68058
90226
88457
81768
53282
10181
24779
1820
41407
33907
153433
50680
94706
9036
131945
20700
63474
72103
143303
53067
55259
35881
27095
2063
86099
23994
59639
75425
56447
34034
59461
73918
32069
6620
11385
10042
38780
63329
12982
68837
48286
47375
33818
18634
40261
7489
98497
96059
6413
52689
8744
13790
65730
30912
459
58808
48430
77720
26267
36175
97571
3026
12873
81966
45640
106234
136892
26265
60696
28027
20028
94179
123693
110249
109828
6505
119475
34939
57084
79124
32121
32619
78482
28338
38044
11058
49939
123145
47591
11028
128820
43362
61815
56771
2899
69723
55020
32345
60741
5733
10230
144214
28636
24848
10554
28056
128469
133718
49020
26121
2319
140878
106727
66080
10158
24110
22045
8710
101951
20200
18061
79641
59295
11608
28454
76716
30411
27464
15846
68980
39399
7979
115535
93996
11325
83089
85034
25063
21035
30704
31063
77145
126663
4272
140481
60658
29416
66988
144167
16590
107512
16239
47699
11276
89834
25058
82148
87530
45288
71167
29322
68277
65749
7900
44022
10563
37664
81612
92456
89985
87728
88067
27382
35991
48339
59440
35084
21888
83965
80434
75118
74269
76522
33476
58553
91662
59156
49918
8409
22197
43845
58071
125178
38546
72452
8984
131061
38054
3760
77292
22556
39223
58419
16668
72874
44964
30450
73387
59628
53
65193
8367
125143
62972
94478
20931
27565
51420
108660
28843
20109
112715
449
14114
156411
112917
53811
29912
33857
31482
3325
20304
115171
9465
30086
27496
30707
89958
22000
104923
23602
34843
58904
30767
51476
108455
83262
61518
11821
39907
31807
156451
79980
96069
1865
849
80535
68228
20750
9451
31177
65594
111156
21112
27073
2662
142532
104179
140290
109791
45406
8800
33358
43373
89340
9493
29666
80389
79733
37728
82963
101879
59165
37965
87127
82419
18082
33570
812
43414
13213
39326
14663
66027
33566
7071
6406
36374
106638
56272
156032
46105
68930
59658
9352
22859
54420
74859
4851
61580
74319
34410
17744
57724
86738
1535
29523
9388
74550
54471
14376
81673
8272
5957
11251
149813
141987
43169
18169
24076
22345
66431
89601
67351
78686
39431
91962
55346
62336
88035
14663
116859
30123
119615
30511
94122
16730
25921
52921
99537
65032
58845
90254
49333
38727
92837
63652
24698
39062
23789
86606
66586
364
28667
135380
21063
83896
21817
3069
113669
46316
57005
106660
41226
25757
5751
102718
67286
134677
42697
30400
84542
96880
16348
43787
72305
64829
54702
23723
16836
74803
20487
16280
39096
72775
6187
90867
79659
18864
61417
95878
138987
115975
27061
22370
140735
18454
25058
93171
133914
18603
19529
23405
19630
62045
13391
154247
25606
4114
134133
99563
57888
27465
9502
48365
16062
35228
59228
6846
21312
144220
68156
2937
45848
20093
8867
5794
73045
28755
26416
19960
54920
56466
88096
22475
105750
398
17218
86543
58738
47535
132357
85701
5268
60055
7642
24333
52513
107913
110497
95018
26611
96496
17498
4531
896
55813
31806
84234
64486
35560
35913
36765
15303
44254
3422
107600
52118
89263
43139
88206
51363
6118
28069
1265
5789
43363
29180
141304
83959
25656
25661
117610
129385
59408
24012
146780
8436
118962
5303
30286
59828
106258
18473
64258
31901
16246
63496
19199
66286
57288
45549
78036
5054
65662
105973
49438
67655
108447
86372
47055
85321
79272
112467
65784
28648
73352
29299
66432
7727
25970
60681
9584
45193
39666
77034
115556
25275
84300
53872
49806
92152
67639
10610
4497
24993
82642
125885
44608
122326
19719
54577
37819
75851
6388
48581
8930
38181
56835
85276
96946
61306
124240
103681
107247
12783
24577
125475
83902
60473
87814
22083
89437
2305
43718
26922
4718
59775
88821
4351
100638
3251
12796
48712
20691
28644
4336
7995
89891
54072
25510
17396
124042
32808
58964
37998
17065
14386
21896
3229
15488
92160
75067
27622
111322
110448
47327
112138
26534
104465
25199
99996
8613
5931
12035
51400
74756
17281
4813
12565
88775
73617
43140
34413
69831
60350
27193
98724
68108
38970
120258
31237
49071
68859
11970
42969
137056
73580
38624
79015
96400
38141
22835
44408
43824
72066
135593
146901
111526
87791
37793
121747
132432
14284
42886
48056
40474
134995
140366
11319
12640
117377
5282
23513
75196
41786
99506
27587
76538
61695
117787
48738
22605
63215
41168
37610
51120
22590
40974
139730
68526
7144
128490
74950
12302
52672
95096
57056
74962
43922
142597
113571
78166
89240
12978
125497
9342
58578
15258
15029
3847
69723
64027
93698
81522
67705
115861
43034
50140
62459
13228
79125
12129
126859
39051
98609
132593
51872
103710
59190
34339
163501
80188
40721
74236
17651
3084
156866
19530
72216
72075
40000
86573
43462
46442
44070
86237
59360
45703
79518
97684
39282
63174
749
139010
7756
18968
9014
71997
24613
20651
82258
57953
68719
145521
30848
21048
46879
19626
25414
5581
8876
1710
84201
40228
71088
58413
31533
47322
73168
46505
59904
3267
15431
140773
109803
88835
57600
9516
32621
89610
1922
86591
101203
46687
142432
77920
159259
50837
38259
83438
90699
28389
72576
105162
9601
86053
97022
103860
85394
144806
111687
131772
83060
21208
36010
50209
102002
2085
79209
67627
9705
52327
21397
113703
103412
21040
3218
40090
18896
140530
17741
74383
39070
1582
57488
125898
19435
42341
90898
8237
58851
21534
83664
14722
37030
15942
79278
160028
72396
66919
87859
115876
62354
52680
23801
48096
29126
69748
39267
111648
70415
37602
21886
63777
6423
152869
35143
108594
5690
51613
142935
85315
104684
64938
117146
10660
101864
1099
103026
22094
8893
19015
40870
151063
70364
81480
99102
75748
419
32049
25004
43168
66518
45319
28362
32159
64989
104874
56961
41872
24501
50245
73867
30148
25699
9762
93454
13516
16925
136897
35020
42330
29192
47136
31458
80097
122058
72514
122640
55096
3109
7212
11230
64161
94407
32453
46302
4994
92539
90077
96782
20200
37981
73084
66004
108599
65419
43633
17468
68805
1871
84398
129963
2513
140704
153482
76165
21181
2099
102115
58862
100321
114554
11765
65008
30243
65673
66230
54787
65745
117742
60593
11392
43069
46611
29112
99588
65114
5397
4099
70902
32470
122459
109140
78809
28153
60050
51401
88441
87660
24455
47287
12314
48370
103868
132061
46985
84039
65158
65379
25835
45116
93684
112758
66850
66994
46357
63286
53021
648
120920
14675
20256
4738
36097
18590
73236
59761
14072
49681
1757
55480
10436
3070
7937
112102
132279
12319
83334
86563
57624
23504
6129
80285
11370
11564
87211
6250
54038
92446
65302
59536
40735
20427
2669
7799
28816
128634
36370
90779
50095
100338
21257
60962
105847
136619
80937
31769
83960
74184
51634
60768
46470
157703
71751
127415
93667
17944
48804
30512
34105
14325
83116
107865
24798
16903
108067
55660
71831
23486
78394
50831
2116
87236
40193
140204
17454
42298
14155
33026
48929
7952
49837
54980
65145
10604
91782
127614
44866
15183
31906
21538
113801
53757
139863
1893
63433
19901
27697
41695
92889
21865
593
110778
26413
3325
32602
69387
119532
44143
42246
71456
7053
43242
27340
18246
7821
32775
125767
31166
133057
91542
7321
35433
17575
31394
15563
250
159928
39400
8453
829
44799
56837
19024
19250
42618
123117
117886
9357
88947
24444
16873
65526
20764
21867
27291
18373
129644
23734
38101
6182
19190
110428
66262
4672
83404
92077
68241
20282
62596
50558
69612
16708
46543
111745
16380
27213
38173
138277
44607
55397
25979
99208
43958
36897
24582
6403
25444
95215
11926
43216
144805
2136
98652
1231
19136
1303
16777
105742
91925
3546
89062
68080
101414
6868
35542
125994
119180
53615
73435
4244
33047
5994
5935
30904
34113
72646
16863
90381
128028
38604
20516
109283
159014
37723
98284
53629
29194
82004
104844
8835
98242
58736
2941
22306
140950
38132
26917
76046
38160
103483
66364
6735
105988
86989
71886
124625
29880
13734
42682
20907
132483
76053
7212
119590
41688
93446
32459
73624
23028
78302
66181
121103
105829
6364
129967
1093
48820
7659
6885
30531
18160
18627
14379
4310
63650
98151
136897
97588
124094
72642
3177
142036
32442
117123
39087
6821
28910
29517
12002
46299
52946
46716
46920
121568
137981
104773
9793
1680
94265
24287
30762
11546
16531
31256
26468
1874
38070
58788
29462
11392
41756
26875
29009
70727
101853
25777
125960
8965
19114
38021
25714
50886
63071
54137
36728
12776
68263
90856
49798
8491
46098
31257
52295
31380
36255
33919
152856
19949
97225
64701
141151
51877
99260
14972
26625
42059
102757
98760
77199
126627
61510
63136
45419
549
115022
75286
35496
48757
113802
21642
50831
40823
49191
111587
77800
100819
81246
93080
28177
73224
123356
11915
60117
90700
6822
25947
108164
58134
12196
72069
14208
65685
83198
71867
52143
25712
111163
52890
54035
88533
3474
109479
26887
27705
172
44502
47363
140762
56614
47218
37463
107205
53753
43574
102115
43576
13267
72911
37803
11249
17521
51327
57706
2410
41221
31298
70915
118036
59040
39065
62527
128825
24245
25325
115683
87791
46377
53241
105614
83953
101929
55966
77530
126091
53738
27372
148447
40639
61128
57480
110310
17360
14506
55756
129369
126947
52694
202
47251
100640
86352
63503
17503
5014
18787
36631
27076
23720
97398
33740
31378
36670
48588
27462
136996
43493
21245
3042
99891
32792
16641
27263
107938
58098
14189
3579
38718
98782
5685
52515
3406
8956
77608
64616
102098
22587
69821
67231
144137
28926
78489
26383
38865
132903
54115
30194
89971
72552
67573
54909
33634
17559
23973
36849
53738
50067
3953
14104
66588
77074
101962
2661
87366
133382
10310
73923
44018
69039
50065
14860
489
26682
23733
67802
22804
34608
95808
39163
20111
56435
26198
28384
8829
7713
63397
35847
56380
18995
107230
44305
43090
25168
153903
27535
11102
15575
19158
39886
89751
33962
14653
22579
9936
101744
26033
26407
43767
63308
84423
49968
38123
9086
5129
47511
14809
34042
45939
45559
101601
28977
147809
96094
5426
66702
95552
74189
68001
89045
34261
6152
18385
32466
22043
11270
95135
84410
67042
2913
65556
591
32137
45952
34012
91491
21192
36497
19555
2412
35975
111957
66013
31578
19958
10720
140001
16868
7657
11933
119691
18873
67631
81395
26531
5278
66632
60538
18203
91647
128158
16161
111868
147116
20258
56755
81693
95791
11923
10001
33442
112962
38545
545
36044
144598
101649
2210
8163
137361
72979
96412
58548
48211
573
62452
84875
72049
270
35233
48266
20034
12470
19487
60505
63298
8981
44033
28964
24699
87074
49706
131767
107228
143969
83677
5544
52807
27958
69390
77475
51961
27270
120858
35138
29263
54337
31956
7006
127193
34042
7528
32212
44906
40123
54669
150661
49418
124153
3596
22561
20333
1372
20905
63960
44333
673
63248
136595
62526
5084
36414
67185
94962
17990
57884
20298
11755
26240
17009
17471
95195
6508
28513
25142
68251
97509
62114
95502
43436
64190
16346
12233
26587
Case 4:
31662
42066
5048
24622
20089
22828
23181
5769
1517
3856
43206
35335
2971
10868
32724
31687
10815
26981
29309
30328
42076
1300
40309
38141
11529
22166
11536
611
36938
26994
50844
18730
741
3496
16869
2502
3508
16926
20173
32568
24618
25765
9267
40885
36631
5926
16700
6219
6521
1141
21153
25499
27441
18566
34784
12218
36827
40965
14491
7380
8003
14810
17375
45031
40289
52484
38824
35138
26477
20732
23950
13416
28389
19311
483
11900
12794
1675
32257
12191
1124
48422
3218
15374
37833
22014
5204
8466
1933
32748
9175
35490
16354
360
9113
10277
18239
3232
45673
10474
3101
8492
17616
32727
29997
9202
41315
11015
1345
18099
32044
6571
21911
876
2675
11164
5352
19398
9374
2300
29650
23274
17760
3287
22618
9414
18138
29520
16657
27637
5902
11400
21628
14671
9822
4663
31744
6957
50504
30988
2231
10593
10693
21554
34370
51665
27652
10580
2595
15728
26113
17428
19256
766
8431
25331
21757
636
34875
8974
7542
22076
10770
3978
9922
26405
25698
32527
41442
2598
304
49203
5126
14798
5753
9829
8912
18387
23845
29886
35045
8825
34930
36895
12501
19700
4263
19406
22607
18571
171
43518
23620
2067
40611
12809
41656
2273
7096
3957
18045
11533
26325
8749
35608
18685
17322
33421
14670
3908
1050
14469
56503
150
21725
35929
24579
25715
21705
1151
19094
37025
35281
9472
45184
11919
48907
18126
34410
23633
29049
41937
5916
913
14647
16225
33369
19099
20665
6428
14996
40475
19215
10886
11063
23341
4205
24890
41092
3045
20837
9139
11329
3731
1444
29653
17416
2539
27649
17604
6608
6961
13010
13692
15975
29919
27114
20135
24658
30289
8858
17978
4705
4700
2122
20196
41877
15743
40735
9706
21535
35597
8236
31642
50834
36061
13368
25389
4798
36173
30943
753
8164
12049
5327
5223
13135
30406
1138
27298
34283
29378
10674
1545
9693
36618
38191
36796
6917
11192
1728
7740
5390
34760
19267
35723
6532
10443
8644
4369
21197
9843
4011
32989
33909
57408
17363
20130
18327
7653
13943
13313
2574
13320
6863
26653
30362
15348
26763
28687
6671
39241
22661
3988
30469
28630
4024
4915
47161
5576
41231
22611
7128
265
35783
1703
2052
28172
35538
35914
22113
19650
23744
38692
9371
16036
8319
11903
22946
15155
51760
30315
5657
24568
20861
1089
39652
14006
31896
19001
12760
32444
48783
34796
12354
28643
12512
9524
505
1648
36673
29414
8245
20406
3976
20381
17777
38153
24116
22076
5630
52585
56919
46346
31595
52278
3051
8383
20352
3644
27410
19499
253
33467
1494
14039
13165
1973
8788
37534
5684
16693
12137
23699
2512
932
16835
9024
2463
28571
22729
13062
24291
9667
23266
8940
3501
26639
4745
17352
6999
12316
1203
21913
18919
46766
678
1560
4780
50670
25505
26847
41847
15752
31035
3016
21866
27558
7455
12596
47806
14130
4732
167
24364
9973
449
9961
24685
36231
7199
39547
45580
20918
1947
3698
6942
15693
7061
4561
15806
10605
18465
7737
5465
37009
31124
27091
1058
29542
2748
27529
50769
6914
675
20504
34525
3606
15395
46050
49348
21877
14520
50642
28010
9906
39638
57182
5923
22347
43773
12350
7080
35485
11390
3494
13636
16238
16637
16576
27831
10665
7754
50189
30569
25439
39059
3194
5774
15616
1183
29648
1624
3685
42924
12504
39089
22662
52693
37139
12061
20792
24888
36015
20170
11584
8988
37283
17009
49220
16880
11508
40495
33172
15945
22014
47280
26523
39837
19337
15416
43630
7841
56975
2689
9060
21561
26296
4938
3329
20776
20601
31972
4199
1303
12824
18427
16249
15857
12706
18794
30754
31458
20763
48834
30142
26604
45608
18355
45238
20788
35316
42757
25932
27879
3340
21204
28960
1121
7754
36286
26615
9655
38497
4517
4799
41233
28825
37126
14373
6667
45179
4781
7819
21042
18599
33752
30608
29988
31885
5419
14789
6438
14909
976
19034
35286
30281
15987
10333
13401
35444
5161
8240
18809
7643
36901
2754
24977
1997
10760
17829
13900
19153
2813
4133
28481
750
5638
46078
6500
19799
41871
49283
52172
10512
3906
6471
32320
33088
14606
2988
34000
9538
9341
10627
1089
1981
3385
17951
6571
13803
11883
29256
21726
51029
37564
54911
35007
29053
18426
5029
47433
7648
9350
21340
3627
19805
9505
56396
9686
6204
26300
2501
9127
4620
21358
16399
20437
24966
1345
13701
27921
16310
4033
6161
14736
27794
8729
15953
47897
12899
3554
2618
8840
5750
32591
17724
12474
932
41250
2157
38037
40614
35314
18715
11477
7340
1382
4358
14910
20165
10494
8253
19015
405
37251
68
437
5846
32249
9344
30033
2530
7658
14655
6848
25911
34299
23665
44297
12669
38908
53692
58323
738
18760
16250
3197
1099
3602
51860
799
9018
15733
5739
14336
23958
8517
5139
56493
9226
7102
15705
41637
36007
24611
1434
48728
23831
32325
6765
26765
4137
24136
21622
8496
2151
31483
20963
29138
19746
3457
4301
30270
46225
31867
21484
951
31170
708
14954
34370
15665
13528
10964
27217
28689
1135
21429
21287
22036
5263
35512
17500
9303
27510
14858
47900
7667
26668
32342
14010
3375
5954
11365
2048
6816
48903
13872
16146
45063
27196
26445
1626
25036
12967
15536
18451
23029
18571
30115
24052
14420
15818
18770
22127
305
6415
35958
4793
60144
32252
6747
24038
33865
47247
12098
29807
38814
11657
19741
5170
60255
13023
9139
34893
13273
47153
15439
24330
14764
2356
2870
5811
17943
7608
15143
5586
18330
6194
15373
37912
8882
11601
24024
21937
8779
28333
5976
22721
10989
51640
24926
1129
52176
23410
7713
12898
36968
1103
242
21212
31547
22060
29403
806
20302
15149
11434
8343
15461
9527
28629
21275
43325
15820
2239
14646
8832
26593
15062
29471
4204
13495
28846
16224
16971
19453
30099
11801
5229
12640
8749
31082
13565
17860
36422
1956
4427
22567
14581
1155
11157
16769
14513
20762
61004
8006
52349
32180
26357
34477
12800
15797
52651
37786
18244
19459
8458
25224
4888
34522
39593
14208
21690
5685
5992
27543
6447
28479
21980
13962
1209
24694
53831
37748
29959
25994
1888
3089
51745
37858
8065
1525
38144
35232
16495
1911
41109
17548
14196
20394
52864
11271
12669
44611
16435
4951
7406
11960
13186
618
1481
21023
16327
27416
21293
8164
28150
31408
43873
47338
21120
49432
2089
21418
22918
41008
6787
37801
22880
18294
49933
5459
28667
7417
45769
41762
2192
11024
7091
31222
42771
8349
41907
14880
24358
26061
15646
12130
46176
12025
9681
25022
5635
7922
32604
29350
19732
26127
47532
17547
46976
22432
39260
5534
41402
14336
11419
14724
39442
29612
21323
25961
13091
6224
24164
16169
42616
4966
24117
21793
10143
26300
5012
10324
1763
9472
10566
25140
6371
2613
27022
24970
48440
20758
18934
57045
13726
21632
1662
3760
52061
1430
20101
19305
30236
38497
28246
26157
23506
23603
33502
11395
29051
22550
24365
1351
25612
3514
12971
45
23705
32850
1845
11991
51517
39755
8065
51364
33197
11221
26979
38972
28109
52035
24066
1394
34293
5329
24470
27463
25715
11071
37136
43996
8325
8852
8452
23826
4262
36179
16763
894
30889
36075
14477
12845
3488
25390
31971
33456
36309
29883
15311
16620
46950
997
15742
27612
21473
4796
9081
49806
34070
2709
15750
5634
20546
41848
4704
28876
8327
2735
57004
17050
589
3820
3331
3881
25654
5430
12501
26552
4592
49846
16031
25659
9627
49585
8001
18030
24069
14794
38641
12270
4854
19608
30764
5740
13120
316
12863
23762
13463
15240
7986
49981
4933
26868
5394
21430
1957
36407
30434
11416
12390
2084
19488
33816
2435
30932
35311
45456
59008
41633
12668
8809
7250
22533
27707
16146
10733
16562
20839
28243
12525
34449
20062
1702
51784
21925
10326
4733
21441
6552
10846
17353
1606
29872
21485
26452
961
26261
27885
3717
19486
10280
14110
12668
3372
5639
1012
46075
2018
25491
7608
25100
33520
59542
43221
42119
11198
27613
13998
20649
39573
2662
37085
13062
27188
3432
50568
37669
24924
21001
496
11070
37748
23584
12664
18550
19909
10001
14325
18973
2453
51405
18115
12893
39082
2517
14367
19233
34973
22034
30961
19043
40292
18372
44138
13759
47784
15958
35120
39117
51134
49638
25450
16366
10235
14917
43363
21807
28760
3791
25502
48998
5404
42092
14001
20953
1384
11018
22027
5126
15369
6433
4238
34048
11304
14075
16145
31544
33374
3412
30363
4311
32762
35299
15868
17947
4865
5473
4689
14903
8665
15349
34387
8486
11135
6808
39198
54016
2460
36059
44313
3979
25889
35461
15378
4524
15485
15587
33983
35037
2416
19516
32383
4942
183
9361
45372
37676
10943
14772
59080
44367
6729
17342
48883
12911
38694
21181
15006
32588
59136
34407
14370
15311
26059
51993
25722
25648
45204
7595
48661
31516
3046
12881
47928
24677
13439
33957
60095
4783
3326
45621
31264
55209
19462
14129
26811
37705
19390
754
18275
32880
8621
1738
21509
15696
37186
50624
9408
4373
9813
41147
17082
24376
7668
14993
9586
58265
31102
16001
17816
37407
4718
40017
9915
8302
43162
13087
20385
34830
18040
18090
19016
20382
14035
14602
14960
4275
22631
8589
10588
35909
39470
11457
667
21976
1391
2319
34515
8022
30512
53240
1152
8910
15771
49864
29783
3206
31099
15854
44710
4967
8986
36676
20981
24557
25974
6701
23041
12718
988
10101
665
47355
5810
16176
2676
33455
14425
48793
1570
41577
52090
24075
18573
29207
16906
35364
22543
9567
37319
33965
2400
18869
29157
9172
15671
26641
38428
10845
52923
35287
49434
3467
2338
28142
7025
13303
5257
8929
56214
2626
37957
32727
8799
40453
38916
26355
15400
33625
11081
2645
17908
8088
6262
36050
4967
21597
34724
7257
24120
35064
23884
32868
12486
2863
32750
25184
6589
15113
12172
7802
37643
17892
30141
32089
5560
59313
16192
176
35866
21795
27252
28921
4636
22262
40254
40090
33009
10101
6194
6370
28099
45738
37122
5113
31921
20124
3009
12747
26641
25936
2085
50203
3343
31378
9468
37791
8253
17406
6634
34198
43140
28517
28041
32105
40922
1850
5861
25628
26851
20897
2680
17006
14079
17902
52185
1649
28134
6309
10588
26096
3422
24497
2793
40286
24838
24839
842
1103
32028
363
11580
6961
22177
31568
6026
40059
6243
13164
21144
11371
42066
27457
11906
34250
12806
17939
50115
2112
38997
22501
15090
29814
32003
9940
23275
5557
37575
6408
27746
34321
17888
24004
35648
23910
1704
23230
33486
967
52775
23586
28426
12245
13356
26320
18871
21518
9230
18119
23888
5274
35292
28770
14220
37141
20388
4811
43009
23285
11328
13653
22113
11354
8499
29841
422
34899
12667
36403
10383
1956
23966
48168
2879
39775
39215
10106
16231
9189
59175
33189
58176
455
44944
38333
34829
47625
25174
27430
29182
4754
41167
45260
1034
18275
14823
12726
22251
34035
1551
16820
13146
4428
22522
2742
52720
4107
10991
31685
625
40436
9646
56338
10842
3347
4034
1289
4949
5054
19056
12038
24517
19643
35845
14190
18423
10263
4267
42199
2563
39223
18195
40922
24909
5310
18228
36290
43225
19420
27176
1907
4609
11993
17520
1734
25684
57487
21681
56632
30396
2664
26559
1629
1557
54616
34220
12996
20929
19715
14489
15810
3582
14881
17107
6247
25754
8779
61051
15809
35689
9629
6945
30851
19311
12051
9347
11095
12693
5662
4821
22364
415
4113
21636
2491
16363
17861
28378
40721
13524
8978
45775
18496
24068
9674
28552
13497
3687
38330
20135
40766
27406
22809
6126
12711
5340
22848
3522
15007
36927
7288
590
7465
41817
21973
14081
25739
7939
5242
24558
16451
15953
16087
7314
13160
45796
16254
6682
17635
9362
32725
31211
5955
7508
3095
23892
28783
15790
12146
16527
1278
42926
12361
16352
5768
21278
30685
12504
24079
22498
9891
32688
7866
32465
4758
31205
34857
8307
40569
18158
13744
23597
4844
11106
8217
22230
16490
1651
19722
27028
20429
15551
8645
17304
12987
55430
1728
5151
24348
15145
40518
17139
48415
25269
6165
24041
3008
33569
18822
13604
40076
38280
16279
25090
36827
55273
28668
58762
9852
26021
31205
16257
1458
16356
10944
35372
24457
15505
15784
5994
36821
20651
12174
30093
41089
2210
1710
37602
27857
55135
52690
14655
4300
9340
24741
22699
5104
5038
22720
4656
7571
22596
1790
925
7030
18331
38251
26564
55583
29376
10567
42748
31309
12460
10731
4088
4732
6340
32084
24508
38467
5402
13418
31001
16318
5986
1310
16535
8512
34953
63098
13625
2708
47075
6661
45077
2973
23205
39768
13593
8615
11030
16123
60331
8182
6258
16449
17599
7609
34812
10104
24084
16983
8140
37465
27299
42063
44571
22635
9344
805
4927
1990
8342
30532
25112
5721
46188
22526
36828
25547
22600
24809
12549
5028
18748
42002
25489
36101
47967
2320
35574
42730
27769
35592
23695
2053
41034
37087
27345
989
12096
2051
46280
16702
27938
52906
13962
5733
37982
7707
3232
45004
61139
26196
2255
166
23797
20357
1505
41650
19155
17029
34487
1302
52047
13044
36468
10350
39531
11181
9542
44749
44337
32411
6870
30463
8870
1903
11708
3222
42978
18206
9010
24533
4241
5801
8177
20229
17190
22863
28693
25957
30113
9084
43378
26406
38179
32019
21976
24240
14389
13176
23976
24574
447
1389
2588
2203
62518
14394
20061
2194
6360
34101
4821
15511
10222
10378
4017
11545
7628
8803
23480
8180
18534
16169
19519
26815
15051
45856
32672
25944
19666
41892
58679
4488
28390
20358
13899
21644
21236
733
23208
29232
7248
39826
1903
59619
7735
23715
28261
20227
35800
17196
22670
8919
17729
42787
6856
33028
1065
31802
6863
941
6514
10047
37713
27626
61519
22622
53914
29751
6035
27724
19378
53917
15158
20493
12965
1152
11358
31739
21719
5595
2818
5583
19179
28411
16934
13791
8446
12996
16957
21615
2019
25238
22389
22472
23454
20055
2820
6690
48597
23434
10449
14961
20129
41373
15987
13120
36319
27624
30667
14925
13782
7574
3349
29042
13950
8027
15888
29007
2585
37743
1211
22253
11390
4554
Case 5:
47066
26055
76368
123499
45847
130961
88277
108190
19899
32305
167058
39428
67587
3056
86376
135898
100880
10507
31548
121181
56100
126339
18089
94977
29228
149904
62059
6388
66934
41852
100882
57810
127390
121635
24434
16732
157848
179788
128407
1126
57999
85610
22181
39387
86253
143553
18711
56252
142872
86665
18090
150914
148274
20892
13231
137593
47265
71526
146059
100334
80364
8614
28947
25649
200640
35724
45969
36373
12562
36552
38060
7883
64281
139717
96694
134557
37721
75148
31644
105002
71258
58467
43639
66870
54619
106126
45209
1719
21245
121416
56778
11917
19464
151506
83130
98208
143919
35860
87364
64562
40604
129150
131031
58759
144978
13320
34614
149274
3513
67420
18461
78707
16133
101742
123252
119653
88164
26768
127002
171179
74477
102387
121725
20706
186741
6498
72087
155944
73235
198336
47892
84915
15212
164377
32552
10030
27212
165736
78319
50054
42629
74715
107539
28952
31128
22984
36000
67651
77453
115845
48377
34680
76803
86760
39219
19925
193180
195057
35618
104083
13774
144992
169264
1214
130560
47297
78046
6653
98490
152837
15763
102764
92276
67857
100960
193767
5402
31662
161443
62413
9049
52779
105099
8557
128021
191244
142092
100358
98679
41702
124703
1306
104390
2498
88270
2605
146118
58492
33286
37809
111930
73410
12455
38722
178907
32075
19151
77784
161109
56521
114915
13055
72139
44260
32916
75413
39730
183766
86627
43296
142463
85222
87604
56191
94492
193144
82671
70190
127760
29284
43301
29266
20014
9542
40983
6724
163278
82158
130837
59810
75149
3112
39616
16623
126326
165021
78080
26307
7358
569
106159
44868
100725
63124
80671
46391
187403
93712
28564
68047
40055
43609
54917
26318
35769
23014
26935
114957
92703
5609
62226
115516
71465
17503
25479
68572
14831
43843
33492
44707
83052
20605
30975
60243
144134
137200
51224
107411
112548
12208
147786
85822
26201
41931
60187
128244
176485
54755
90129
23020
26752
32108
2538
22129
31788
69064
24600
157750
68748
6100
12475
123920
35073
35647
5982
123162
80514
74037
111737
82818
144908
44038
46506
89582
14762
102573
19215
141466
71393
52060
86835
5090
1220
26700
47808
44063
71225
100593
18275
146224
9572
77025
17558
7727
72955
6048
43912
57363
32766
112438
149190
24352
66640
7017
33281
75024
26935
14108
63754
76243
128875
42631
30005
48297
157117
62684
186399
39662
123215
71652
74840
79979
141383
10090
123854
33948
134406
27607
95523
164723
159312
73209
75938
46038
77520
4027
199891
95687
95372
75996
40298
44908
42346
12637
206261
61471
68769
127428
72198
171890
32081
119917
44808
26705
76810
73699
11383
10396
63094
38182
152600
78958
39038
94132
111023
154137
87629
121876
87647
160937
46588
18523
74008
75373
30437
188218
146828
97559
70817
45703
121138
131279
117692
46451
181677
54589
35357
31159
122546
45206
75329
45422
25099
23466
60858
142160
156887
53946
5691
83742
3619
178504
10374
58329
2452
64104
41
8831
112183
58943
116929
101324
2599
122061
62802
47582
46952
64558
70786
624
9041
54224
1073
14188
81488
7909
155318
48599
7525
9745
130787
12277
51622
106216
65799
48777
127017
105244
48546
19213
55106
73778
104585
120106
53522
34267
133197
32890
139206
6931
27299
6787
86466
24825
18219
123099
13247
28146
51900
77489
130950
145897
129031
50240
11529
28083
94942
30555
7383
55149
316
44311
51299
175356
95035
32136
135633
68885
37734
175711
68982
36586
73159
23818
62451
135637
37144
63197
7467
96078
147631
20151
108979
42540
60107
144556
48218
54130
124936
74801
64958
10419
10727
107230
207931
39477
123517
134282
89046
26273
116687
26785
37316
31420
95995
11126
198210
162157
86904
157820
90375
168626
65555
46720
91933
96120
69708
76048
20897
95645
106078
94855
34950
34684
30987
72077
20188
157390
35783
57277
53617
101349
124160
142936
71906
40417
36057
21327
42962
76590
110563
176546
30527
30289
59852
8657
129452
181757
65182
27295
25594
84502
107535
73479
139763
21890
70617
44146
98399
69634
86092
102649
33456
1890
71651
48468
162530
14916
138518
93637
71226
63310
31952
3496
107192
131033
46794
30549
143166
77310
29817
71909
1900
113515
57515
41448
3973
73433
7540
26815
124481
30984
87680
37094
25063
45482
40908
46124
166269
178902
131937
39979
69444
17945
7411
159687
70348
82666
18339
104917
172366
10141
61789
53103
84639
8667
34753
59235
86873
138507
122216
62704
79479
72018
195
104692
24548
126000
64957
69741
175802
57623
10040
54902
81571
164955
62621
56362
40232
114192
1306
101301
6053
4764
24044
57211
7346
28830
58072
50529
122486
93847
38615
57580
80541
69293
1827
90858
51309
22469
124037
39911
112933
41651
9460
39322
86076
18593
196743
85978
108210
67634
32798
30966
118734
86495
100478
74173
14582
19928
30818
13918
63074
9357
3882
13046
143601
7527
141099
32159
45555
84180
45914
44927
126459
19266
4704
34446
142508
100230
106812
107727
40239
73086
57183
33550
171998
5584
13344
195264
131973
41875
4149
86841
129935
121124
39408
69536
17388
189682
81045
25330
17625
78508
33391
2874
64909
35237
123591
146472
145596
117490
127376
103629
63043
19095
83060
39439
77005
9364
9887
145286
23631
92287
15225
9288
111237
123027
136791
124908
11139
132443
62724
54376
45803
152277
45398
123047
57776
21073
15577
8432
157491
103846
42173
68489
144390
56864
8589
39678
161012
75304
179669
31159
48999
4871
13572
27116
116959
9467
78100
25822
90297
120614
58939
90542
60085
1001
12970
48087
104776
144625
1275
181570
28295
33785
116671
147062
39452
127592
42385
183684
15308
104638
65184
70784
44133
10511
165408
78058
50106
101520
4738
1841
125165
146788
53107
143642
12508
38603
56802
191000
11584
9089
16450
23097
4795
66555
30873
123923
47544
22686
100084
52627
66752
52013
50848
56174
30396
10621
150257
122801
46481
28481
156693
53321
76543
9494
79736
84818
93719
44355
45590
47084
158303
6251
64436
76876
12128
195107
20301
150694
66601
40706
153245
147565
120348
66108
42751
22329
23669
90532
7337
94014
143348
19286
56321
6572
166140
64176
157005
72591
124598
30573
159287
38352
92383
169901
5687
116356
93707
51018
207236
103063
10019
93019
23773
25308
4226
6637
62987
90988
26039
2530
62122
149806
115339
4080
90451
20080
37254
100255
146398
36235
4432
123434
83770
103401
112406
29821
59523
58279
93569
46664
15382
77570
56462
121843
86447
38797
64855
72046
51723
26625
110111
16825
18574
64631
35267
161128
40558
10997
67599
2813
95008
113483
55418
15642
62592
176091
99165
111142
20740
148668
106585
75948
85374
76947
102411
146846
113894
51195
66686
29735
98655
70921
161829
183275
84576
29933
32796
164465
8074
41216
90700
179240
64220
53807
51011
109472
38820
142443
189250
30834
53462
23567
186607
72963
108675
79049
88366
65429
175930
120414
137181
10421
88754
103917
23622
112047
38239
64323
100989
79514
204063
834
28294
58798
12652
90504
84866
152731
73831
52530
104089
81738
61645
76891
81587
53434
134621
121620
40006
57499
107792
23945
97398
62892
129785
67586
137307
86005
27266
16924
171002
27737
46808
70625
13739
121925
90228
125520
86673
26792
34069
9800
117273
104996
136294
1584
5403
126306
21749
42416
188271
91073
132109
24231
2990
55599
57660
147522
38618
41037
1146
57096
4490
132612
51640
72965
52057
56113
36127
13114
16051
61869
12939
21874
99068
91131
163939
63570
59016
176035
15379
25976
40368
105170
10819
121971
34845
195121
3980
86551
106174
54663
85079
4091
76228
48993
138136
182223
103865
57331
66297
118591
166386
26702
84657
83038
43914
72840
120803
48773
18916
94017
10343
91484
74242
59560
18356
8225
25052
46465
3575
120891
96970
163757
88924
97198
19985
160532
7950
8730
113510
106668
6841
56770
100255
8504
125689
55089
147508
181100
42788
85305
19394
38065
127879
99312
37957
117817
29117
161158
52182
166041
15741
156721
122537
137532
157832
14107
76204
1287
38295
15479
31027
150463
14369
89114
66103
126526
30062
21908
91065
111946
89064
56106
10927
6690
119803
20319
54897
122261
122421
148117
46759
131082
14447
101633
5195
75194
40083
88263
15642
51642
33580
23349
8218
64792
163926
69180
99915
69640
68536
78458
107433
63718
40816
151031
124350
28834
70912
51631
191039
67986
63003
142296
143346
164985
84298
100741
151465
150325
97482
27035
192109
89580
24293
103179
29984
8556
76058
5163
118446
29675
24782
96285
298
124622
75990
37284
96670
2705
78683
28529
16967
165478
19445
124512
104617
13753
69326
71465
1368
89053
146531
52485
133489
32610
127216
30481
123977
40237
38818
143134
20452
35442
19957
136183
50358
123346
36467
102101
133028
140364
32428
6172
49453
156101
48192
121546
38774
14164
112568
6441
33134
29963
40780
108003
146207
71880
30270
180281
15461
126212
30826
65667
2988
43193
40326
175181
48668
164631
67271
40435
44395
106673
25613
94984
74818
40034
29769
155415
26422
48477
12379
15528
28269
30522
28323
154131
148659
140518
51744
159466
76367
10860
91351
104627
52603
106271
60389
20725
35
32146
141522
150159
68050
18660
19492
47603
9892
2485
130345
89651
108428
45892
6831
75249
28312
108987
91010
55091
155166
46191
49251
69996
43323
152685
27232
157804
84918
126231
5655
46031
59545
33012
67414
37128
27148
78851
54683
137446
85024
4667
95914
30092
127749
62731
14401
9613
39684
73569
1680
42422
71742
39016
198009
2200
33601
10137
82810
58793
54371
35563
41374
20870
15175
86342
131268
27863
23045
10019
153066
83403
41285
151404
47283
28084
53695
37520
109792
130860
58376
148297
143695
121683
86637
103560
86087
36432
26710
20862
5621
44706
58771
30754
23515
2566
63949
39208
56900
72454
19304
131391
8620
35790
155238
5622
64227
94868
169066
40709
108267
25475
23687
78157
2646
109362
115649
19567
42098
146374
894
19757
166906
47856
174568
52995
69730
31839
25694
50960
79164
32810
22401
143258
59485
1056
3664
36647
99206
84758
24868
20583
94388
75761
25520
99734
18645
119844
14867
16606
20693
96974
67026
27064
68646
72108
22633
66545
34702
57171
4960
5798
175040
19002
181156
3845
24281
57908
49391
37657
28715
127739
10738
145073
18812
19469
37100
2356
76510
324
140119
45239
15562
7583
48400
15654
13034
38809
195669
14787
67004
12818
155972
103296
177914
4439
4382
78345
167441
75813
165322
4004
15126
12224
67167
20743
41915
51416
629
165813
61227
31893
106191
32013
38488
23236
90692
112166
85869
51007
81796
111361
60935
26002
6605
56701
9378
41406
197259
39587
35561
28372
18251
95137
122888
142176
52042
76359
21472
65953
2642
50975
4931
47450
75823
77409
168985
76395
15475
160215
139003
132367
139010
91136
10737
48460
33200
35021
85341
7625
90169
64824
8631
72081
106443
37914
22075
67487
4353
2885
9937
4008
114581
47720
183756
35098
30462
30027
14868
112411
134638
195523
155505
55267
155284
101175
43831
46853
178569
22224
117150
19088
13837
173119
113689
38711
23485
24371
25393
62966
10893
9543
133837
96440
18522
128297
108914
57653
2626
17435
157251
140515
97742
153098
147417
8140
60458
112317
66518
48338
8513
99423
7658
138215
31877
65338
20661
9247
134846
94488
45044
193497
61444
114363
122446
4905
7533
88079
13337
58065
4871
104875
53743
81828
51686
10810
46841
4199
76898
51619
76752
94476
76131
44184
113187
44444
99186
88749
113701
139057
69317
187011
122556
30701
92208
85681
24893
8468
6722
62713
165121
105608
90306
79907
18007
98899
39644
86552
93422
115629
86032
96392
89322
152151
1372
17606
116642
77516
2154
59906
182064
59594
123331
12538
62102
89221
131094
108834
125866
101401
75141
139162
1087
58758
146202
176242
14191
13913
131883
55878
99488
43718
149842
3376
86440
126928
12136
21276
23331
11372
116536
91566
84638
135778
77459
14498
155345
177216
15874
26343
97367
22744
140596
24614
144840
94555
8505
14211
33242
20294
29532
14271
90351
166651
11644
162781
104857
59729
149404
80215
58362
76641
121628
109019
58624
32241
38620
20519
130345
108990
133281
14305
92709
126412
118478
101897
29873
72585
180766
95259
78977
69909
1918
65476
161077
63645
58519
150284
8296
78718
23528
87747
44918
89305
89932
31114
69532
95664
71277
40843
58654
74205
146031
129879
91698
89841
8413
31503
34434
89705
43696
65263
163610
133752
87802
13363
148428
20337
5622
203215
193574
91580
75657
67933
97573
23254
13424
105479
122882
17373
148362
204374
110022
208801
8500
34139
134654
13536
184057
13470
148439
39794
78235
128816
39278
55232
51714
78783
1309
52112
61016
30487
9469
28479
56251
16408
190954
111621
136249
83903
9093
119753
111071
81988
43261
41324
74871
42366
99703
110705
203548
66774
18269
88410
81108
4994
71068
93415
78936
57769
112465
12782
929
75739
28146
68401
17786
87400
37646
42092
64293
81608
22228
43719
40956
110499
59450
98388
145106
99548
55072
71934
164369
56634
70441
7178
70668
16374
66112
125601
76404
189358
93559
184340
13064
61100
47382
168851
105235
21646
32606
81995
194986
76413
90314
74341
37417
57746
27142
88339
15671
139925
18980
178519
36375
44746
159639
108900
104690
188868
3894
88742
21757
70190
85036
142508
53851
22803
33963
37382
68850
98121
640
48352
38306
839
4226
128656
70586
45316
61878
134528
64350
33406
137665
73841
84482
8104
111578
186205
157719
109930
72062
21853
114463
84221
146105
10844
1340
83206
66539
68641
171132
136628
81795
114999
172016
111676
45611
128700
69367
54358
63589
44653
5754
99287
128691
14995
22383
62038
159853
28395
57312
176488
28972
23731
57376
55656
156825
155660
135616
108126
54350
10230
110974
67166
87391
11246
104278
120547
12321
6059
27092
25373
37024
78675
16015
110667
24087
131050
17996
21550
64496
163836
178475
71931
132920
13759
154179
35392
85019
57760
70989
82430
76190
132027
49274
169023
31503
61305
156140
42484
151350
70861
50725
65971
124109
9379
40367
15838
104537
22723
52052
46274
93406
82046
50305
27240
7533
62173
32124
131673
5748
93847
82548
85778
44850
123833
3984
120385
141734
84147
78648
114199
99525
16500
57167
159279
53685
62262
48410
52696
45092
9102
50936
11077
100337
3365
101105
1199
30664
69487
55790
24645
19559
83737
167459
123909
129658
10511
16973
28053
57848
93841
74939
111687
19161
24660
106923
40869
6540
122138
60233
12131
79137
101687
178588
71941
6825
16805
151077
65381
124147
139618
79747
70376
172951
25420
52909
99328
12457
70791
62173
38442
143628
164251
52152
85083
6151
26566
96587
67473
24045
40481
69020
51125
79135
67
62882
55649
32244
89138
33607
48073
112465
24456
102039
60675
120151
48190
30758
102472
7873
124193
4818
25442
37428
64327
71437
83337
21159
11962
26344
