Case 1:
54769
745
110737
24888
177739
124413
22506
73278
83934
95766
86820
132445
125097
54256
78805
22167
3282
163147
141887
65186
108075
27140
64432
25854
1785
46844
11130
41960
120135
66238
86078
42450
54221
50414
48181
26625
93733
104832
3084
115279
27098
9729
63773
75131
79771
72853
4082
64251
21328
37977
129725
36353
9744
97809
13249
42754
3433
126673
150430
52111
134426
171980
100843
123109
34025
74594
87402
124753
141416
60047
152523
79549
32986
161810
679
13472
18930
159043
152517
158123
52323
15648
99652
152349
131124
26038
161191
57376
16324
45099
31609
26328
27363
25587
13820
92390
83144
35564
125452
150990
66898
42765
24309
8073
35266
72269
138289
54440
28723
103998
121190
1936
19614
4399
135184
36522
44077
101715
32581
167123
172988
4717
89540
144098
29861
25381
119617
59003
21364
29545
67804
8674
12060
133598
75108
61045
109459
52094
115948
43646
166598
185645
39626
14686
49409
33774
94380
23765
33676
2708
149875
41204
23826
38710
107457
42423
58202
47408
12567
65149
41725
48885
16283
24211
113890
146335
176980
16357
33022
54431
186128
141017
52309
31706
66118
89107
65374
102942
19938
88985
2980
886
24993
19464
21772
156165
193427
26498
56899
166179
119429
85934
21887
13247
101222
22562
23053
147175
46549
3926
125919
89776
87485
20809
96090
74141
7774
79116
41197
46997
109413
171499
23112
39875
111100
16391
95653
138629
79615
120447
103983
85199
52471
165261
62957
28112
70589
118809
104965
180355
19858
172215
117932
834
15936
85935
171127
92933
9453
95739
16760
64290
110647
108124
32682
80276
77156
22633
157758
18935
24666
96383
8978
12575
122896
94684
153580
8542
39164
128903
185922
36585
122303
1958
90069
78785
72209
4659
139027
2754
23241
173251
59232
1520
16884
89654
46571
94359
141290
89191
106471
87330
63685
148325
99285
201764
81886
28598
10577
5815
35424
732
101366
99629
165034
29205
28111
91231
46234
64498
36004
21407
31414
38686
184633
150860
54117
27228
124394
139535
156430
37184
20869
132511
55308
21860
81640
50953
148088
6810
46493
113801
62394
57566
30039
100701
143734
57789
53317
190885
77260
36802
90371
55416
4595
134396
101458
73822
108802
63252
45579
50149
115089
42257
47
30170
106953
82044
50447
40366
94349
83716
55392
12797
60039
45891
5369
182485
29762
94683
122117
69205
66775
4344
28481
68934
148713
42272
23934
43539
121855
110754
37259
179357
140168
2028
29501
85028
36576
16875
113878
66491
38636
113666
16988
98504
106862
57735
161553
66142
38346
72180
87632
139890
93848
49598
67263
61742
97366
43389
138060
46268
11025
52160
88865
54004
75555
68479
40180
70430
107012
9086
68411
16936
39985
103835
93741
62609
150194
47920
79459
42769
12017
5725
115673
88352
93113
26757
158490
136802
56749
112518
130485
105493
16446
15649
24164
84106
142664
87399
32503
43342
48311
60116
22786
32793
148687
146975
64182
135579
100347
29265
77700
147105
14225
Case 2:
42079
35677
175336
85943
7918
69497
46377
56645
63448
29199
203525
215480
65794
86942
154003
5065
8840
153968
92259
74618
61991
99973
98870
139291
47414
36871
39220
149242
31671
34319
155754
60085
71963
52023
88652
92545
72235
164512
80446
18887
170202
111754
110844
14919
211675
29099
151820
220454
35860
46887
6470
100441
65679
122682
44534
203457
54622
55163
5696
23153
11251
191854
53756
16036
74420
156360
17290
78301
40064
4619
61288
27529
4302
20582
77956
88799
61087
74878
34420
16842
22064
7985
138838
2378
34428
55395
113725
71293
184326
63977
19679
130040
49842
183207
85490
73734
26363
133840
7079
179038
1977
52706
107322
48774
53013
97039
36098
94805
54651
25904
201077
15514
132685
106859
19941
195547
31793
163284
216001
63412
5231
86346
35171
100414
44872
103352
133057
48954
42291
50683
119542
84947
171852
109404
76270
154054
62238
12481
23389
15549
147095
147606
123398
207235
99721
71540
17385
53526
232116
69645
48365
107522
104029
69949
35948
79338
201369
159035
14620
58827
52391
169602
76602
72054
593
91557
149940
36372
46656
92487
11461
49693
33755
109150
4393
74049
208409
199507
133448
48692
55976
49025
181166
16345
32823
16148
116590
91856
40416
25767
1038
156569
93843
48633
186897
35745
28497
131421
137731
57352
75024
54676
7871
35952
159564
108962
30144
76980
67895
47272
110656
71664
45978
68450
28402
52622
115677
2655
47551
57089
92456
135423
47078
14044
47154
194051
156043
69108
68134
211559
21229
113180
50144
217120
126763
22203
84988
111310
71403
147441
176434
54651
39886
73484
8276
159567
46717
83558
113213
81956
40235
65298
14904
197890
117105
74680
123467
13070
113052
11594
74495
128265
38136
33626
137711
92303
65873
190977
12368
75165
16347
20055
215653
39511
196428
119707
89428
63008
29251
18120
104021
32268
72352
178012
23689
46934
46329
46028
4655
39785
98168
21851
37252
92888
110209
5098
199214
158938
27702
5228
134730
65586
167319
134281
162321
16376
24124
5220
47347
8760
18627
38106
77769
144806
83106
32452
156511
19083
28031
71602
163958
138547
41992
50861
3050
53238
15334
8961
87111
108760
53806
92313
121498
58445
139355
22313
92716
92497
100471
45655
152875
210731
197049
180372
1033
62751
72532
74345
50168
28805
17908
16006
24592
36202
111735
13321
196729
136684
166078
75181
134298
35110
27987
80616
178933
128232
120891
47103
91547
42188
4399
79434
100568
48292
214442
162866
188157
196527
147985
17601
30914
96050
82430
79807
40131
153822
10462
19468
31658
23273
102292
3099
69078
173673
126242
98368
52969
11847
111531
78404
214025
44692
155170
114143
119689
171888
194060
161720
28787
190521
79668
84077
169675
227768
5800
76119
77047
31131
129241
127325
12414
67994
25706
4961
105387
93236
47391
86263
36896
201339
33437
71932
110109
80962
31982
127336
52559
129690
44296
57189
41324
66053
35335
76163
84383
108041
195763
128553
90469
126300
152837
47107
152827
58676
152612
43947
5589
50651
58744
110017
45413
14806
181462
57708
91921
165891
149348
130499
1415
87372
90162
41423
115411
133808
86313
129450
111935
48486
72845
65569
220997
50934
51741
5656
75573
123871
65216
31057
208407
308
17580
48189
38544
47739
149038
136195
31253
157246
106526
127886
58761
7424
48851
20462
151165
199779
156894
90411
15691
104450
17309
71365
152664
61656
106804
16229
69585
163575
139590
43252
110433
117164
202817
49342
117558
22468
44174
107037
229951
43050
65662
85172
138627
72590
2027
8085
32252
59392
55039
3927
17284
176816
20446
103286
22708
215905
94415
108480
194800
21268
146253
66477
48230
78699
1805
29460
19825
28682
12672
174277
76542
131736
94585
106446
87041
46853
119306
60975
132350
137700
125163
177126
70759
177265
9997
221016
12288
16178
170916
60729
197324
249
153401
62615
58431
30028
119019
110058
55614
72080
217545
112694
128072
124353
12571
166159
201196
190895
131602
16706
128992
123305
210781
37648
4792
219843
31248
122178
68236
78489
17740
187466
108359
150579
13409
201272
47267
120030
74235
63005
46787
3055
97820
15060
87151
99687
195767
1974
10471
29659
7375
127470
85081
75661
67495
39375
51535
70415
28655
3957
171331
65984
6587
106529
112925
39237
4710
20416
21597
30752
65771
78232
59784
75374
58031
32545
78712
81549
27422
113120
185369
110729
89377
133803
108243
36980
49734
24949
126669
78618
102898
1295
20569
119867
12227
198688
25098
179696
3676
2260
145233
14603
25411
92725
168329
82908
26207
151824
76093
93104
8096
12104
63566
59100
65128
5274
2035
15968
73559
190423
56910
120026
83881
22034
79916
67026
13773
184775
104475
18785
17970
17074
46310
30579
26691
16850
193881
26061
31414
97602
76778
39566
60575
84191
177114
61838
29739
91710
12461
159033
67892
15126
10547
99777
66678
74635
162369
144283
92997
40683
83781
48302
6182
55108
20607
62483
89180
168426
32833
31288
42965
49416
38320
87994
49477
27274
10978
48304
25320
31629
54374
130437
152085
14573
29119
8858
47995
13070
44447
178173
8911
114186
131875
150390
3665
77161
75718
42045
144121
51835
47261
100590
4190
26421
96168
121658
131891
51859
7037
54062
33613
28904
96375
6676
126909
85353
19141
40353
18479
95123
30128
44596
227629
113149
50410
165332
50430
111275
233423
185860
143973
749
68491
73493
163555
4761
92662
115898
175108
124903
59341
62062
104487
46773
12262
78647
78225
43001
92129
83415
97013
47845
213444
120782
148605
70512
116074
125805
86410
164261
195641
218582
129828
66942
44578
146824
24058
21503
44922
34364
81823
2362
93195
25950
3600
62621
105776
89078
12420
8787
38078
20778
7609
136005
136944
68887
192275
194819
166454
79495
23141
9179
49254
31121
117325
47908
16395
74350
5487
114936
180495
96400
148358
172572
100346
154732
73268
3999
20506
134529
46073
131622
71581
110887
136233
138705
133319
47993
40036
80939
98251
48328
66359
13579
147647
4393
189553
866
60264
15202
188981
57424
53058
124498
150133
51378
91661
5373
104318
185591
63571
70106
203527
19133
143227
51725
49794
109966
132265
205521
72523
2115
176213
71361
21920
148291
60877
23601
119559
8722
90506
19909
110999
178496
56717
67159
86722
110174
193836
4918
6415
27757
7369
47103
7885
73688
11128
32941
50328
7664
45652
163915
83838
16303
266
80340
123755
48728
7203
3304
62131
68537
614
97211
79456
69347
209436
83907
116
26937
54123
73753
40161
38056
169657
139588
50772
91085
51326
85719
82481
82163
220696
112371
129953
1197
100978
24179
154967
10373
29628
157508
168344
104059
70807
4412
214959
25466
6040
5520
7750
13998
110252
112509
31549
2833
21912
42124
55886
59879
137300
90069
30333
42594
14836
14493
194792
166693
76059
143594
129873
168662
85431
132478
109155
159286
139131
17649
31062
111159
12101
24170
36499
102103
34242
119197
63521
105166
3108
24388
127539
11631
8948
48051
119855
106007
140562
106591
52155
98453
92280
199685
1308
65606
116224
11206
71818
92984
5072
54220
142894
113846
143367
110312
123039
59357
145866
115139
1599
55659
100020
30990
59446
42818
155689
65683
2922
140882
26763
42181
142103
96300
106526
185281
111133
7393
97729
47168
182984
7169
115350
97681
156226
11219
164953
103954
106219
127933
68387
173848
16544
28026
42240
3195
20451
129416
158221
39539
47840
28111
2877
30629
125656
4183
437
161777
170980
11761
42689
183144
35971
103154
33156
164792
203817
65989
137925
71282
8191
100700
107421
99873
111020
136767
110848
53485
39744
98857
8529
63117
15493
61755
21190
15738
15715
94684
169701
113847
231393
108945
184563
9221
35667
83149
43211
36400
4846
137588
60514
156720
79110
26948
28960
108619
12824
211322
26421
114455
149532
120132
127692
9459
210373
97179
52104
83675
42840
67200
169972
11103
103138
205087
82460
11042
177601
58363
125521
65922
125636
23981
192586
89003
61282
73702
102837
59023
59007
2572
56481
151516
68992
42551
78416
49309
63771
186251
28668
82448
63012
65401
151621
48242
55588
23423
36737
3430
18622
123798
151341
102408
47387
13533
157256
129445
36216
88795
31995
27821
54712
64164
6080
72
74798
140153
56009
162859
73979
65863
27945
64240
3800
215957
104672
210423
14474
19237
55063
16274
111769
13731
957
88419
173942
72431
65782
151924
183054
118564
184104
212883
80260
79497
143285
64894
215241
73443
199542
95364
8321
143949
1807
70205
48851
60627
43592
720
86157
24041
55016
43850
7404
133
58340
109388
69480
129698
99632
104298
107182
27936
111111
39090
184384
9517
28053
48212
11579
128111
77972
27265
73757
13915
3488
138975
117514
181405
115507
57699
145999
122021
18960
18138
142313
83216
187041
25021
130282
86987
120972
79103
133298
103462
4830
12770
115514
4636
66544
111904
1846
73525
16106
34228
47182
193909
89872
28464
22850
5922
128741
46661
117938
127070
175456
105996
145520
9275
77437
12116
22622
87787
23914
6102
88508
162762
27600
117270
95695
65638
114868
147921
128293
87293
27982
66317
193929
17839
60506
28934
65365
47379
185819
40251
39926
105455
59835
45872
108843
56445
87798
137608
42952
94880
72227
85202
42774
167839
29832
111107
34497
106653
55247
18074
49851
78734
58939
147147
25961
44227
62796
18152
53830
77052
105949
21766
179483
39380
109217
208051
20871
158914
7925
104521
26797
53417
14104
49379
46076
165367
75906
125201
80008
42312
3516
125290
23406
24156
97240
66355
16145
155872
59353
148684
136251
97922
107154
155329
12000
5511
115673
18774
122617
76528
14283
147978
83823
37898
109948
177615
110567
96861
42855
124414
18846
115930
60976
58710
21848
82634
64483
102738
134194
178571
35892
68290
135512
100318
113998
117074
21782
98273
41419
80633
30608
224240
138562
116528
29581
151919
132386
32294
27520
34760
49297
56524
39536
7313
50838
32419
168464
33530
3989
129616
79431
132274
117808
22532
193749
4183
98312
89432
67487
68131
66817
26237
79829
108261
71837
55897
92505
1290
126890
154027
235051
195339
1634
54157
69695
187548
141993
26734
29865
68022
12493
229653
86952
340
23867
29386
80563
60102
161884
140542
32562
155252
60734
136504
2738
27152
32508
50070
93480
172469
207554
106789
150935
32934
113235
20354
54770
106191
214995
109380
53272
79981
133902
132978
64225
27082
29831
108882
140737
183507
93853
21075
61824
101176
89566
42570
63660
46776
105595
80839
143208
138154
208940
41825
208785
102914
97475
102848
21474
33155
136349
112551
40539
7420
148162
133778
92382
225783
41369
92725
188195
47065
114426
138204
73856
56336
39227
822
114285
58120
123913
116311
128129
70110
36667
9173
202603
201413
90067
134015
26369
17191
48243
139525
180922
103816
209068
80678
169022
32413
66875
93419
46487
224386
19476
183467
97073
60503
159350
25212
24920
154079
9200
175118
63390
28140
60039
182373
145948
13359
65550
79547
27329
34012
169981
177456
35449
40177
225056
72092
58379
91646
75593
43424
72655
64547
60563
19193
50906
25178
97960
46332
16791
9236
17639
100154
44490
57683
58830
39441
59916
87981
81605
172113
29173
120322
25661
198612
62042
77719
57280
21272
199865
60908
7097
44260
44413
153409
6771
102303
50151
87664
111228
82748
145368
229706
162191
131025
96455
9080
144132
54489
28805
151532
41719
63901
30097
18939
6348
81676
48655
75996
45912
85355
80981
153864
188455
164525
43328
44520
173726
205314
87839
45461
215735
49935
109631
17869
57322
65533
99452
57235
77205
69480
93789
107087
110885
102632
70265
118388
66162
165867
204792
100220
62284
56864
134274
208611
147903
63008
20194
27822
114193
29583
104393
35760
62505
1721
4336
78750
132066
52979
88805
46332
59147
103857
222110
32197
38976
110308
79908
47589
21335
50546
81917
72600
19737
129801
222032
64478
23278
135036
19898
145335
76390
39214
171451
23406
54164
126422
206781
29908
3947
168299
34989
4687
18489
42102
146103
62986
141867
68644
76126
25818
33799
20318
109665
52073
24092
11285
79983
63982
5895
12089
16551
27225
82673
65060
75074
173262
103445
58113
85931
113502
84916
46205
66025
22402
129131
95407
62253
5349
120199
2256
71932
91121
6629
66070
62266
162756
89613
127178
48407
83688
24407
9648
124027
81557
55972
107552
33172
113539
136661
97374
59208
117529
25682
114289
106247
44536
38534
157006
98792
81461
83898
36638
53523
68603
37088
41084
4652
111405
37418
168323
114341
142218
56448
120014
91753
177203
20840
29935
19923
67012
116665
27990
68589
78383
179973
69299
1900
78845
102123
24405
129132
8082
42475
46672
193427
157339
22299
166334
874
147178
48138
168534
39593
47826
98114
90878
22008
62116
73212
63312
167979
110117
102700
113290
474
80349
168682
66097
37293
196970
153204
37178
79135
45024
203908
17054
15707
36690
19155
125618
59389
168288
226945
123006
155901
33367
154906
220823
22951
2056
132012
40360
167369
93124
89007
73399
14674
94982
50590
119120
150486
84634
106855
79908
23956
130264
17814
63599
125647
88806
71090
81187
9523
93509
7751
26135
3327
103511
107838
16412
180481
89653
149866
86488
48841
43414
50498
123762
21126
69644
25420
35088
44633
199557
11307
35170
79962
180547
114721
112617
73135
15975
82495
123302
23793
121352
120345
180061
61306
7298
37933
145365
114512
12248
63679
11614
85530
89479
43045
182845
186659
76525
44519
139759
143471
34109
157888
71961
115373
43338
154028
1874
101306
128787
193173
90083
9895
97120
6503
23429
95916
168090
153593
37631
59915
100737
118304
4106
99599
43474
28465
117417
28542
34063
87839
128873
17874
115060
74286
21787
36300
4412
24038
64206
44732
95291
9113
167953
29167
198
41669
7797
58106
122170
22652
87207
23680
109179
96302
162134
77008
102859
27187
111314
55198
11030
33236
182950
75953
30868
34247
59923
27098
46930
129184
121414
175023
14700
126294
78823
26877
3899
10916
122333
80510
158974
113709
64165
199277
91893
180302
30999
179101
35747
65724
11323
57253
96897
18097
104533
183496
41081
153622
38978
80944
93285
120802
153322
139680
62440
124560
2579
110687
109203
69507
32884
105262
211532
96233
58593
70516
1773
21841
25310
53625
3384
153502
37016
75628
25773
93366
140196
59983
21143
4770
65
117221
105615
45734
218012
6260
153825
48183
54104
94922
90373
148112
47000
147902
142407
22635
153554
68095
59300
26474
469
82348
5826
23228
20475
34321
74539
77411
125330
3022
59458
46666
139433
9814
31950
65638
66308
6020
101964
32572
114167
53498
138485
116908
53023
75139
104304
47142
111649
125715
119303
24111
90872
31150
9105
3472
42126
80843
69935
188751
107460
234213
31717
90061
51128
152394
64732
14606
8834
53920
204774
145120
87561
44229
21163
102998
5991
78852
108234
47669
33445
99130
40295
72582
5967
16210
11243
27653
27580
120300
22427
30979
58665
14632
71195
26587
131329
120351
74271
11567
29497
38996
107328
32580
135812
53424
32496
52909
53160
8949
101948
88723
131735
55615
30611
84495
134298
175709
114907
31390
26653
83997
13533
6058
152033
21354
51967
7074
117048
142024
69642
220207
96
32692
92155
112624
43295
38827
69789
26458
115363
33066
3967
32597
137725
42151
177960
90875
31454
12657
44070
67196
152745
98412
104820
129388
126988
208568
124823
118202
58419
718
50805
163759
145116
30542
72094
31935
179276
65811
173791
70394
54131
107013
70911
41958
73249
157171
131754
90797
67442
73220
51217
84948
156376
3610
78070
56834
41204
17054
61073
105304
134445
70094
4530
120939
50267
82950
58359
86449
508
97053
79976
37430
54242
49523
66824
126651
142382
29239
173868
25039
188367
4096
4646
82506
194515
138833
69087
40996
47920
99644
66821
201848
86860
23904
37817
75127
7126
52950
64554
27948
45645
14431
138321
67398
43522
84449
84492
118067
154057
187931
17390
166494
26912
2485
10095
36117
32261
21493
67616
67669
8140
2135
178355
31923
212135
29645
36570
110377
140901
84965
226476
158861
132898
68089
204148
171468
102667
4573
44468
34423
15671
126909
44432
28294
77849
73287
39995
151874
4130
46676
94936
74410
91483
165522
31795
198706
50329
93856
98897
2032
120972
215574
81427
196927
47322
100670
137614
72200
225794
63429
100217
14466
32864
194006
19806
72860
109940
101149
58734
71076
132030
40131
20596
121451
25172
131669
112104
55022
22875
6910
7076
118794
65936
65949
57365
99388
33981
53239
80038
13608
91136
9797
146923
92839
128600
133782
55804
25744
12719
49333
66233
17658
42279
142005
135304
129404
105030
141650
98428
104615
100204
194903
199659
153613
2298
7286
105768
538
169600
26868
8345
9534
91551
124417
9335
25306
65803
21269
6431
96
5470
78457
48864
67232
121557
8289
45961
116677
172558
36351
87019
38474
73956
18342
61650
116035
88190
75927
118782
7293
143
74094
7232
2109
174423
6437
36133
35804
61801
10084
55390
174347
63022
12445
65708
201927
63312
62518
68195
17746
109702
44063
12050
165410
25461
195487
24654
51538
153243
84451
41387
83371
86363
9084
79887
101215
72671
152208
58341
37015
32050
9492
17120
39982
7260
135205
29318
78363
11782
111933
42708
82554
63290
101909
72764
159397
64376
136562
67899
80438
82673
67383
137189
131683
122672
114918
39537
67252
63333
142457
71804
52360
75584
108792
41203
53010
104145
53292
184146
18283
160212
172076
193757
31229
104376
11672
105976
11226
205642
207060
108466
120127
67811
60390
141615
48040
62181
61206
91436
123188
43871
74242
108427
5315
61373
62051
24201
21139
91157
16170
9482
22507
130239
40768
74890
46922
119057
78998
141092
128541
88384
94867
18099
77477
171632
58720
141472
9026
32625
49115
149139
65095
162026
97453
72437
97258
65126
37285
5392
45151
5440
90008
25981
144527
215737
28458
45043
57846
43180
97405
46589
12864
94047
122984
98144
792
82715
74371
178431
66210
116324
65954
32242
77084
58688
124106
27483
172770
124070
90736
47056
66974
9021
25231
59838
98034
1050
38830
94092
23797
14372
182870
66848
27236
36868
99029
22834
59219
27770
115136
65333
25349
36189
152950
17785
134955
62781
134415
154068
16000
202093
38743
100631
49776
169285
5181
106337
142922
27541
33554
85711
16766
10451
64372
98845
86550
140712
72512
180503
56242
125081
168236
137137
52926
212877
10228
11093
61873
136323
43885
225972
94763
61326
99997
169773
88310
52197
28161
17616
147694
188177
185558
76962
121045
57861
176669
22547
201177
92526
112556
94797
8117
15837
42602
50869
91868
113182
3921
24413
15084
7045
118263
122210
113467
87127
105297
37187
45827
24872
151499
7276
108005
130460
146257
69103
85719
16892
216312
16092
69811
117477
48399
101206
13335
69818
33167
134279
1150
217502
1513
103271
71019
96224
50821
43641
83275
144664
88056
24365
10894
34899
7561
166618
62135
3045
151397
162871
2884
16815
93010
49136
11471
146986
15300
4763
212012
90411
96236
1468
166196
49353
20829
69584
165455
29568
139676
16513
72258
35428
81310
11415
46269
188165
61384
207400
73026
13714
63232
38192
106913
50783
127742
118815
5639
191598
5985
136149
985
59846
62932
61401
101614
99457
47866
179047
6317
9346
52185
195940
144807
14229
88927
179957
39183
108462
51595
169741
68829
119182
139386
94191
173818
161471
69942
94098
66804
87962
117282
10654
21977
27527
1866
52862
23294
62452
92345
170951
182546
170852
215179
40227
123568
1928
70369
30719
119677
77645
223367
193707
78214
39960
64554
26080
126512
138157
34381
33554
41831
104377
24229
85751
162517
131419
8297
21743
34456
31941
77011
97823
203370
211467
81348
116848
120770
22825
37781
24520
44858
123637
6123
88004
115431
57666
86069
165423
152343
71004
156786
10064
153957
211227
87787
18213
87013
7596
181685
154049
76094
142120
63015
54415
2990
66512
133066
92225
28262
12597
170513
79462
98428
52277
79497
116819
88043
237066
46935
40301
189619
46791
49437
9941
36317
61927
59262
89960
134669
7274
99576
2325
164181
181266
183293
33025
81987
98798
165832
118431
58275
197336
74597
15704
89307
159606
553
67557
1749
80031
72294
52251
126341
18042
21462
55610
149071
45332
34847
143886
180016
210493
150816
98681
202731
73973
75676
25203
23281
77794
145511
163000
172856
33300
56409
155887
168742
48754
59322
13406
191754
87467
154150
57647
192299
198743
43895
109544
61220
23591
55863
72147
84341
77277
130939
165633
103070
104172
107726
105860
164618
1467
3860
42530
94102
3446
234772
59690
62596
21975
142137
135537
46111
85765
13440
113101
3235
24202
89250
24765
39065
108314
90334
27178
128423
151540
18989
129166
178614
90463
69468
198852
104682
105219
8237
74257
26916
142112
19649
38273
137637
48490
27761
117742
51652
66722
52940
54983
51441
60475
74976
36337
103533
22726
20981
85707
171405
186774
102176
92020
48053
41279
68437
104124
136423
119363
85581
119262
36092
24267
184231
21523
46915
9337
75544
20244
89747
118917
36403
62059
70215
20259
32854
224429
126154
137687
39472
20578
265
11240
58401
42977
48482
30405
19270
120660
82625
22552
102201
132598
13600
44585
53105
38528
9151
134595
9103
107615
88498
155535
150576
7799
8462
119233
126842
143625
12486
33525
164405
24244
123605
88161
105489
111968
173527
22792
87320
179752
193637
23833
47587
178312
72892
144363
49425
47005
75672
66300
7824
67112
146620
7953
23900
218950
14600
9029
2369
51896
95134
25952
189280
48429
82476
64237
226571
104494
32365
153562
38102
117388
87546
98590
131616
83463
77254
44267
54594
164131
80526
145789
39729
85185
61645
15973
106513
30231
14056
107658
94000
113159
83670
77679
105063
12749
143352
230789
137445
36293
60930
43348
126437
193697
149217
216611
42599
105872
3815
29373
19307
130930
27755
97058
167084
77023
21159
61342
15996
150745
61483
651
46344
155666
65794
102590
57779
89547
6905
236530
120080
8900
134557
25413
12114
24897
36331
31753
117755
45756
46652
159266
81145
128529
64057
42207
137810
21255
100524
1107
78046
43806
117568
98386
64362
99688
31591
51250
42208
15739
115140
79761
88848
63044
67708
106986
235802
143426
37028
35267
50039
71493
155645
19865
143992
82430
55193
114317
26016
100286
60462
4375
62500
69891
11347
38460
188020
129071
19701
102790
51759
103602
1679
104507
20854
3962
12634
44907
26705
1988
48020
114508
108967
164865
94460
10229
109048
117624
5960
174930
19248
53721
84565
151676
167948
16144
105131
96502
142187
52817
84008
22028
Case 3:
3282
4113
76291
14913
25866
20169
6882
11577
27707
18455
58700
13696
35043
4489
50232
30388
37952
67741
22174
16405
25218
29615
13655
63196
37998
12143
4405
20314
4978
56720
33329
9963
15744
6657
22126
59233
52895
65333
21604
3403
20878
22962
3149
71554
31242
44830
7892
21071
31854
13814
19733
15418
24232
51104
64424
22666
30122
49027
59720
33060
5510
33351
13555
51812
19560
68934
11058
43615
39197
10041
10716
24017
30321
37206
18241
9525
27150
25684
29675
72757
42773
46654
42621
35385
39252
8119
37306
9098
50764
37011
67450
11375
39231
27594
787
34950
57084
46889
31940
27910
39795
23856
57969
20001
32760
7990
1264
1104
3669
18870
31154
10621
22475
29653
62676
16868
44508
70205
46134
24793
8624
9824
69297
31482
3508
31738
21301
64480
10709
69493
5694
16537
6161
74766
19455
7528
54133
12406
80163
10531
17369
29837
54871
59188
41857
2118
21145
54516
47287
11328
26284
36862
37034
18517
46764
41677
18865
45009
17825
9577
50373
42385
12218
3006
2353
7395
44958
10019
21180
13181
42089
11285
55492
4117
11846
4413
2193
15676
27222
8110
2671
16070
34746
5439
46362
4685
5616
7372
5592
28936
47078
19529
3100
3193
44359
12705
48446
28913
25234
25561
23090
30071
35930
24356
34203
10506
39050
28593
35839
13084
11755
62880
12903
67098
10933
11404
45453
56304
5033
66860
13274
39020
29632
60726
35160
72965
11769
53261
62988
58308
7187
23121
64496
10331
76072
38233
53707
30245
66757
65802
2841
2325
16846
62769
8124
21688
76312
23403
23211
32592
26483
78242
9881
22206
1304
2622
29794
55777
55631
48526
43321
2236
57340
44301
20706
41435
4510
37342
35755
10147
32819
12012
63364
17088
1230
11051
47330
8003
19942
15847
12322
2568
7554
11273
8437
11999
34615
44612
56273
48772
5378
9494
5071
42949
45107
21513
10775
22814
5648
24435
34607
35436
6910
48179
3808
12685
19254
25800
32600
5903
60797
60719
28474
21047
75989
37227
4936
9114
22784
26735
2244
81071
22718
49812
32197
71686
1782
37527
37182
533
15802
26163
4473
6450
18627
51392
26255
11308
38203
46621
26575
4598
16645
44423
1392
51714
41507
24903
576
40751
24188
23045
1916
11225
5797
23337
66932
652
11488
1925
54693
57806
20984
56544
26505
1100
613
23485
58771
25848
480
45613
65070
7003
32645
26940
53378
12217
33271
335
45468
59862
1324
50430
80161
9162
23121
51938
81326
20581
72001
4781
28784
710
29520
43400
3075
57026
33955
63063
29141
195
53482
3405
36512
847
25050
35321
22773
46397
7523
14150
6786
42915
13552
54739
10795
24921
58771
56679
34786
24979
7956
15611
18457
54299
8862
46092
12118
8997
38460
22759
19723
24551
55187
32111
36056
30773
10549
39568
11638
68330
24393
34406
45200
40624
64522
24250
51507
27882
35664
62745
2241
6612
50827
5937
15063
58632
48051
43913
55157
62717
33706
58030
2299
7302
38066
74795
33713
9350
9108
43220
23029
46868
4455
16042
1763
68833
2855
26829
67178
36744
73778
57008
28588
33171
3519
22578
22951
19390
37178
26017
23753
7185
35931
14028
45812
43628
24781
8062
10599
11290
10746
56877
18431
38008
13925
3388
27128
29095
16372
33953
50606
738
41118
24849
35823
68482
17525
7869
63629
48313
15698
16293
6662
50140
2747
14058
7268
47043
20713
32209
32590
19065
25863
13300
45066
10688
77327
48579
23720
12471
3766
33149
18880
32771
6941
70773
35683
25353
35227
35328
32174
15868
60117
66817
15005
33279
8139
10420
6693
33645
55104
79098
16542
9454
28629
70383
72449
15573
9412
17882
11517
29070
9327
23827
32654
20116
49208
8776
68909
71576
23909
38854
48659
19077
17855
14619
8652
23714
53761
40827
3169
11328
4580
56199
136
46902
50814
46572
8375
27026
31964
14751
1826
10776
18528
52188
5961
6366
60738
6661
12132
11546
66577
26761
36030
61601
15437
37291
1822
46243
2652
18957
29416
4692
44368
1777
9369
68255
43478
1446
17540
31678
9290
44145
10032
24926
10041
1401
26225
3683
41096
22104
16664
49658
33123
5100
1268
18698
42352
42495
54047
19744
26870
23711
6350
61024
48118
5763
21457
17593
17717
30362
5359
13137
31714
2465
53540
14655
47119
2135
18945
9910
4304
11564
7377
28023
21143
14203
39518
55644
35478
40116
6296
1666
8785
58266
681
4524
313
9551
54659
5693
21109
8662
53487
33073
56433
20560
23666
29659
29279
57126
18372
28813
17136
7805
2246
47115
2228
50839
8006
14194
23930
19351
39650
57806
39655
1303
25624
16056
16547
10147
25258
5715
15251
33734
2539
3147
54645
14936
31111
18739
25847
59011
52982
14678
24424
40911
7209
70522
656
5659
52571
34745
1774
60881
8012
15804
25699
28711
15833
4442
31924
61278
4961
26149
16659
30908
45129
40373
25844
31061
13946
1996
16999
14558
41173
14852
16579
2396
30023
31176
15062
9062
10063
33320
42902
40775
15831
66869
50673
55397
57386
9609
12491
19739
4381
830
6692
57604
8548
65333
35217
65337
37592
14349
13747
6683
75194
43546
10219
48286
1787
41345
17844
47727
41870
2858
24827
10057
23000
1475
56015
30839
34736
32919
39062
35467
34130
52703
40655
25241
57062
16619
2356
10775
30059
27686
8580
25691
39382
11970
29887
60240
4082
557
7097
17142
45396
2831
36122
9905
28219
25442
2981
36202
12812
48930
12028
13861
6550
33428
18698
74291
2805
57950
15443
6265
48571
61466
20969
32266
16997
22758
45808
1130
57778
62167
40392
19701
48417
29962
25466
39809
64337
2972
8151
52829
35994
11035
34236
34424
48682
30951
34828
3756
15286
26642
39027
56704
439
50529
19226
63263
32763
22021
16290
20017
21090
59082
38801
8989
22001
25465
53786
3679
30678
7258
8327
62188
37183
67553
12640
19178
35228
32845
47203
4582
21212
10481
34360
9302
49744
17288
12761
12673
44762
419
4748
14680
43425
5239
20575
60362
73060
27279
74976
39224
9745
34878
10159
1740
13722
62176
16315
9878
30642
156
7290
3665
13323
14781
51505
9355
17932
760
63382
50822
32527
47047
10953
61295
29833
1390
33965
13906
12759
54752
71872
33142
36827
19037
13409
20702
28814
37871
78423
14045
37636
540
37632
34809
6676
60877
54289
55235
84691
20439
14955
45227
42341
23517
1230
27868
26808
5285
1044
31823
23578
15064
5952
1885
11674
4694
28569
8478
54697
44229
37871
45178
41338
29538
32376
29390
13750
24049
29650
55218
29716
20921
642
54805
9472
14197
41364
603
6207
76567
67568
34985
5096
10466
41067
54343
1980
44153
11015
3899
41233
2926
57762
44765
13556
71434
14929
11293
65145
53394
15572
3686
7279
24569
17147
12941
48029
25025
12318
12964
20178
7837
29920
26976
27787
27842
37490
26327
470
18624
29722
5788
26132
13926
7056
35045
71288
8329
39651
19386
44875
78995
46432
23914
3501
10731
18542
34453
62594
166
12911
57132
38006
2132
75452
41276
25138
21851
50523
28533
54361
53368
35585
32295
1991
35132
42046
17513
28461
5156
11034
25213
50586
6480
12128
4276
49783
44718
15415
23192
20121
60012
19762
50280
38120
8023
44204
12527
60178
27110
32426
56004
23420
13165
44923
70413
3236
21690
36191
58992
10230
15397
33827
5913
39612
54179
55591
1374
13992
13344
24756
13945
3501
3629
57038
62134
29682
43309
10167
9812
21293
45337
59458
56947
31842
40515
72575
13794
48545
37201
9304
6586
6276
8157
40440
2123
44608
5869
25077
13081
27111
42100
17141
8953
23563
30332
57025
41382
11128
14361
21107
54417
42561
55896
66857
12756
40230
16865
55189
71639
42369
5864
27051
38202
3118
10579
28977
55199
11960
22820
61494
65956
15329
14975
12569
5563
16468
31963
15706
31589
28850
19002
46841
1413
33496
47234
12695
21304
7090
32444
1965
14376
39841
29270
47944
18372
3501
20774
30829
40755
55277
9435
53354
29699
14409
1946
1503
2162
62654
2039
11942
21408
56305
24377
3065
7390
19078
9805
45402
18547
29451
34275
20168
17936
36226
6679
9583
73899
13569
66830
62444
62604
15076
5205
25612
13573
3487
20745
14228
8596
3734
40851
67201
46890
40886
54486
23802
43822
3362
27943
31019
24549
954
17613
52675
35556
66384
23824
6157
62780
15978
2973
30506
47553
30601
47929
58627
64193
2066
71496
65421
1007
69562
8908
8288
4641
65583
6879
11803
27457
77044
24176
8457
13317
22144
7417
52987
3465
31692
19786
27721
16768
24319
20818
66800
15350
23690
22324
67024
61227
34015
15245
72895
39950
44538
42788
49238
7682
51760
38883
9629
11771
11821
11778
23717
11284
69677
69833
2171
43894
6034
69096
30535
5245
26466
31886
2413
4123
24565
53195
14061
53840
6388
17045
46040
6297
4257
3952
6660
592
44539
16147
29615
41642
23906
17819
13237
5160
32165
27098
39293
25280
49873
6242
35627
5006
21043
39238
23550
25163
5033
58219
12150
58562
28327
2101
15286
58760
33899
60521
73331
23200
47403
18293
46608
1067
82727
40583
77374
3984
56749
41987
25847
9790
11601
12978
78719
33622
16295
27913
35553
19662
13089
9222
30077
33228
30451
70044
33658
26587
45728
22770
26337
48627
44148
37611
5527
1692
51543
5027
43552
71517
8323
65071
25115
12091
22709
35847
12628
7799
40483
50578
67809
23035
10753
16098
28082
4617
54789
77691
5096
26082
21671
10430
776
22006
27572
3584
59912
73747
1297
50705
18224
28533
28799
8340
25808
7398
28827
24562
38544
7716
62699
40052
33979
42084
19114
1222
17347
8344
41415
15476
40498
66587
47300
22185
3952
21155
5146
37522
19704
47734
29964
18553
51596
14515
28675
44565
74221
58669
44962
43005
1270
28020
8953
62288
15509
74808
51724
774
22327
17812
15823
17333
16382
20172
40571
12693
53892
20259
62783
18362
16362
39427
22257
13983
9518
3117
9957
77211
64321
4097
22486
9818
1776
47861
4543
40442
11195
29596
39138
30845
5682
31125
27857
30165
49183
41650
24457
63541
34330
58194
4070
42009
39503
26565
18646
62008
34056
27153
34116
34325
19383
52477
24339
37675
60531
37392
55513
59965
8454
12070
13204
22031
27914
43039
36358
53712
23057
7267
8920
2092
20221
58225
17460
20341
4755
24104
16983
39581
54115
52798
21047
12647
30308
58856
44835
9272
15176
23179
28328
38160
20989
29823
22629
79621
34841
7018
40530
2710
43381
12708
51676
57346
36502
12985
239
57314
33190
32097
9878
19019
34146
19479
23313
36517
9747
42309
43734
33585
29911
39471
49204
50288
34307
35653
36456
7658
12908
63696
29187
58346
42892
28440
17438
20971
43647
4135
36406
60363
4503
35527
1841
14849
15642
2317
11054
30759
3223
36934
19995
54012
27570
12198
23176
2421
79763
34067
71872
3846
51145
64850
15025
34641
8506
58138
7402
71469
20882
8189
47810
16476
25535
27771
17128
38436
51973
45012
23756
14054
6749
6121
40565
15488
11047
23269
2649
39939
64675
22909
55882
67160
15743
63412
2476
11211
28706
34984
25844
46053
20847
20776
57608
36276
37915
23732
8182
42038
26650
17906
52685
24343
24986
2963
17609
56720
15984
67
78999
12148
17177
56255
12557
62355
42144
57103
77285
4785
35050
17465
8483
17685
16925
62552
24579
29967
39107
7220
51037
56681
19595
19021
50764
27347
16703
17158
66307
9298
9194
12539
11391
37125
53980
2182
3837
34078
21092
37916
6738
68405
51438
33092
14876
26962
43154
15146
3803
8621
44413
30888
19861
39342
50534
8065
22325
42396
25793
36742
54509
14621
13140
58335
63957
15211
38408
14270
8751
34038
39906
43869
18851
42388
9272
44638
54883
5997
54347
37499
4729
21299
59755
5126
82747
10381
60220
53842
80190
48158
24061
1857
34369
10759
14385
34485
6618
14396
10014
29747
38476
48908
35575
48353
16185
30562
8738
380
91
5431
18404
13677
17367
38950
10692
46508
73192
43263
2219
9959
35833
24031
13177
38651
41721
6041
20830
44210
4693
48713
7906
8789
3965
3240
2291
57147
6811
13259
29537
14126
58569
45498
25961
82369
8783
14616
4535
21750
36620
22158
10819
16601
18880
66979
41667
19432
59657
15040
11982
45298
25068
24320
30100
61214
73152
21561
20485
17848
69839
75433
33761
45256
31253
1381
2205
46004
54897
12961
24095
830
22887
24122
14997
756
2184
12428
27306
18911
10316
53996
72825
19892
44502
7169
44972
403
37926
54841
44309
51602
8099
19162
38014
20569
56013
53414
50354
14483
32713
1767
54972
13385
14266
28708
8418
48761
62903
7497
36292
27613
21588
80885
34333
20422
35016
5708
49651
40065
43639
29787
39542
14648
58130
10592
53910
14107
34362
8880
28130
25093
64682
54620
6243
7150
23661
13889
33875
1690
50481
43480
6897
34593
6535
25120
4133
63865
42747
4063
12989
41350
71522
12949
68013
62305
5344
11845
18010
23181
38710
65418
37116
41585
2714
16801
21391
83767
18488
48363
52326
6907
48000
31819
18622
26925
43675
4142
49756
41607
39808
36251
52325
74367
72035
20504
51347
26305
9505
6130
39841
26368
32122
55662
8876
7683
42688
1315
9818
4561
24759
8056
26023
9756
2018
42547
14836
77192
61766
24051
18002
4983
1479
7280
64967
16767
22395
4299
893
38796
9818
38147
47671
23820
21501
1740
2200
44828
22306
21395
44775
56494
20146
782
59636
41382
38450
52981
13746
49292
2924
3335
6758
12295
31040
8362
32337
19040
9119
36439
43154
40873
54251
5761
37536
7882
23450
12218
22174
28328
24788
25827
46799
7281
36924
17805
75513
13094
575
63584
14213
9454
23720
58200
60192
59351
15190
21658
3006
15371
14832
7017
928
56032
85828
78015
12204
81856
28742
27662
34769
65417
6524
25659
50858
2191
14697
11405
15063
14461
52104
21290
16412
43992
68753
25946
27991
28818
52555
46231
9884
14598
15159
7270
27844
45071
61931
57068
74264
11010
14515
46065
24717
74544
39536
20584
76
19703
39469
32197
940
32573
54672
32899
31650
71837
29522
43087
15005
54529
42808
17869
22481
14685
52539
24828
9135
29350
10405
72815
26683
50041
51521
8004
24497
54614
50168
13511
18712
67741
17812
8752
42780
5872
17512
4995
47576
40247
35559
32720
24353
3593
4481
58048
25532
16193
23619
17842
18763
27485
68970
13907
22325
26247
30133
56211
21881
29711
39757
29448
6865
46137
12801
51718
16844
82019
24066
22296
42504
3561
47019
7178
50933
28727
33105
70042
45537
49405
41094
13730
30770
32846
48815
60775
27541
12652
17743
6307
18504
46763
79553
36539
27107
63982
45530
64158
78969
11149
25912
48983
51870
17445
31967
9449
50503
37979
9224
26796
12073
24195
4848
671
18164
28109
42157
9662
503
6108
28979
11783
33368
24147
4286
13240
7657
11092
15967
24975
44544
6025
36468
38814
33758
18991
43498
53060
63696
31395
35197
2574
40479
66724
46817
5125
57778
11789
50735
37787
50252
70618
27528
40422
58570
59787
20757
15730
8717
81650
14160
74894
4577
46946
32545
2697
29470
45313
66130
40964
38568
11515
45202
17201
14912
5146
56118
39620
54379
21098
38096
35360
26013
39797
17721
11353
55657
55427
73963
22767
9095
64155
23991
27026
71927
33647
69986
44645
61325
43437
10192
54139
11457
10573
7538
40989
36812
5723
14441
45761
26627
54974
61716
83939
41928
2844
80270
2826
10207
35594
25037
61465
21216
44842
28674
4824
64614
42524
19671
22046
39884
8759
31401
28985
29031
8610
21654
20828
51899
13898
15336
27188
66729
67423
24505
27817
28476
9459
45055
56418
50325
8604
15735
6202
9848
50100
67289
68588
77300
40888
933
8779
12560
7096
8364
23271
22309
63581
13319
12937
76678
9742
46236
64463
5365
37373
9771
36793
1305
39205
18945
9166
10916
10965
23080
14494
15075
6969
10335
9814
44105
7252
60908
65363
44102
42249
24571
3051
59785
24223
62048
5188
30943
16652
22283
12483
4346
52802
39863
64981
42064
40423
38135
24617
55765
21193
60411
10615
20128
20254
48691
52223
47539
41057
25710
9736
16299
27991
31365
23364
13073
43161
70389
69128
43255
8734
24339
35449
55737
25062
16085
23094
11174
58363
6968
54671
37987
1472
23840
22071
1803
9251
6778
15434
8392
56142
23916
3762
27764
4306
27664
25902
5990
27326
290
19213
16728
22230
3164
1278
53774
14568
40983
41292
73949
913
72279
51015
31226
5770
41180
23946
4527
22233
2671
26834
35322
53378
55062
54446
38183
36318
30385
6332
5130
57522
18761
25177
27074
1176
34708
22230
612
57692
1917
48625
8226
12888
7148
21552
43959
31076
7885
38619
54708
34877
4113
79652
61688
4101
725
31267
67272
69087
33209
11773
40964
29704
8490
31774
49466
1707
43271
70681
27036
60252
55321
31578
11125
43817
23438
24028
2120
60647
43721
52485
55603
5648
5367
9121
14402
17253
36658
60819
28336
40816
4585
28098
59543
12743
44082
44328
19647
755
69292
9419
67413
13824
9617
17079
44882
28057
9127
48240
23881
19815
11700
45603
38796
4542
26274
8803
59414
48720
42948
21679
10559
7009
28479
59673
53963
6156
39671
7506
1746
13249
17645
32925
36633
28794
12004
36616
40828
42443
22981
80309
32809
46443
33642
23635
54657
8345
39086
78183
28398
31496
81606
45380
23400
51701
60435
23576
65087
7603
31097
7844
45735
68587
65527
50993
26545
13362
26242
68067
5170
15608
33579
10857
52925
48341
30754
18563
27333
32062
8037
48024
8206
23204
65123
3624
1124
2044
4758
23193
31840
24131
63589
815
7675
6133
13979
68502
4548
15220
48463
3357
50807
68176
1245
42944
63081
33334
11480
3985
10212
13024
42030
32565
9507
62168
34211
31726
28409
32629
47151
2405
55880
26760
23389
16925
20631
48059
13293
15027
41821
8850
25683
6862
32683
4488
72241
80108
18290
53618
18457
13438
74394
23881
18283
3878
28762
15239
4863
3925
25602
3987
5509
22253
81550
22451
33101
11353
4920
11686
76686
48524
14103
12088
42579
50329
62581
28178
57534
17433
24454
24592
76655
68980
33994
7654
69646
12208
9157
15054
9879
2477
47165
6023
4488
7786
29951
45722
74055
8667
682
21255
4816
80389
25878
20061
23228
10082
41240
7008
64640
80073
Case 4:
9220
69584
66403
215716
101157
29798
97240
123103
108465
67503
61156
16679
45654
55936
97481
102441
46940
147010
114980
15076
40717
109685
116136
48736
17266
159837
75739
3672
40751
22552
172213
145484
65064
76959
137587
56580
30967
113012
12044
86729
56684
27748
14716
115803
79277
26026
159229
48907
136192
30130
4786
190775
78474
111596
150200
39288
49866
11194
101937
26723
4781
25984
85862
14550
27159
28148
111238
81841
9979
52164
69599
49951
5484
64407
203093
35844
112896
70944
119915
1989
91604
9930
118909
36178
21563
145558
212332
3240
14706
83763
36052
152483
117444
37112
51571
74022
43836
120435
150213
226014
2914
38221
12749
60246
71370
187302
3697
157318
40917
172380
129383
601
123170
33320
137279
43048
5361
78715
38467
86247
46009
16709
65622
81099
33400
125426
101794
84828
42306
102159
71322
33135
9966
179326
14332
149797
8976
147014
62573
30483
152511
79798
30623
180694
148956
44267
133605
91390
89882
8434
58930
87008
89147
42243
185142
104558
47940
114892
78579
29482
31626
18771
151706
39015
10796
109717
39044
6382
63391
85619
105876
118982
91716
69191
4968
53552
26004
9450
49480
109280
10124
168725
152413
57360
55908
24529
122388
179965
65252
143786
54800
18518
34936
67738
86026
37436
2804
91785
48205
44317
128202
46931
114675
150250
43186
57337
7089
740
45387
113333
10607
951
180269
139356
9656
38643
191512
45169
61719
104239
147927
177075
229039
63087
102395
137932
19536
13257
51569
12179
75289
58370
66762
18069
155866
119102
45088
77003
14674
97275
60919
33647
75517
56867
12205
85077
16509
23754
76316
184990
77265
85152
81197
43156
79771
130115
13968
69546
51686
50628
5885
10164
92471
18317
100720
194468
46649
141412
86727
47974
40150
163210
85245
160920
33648
35504
73507
172201
51078
37556
18382
87545
80739
196126
110856
35791
133802
108321
163074
18116
85045
70108
46829
10389
828
34802
21881
115602
115796
14715
27545
20799
41654
118408
57072
49535
16196
100445
98671
10173
23680
45838
23652
129835
110129
87315
172535
62908
190976
29336
149514
87476
103307
11661
76802
2383
95092
21481
45634
206454
28542
33345
38873
113612
65641
15133
88425
17901
82637
71817
23403
15395
133056
116038
22230
30293
78314
14797
221991
59285
113298
38062
144495
87298
26018
35158
174483
121727
34302
99764
115043
112918
129633
171532
25932
131444
95050
134724
54575
40981
34462
134196
167463
81229
10643
38985
11740
165256
66263
169894
6721
119154
132335
84762
161026
170510
59819
46585
72430
23009
157680
93879
14376
39372
10338
75760
82729
104414
10179
49319
10819
76426
37018
46048
2814
36858
83676
180122
91589
137196
200552
58732
8825
127482
87316
11886
75146
172631
35503
32030
25069
101736
868
44112
7791
7743
69773
136690
84974
168822
22518
31305
51107
27032
150595
92228
214207
79748
43731
144345
44311
45138
41486
50068
68087
60746
3047
47749
38674
118496
164617
110004
37567
104076
70705
120905
170775
33333
66505
92800
92242
16236
15861
87277
106354
56937
96342
5975
127863
7169
220263
40306
114636
109627
56325
32241
129339
38036
40506
24612
72494
96236
122014
86811
143230
145477
111785
13543
189651
147433
197672
123081
70506
42444
165878
178940
72395
66291
23117
50986
196782
12073
35468
12233
65814
14831
135888
68672
145209
147613
103169
118407
17101
132843
22937
75993
9037
66641
208608
2779
173207
11144
48150
61803
88346
168402
97767
51603
24071
127909
86272
177504
15564
206726
9674
5284
77353
22377
81973
36251
45479
39410
13481
163710
146900
194759
20135
17864
180587
63186
166883
7418
152914
158627
61933
100632
4748
2916
37665
112591
99820
60052
27363
125418
41001
22719
149169
99626
51755
77078
27015
92200
84906
33413
101990
7139
56625
49112
21058
147740
40772
198233
88333
76312
158534
214738
126558
151070
32121
23579
34733
205296
62594
124306
51479
84937
117188
153776
17745
33883
998
86518
61117
70954
81055
40996
94061
4506
85826
70623
95120
11234
51711
26332
16898
153926
162547
42398
32898
16789
25965
19798
167284
144211
13548
43234
219774
96909
98438
206989
10562
107361
99173
181924
62646
104190
98226
69738
82727
37015
47452
5967
75880
219748
52995
6195
60216
214703
81097
22390
172999
24182
13503
6470
55459
100738
207508
60658
40946
52603
78889
89027
103284
15464
188092
97743
102650
33891
45427
40227
205798
3262
15747
154541
15460
66874
162550
7168
31333
115958
132943
167563
88054
41383
88221
35490
113128
33880
87339
41269
136569
85434
75765
1449
85414
70052
102646
66348
27761
35084
48149
107032
33854
6541
29664
25086
50038
58651
2348
79583
1022
28528
92020
15467
52463
150117
140636
84019
48863
100428
51439
71002
11193
95153
57172
203009
37292
94481
30040
24223
186031
53472
16155
95558
102061
152803
162841
98903
167716
12622
13390
54157
53723
24918
53637
175219
12936
8605
181558
875
34777
157605
49366
14298
96466
4215
5378
39023
63385
12450
144877
45179
103393
32275
140602
101697
87207
82883
24092
70671
191514
140178
120155
125550
37090
2038
34054
96655
85184
5094
5627
45300
77217
106708
188135
80525
93604
38050
10043
112779
212706
190664
198664
4226
88858
65413
114224
105779
182891
49109
79104
115014
19539
39031
87143
167537
23600
107154
44644
129836
95425
163706
127126
91790
56475
76207
49575
63865
182620
30619
17778
92694
3314
106279
20618
21283
193903
105765
176028
108189
153912
8154
167373
152100
59987
17829
86538
84886
70417
117583
96812
122925
46574
92741
45389
97053
13514
104018
5791
19783
64920
30965
21695
201718
42875
15707
89637
30851
18874
79256
17971
1011
118588
174738
95314
134830
214800
43581
56804
6997
201159
92776
180587
162462
96384
155948
9044
165152
47813
46873
220551
754
45479
154973
82439
49047
166707
76735
106446
4867
161022
60139
78593
77839
99379
148984
2457
14346
69181
89603
99008
53262
78934
137311
15388
35590
62265
105973
37769
141459
84709
51185
43499
3979
160472
47908
74731
157371
166607
166749
178899
49990
101541
73033
92584
52869
105768
105357
23330
97576
68261
22535
59126
27172
4473
26683
167684
121630
160019
165617
128240
22450
88533
176917
119601
9184
35027
135605
116795
78278
103963
6799
20945
140143
77568
54682
14542
179786
110373
25927
118359
5901
39681
205607
75954
29643
64344
28391
160576
103771
52844
102582
19571
131635
59422
35147
72861
23391
172587
67079
147674
35577
30421
201487
4196
97944
105337
142726
5887
61870
111474
52702
186872
128099
71356
48911
209472
43697
153397
86471
137553
12106
110881
62117
66764
97234
194325
138233
69555
186120
142261
119354
228211
108365
71332
39887
140615
125066
50200
70867
162531
84164
15311
41936
11668
159577
180096
87963
144257
85399
6350
21121
18845
109028
79923
88001
97047
76103
10310
33876
41469
27439
156695
137052
54312
129376
32701
18137
41713
90534
93401
41773
160657
149776
54514
54894
129893
88631
101697
119022
62743
97351
79054
13679
105769
40701
98702
113189
129305
33116
180645
57273
48913
26085
10196
8824
93330
20686
23796
161753
27538
18509
36691
708
60500
171196
216953
2332
165195
24950
65777
11962
57117
64774
33541
109596
197752
76334
29335
128756
69347
159116
87956
15768
22105
82284
89972
110158
11372
149126
155614
78473
76090
119970
36937
182161
146799
39879
30907
25281
50309
111091
185168
18826
79732
81598
86143
137631
86961
190606
105261
35447
116374
146664
68737
41639
64453
90965
59189
62665
6982
11980
52206
53240
153871
41845
29896
21545
97506
88189
72580
24591
7618
29980
50746
4683
9514
52843
58145
27262
66513
141815
162946
194471
89157
26112
28221
84379
21440
65985
114191
43063
179829
25805
48470
102103
18756
9239
144516
162886
131585
223932
85881
55711
136902
110441
118268
30027
9135
31537
98786
12038
77879
64840
123076
26721
53791
203318
90412
108536
14624
67904
65539
6526
12982
56901
10976
50467
124121
94647
143543
79488
46864
95432
56968
21657
114048
26816
85025
46913
26968
63788
87824
30189
9016
35360
163963
44150
181835
16055
30875
62922
7081
17648
93748
161566
98928
14702
37062
24389
27021
91223
189506
23984
75449
130687
74267
9777
31656
50964
71572
51075
100406
2996
183327
43610
66186
103483
11606
49053
67604
49918
45612
166422
45382
152613
112196
24293
67215
99769
147888
121801
167511
1552
42087
233176
134844
69132
48529
28061
166686
16068
98026
86716
187821
6875
106498
169244
178280
63143
154741
193324
121060
39100
16496
69563
78845
33594
38132
67316
29543
49064
92721
73373
4138
97713
32120
93206
32539
78193
16608
126832
22648
29643
8319
131569
46450
14678
113936
21009
17352
60637
114857
14093
17477
23938
15374
13433
86852
26211
121423
85888
102617
154834
120256
2569
156636
42578
27483
105407
81797
64904
7684
32477
53878
108051
186997
182181
104354
27665
195659
71763
29358
47693
97714
101287
36015
39944
62710
53576
4094
50121
106186
73925
23874
54336
24403
190160
152292
37966
36277
13152
52991
58958
112648
17850
135037
172923
167016
99934
46289
45510
24633
43715
32801
35914
28114
69270
223706
143961
4147
110306
170950
60968
14749
10923
56727
75747
144265
25330
25696
112688
41989
77386
40093
63460
94547
185947
33457
17103
109244
135241
164526
34025
58820
73076
42951
52207
10239
63830
72293
42388
95117
65281
154689
19682
64893
26828
94382
25625
37798
14043
150637
140915
38977
35821
109423
85568
107198
231030
17342
84624
160028
101063
77204
100881
65269
65150
190511
134103
43282
52809
96478
70457
27113
158063
22416
73683
29879
33482
44185
55505
152838
48957
59111
57405
140307
188
20962
21713
25044
81204
173476
80585
10849
9857
136521
104147
82256
64398
56064
64341
88572
2661
59185
157812
28264
62867
132800
129192
45978
7740
71363
29236
48724
27404
16156
46377
6518
113491
41245
Case 5:
33785
38310
26462
23324
52091
16293
20946
16724
9967
20246
20302
16625
27576
42031
41629
36176
17218
54422
9730
57173
36305
18213
9371
24940
100001
33585
54746
34585
53991
2892
55626
34788
95081
56660
24500
59092
53781
73425
82548
32829
43807
103271
76716
8174
86577
50651
43168
7955
98200
19373
44516
28086
12131
65325
79714
94890
86190
23764
4390
7954
17109
7160
3723
5146
2358
20698
12295
18485
91031
48420
48865
58310
41154
8183
99313
23372
5242
22077
22305
28455
43401
10113
67861
4008
74826
429
47130
86162
39777
48078
90174
32616
19287
13921
52725
7773
17944
51944
9310
20680
4428
6480
7936
54505
20981
93571
63715
32805
23153
20525
58280
41046
18205
18316
39124
110311
86950
12584
44466
9882
4290
6526
3048
27924
18386
58171
73820
32865
83087
28650
6037
60811
24268
60018
2939
28191
3142
4809
50422
1296
27572
21189
16135
14140
73876
26928
18620
42002
31756
33282
14916
5671
8328
62534
77384
81895
40101
74650
42324
47380
14841
20877
13389
52757
11950
56848
18159
82719
76072
27121
18312
49707
41515
84753
4650
14952
35664
62540
28170
50392
34474
44086
52015
5094
100449
2778
58887
8547
35078
12000
107361
5123
92106
94515
5397
56616
66525
4189
29867
32289
34710
67448
35963
7548
14159
45301
11540
73693
20919
26859
35537
3427
130
75106
97187
8359
6876
62426
14396
78304
5494
47077
13255
20139
81078
14951
35369
32454
25834
84113
43818
6932
17959
36607
23926
109427
9989
6848
66906
11959
67607
14883
12753
11852
23763
20665
7823
41109
8438
58572
20406
20003
63115
15725
35124
26654
50141
55481
59921
10922
14764
27318
11145
37378
1538
35674
25505
12402
52751
41119
51795
10968
31629
88888
29624
84058
45171
8378
15882
53975
46321
22297
61321
31802
38997
39454
49118
110674
39801
97159
7431
94535
11027
7257
86267
91882
61126
28464
8686
241
107186
13395
16938
20592
22581
45532
23625
29384
63272
22954
46437
64052
108468
420
12911
81830
40981
34597
43986
29640
5843
13016
20951
11195
43078
7495
7359
96937
112625
91941
51192
10012
109321
82824
12230
91192
44657
40041
59030
42778
22747
32039
63279
10621
15650
22848
64179
37089
28926
61988
49955
62075
9490
18196
20402
29601
8774
28355
19992
74314
27783
34990
30398
17097
25960
11703
22415
55070
65502
86383
31029
116114
95884
36868
30298
106555
56155
43997
17081
51186
15745
9568
28139
18246
23995
73523
15480
17641
15396
97235
38200
239
5487
74211
20406
21233
52161
18589
29944
32854
67493
99068
17940
23696
77704
16410
28857
7328
2242
54181
100638
46260
17179
52905
78640
16697
14634
10595
86195
41743
37721
12081
24842
10049
40650
13166
49031
11892
13724
73113
77645
48111
8542
50986
3739
88378
64816
62068
92884
10035
18445
2603
33695
221
37430
52246
14622
75113
16352
41548
41451
10037
20421
104358
2017
83544
59334
40934
6171
41753
40806
69731
85136
76429
2993
74110
6895
33914
30032
78183
12248
50750
53714
38040
25160
15968
58824
3516
37075
57908
13727
16718
18164
1998
31223
87483
5175
40245
67192
15838
13485
28609
75436
21097
65599
18748
14302
45585
22388
38144
63769
5444
32743
5377
3908
50247
39259
43526
39916
76156
31048
57943
20869
46442
36338
89478
31456
8164
70704
37282
78644
3510
65771
42684
21976
42139
50568
60914
8805
41027
105417
15254
30581
87612
37962
29538
49081
60780
66385
19716
91535
68263
30556
60090
55275
30308
45818
5013
5071
13792
23981
9381
912
57064
8178
16230
64448
86038
28144
50486
78510
38297
12819
86006
2943
67132
58988
34547
3275
97793
39480
7422
2809
25010
52089
47641
14278
2323
4319
29806
7735
39360
70858
2474
51433
4341
50819
21045
2964
67288
34437
88388
43338
11144
1099
10790
21706
18504
56203
53876
38924
3834
2000
35228
30704
35187
28060
12733
31396
4062
58028
51929
9509
19438
81698
6421
4928
15086
14378
59834
38407
54279
6359
48748
71079
18293
103972
34165
15531
6157
18879
10725
6730
10860
11951
21891
1365
40176
8171
56130
61683
2776
42957
96576
17833
32314
55774
20082
53652
89139
56120
85663
15031
48739
10120
8641
26467
69694
86141
96742
58088
54565
22715
10504
48322
31181
42045
2213
42528
3586
8173
15681
3743
27072
72079
28349
1572
13592
106541
28650
5059
100460
7119
33279
63002
49466
25428
68732
10506
62287
6572
73615
79499
29964
6909
71511
5509
29799
49140
3488
27804
21053
2413
50116
69583
57545
2184
43894
89480
64098
79036
37067
12118
80664
20154
83366
22114
61711
64015
46173
7997
25012
32421
51165
55960
43171
11151
11606
68642
89244
111901
74340
83072
1531
54771
2748
31479
35288
53044
21552
51963
422
19722
1466
16954
52897
5568
90189
37580
115098
65376
22941
66734
90633
46074
10719
8011
11068
11892
90413
33022
17048
791
95810
2561
16212
113
44720
28025
2387
20228
21939
85332
109033
36687
94850
71389
58857
90176
66709
62033
25028
98637
45003
58119
63261
32870
2749
74912
24338
45893
20383
19306
4821
30278
25834
103832
19015
29971
29268
31838
23544
26117
30061
88268
66057
27094
34573
8148
33224
56766
73674
25633
32645
44003
32756
57528
47598
21705
35258
29485
36498
69796
2101
18265
136
15985
26674
58904
94008
20588
5755
40295
52340
6281
27446
10757
32566
3184
24538
54681
41575
52777
18289
4084
44052
1950
11077
10850
30348
65488
19400
10904
1520
23897
87348
64293
81050
44759
51745
18648
12939
47892
54058
7905
55346
28921
50499
52655
78640
4299
50979
45465
22970
93238
40546
31870
931
28997
21872
70056
20963
66054
63534
33630
71312
71979
56484
26718
18669
14405
54222
21440
68496
43191
5097
78972
58219
39700
36548
94152
3287
57018
87671
30546
29909
37435
79315
14611
21946
19139
47270
14051
9900
22244
3205
19286
44648
16626
24517
72483
37731
18688
13633
68769
57228
33502
58315
2183
27200
89252
63487
29552
14913
70703
29628
40274
110397
67155
22915
48940
56550
92744
32704
28471
102823
15906
19064
81601
82103
47988
38232
13104
25783
55379
107391
20781
26143
22649
118057
23078
678
15157
4903
105786
8410
103703
59559
96070
49324
88333
95412
31416
17701
25280
93543
13228
41816
83298
51142
17247
32800
31817
31320
24004
68180
89012
18681
100712
49381
30413
23324
50396
88479
852
102515
34135
48056
11423
42731
58829
52939
9223
32269
40258
38784
51684
61881
25400
20157
3548
61994
15512
77184
3051
20071
79192
91453
49989
6929
1303
73571
84183
15346
22714
8015
57220
22448
79128
85239
15760
66179
44475
51589
10023
20535
25172
96805
14005
70646
25983
54889
4553
16312
51020
33487
16357
5895
11439
74835
7813
89758
25943
68659
19129
53483
82903
101078
10373
60654
65348
6172
18212
94787
13224
20462
55875
57808
64738
36579
3123
4606
68361
3278
65186
49950
57928
33503
73893
37586
28715
75505
22210
56121
38004
102745
36183
76380
37798
35946
78248
6702
49571
11174
17212
33114
29364
12022
78970
24429
38553
1416
54424
22185
20896
9286
76635
72379
9487
42151
75785
66570
29265
138
75592
94224
28050
52501
58140
60381
39761
46897
81233
11671
22282
62469
732
40062
81066
43249
9173
40054
28754
84084
29725
52187
8657
30073
42345
29441
50664
5758
4759
34293
15606
51979
64792
66007
65556
67793
5660
42259
46150
30860
26448
4858
75138
70984
53047
50612
35885
38871
14666
15115
38480
11910
8709
68130
80565
52280
109627
27333
56401
8278
44232
40232
45591
83123
9953
15443
20094
36286
21665
59480
4194
35144
39604
13783
38761
68596
110073
56560
13963
17511
99679
83296
42743
23245
84187
35947
106287
2137
105619
54330
36865
1813
85287
80779
24856
8704
50520
48043
61686
10946
67050
27641
2376
108938
39768
9762
26518
71422
41918
44424
463
105888
80705
90322
31513
97929
38941
94345
61121
5226
15118
53190
20989
6822
51932
56445
98076
14027
79008
18602
26760
43512
63954
11631
34286
31893
6411
44005
19463
45182
4244
29482
99502
50241
3881
85792
69396
43031
47998
20597
35955
80860
80248
102414
20503
13737
42160
48929
1384
60518
12557
9537
72459
24422
16414
9538
54597
45337
45686
46409
22696
68483
36815
11642
50235
39006
27699
25615
1996
20897
77595
49857
12766
70637
90766
74133
59034
47480
9948
10967
8377
20298
12249
48058
108848
9149
110206
101839
33946
4537
35735
55741
30268
21048
14453
45142
27517
19045
84144
23038
48730
95188
30736
12223
51572
23734
65945
46081
10230
48848
65040
75067
41138
26538
32779
17015
20953
42542
106135
1442
105832
4425
22719
42062
6494
23996
101227
30067
61526
10392
24663
66691
85937
72674
12810
2787
28258
15137
1251
85830
4496
26046
50971
10405
92812
49717
59913
68195
15233
33525
109334
15904
44081
14621
78593
102302
25688
82173
54784
11570
15634
6458
34886
103459
26379
81969
16198
79721
24346
35202
9718
24899
97478
37920
4257
30020
40672
5216
12979
28813
16716
105694
58251
23606
38546
42551
7301
33935
94343
14540
81868
21551
5014
42386
495
46530
23317
93127
48033
1827
99661
13256
54703
967
38731
46116
56888
53245
74136
62467
5099
3682
19266
11071
49831
30782
10014
25411
44497
38526
44409
8489
4137
49173
47312
43134
43772
61336
87402
39494
27950
29881
20361
48654
106476
92306
19271
46668
54040
37641
75744
44030
64582
95442
6177
7018
72861
30183
101169
5251
63172
19130
48259
85933
83792
58116
63238
2073
19976
45927
14603
33861
36904
13243
74897
101709
22762
26294
66666
48870
39467
71787
29613
110361
34408
65216
20775
34272
54741
33813
10117
33380
97
71033
50289
18304
79474
3021
33436
21349
73486
36017
54433
80512
89823
40811
39609
73621
13414
45402
80939
19545
41225
8357
63318
97778
45957
72685
110404
3861
31554
29235
79144
54686
38132
74603
43630
45969
64101
82207
5868
49033
5177
28817
16924
16987
14733
17211
62720
51325
35956
13106
52111
8782
94541
17241
27800
44738
26438
52189
20035
57206
45557
53969
41390
2205
10346
102234
74409
60744
19829
4002
10131
4415
62975
10035
8927
22085
12462
1189
13368
80225
18815
25145
1163
5928
14284
28521
103155
17757
92797
91814
14299
49729
38394
1044
33503
54830
32836
63681
32936
75873
15872
105995
77366
10657
36768
18893
71351
57686
49541
21965
22203
69729
12362
73791
37036
38206
32504
19419
67899
37077
669
17491
39432
88719
22249
54546
71223
103168
37953
25326
91295
3218
96067
90270
17983
44607
37
32159
37520
83213
104914
5225
59010
1215
39167
44485
53176
10597
72392
36863
88255
20445
40292
1798
58150
102115
45111
15386
12352
46841
5325
27104
48710
8437
36307
17459
17260
38609
13891
41072
40370
29489
59485
46839
22724
476
51402
80708
1913
7478
19024
21882
50520
49879
8424
9764
72055
44380
86974
74432
64019
40564
29446
16835
71569
104080
56298
96560
57989
70540
72035
45760
28374
50229
44239
75812
6612
48402
27807
12478
83651
23995
93501
210
22810
1612
16342
14845
4124
45641
14355
17473
115548
26830
24567
16377
86577
32429
87093
97612
21717
981
57403
23809
10392
26614
36043
32081
56847
10721
79591
17909
23957
38851
91559
33929
51399
52552
54963
32156
66258
76500
56651
95921
28283
6886
17889
49235
15885
78711
58674
14405
82564
9490
4341
42348
80514
7914
19104
86996
11718
12101
36673
65958
42458
1538
1337
72120
39214
63319
37139
44403
26782
32706
53167
22717
14100
37197
52995
7440
18714
10012
48181
14448
87576
469
60815
79506
15617
62077
46392
84811
265
11287
64890
37142
51079
2747
105038
50819
35153
31336
117685
35150
13676
57419
65308
82695
60510
102055
74758
83668
53281
8853
13413
25136
5708
40855
3285
66271
26866
4714
56376
25985
24431
55173
65466
26181
67682
53380
19882
25111
7052
38447
30570
18007
51704
65177
39664
68550
58660
379
68383
84319
3070
46595
17823
4958
20028
82979
71671
18609
71809
73954
86880
7626
32353
40166
25226
44883
5697
57331
38695
83207
70143
92352
719
22281
35167
59763
52777
76533
9734
49178
105959
88591
66404
36081
30773
27919
16235
86431
12720
10945
45010
72966
18501
58022
26014
44053
13743
83383
60024
37705
25256
32186
50571
20021
39489
12221
4206
24582
11377
52547
54853
18038
33442
16566
18589
39720
82229
98036
37113
90988
7617
11798
51773
3991
48699
14244
89877
53909
51602
45876
15669
76433
69563
2700
83088
59466
27664
62035
24612
1111
64154
71062
36724
5215
45414
112214
32220
30275
61328
44969
37655
14220
28514
14056
63233
115062
1129
80110
66745
32153
39479
7868
22119
12053
51563
22501
49513
91960
62625
55004
84450
72252
101445
13361
75285
54439
11526
100943
23962
48800
40024
88903
19914
7534
63423
32979
23717
89719
38704
25392
72528
10058
44282
26048
55594
58996
25559
85191
47749
57109
19647
5944
24434
57488
40243
7007
90448
15795
7340
56236
62105
43025
10536
39444
20799
78542
31702
32182
46785
30959
15460
24743
85956
13156
34119
11191
3883
56278
5246
11062
42675
74720
35495
37717
55061
7632
97280
32793
86442
15795
36785
40241
18845
9587
8883
67055
24191
56822
11506
40377
29114
22170
103466
13888
17231
33883
22655
61483
82557
36616
26901
20544
55612
84916
56973
71242
67954
2879
50055
116985
27609
19612
2573
63585
24434
74286
104657
33428
25892
66470
52294
95377
53342
7052
27148
22091
20268
10615
31980
45305
59626
91089
40306
10225
89815
28654
40653
18080
78432
28891
94703
11952
85170
96883
6779
29207
1252
98691
81949
1665
32752
19557
5834
71064
9585
50731
7151
17733
66170
5612
26017
66583
66946
52547
87337
52787
30023
12057
32241
4318
55169
56477
47650
27676
14591
42457
78924
79903
19595
16891
38577
84290
55091
37191
85419
56671
17084
12705
55146
2545
22705
80122
25684
31087
32946
74382
118295
2082
55473
4683
5107
87143
60538
107933
4088
67316
73059
25420
34339
69595
56935
21067
47979
74014
5881
56247
8831
29410
1410
36680
25620
5906
52235
61197
98054
17534
655
56935
18939
68122
18857
57521
21278
22411
91299
17262
19618
60014
25162
75159
67461
63974
62358
54573
44643
50116
6783
109897
49434
26647
21802
106468
49348
37119
31169
46150
34177
47804
23611
5542
117331
4144
1360
51091
75246
35517
64202
92044
28631
18987
25236
70610
26396
2532
70281
57064
32872
27233
4956
63532
93051
49666
46081
47654
26033
47641
68412
7759
21078
53411
34225
15712
55574
100236
32118
28068
34481
34476
11747
39711
38219
18653
18085
87334
41254
92621
68851
32974
6426
54883
3756
66066
63458
2864
37174
13899
34640
281
8719
3236
26477
7605
11469
65824
77405
46288
71904
16514
46591
17814
31532
29139
6819
48542
53211
4022
52250
48374
8892
896
32546
39026
78288
17902
24888
101663
26264
57525
52036
5952
8588
16440
67960
23437
110301
83211
101215
49198
12630
59453
71973
49140
32508
29538
13077
7811
27315
18321
32781
16052
32230
62071
51154
18637
40195
32188
8823
105
87379
30859
113993
8319
21338
57669
81820
18270
27124
91714
14102
16736
18934
27848
15223
23049
99516
53444
58402
19539
2981
26928
48663
17671
20628
52706
34329
2963
32540
14087
39673
99293
51671
52201
74235
21862
24315
49425
16553
6901
55859
41690
101092
46844
68721
50513
10066
6886
51442
14799
4392
17892
47955
20227
40951
65021
6386
14653
67715
55365
40526
4745
105686
60666
39947
28656
23883
10528
49397
43182
107724
66720
103352
4122
25312
9332
116200
9478
99998
14851
17882
2869
58271
11564
92159
29854
33750
119494
35158
28699
50470
30610
83887
60166
87697
15630
94024
14664
62026
4226
27865
67742
3989
48214
26430
13918
16599
664
50832
28985
63180
92643
122782
56797
48820
4512
40624
25835
50383
24332
87282
2268
55977
91620
12013
29455
19423
6884
25724
9273
39746
12096
72790
56896
78540
13170
23782
11109
16041
58
19388
95355
6254
68636
54579
61273
25444
13243
7815
67548
47376
47483
68479
58378
74501
112081
22681
24032
31323
6204
12979
61465
95545
28663
2998
58176
68800
22787
6064
113330
28723
23642
84760
63022
39846
42872
40681
68449
29804
24443
42129
59993
56158
41093
3738
5860
17994
106960
30026
30084
291
74239
2681
88653
21206
16881
69238
32692
68118
1268
5782
20933
96828
96098
54784
105461
26583
10628
12572
7699
9695
32485
39856
70811
41618
18010
3505
79849
92655
76961
79981
39472
9070
7214
14268
102007
85565
29838
32745
31641
25163
58794
121198
20710
10590
27453
11782
73521
1657
5935
52508
41878
12568
27773
14857
53854
22174
82465
57307
6935
14696
60336
36479
5348
58941
702
51437
931
23154
78321
16051
21154
34259
16302
89884
28558
33210
65744
7245
57861
36663
35919
65647
48219
54764
24208
26314
47413
43888
81227
74183
21489
82058
46245
13404
6235
27164
30265
59915
39177
23726
29806
49357
76541
73473
118925
76864
110951
1524
21738
37016
10459
8702
15351
9243
3496
21732
27062
106448
17151
77053
66791
76990
47459
13553
77754
4823
32246
35001
59230
6043
125682
5180
75244
14975
27328
63090
21021
14704
24030
69690
32816
33282
41797
19225
57278
17471
53491
37303
95779
19815
30746
25674
31614
8045
72074
34565
15500
6341
78173
60410
122031
1414
39695
47583
44893
28268
85707
12805
5109
68950
85031
24479
31678
65562
10707
23441
8571
82729
28629
46777
66447
87102
63120
25031
24583
19073
14664
95460
14182
58642
7172
30833
33562
63735
47371
52978
38921
39880
73499
7954
30226
81597
9641
96204
26759
26203
7502
88562
31586
106753
7835
98097
62789
49191
17213
43183
8058
13899
5441
8949
71386
73376
26156
74801
18399
7833
37259
34780
33665
24783
82853
73304
60907
70659
84865
52884
12851
35138
16823
116095
17814
39678
36596
63335
23912
59654
97098
33520
49466
31633
43816
67246
54148
16242
18964
84414
4377
45534
32437
40075
25722
7627
34746
9048
56576
32654
67367
10297
27408
26204
18946
92579
62684
57827
13225
2687
16327
72591
15903
15031
5865
20512
49883
87492
90231
59224
24845
79461
15289
82046
29429
41589
36747
89868
36026
39255
63046
64733
38491
9962
62592
58003
96080
34527
32166
26461
58859
72983
4683
92078
81955
4922
25884
53414
29313
87198
107820
3426
22969
5145
7003
21063
56402
11468
23795
38350
31883
16341
91275
90229
64299
35725
39425
58433
63491
12400
47372
92698
12394
30450
5858
22792
25179
58705
80395
48214
8013
35508
28523
54958
3157
37739
3036
114214
61981
12895
2828
68237
17892
31586
45190
24600
28115
50588
15053
58649
17121
13374
56707
38951
40280
36222
25301
79808
38521
37361
59452
9286
1100
38948
39246
46546
87950
51052
6017
96756
9888
15616
72206
13669
11533
88459
37947
58647
9729
19805
84098
16402
76514
13170
50322
61401
51540
10989
21584
62731
3943
85779
10024
23308
104448
85485
75419
50322
73818
48375
7965
44557
42269
28437
53784
1533
47080
34043
93899
63903
41340
91127
61070
43870
30065
23647
95946
24744
29074
53960
36548
43076
117500
19515
65913
82799
72767
44909
73827
17251
31203
18973
25789
6728
15177
32973
89605
70917
424
89489
65493
67023
27832
81809
7800
66734
53417
18256
26276
38015
11271
62382
439
11753
77970
82233
101290
67422
4357
46232
34110
29419
16699
23812
3906
119335
43525
29226
85308
80632
54400
92466
30573
95554
47704
6227
24395
38572
17626
84145
79455
14723
21434
97281
59321
62895
61967
47325
110738
37185
25196
37136
13244
54938
56088
28281
22073
5587
62226
55986
95001
66058
56153
83978
30214
38233
27530
11487
103362
15747
53804
2747
11489
84018
67066
175
55639
76525
43756
39989
10530
80153
44127
43270
51833
7102
28709
93147
488
47111
50203
66914
53183
37632
935
39069
53986
78541
35202
3411
706
89577
21656
84704
76380
5266
103141
11820
67829
83132
44694
41589
12388
99802
44724
23947
15672
94465
55581
7844
5800
53537
27743
51794
66087
30459
86198
37615
53836
42191
43759
84278
44369
59610
51002
31152
26591
13579
1049
20845
49561
6057
24992
40105
114499
41473
49077
5873
31070
66882
50161
59827
71449
90238
101765
45832
14936
10248
95911
71424
2039
99151
9084
82623
31316
17109
21280
76525
78478
114505
66961
33166
18310
90269
13618
92374
63978
80770
67112
89028
75830
6618
1518
25498
32868
2455
45167
23422
9050
81373
67537
81883
30389
65337
22536
99658
20405
586
8385
7448
32033
34649
33671
35394
57347
36962
31180
28717
22676
57747
41977
92255
39463
38244
21987
25988
26160
61651
31780
13795
7299
8210
46921
30113
16054
55826
25437
93900
105002
57234
97013
20599
20437
42222
10322
51532
31672
44054
115436
74488
28297
2526
73871
86136
96278
29656
4940
13107
7542
15229
41229
34038
32058
18298
1432
1395
11146
18688
5584
52511
16534
13441
12296
1149
56055
2303
34474
6834
27288
6669
98429
56199
21080
18036
22789
9654
61721
13861
102513
47441
57706
21984
103439
35268
11498
111266
76637
34851
17888
48423
5990
20467
13751
19078
47489
85190
41174
32268
35748
98729
73321
13479
7584
103339
8255
11217
41769
77420
68214
103146
34282
36735
41633
37454
53598
3833
108229
894
33476
37156
36832
21707
47325
83017
72722
40527
55951
21837
95809
22868
94841
24140
23404
15973
61729
12162
48387
61900
85806
79404
84986
76233
11711
101741
21997
8013
33662
41128
52771
11487
16330
21465
28971
46750
69552
76252
93678
86888
985
67182
85678
5116
64594
3384
35608
23487
3114
932
14911
10056
8223
34026
44954
50371
7583
36089
25320
29791
31591
62003
12418
27488
44857
114093
22913
22153
3338
27820
102869
19105
101402
21228
4556
24599
15028
12532
52665
96456
12848
8726
46765
39903
86256
96056
105418
61794
68721
23769
65184
41015
19250
55350
34716
56810
85266
47073
78196
4202
22519
1933
31853
28388
36768
1619
110315
46209
89002
43145
111112
87996
64220
21342
53545
2684
24569
7833
14930
68942
110087
57451
84217
4511
27227
88141
105360
77988
33738
2816
47137
48389
21307
20352
46113
66150
119511
25543
73520
39123
58462
48241
72251
63508
18191
50635
67899
1256
11595
31288
90958
12979
7448
37982
8221
934
17244
5565
62365
77647
22706
120498
83028
109132
5960
50704
52940
65523
73049
72766
84376
7897
22803
57830
175
29324
26029
31608
61550
119552
44554
39097
95112
32577
6152
32503
43886
20556
43805
10735
29505
65463
31182
58230
2123
6961
87255
13977
9213
90394
30106
15371
32035
45896
18853
91124
77149
60611
86119
47193
43411
68815
44514
88848
38363
75697
20090
1427
5386
22434
42263
55422
33347
16992
