Case 1:
3203
2711
30554
737
34131
7161
7423
35246
25277
35423
37379
34921
33203
29627
4310
53526
33019
34868
44138
35605
31462
47849
40936
38987
6962
36350
25514
31927
38785
6413
18668
27200
16865
16514
28559
7429
16755
34583
34339
1204
19697
4432
16065
24005
24401
33530
6854
5725
51277
33604
25458
2917
21283
821
8063
403
2972
36025
39775
22394
31796
12656
39302
31516
30343
32939
4139
30072
10793
12362
44167
549
17753
9342
33344
32522
17578
14429
4469
20429
1505
23579
2193
18674
20106
38970
485
21287
28117
11907
21175
5925
41949
32476
14665
9842
4696
353
4179
5209
44395
45010
4399
14348
2166
28788
28429
6858
9389
3371
4915
32038
1503
12330
52045
39366
41612
9319
893
9436
29391
44615
46394
1013
28892
5942
740
17737
5178
26539
8199
32548
14832
14269
2247
41432
12075
25706
21049
2806
39938
17340
56574
14558
19015
26792
10564
22420
27582
11344
33178
4494
41862
24085
Case 2:
11681
16612
5540
7095
11844
7022
6428
8342
2820
11622
9618
2985
2087
1670
10457
7872
7964
11968
4477
10254
8626
17111
5980
13075
27121
20390
13778
20588
14889
7422
11408
25493
7471
7429
18994
8628
17931
22455
983
12662
5546
226
15642
3841
20171
9417
8696
9246
7552
9235
10187
1965
15751
11480
8620
19855
13526
7442
7825
17784
5514
9952
10383
5854
11083
1120
6483
557
4355
13013
6035
3327
1857
905
9124
1225
20028
8826
15503
11329
1609
16725
10207
5059
8021
19723
14039
21047
19014
1134
1941
2061
1483
14017
3667
4985
1158
8976
10550
12334
8074
14457
7512
90
7645
8859
6683
400
5287
1369
13845
17705
26805
16917
4320
2556
110
17337
12599
14827
11569
16590
8874
5025
2552
4451
12867
3758
2713
23915
550
23126
3445
4376
8661
13038
18620
14456
5694
9299
25343
16060
5930
18704
18642
27
1065
223
607
10499
14115
1939
5557
13111
22408
15726
20906
265
1855
5380
2951
9662
13344
3208
4542
5638
12100
4599
17931
5140
12474
26018
20960
8809
2961
5862
6279
2464
5016
7339
12698
9512
15213
12218
572
2612
343
15709
8832
21517
9800
4377
5141
536
6511
14198
6960
2368
6171
4485
3967
5357
19275
3849
6244
1758
11992
2779
14961
6661
10285
10310
23737
7282
16558
10807
9633
21645
2328
9693
458
26111
5707
14155
10389
2567
12531
322
27667
2686
5769
2230
22569
1185
1915
29116
21602
12324
8763
20430
6881
17800
4997
13751
3416
11284
4195
13229
12292
18606
12268
15971
71
13280
12270
2636
12182
507
15999
20548
4926
12002
8910
10229
26626
4957
14613
20558
11901
27087
554
2494
269
24748
10149
4727
7267
7691
3295
11335
7360
738
10621
6157
18513
14163
2335
3213
3302
7860
17275
11405
13990
29005
13280
9039
9232
9831
15990
9715
885
11613
12559
4231
1512
1673
583
8126
16035
18548
7652
343
21348
19602
15699
9392
17629
19443
13110
15714
7086
19918
829
20682
2825
2399
19834
129
1448
20392
10468
4373
1558
11717
19084
8017
4699
1675
16664
3960
1924
624
7555
14200
2497
12077
10116
837
10439
15654
3399
1702
9097
10379
21683
9365
21624
7929
6006
11469
4747
9879
3215
2967
2921
12975
13551
10647
5608
3376
1930
13236
10871
135
12032
17482
13376
5504
8806
16152
18401
8801
10363
2383
21782
18396
10555
8030
3652
9972
4449
23456
21310
15700
22258
5640
9168
21107
3480
16547
4015
1645
5515
5529
238
5956
4619
9781
11622
9146
7518
3580
383
15873
23397
13470
12606
4544
6236
13645
13691
5828
28452
8422
6885
7179
14681
4325
14239
2471
10727
9021
21337
14975
13997
9173
17114
847
1190
25717
261
8995
643
17587
2144
15261
14924
2287
15651
20223
2554
3182
18398
9298
10561
18728
8462
812
1442
18035
5809
290
12852
24630
22511
21257
14795
2161
27720
21714
21919
6588
15695
3662
24729
7361
13658
1923
23268
17901
22558
7220
2891
5382
16109
11516
11514
1609
9867
18365
23951
291
20523
2257
12281
6938
16407
23494
9831
559
2309
9120
314
4601
3710
2713
14098
4022
21784
1722
12908
16394
4052
8998
4965
5101
297
25581
2584
24941
8759
16037
22520
2311
6835
10259
1322
4428
7929
8916
17901
14481
4913
8313
5974
718
3429
9077
9441
6039
8430
23225
6153
15253
15556
27664
1738
5234
2872
10117
10915
6851
793
9897
12911
4454
2850
5886
6570
6547
9599
6510
12520
8752
2719
4348
8328
5166
23745
18590
12270
11170
19511
16162
23093
3642
18593
2863
17296
17729
9672
10924
5832
3192
7050
3113
11806
7937
12525
558
11627
11189
1356
12224
3620
7888
3621
8530
19814
2218
19144
8620
1515
2537
7045
2270
22202
23138
3339
1113
18844
17692
474
573
12171
4390
8909
294
12834
8911
2189
9545
14831
10502
14963
5249
7927
6717
10238
2517
7612
15285
9656
15272
3063
1852
5835
30033
11680
17126
28714
8125
18797
16301
9972
9900
12380
1823
6563
7163
16478
17530
2486
16232
21486
11305
14911
23105
14915
8080
8163
7942
56
10673
6421
20228
14356
27627
17114
18635
17525
8664
10212
11884
531
20873
4668
11575
10119
4045
3740
16181
18800
1674
3594
7778
11667
3750
14777
26958
22350
7539
6673
1472
10348
20243
16338
20640
62
8983
25589
6675
4367
23951
4960
4559
2083
591
3945
21436
22470
9035
26551
847
2896
6686
13933
5129
17300
12472
4668
17255
7045
7486
7442
1174
4194
14321
1953
2201
9897
26948
8894
7825
4180
2944
22248
5442
17579
9835
13504
16924
4525
3841
9997
6205
1562
11798
10576
6694
5177
21997
16225
15097
8390
12227
2453
11235
24036
12738
13690
2102
460
20380
18543
7025
3307
654
9031
15004
23782
4655
4511
17543
3708
6744
2397
4490
24942
16925
818
12889
11911
5278
11827
25160
3910
16831
13792
16435
13306
27147
26404
15941
898
8806
26617
14041
2321
3877
4833
25114
10122
2897
3055
16944
28441
18021
22383
5179
5082
18727
8358
6763
21702
17661
809
15951
16586
7243
228
23230
27319
12712
316
14859
7044
4005
9520
6089
803
20817
4807
21172
5065
2014
9348
8962
9801
8179
984
9276
12111
15240
3861
5453
378
26709
7752
8201
510
3381
9365
10496
1914
11441
20437
12504
6944
7878
11513
2126
14120
680
4102
5448
29779
4073
8824
13100
781
13149
8488
15271
1608
6930
12590
4746
4747
6827
13300
1740
4657
5502
2114
7897
2354
14365
17665
13264
13313
18957
5047
2164
11831
12113
3531
14291
31103
2803
12191
1285
18040
26545
21401
1166
3765
15859
18228
26716
7218
12411
4544
3260
19502
1344
14254
12338
10150
15697
5543
10258
26717
2412
13400
24990
789
16271
27378
88
5191
13224
18546
21039
23031
6544
7723
8539
13445
7669
2107
3577
13237
314
2255
7445
10194
16599
6174
11208
81
6978
11204
7565
10630
20264
17138
7982
13520
12946
8111
4752
17891
16955
1658
19077
3464
6210
8165
14284
8315
21561
12001
6925
3136
1667
13214
16966
11181
7946
7293
12255
15046
21016
11250
10355
21039
5417
10549
2037
11610
19427
5131
12870
1989
803
18470
11213
23086
15024
1730
7275
20083
19148
88
21855
16294
12196
15992
17747
2549
450
23911
8779
8780
5841
2668
1775
18090
15158
2952
15667
6150
4557
11094
13551
2128
14122
2907
638
17911
7535
6516
7092
8610
424
140
2668
8957
447
13379
10049
15122
21860
18025
8602
4110
4112
6963
6757
2872
11335
7149
12459
4215
6327
8202
24142
3127
17365
7505
19586
10044
193
5072
19021
5482
10386
6615
6350
1661
188
19040
9981
3661
24467
18794
3422
11998
12481
8473
5400
9949
10226
2202
5006
230
655
18535
2137
15503
2388
15162
4466
1471
11480
21191
6360
10522
6292
27816
18907
10824
5896
3966
1087
17762
25669
10254
17264
9725
11588
3278
1824
1577
6929
25871
6501
1294
1704
17910
3748
13860
2689
21749
2627
25066
19575
5071
21164
17051
10882
27649
4047
5040
8872
5184
2524
1688
801
8304
11748
12655
11014
4967
8086
12856
10251
16488
17383
14646
27080
6321
21330
10239
10304
24980
3299
29688
8617
9154
417
2637
14284
9244
1191
3634
5245
27907
3124
12317
3471
859
3998
11918
25100
4672
11105
27050
1391
7544
21024
23570
15724
1740
474
12321
1537
17309
25029
7027
15947
9361
12996
11537
197
14170
26168
2046
23717
4131
520
12068
13640
27142
1288
14107
17755
6147
10485
14028
18005
1800
6473
16864
13660
4695
17256
17844
19940
3896
19439
17349
22726
18989
7648
3573
2371
20910
17944
3132
2738
4417
10444
10857
2338
2297
1687
12495
3678
19251
14645
3317
609
8274
3043
6161
11175
9555
13315
26109
19043
15656
9010
5530
28050
20011
9147
19729
9872
4280
4413
5961
21461
1121
22397
2782
4467
3980
6138
4501
4065
316
5964
2667
20397
7404
14000
22985
2148
12998
507
11002
1778
5072
5759
1495
18199
12523
1134
3604
14882
10498
17112
27143
4372
4790
12468
13994
5707
6408
11760
2489
2937
23902
7499
7970
11590
25850
15502
12464
382
6500
468
8222
7891
4334
109
8997
4805
1310
1460
5532
16844
4490
18291
1367
10217
13553
5456
19273
3874
20683
14791
6713
9124
1752
11796
2747
3107
9597
4363
4604
7591
-4
25354
13864
9063
7390
11238
2645
21149
25338
21395
10348
16616
14659
26595
647
23140
5221
3591
3593
2390
8860
30611
11450
20603
4991
10006
5222
6427
8178
13592
23094
8396
12580
28088
9413
3719
21019
4959
16384
12004
2621
901
3324
16931
13956
290
4339
12369
27234
17115
959
9995
7780
10217
15335
4298
8924
9265
14436
3521
4683
6061
15077
15280
16026
13111
9463
7834
9024
17135
6760
22733
4626
19537
2094
24126
10146
6487
9510
6339
17047
12534
26212
3105
21842
5592
7485
5537
108
6311
3757
557
1605
16515
12331
5470
16672
17073
4993
17180
25403
1478
7903
81
18521
21184
10016
4154
14989
19737
10423
2082
5211
19887
18808
22661
2016
9584
20773
13605
3052
4159
8009
11900
8006
27759
8501
4103
244
4205
12196
14449
10595
22768
458
3712
2920
27780
25901
3745
350
8321
6125
4350
1082
6455
25613
6077
1626
21748
15278
27423
1974
3732
1678
1142
25490
9040
893
10488
18719
10231
929
9939
228
4334
6232
13842
9570
1424
3741
18819
2465
2634
4431
3821
5134
6177
4178
24755
2086
2088
18416
5727
9171
4854
4646
114
21380
4251
9514
17562
27000
24828
17459
28260
11278
6423
2641
6645
7428
13125
15017
6863
8025
20658
1960
14106
12465
12748
22441
10959
12976
9228
5505
2089
4094
12136
15737
2345
5266
6218
4590
11810
6624
11843
3646
8472
15102
11064
4143
7834
3235
1522
3595
11091
860
4854
19445
13390
3474
7165
19939
24357
14646
3821
6821
7885
3768
20643
15459
26602
8202
1548
20691
18830
13044
14115
19753
28537
15060
568
9080
25090
2863
4426
8197
7738
9952
5452
22366
2318
19813
6383
19858
5999
10192
7306
12552
2946
27517
5582
9859
16197
4176
12082
1661
27124
20297
15227
30572
20350
1563
354
1242
23104
7928
12297
2160
2145
6854
1212
3749
18793
2218
4570
28177
4954
2103
2614
1773
2781
11430
6419
14905
5731
3301
11904
545
16003
30130
3236
7951
7040
11004
16327
3690
7339
17947
12922
17470
5471
13664
11329
12285
18070
20961
12597
15807
7324
13411
5659
2152
106
11183
6221
12239
8137
419
1391
11705
4961
4216
20897
17427
15772
1497
13676
4156
2999
3015
5901
29425
11035
5424
6908
3593
18056
3337
17776
22044
25619
399
4337
18792
16755
3127
5717
10782
11339
13505
2631
20891
2786
13576
2936
10652
9707
2818
11018
20515
17273
6959
5979
4501
16982
65
18177
2432
15250
8546
12870
3555
466
4290
3928
18532
16722
13047
7279
5416
2049
16339
82
21011
26559
1236
15973
4209
12005
7250
11477
25879
9262
17708
4926
17840
1479
4745
1297
9854
12222
4994
15496
3091
10054
10502
4482
7920
7553
10228
3215
2725
4652
21547
4783
4367
62
10034
1839
25789
6441
7585
20322
13846
3608
6119
10433
15090
15522
17150
798
4613
3716
12524
13766
7906
9560
3622
4277
792
5966
6141
3034
22467
28459
18915
657
11636
5928
5579
4242
8979
14956
9994
3676
6268
462
3645
4821
16827
17378
11301
1717
20525
20349
3422
19171
20087
4138
2963
8148
20762
4363
26674
5891
1532
27
14410
28789
1963
12821
6686
3454
8739
14578
12171
31575
11576
753
2793
689
14182
12604
14903
928
3092
29361
20700
15701
2768
5323
194
7228
9874
23316
1364
11581
21167
9093
1250
7232
5136
9665
7115
16041
28340
5716
1153
14015
6582
12137
165
20866
11880
18351
21938
13127
957
5072
17376
11132
3502
4580
7678
11711
3463
18505
1624
20981
16955
15276
29295
16996
7134
8896
2512
9211
3726
10155
30064
27940
16071
27579
11096
16426
19714
17815
19392
14532
9106
25877
5133
10092
12946
6986
4612
11138
25038
16541
32274
20870
12018
4265
9913
1247
5660
13005
25959
29739
6098
4757
10964
4378
21099
12481
3424
9956
12021
5317
6566
1320
9314
160
1432
22067
6854
25806
11115
10302
3467
15627
5084
12647
1250
4295
13163
2384
11697
6706
9661
8015
11936
14724
29495
34018
15540
16896
1510
5613
18675
20927
4231
9403
24035
27022
6778
2928
16411
9200
5015
3201
1495
11065
15844
21228
31098
4986
17740
33619
1872
7529
13584
21061
11528
15517
3261
1156
6816
2968
12792
7407
1571
21081
19390
7430
3902
3617
12296
13449
1470
12867
15656
3391
13954
8589
11342
5806
6794
13302
18991
6599
28245
1727
788
20879
19645
31865
11223
15167
9003
2495
3816
17868
16668
22713
29670
9438
4303
8713
3487
9526
30284
5438
4719
11338
1682
8221
10461
15584
12121
2430
13009
30902
23402
2285
7795
26175
19568
1795
17099
3281
21924
21844
6575
1123
9595
29169
8749
775
8100
17912
23794
7340
15333
5631
5841
4765
12167
18075
8953
21018
2599
7135
845
5970
6650
7661
4403
13737
8004
5841
10221
31363
4826
8503
9819
12388
1385
30077
15533
4917
6438
348
459
16110
6556
12863
15754
976
19144
1197
16619
296
12595
9658
2352
2068
7995
11308
2647
21452
14467
24597
1154
25049
25797
687
21087
3614
1677
30010
16158
6667
17732
3512
2075
11213
22003
15665
4552
16514
26228
32652
11340
23152
27119
13260
14247
17495
4756
6589
7351
21366
14452
12197
7922
6907
16630
4035
2525
11033
28340
4187
19075
15688
25126
17914
20208
3974
10791
2682
12011
6727
5143
7683
8782
7950
16251
17128
7102
24142
3555
12458
8664
9489
1867
12182
14539
5267
944
6022
5456
6285
7182
14608
14132
12827
27484
7425
3371
6355
5466
23556
2296
4830
10690
736
26094
10811
2468
529
3901
3544
14047
606
17668
8227
24867
17942
19111
11370
29533
5090
462
12411
3472
7175
1423
682
13428
587
5578
8661
3953
15084
33852
5466
14345
17433
6208
7395
6831
16096
16306
7937
5395
6571
10138
2108
2982
14465
2460
8503
14319
28201
4850
3304
5220
12471
17865
15497
29441
2351
9919
4355
606
8233
17719
12518
32025
28272
15893
5520
9750
26204
16921
6670
15433
13184
14866
801
1962
11836
2013
3574
680
8651
21877
9101
8291
12669
7568
21398
7931
6051
19415
18734
1928
1247
17837
736
19307
11017
1567
1551
18113
14345
23982
10970
5234
3647
10296
17585
3699
20424
15551
4105
29438
18089
9619
18591
29043
23019
17105
10314
12329
22899
7571
21128
332
16671
25599
18939
22003
5187
3641
20634
11477
12707
5562
9291
3984
6228
5100
5873
7112
7626
13027
8448
26118
4371
3512
19532
25032
2517
890
4741
1026
24962
8866
13811
21080
6463
21631
3487
23376
3139
11978
22669
5144
15713
16049
6119
15562
715
52
345
3249
13990
2352
30175
9051
2917
13660
10706
21341
13410
16033
6239
7500
8891
1986
3077
8783
6763
16099
19946
6253
9646
4058
21003
5308
16600
4870
13988
19132
3518
10308
3732
2917
2777
13917
28025
6203
3355
15434
11897
17921
7963
18865
4744
6802
12283
4018
9626
18667
28849
21236
8486
13340
20362
3238
19263
7646
9783
17919
7359
26639
739
21817
9805
21715
14958
29335
12902
26336
1445
707
7509
12305
13171
5309
2478
4836
3446
7339
3050
3110
8759
16826
4195
10568
8838
12034
28285
8494
1171
946
5392
1902
3326
14930
6904
15278
5673
12375
11489
9400
3513
8678
10944
15830
4499
16738
7638
14241
4597
9096
3753
7988
1953
13903
8485
16387
10277
8132
11851
19925
22953
20951
8014
13188
9651
9473
25272
4117
14359
7813
4677
8122
1326
7481
135
9258
12583
25221
10621
3712
10535
2101
12642
4974
15244
13466
2381
14749
12947
589
2440
485
21173
7508
15994
28599
4433
6220
21225
3277
822
23087
18246
10955
15397
13453
9251
7370
27609
22408
5120
12976
14205
19830
3178
10163
25879
11421
1641
293
13619
3236
3475
4194
1418
9216
9115
2410
16035
13900
19174
1519
5691
23751
12265
7335
8293
30827
15388
3293
2764
13134
14195
8089
13991
19697
25056
1217
27184
9716
994
10479
33126
9820
6994
10089
4155
14119
11895
10381
9067
7338
12723
17090
31167
15678
12805
6505
16796
15362
27598
10880
1989
16275
2879
13737
19569
5898
16839
1218
189
15004
3749
9492
9956
15613
1892
1755
4704
5106
7113
5049
3409
11401
12983
10274
4932
11992
20543
14630
9204
1648
6135
6916
4287
34520
9123
35707
2545
5831
5337
3198
5856
19393
26282
20778
20879
12826
7746
5937
9664
26594
26420
13140
15532
33902
3502
11281
12083
6349
10570
7651
15036
17139
9988
18278
8249
7617
5207
4132
4468
121
22953
4433
12456
34948
13793
6999
5812
17555
22806
27101
18964
9857
477
526
34361
31898
16725
10481
13569
18903
735
1919
17861
13233
10915
28968
2728
2701
20043
9835
7672
1150
7390
945
416
6122
1355
2297
28334
4983
25954
2667
1929
3333
14097
1237
13027
7942
4248
2853
2071
14062
14645
794
Case 3:
109056
111514
63768
16329
26740
28556
115253
86970
178487
15643
66875
122707
179884
120051
52742
103946
206515
176198
146430
15164
35974
90910
213676
152204
96169
31372
83421
65181
164132
75514
60707
34036
31587
126078
768
72982
46725
57782
53646
37070
89211
35867
45967
115059
72227
65906
26492
9627
42568
224706
92250
198007
115478
218341
67089
79431
75739
154602
8279
1327
104534
108319
11249
78965
12163
194307
94125
35898
51600
227801
62597
136557
140989
3653
41388
17418
47891
20390
136346
6658
130075
15563
101043
171318
21768
118626
6008
53125
8219
67905
107229
6210
9482
196824
85128
36796
50617
81920
45417
117222
39996
36432
34923
69845
63208
47297
47721
55038
104188
137526
113023
61219
61103
74314
22289
114447
142980
29033
111156
153887
22911
14703
8577
35857
53713
101756
211335
17684
82181
116391
142116
207620
125401
32309
109922
22137
30082
100157
163394
5654
55869
50800
2508
209267
124250
121749
98738
32765
71566
62391
94056
244056
119211
222550
165389
74491
173268
77596
150142
31705
516
110680
97816
30801
129040
49535
13413
35298
16977
210277
81433
109535
110464
67013
135666
82154
107376
66024
21978
159269
165377
117128
80915
37762
12945
47215
58503
111772
1776
17763
125546
48699
63182
75175
79704
190991
116317
176380
28673
79687
125
155040
176570
35790
114401
64983
32450
202816
25342
76995
22758
30673
152558
117003
213920
72461
2015
3520
17981
132140
26858
55276
215226
3048
198224
92368
111285
63465
39149
117001
150705
158616
50372
190037
39575
30640
117796
215254
160403
129844
66799
110539
135126
69824
7538
131493
62009
122111
26544
2952
127084
78580
115643
52981
14821
124720
101329
71860
57450
129219
184600
94007
68812
103004
54783
18993
10483
108929
18961
108306
82628
108201
38621
158486
90426
77336
8494
49438
25761
7449
163479
75722
87590
198823
152726
226854
153309
184480
161494
22648
132071
46771
100431
60261
86510
48642
63311
64714
53067
68554
9190
12404
201286
59572
160062
22396
173847
22697
128656
73143
3655
224672
87221
188276
32122
15252
56376
152317
48722
24156
22999
99427
127183
107642
80905
95705
19030
193547
17073
38586
54990
127734
145786
76179
11955
182638
95739
47382
82937
164191
203540
120330
101755
155510
167467
170795
52060
157392
100569
68429
23236
141942
198651
133931
53580
54193
49105
39749
52581
161884
201654
49761
3925
138233
32619
114842
137533
21600
121148
82819
19266
160010
5337
7533
50388
105224
97930
131650
138076
66326
113637
53660
22226
11135
9052
113988
37640
8877
62132
28452
98292
66108
36052
208003
66700
34562
12793
9189
3670
8061
59897
180173
115965
2508
38006
75942
65363
19302
55334
152389
99381
38540
100148
5437
119007
68125
57851
96250
13029
134757
87224
12477
19039
115206
50921
85139
39174
115931
133439
39044
53559
211549
59516
14961
59434
123646
16114
132325
105794
4878
37596
106999
1145
224184
61691
51607
85886
114102
82054
51017
50527
152209
180058
44871
93779
127657
19810
5215
165141
81988
239802
37951
203548
232575
6507
17269
149362
34585
203232
4400
95266
50638
10514
124768
50404
172520
207695
74403
78568
37048
78131
21072
13638
96586
61500
14625
85723
55255
25236
118919
64570
127724
190232
167579
104482
57848
26680
127273
48409
220360
150971
145728
24956
139000
52737
76743
160118
128432
1199
116988
29049
74732
197046
36170
162035
166148
170870
24291
66947
57850
77515
82456
68395
58328
52137
163174
107165
75307
110575
142990
47147
149423
99191
156697
66795
117349
25179
9113
103199
118098
102721
123445
191037
52135
136308
64142
20320
40784
138086
53808
191117
35601
120963
192084
12725
134692
175419
53001
29503
5813
243456
202369
1114
90967
120206
14295
78216
180752
75891
60054
86334
70588
38654
156998
47567
105555
32131
125189
35087
61729
102849
43430
136434
171201
15302
21887
28866
76333
63140
124660
151831
100753
135701
36018
55148
235363
67183
54480
145263
33141
80476
175834
53590
46599
154535
62395
27478
17321
11404
55521
4307
39020
36072
90310
31669
8909
188024
63513
29741
55827
84191
127218
30910
143642
85423
111365
129187
130933
12433
129947
10735
15913
12074
71481
226456
83987
48959
104160
10130
8362
205125
77758
193599
34438
50982
71971
139011
7929
163239
91233
45787
70008
121030
15873
150785
238975
155587
54788
201422
76944
164515
109256
41976
139086
73666
83734
20498
115
57016
45791
115529
71207
139196
233355
12122
57675
52755
61739
30942
188670
181769
121188
3518
124471
62412
103698
1870
30244
223886
69947
92139
51683
27939
110532
180933
11513
145882
113640
185677
78873
32982
126079
110629
54894
7180
112747
98746
29092
42781
38583
21981
139094
36860
78292
22313
93085
160237
5092
72576
132365
42755
3893
95424
136624
15610
81801
228593
11970
112969
100519
78281
10205
870
6008
183097
46656
23082
129841
93599
156078
111003
146471
20154
86230
55743
80706
105913
45547
23299
30699
31492
117361
5451
19344
181558
22933
47883
124802
48228
25466
85544
154781
17030
164993
160853
79847
40546
9828
49798
22330
40091
85164
4642
53296
11349
116875
99458
147394
136372
243347
56019
116230
139800
119911
140841
28241
147730
34851
49610
70402
7748
197394
121142
10067
24787
19951
86325
33056
82330
22919
22811
145890
111024
81019
80101
164537
3195
47181
125557
17331
45135
55296
177430
95854
13546
15393
29729
190328
32063
29559
155423
81799
44684
106221
70518
57970
78008
94551
27807
199661
137142
1156
70759
209754
2187
101975
145514
140329
121939
209212
8643
88256
163486
11006
31293
121540
182678
52448
36537
212764
19397
100463
59491
39626
68078
50693
126686
3069
196479
201324
27243
144863
83417
12945
132423
30282
126194
96552
42875
65955
33766
30344
141952
101042
124158
105185
13438
26019
114398
10260
25247
13714
135778
47957
78344
116899
29145
5999
73966
67431
73381
19903
111680
20535
77660
58169
41634
30333
158875
57290
32233
173790
94587
57318
114
9703
60701
61677
10026
125188
233725
20163
95044
145497
134659
29757
79818
67274
115373
56259
81329
116403
13712
116870
46366
86683
87907
184894
55732
21683
22805
72261
177235
167474
61429
106565
150220
111844
12345
212210
175841
33165
107667
39554
141463
86394
8176
86861
235584
94103
202562
134151
54911
211776
108247
169131
68969
145615
48422
89331
78431
74640
99905
140178
120406
22141
117802
197604
111830
232080
98254
109090
27427
89328
68738
89416
47989
213939
33338
19157
39852
115112
31096
71251
48231
205924
197958
31635
181501
63104
136
128848
56513
115585
148117
65704
161288
105325
177057
8487
149782
38794
61422
5637
52140
99728
25551
205773
5228
5348
109448
20254
41889
34512
156522
10529
198077
36053
32481
24766
136110
224439
50258
146274
91276
159454
113993
96991
132362
142553
41984
227
146938
71325
8189
160273
17914
149814
132886
183035
101862
23510
138565
130580
17141
71685
137566
70478
111260
229392
77277
133
22439
82588
156779
8246
78223
5929
136163
136265
70890
18422
143812
98268
97220
91323
133459
82320
2804
60930
172250
61268
33021
45774
38646
57305
147034
33015
5121
26940
36335
98061
94301
118855
27631
85118
146048
14617
19996
76966
25746
111274
209862
117844
99568
168872
55098
44984
177222
12324
132907
123901
97068
1399
141449
200591
40176
15857
203029
12815
120754
17721
78733
20739
186408
3533
194384
12147
135132
119208
97255
92748
17093
60655
97380
82413
117173
70936
119505
37276
58660
152654
112305
192259
81006
169646
143421
18427
67570
96544
111492
11670
18297
83703
109257
75080
74662
92409
32337
4257
113305
173131
34343
134226
157935
12422
218996
110375
66830
192607
2869
141451
12661
49324
72091
143265
127348
5772
94736
219480
114431
37123
140022
64103
117116
40864
32084
26826
27979
97553
17744
65917
97048
4722
220782
127381
19567
27928
170298
150047
212373
167478
191409
35290
34575
66337
40701
20654
43889
55351
35282
44494
22844
54700
36988
58199
45839
114918
67257
104417
170433
109627
100546
16240
99862
29597
73193
1070
167677
71812
124162
92973
101916
8261
47605
127713
39085
47073
37398
92754
199961
18537
143103
34550
30954
36309
7484
151019
3594
85102
5948
32462
38034
132065
93949
121168
70278
103677
159262
118052
109004
23383
48540
99822
39183
902
50255
112038
94532
139792
207755
62573
92046
1251
127187
9087
19737
31224
117139
160
205800
142619
140958
6587
61353
87404
13822
98211
35761
59621
68448
94049
19560
60090
137949
18800
49642
82481
36446
62912
64600
30693
30813
175155
108761
112568
25354
32258
9955
1448
30342
12976
173032
73974
165683
67151
91039
75332
245582
33937
96468
72755
92616
83230
19326
70990
125713
87512
165545
47001
122144
2135
174188
30502
30165
91432
138143
20924
125171
2777
145669
31396
29853
79971
32967
112872
51178
109740
156969
76870
30063
85240
8469
27268
53157
110383
128077
19337
24113
66322
51033
8099
47387
30603
184034
176339
54315
84106
117244
40184
16737
53053
12381
133377
77399
29924
116960
42246
53442
92320
13042
4500
8078
107434
30282
98301
119666
167850
45493
93489
16296
84979
29147
78514
155024
175208
126652
20317
58275
82547
163455
74502
134461
17124
29895
54704
10114
9841
74947
194340
141923
27041
183539
145889
14552
42223
2115
46167
99031
83465
9818
94913
44929
40178
37998
40739
14153
199045
134974
12416
25434
42625
164544
19683
12686
31860
206419
233200
53570
47549
33180
128521
35118
16283
60207
80521
75001
127968
44180
22618
32463
76219
216689
7478
199692
50178
3435
27492
24537
64508
10543
7746
79564
40795
50504
111929
5966
124051
73485
85798
3327
40212
28976
10917
69086
38474
143604
231599
145323
11439
53573
59742
132275
190323
69873
57187
14411
22892
52850
66979
23817
46287
66229
70218
72311
45238
40737
185225
17510
53516
138209
97272
35825
147533
86391
82750
148850
49221
52419
11020
30300
117814
36599
163344
143576
35771
16889
138103
147603
85840
25852
1521
53880
13842
42127
147724
125161
33688
102509
75695
67762
75345
41346
70872
137201
97570
38913
9708
5326
24062
42508
175935
179507
43328
140076
138320
91905
31708
18280
106384
4212
177591
159345
75012
21082
40507
109421
180340
29064
10728
186342
68438
137367
18019
143878
96181
10684
17119
90158
82079
32046
69557
53743
67792
166454
12410
7265
96397
123177
19456
90229
20223
149345
46647
206949
63458
45669
80816
51120
98647
202699
49307
150102
119675
60117
58419
50242
8350
93644
25226
132332
10149
2476
126500
136929
22891
50725
106172
110400
38750
197734
19046
67007
11832
46139
7643
15030
5768
13291
108364
222717
102694
138753
143252
45738
68528
53939
5448
111491
11939
81967
178782
46155
24892
70621
97127
117463
10035
69920
22944
91877
36224
34198
30757
14009
115267
163679
4928
164418
185335
100827
119768
11510
186798
34731
9491
101752
106036
175273
18333
174116
33600
36591
25189
37883
63953
103482
162478
15086
208852
26971
84369
113512
66416
180248
28395
179104
200258
81651
47326
210847
108222
38689
139338
63155
15940
127872
14766
26480
54779
53708
36299
11476
199113
198240
51374
215745
96466
127299
151674
29126
118143
177441
122411
159313
30459
171163
144641
69108
40817
150997
3737
53122
8180
115306
148195
64549
184168
50995
5138
68079
222589
15470
63895
108596
43886
64649
61429
49340
44139
19567
15795
62204
76729
182186
428
194043
135276
217106
169532
23499
54590
98347
139843
27959
140482
142341
186644
104983
204754
23286
4747
118841
125658
87159
121586
21879
38997
31365
86430
42157
163511
49497
136220
86468
51113
46339
71936
30221
227450
8319
13343
124757
177310
101942
66049
36658
11733
90325
83200
135763
58538
121340
24522
118337
96010
13945
94003
43865
55595
64667
88466
50590
57161
52866
2769
161974
70657
87421
13884
6279
92718
44019
70435
31997
109664
107614
32817
7469
102156
1827
62106
20462
2748
50734
58245
141776
159647
33317
178300
59114
46729
117678
141841
137360
89384
7695
117810
112512
122182
54922
97074
101788
100708
104063
37713
731
2501
105855
13996
39286
165959
147018
124973
139525
73608
117792
32859
12385
2407
24894
123816
178782
117057
79172
56514
165222
157516
80346
122971
45944
111603
15811
65536
84749
99087
2281
147201
2650
62506
78827
115859
5349
211565
107292
22043
132913
178418
145269
53870
70400
112878
159828
41545
158801
545
40242
30240
158991
57231
136259
127129
18704
18349
166891
40540
186231
11452
28718
74684
25721
41678
174572
128044
53532
169154
98367
37010
56392
53680
65061
67959
165935
48650
177835
153736
13438
33033
33708
23765
38308
99678
65134
108813
177447
133277
101232
66888
80735
59716
149557
125045
157674
185653
23579
112820
39662
198596
35258
20961
19156
162036
127108
34633
68224
131404
199430
40180
89992
32212
35757
115516
38429
39984
11457
108668
18774
79593
112286
134851
71548
137025
26825
180324
99708
131770
58704
48297
86298
35004
120713
141562
103450
55090
67857
112716
58411
90051
119503
133493
4956
155816
135688
136610
61533
78452
102574
103876
91277
20993
107494
153084
208112
24186
196206
132277
74346
84565
23516
65946
219
201801
83002
42222
2176
1837
122137
118390
68557
133008
137512
17131
75020
17573
158580
22210
148634
114655
155178
134615
84812
204007
156486
125764
94952
82336
92512
105581
17245
69350
55018
111466
94566
16983
91564
14467
109519
129481
166921
32445
161393
31696
24292
142091
77396
155839
206718
584
19420
39194
145539
57891
15136
140724
93786
134703
11564
133484
59048
80263
85840
3058
40414
31235
26069
209747
116648
10845
7628
128278
23790
64728
183641
165911
79025
116666
107897
10914
17258
53327
66677
186599
33898
157746
41477
76030
56048
10772
171686
95459
119185
86682
4652
41549
29948
25119
114756
97004
110561
100641
45567
48899
10818
196561
69299
80952
49787
21562
204573
7502
160443
80403
75653
220936
113557
102310
70056
75450
164757
43389
63683
196358
30310
30858
103136
26460
35228
115313
82831
52015
196921
132554
10843
227653
130367
167089
89849
88518
46978
126251
58562
65822
69057
135794
147534
79224
36772
178392
19296
10642
141639
226868
132055
219215
66837
48923
228554
22086
41719
74120
53489
8000
176613
120191
234999
27004
18232
33579
2686
95109
55199
15543
77783
103073
491
235121
7467
72611
177549
112285
1005
220610
115148
62221
115189
827
30967
8133
99869
22441
183347
20373
167339
796
73000
21285
83109
18650
141182
39519
53052
130020
118035
181669
116478
145374
115962
82089
84063
64459
185840
185880
123625
61822
69720
9878
166482
118115
125505
113991
18094
24544
61339
237146
28703
4922
33702
128390
18535
30171
214531
56333
102431
97225
89792
128113
24862
120958
94292
147435
60727
78182
55186
7335
70637
44795
156143
127349
963
40257
118931
56097
165653
101660
17062
130855
59108
81217
24294
220889
27823
132600
161461
4206
100257
14240
101211
10295
75940
22768
59457
102081
73277
215390
196644
10967
23419
121117
33122
31063
229251
65728
86572
27879
139668
121544
7161
8402
2844
35780
26487
42322
27613
143400
16334
61195
136441
115437
42265
7807
130083
39236
7093
1708
45
27030
86618
31791
151561
79902
37496
75550
28576
21409
17375
73937
44640
5877
87637
56902
44946
69860
26480
37960
180797
86711
185769
76639
5530
10166
121429
140309
19521
77767
51948
2227
216335
160009
128147
81543
33319
79980
127588
178023
64000
70857
129652
109095
79315
57060
15874
52890
80512
109394
531
64031
121554
51578
32492
114827
17157
128998
139367
44198
8227
159578
61904
44359
20324
197859
149790
49653
10023
139176
12509
16715
6171
68613
18059
72106
70315
89483
140407
165221
64290
28303
185104
24401
229723
79901
58214
131763
156247
119561
76944
237476
68703
2057
17202
7400
57471
78299
176706
988
52552
689
128530
44739
30310
165356
113352
21494
7011
83661
86007
3105
226928
19536
122192
118653
140616
89633
169193
207991
42689
74705
7281
83472
129152
55199
40365
1851
3400
80429
16850
116454
113595
132862
218092
115209
26766
4539
45686
65626
143968
200256
224647
23572
220034
126533
183681
11590
172067
34882
94995
121618
100864
156681
6553
43818
151630
37161
129156
59416
58745
11565
109470
114320
76878
41712
17188
91939
59354
1113
50065
139143
142386
1045
97525
50965
9582
88203
156689
4223
124075
5691
14450
209279
119515
83352
7981
179076
78472
55116
70731
164335
38550
85514
77208
52705
8078
10275
192873
108566
37371
146101
585
110228
105385
121145
8333
15918
39281
45455
198639
158245
207494
32101
12289
10071
28708
79853
5429
12737
101708
9687
80104
11872
2050
43035
4071
74450
56429
37312
31019
205327
45323
5674
233223
209866
94028
31665
35688
82197
119882
70221
31044
31337
179211
34076
36592
216125
85927
75229
29743
71093
63350
26442
83721
113285
204720
40568
106688
73540
220472
94408
112250
44853
174091
193406
35621
197651
41141
185096
19249
189787
114868
121466
94827
286
177587
36029
30149
105146
30456
109143
3540
13855
168357
94735
177775
27679
37337
227722
50797
160975
55633
10728
57713
82962
136363
254012
179254
226228
173703
49847
208934
19886
8940
27428
104157
92408
80527
38358
183414
153511
43958
69057
174047
119558
54668
16317
7676
3821
18506
89563
189252
148638
38931
56118
114567
8383
19476
114858
20493
11567
167338
27652
27360
100621
46249
35148
153592
43105
119617
135312
35280
190891
51752
242675
114389
33715
85603
122633
19282
68352
216643
8186
56767
120221
95083
7134
131079
116580
13855
50246
8684
62112
1077
152892
56036
33330
184078
4171
74843
60144
198376
67275
43597
141726
30393
23026
239950
20493
203740
46701
139621
2064
176739
119060
106397
104220
10127
173565
13132
35781
32154
40664
86940
46627
32315
174083
29382
2188
73974
125882
212012
24052
151922
23601
98180
15124
8419
57922
77055
70999
11228
133039
27579
17755
44933
49132
183166
133699
91162
116994
31183
97775
13077
125120
68968
131227
154313
101548
3358
51050
139910
28667
124505
27793
53015
21632
183980
103197
162570
149236
46738
35537
10775
117510
42110
13809
40785
4784
127977
46348
72278
62458
82432
75985
106005
29715
209043
148406
21993
194303
51027
209189
22799
65725
15523
29901
55640
36015
104704
92298
3004
116472
224246
75929
127884
1591
21624
2057
10394
134870
130899
55803
16225
185447
76256
47843
52525
104246
91828
11664
139985
87736
90381
35642
112962
11010
76595
48546
77288
917
25312
108189
17824
28193
8823
149419
182111
60218
88199
2694
208989
12078
167332
139080
11797
60234
17591
118820
41931
141402
182926
95177
106462
39021
29564
153206
194305
75327
56735
192953
40714
92804
13922
77855
233675
40
50886
143398
131884
76350
8271
214265
75134
125076
165503
38294
235336
129320
27843
131228
99184
74212
94089
58982
127688
147070
251221
49513
25408
89742
211494
159581
141426
101769
72676
62960
3597
59444
150301
33760
33804
133708
58873
23410
51561
112432
112803
41830
1719
60847
26274
59051
135820
78533
87146
222092
221440
3205
69904
55050
40201
53590
27797
133147
25604
23695
102327
125569
6007
112306
16612
186772
34405
132638
164945
180383
4313
192967
10143
101837
28168
62335
24396
10214
117591
2850
39749
35399
27983
56099
29310
144075
115749
7397
95633
149173
60253
188067
164204
151898
7466
177645
159086
88972
145649
158912
26557
82617
64902
114136
84068
15207
62291
3573
247279
1688
71424
42266
41743
172941
215201
29109
75004
11067
69813
53077
49538
119797
137466
70443
4866
25297
37301
124996
4363
24116
21110
54546
132848
132529
76660
28548
64299
60421
203057
5200
54828
84286
13996
50433
146281
104397
63018
157939
54614
99118
181022
132476
185047
15170
119088
6612
126135
10302
40939
7905
139747
124128
45165
145859
26538
100253
133105
35059
114920
107913
115330
9846
223366
106748
106107
60470
58125
175281
121214
116667
15403
176997
1428
39246
71793
12393
127712
54125
200779
81005
87895
42963
29879
127810
208383
16719
48422
32708
109094
93363
68236
9962
209212
137487
36745
29518
49431
2076
47161
160096
932
16401
120913
106
48813
47716
164565
9133
91238
53510
47979
217807
102125
49700
103547
71287
30242
245124
135223
76719
103164
49529
4109
6809
26702
48942
67878
147807
106374
116551
69058
59526
73014
77271
142846
168974
19858
74483
238555
7126
53968
124139
111103
149591
23718
114918
48653
27259
10992
537
101342
55737
3017
191737
47247
98866
169925
41703
29180
101324
102481
71602
145667
72657
163897
81598
162486
142768
77455
102671
63471
75284
39206
198979
74437
52735
143777
154734
54153
98271
45668
119584
377
110364
177964
96167
228536
152725
58151
199160
65252
51992
185473
9260
144589
2108
108224
38178
38459
82663
173396
26365
227692
60861
97487
181908
66920
120522
112109
76373
108206
22683
73084
32861
50774
137606
28385
93388
149932
85511
166317
253814
47544
82546
96416
65165
86096
151336
123396
82553
167486
783
102572
14723
112128
49717
121916
26302
19303
61039
93020
33598
125294
192
73579
5223
178164
90427
166101
23779
30559
152413
154867
127184
21449
9241
17053
22005
112747
117990
24814
91654
61066
95656
98067
77793
61731
2895
190114
5765
19897
73525
3455
80498
73016
76875
233611
244055
81661
16871
6602
45064
88676
147305
127602
242149
21367
22552
40492
130520
144373
17113
65468
239728
14306
17346
146475
7673
62823
130393
7672
43440
16854
188577
113449
45218
16533
220823
188859
53332
3032
38925
18005
121786
217187
Case 4:
20865
132355
25441
73685
83029
68779
66945
5451
39105
57598
112272
125400
82544
10095
3761
84655
3076
12931
31837
56725
17983
39408
43606
20754
3872
69796
54401
47492
22738
35137
2350
34187
35980
131137
8786
114899
63312
86529
59642
76341
157603
52277
26028
43410
8433
4950
88883
54207
140048
68465
2689
31507
96192
10639
50569
25451
51559
11390
43032
99439
51069
61681
19231
12076
46824
72693
10369
128474
12695
127096
3106
10262
86898
96030
53515
55632
29622
153524
117335
12939
106716
136955
8265
22606
72769
257
80200
18334
108015
23409
29360
49234
12241
70246
51715
47089
76503
38839
12124
157847
146355
140634
36507
36029
26431
28736
73090
84873
34930
25622
29878
24556
47593
2839
111381
42838
66977
93579
29250
120744
47544
3187
2508
23085
7839
51577
106477
66177
49211
47393
109855
133279
110464
15789
35276
50803
5974
71961
25391
76756
74866
39259
118371
88187
60437
124185
24661
4007
68194
126142
5297
31670
94305
65851
109463
369
59261
988
29091
16455
69615
77091
65684
4911
55194
28514
28482
116668
119944
3577
79603
11900
62734
16048
34064
71855
47710
16311
70012
2454
87885
6441
76351
68550
119883
2254
34494
98920
155894
24756
27999
24067
46737
48141
139551
106677
33815
72123
33576
13830
16589
22342
51824
41252
71442
14036
109952
127494
81303
29568
64891
36376
27853
87181
139626
94763
113306
3599
50351
126420
4121
60552
54507
133778
27221
140265
84897
72282
108455
21163
40490
19578
111319
27995
649
124243
94562
20011
87460
53567
54398
9584
28699
15456
84038
85425
33681
72780
6932
17507
34872
66146
81616
34918
116462
38294
64441
4270
11258
22692
155330
39742
65598
42005
27003
7382
81723
592
48037
36190
84963
2125
82309
60341
122223
71367
91109
15376
110698
64435
26058
21024
140763
84710
90206
33499
29383
2457
600
147133
35680
7066
79321
3571
106021
30976
14865
25790
43412
44997
10620
24576
6334
44412
121248
138415
61050
12633
110502
42409
23146
32910
17691
3993
100070
86790
61194
76939
32991
48209
129822
17478
11012
30631
6953
143098
107008
89282
28811
29232
4719
21589
120155
155279
157817
119765
92402
42651
75330
30807
16933
61339
79179
7709
42391
39385
80338
127731
44394
4076
69071
15181
33573
1245
75218
25471
32793
31322
12969
22698
5776
105877
85672
44100
38478
86145
150950
16965
97941
63441
4306
60518
160714
38979
10057
65994
30831
30856
17393
80681
64339
73850
125835
70438
48321
72660
88543
71471
113957
90745
156674
79856
45573
75242
45540
13376
9220
52581
15613
36741
6169
87788
29908
58129
65963
93339
122423
86160
40756
114361
70183
24138
62602
108112
86505
43464
42426
1308
71904
42520
67559
71005
148798
50563
86336
2725
29544
27362
31406
74413
43271
19063
20064
105493
3797
100317
92451
55794
6761
1257
5205
49920
77498
109418
25230
110019
154344
8271
22704
10189
90735
132809
105333
97686
30351
16842
65102
7644
102573
68142
59387
49185
72974
65835
32422
28593
109880
30504
73502
47581
44128
90401
3554
75007
32136
91053
9470
63935
23948
8984
93675
47247
43598
67862
127584
39467
60773
65304
25258
10328
60257
17311
2968
21875
54958
23033
35660
22476
119917
84744
101841
111832
57351
22081
69783
27719
76032
754
2518
15901
52608
40147
11209
31356
4695
14376
11999
112726
76136
21859
18456
82688
27690
37719
25348
20503
84235
135138
2255
77482
59954
44359
7206
49924
48824
44685
24653
48400
23149
47283
7844
30760
2342
18974
93199
34413
4504
38902
118371
15335
58475
2075
96288
24741
126129
18086
59522
120462
16377
47623
72704
31321
53445
21782
51038
28699
5134
63013
36554
62620
86530
64209
49776
63468
42113
79121
69427
114364
34074
46337
95205
92593
115866
39797
46599
34481
46337
17974
75517
64871
12322
72695
142943
56055
34446
25073
62929
41139
124493
72898
116809
130315
9057
59287
148253
7814
48591
40486
6203
72181
7197
25493
7195
104200
44796
1238
42415
32798
19390
79149
35072
40415
98492
20886
64716
73567
88077
1621
8577
1147
14580
57974
540
51115
37119
7524
79234
101418
2640
18446
64393
52662
24042
69407
18151
52537
3747
56431
103379
28452
5377
1583
48783
40050
63614
103891
10169
102330
68559
34665
98763
22245
14591
97942
41554
8234
127204
89454
70303
120825
27370
32421
27459
144915
117056
119017
12916
38591
2381
8696
1249
71780
103892
26073
2316
99884
11387
3873
142127
147636
40452
89685
44104
49636
45384
137995
94690
130132
128584
29968
97861
135363
3658
62850
29111
44989
35193
89750
56886
31020
7222
53377
105552
31581
42057
25008
76424
75422
95120
32215
36350
108791
38516
19422
90893
38126
10853
66896
7582
41742
16833
38335
31637
69129
11931
74279
72599
61527
25317
47902
23836
34698
87231
54094
6422
18203
31166
15104
69563
56099
69898
55610
44266
2415
18712
88970
55772
9401
83538
13748
80915
101300
98966
301
97099
85479
129681
54732
51295
91117
131809
128144
27887
76450
47260
6950
143133
28758
14085
27337
30714
56978
111091
78794
96699
20564
33480
137265
61996
66088
89009
6388
10205
13148
7059
32505
101714
34477
72779
39400
91109
159373
126861
121
97439
31700
12247
89201
24353
12587
26788
2753
15865
2945
14910
50168
5669
10561
7707
32431
13859
30825
46245
81030
44017
345
3178
141024
42315
136367
140424
75673
87814
51984
114649
53181
10051
28103
88277
27142
38413
27305
23708
44950
55648
120359
63694
87410
65904
137762
8057
42234
8035
35304
39519
24453
44342
31001
26869
28779
13494
85725
1448
2653
76484
8648
73959
67492
7927
7960
56503
13292
54926
61413
62935
37850
16292
75430
40477
1156
59338
99705
99908
63319
67916
80055
36266
29856
22405
69574
34007
77070
29320
82436
49545
64833
20865
47535
67951
39705
107202
116409
992
6176
73530
91727
12099
34112
11804
129386
27720
1874
68710
29122
139901
91036
100034
7570
44614
76062
147116
90634
37526
37602
78810
73908
142210
50908
21966
45653
108429
40788
52747
17502
84958
1664
73299
35487
24288
26378
88259
5387
23238
103730
35952
89903
48798
53097
14468
59937
60277
13103
74146
6643
7114
33296
115423
92570
122991
24569
40318
56992
46774
15334
62959
124055
43000
21708
137711
9304
52238
52007
73574
92396
109182
109979
7980
87715
87821
60422
125818
119419
64942
6005
56573
7302
115518
106112
32870
3731
33379
116140
15180
15245
105247
142815
35613
84514
105187
26893
70888
7380
150138
21287
51108
14308
89717
20364
24865
49981
6046
68672
78010
69312
43433
126940
28917
65886
30762
97537
65111
7891
36887
6797
21069
47106
18249
48176
93025
163713
29119
86786
39871
14199
107446
5711
47743
53223
4159
11911
5608
4535
23588
80457
116959
32506
96358
25757
129243
73875
53028
54519
38725
23574
65564
63897
91504
72708
2004
91882
113066
12922
18658
32442
116832
28981
107204
49605
7767
86435
70902
106663
74011
89954
140699
46928
57910
12147
66783
27472
12867
83724
11247
138786
100492
1134
7463
99785
35253
52185
7950
24366
56255
3127
88356
19808
58042
63391
40783
1766
32650
105980
52240
36632
65432
38389
10192
47963
14340
126672
58832
8472
39343
17247
106773
118968
37588
21994
89738
35583
50900
13162
8104
129957
3869
123506
40617
131137
37961
23419
49851
58062
19607
95783
10108
39405
52190
24499
33998
37469
512
33808
118710
44311
12287
41852
60328
55984
43944
12476
5684
137716
86889
24995
94853
62802
1252
84889
105045
89434
17436
70871
45538
18143
30296
49453
5483
21521
82139
126414
7018
67743
87481
3789
164
74656
6969
94385
87902
7440
30340
59728
39794
94323
14016
16720
16327
8559
43857
9060
11795
107697
94673
50938
108546
23296
7213
61010
96527
12334
57786
125764
90083
49008
98057
131590
66813
90994
20285
63154
45001
68231
60459
75658
91877
41811
24798
10580
19644
88506
14411
70393
98004
101632
90032
61973
23971
71223
30920
122232
4733
75719
82569
156006
61733
6903
96083
9180
13316
37646
8908
45799
99360
12784
96571
111860
64538
92273
46395
36797
30050
48026
17407
9331
13935
29086
76161
19544
52198
132894
92735
19882
68588
122933
6253
16572
7510
5099
82663
31390
16709
46943
55358
28419
11727
75877
3231
59361
65845
27599
39139
60370
13645
95341
33364
64138
53811
40902
42748
103
44288
8680
42048
112406
62491
2655
84379
106019
94787
66449
60968
67975
62103
14842
80824
36106
52819
83294
5347
188
44988
61591
67665
43506
44192
168690
110853
6358
38897
69363
43630
19078
10936
75459
70108
64559
50885
85155
52475
21499
109469
250
140688
45959
70249
14146
81903
78345
60638
21366
8964
25043
8896
36751
91767
41476
127816
72213
60193
77076
82619
23831
55779
105734
73161
108149
16166
159064
44224
154482
145248
12820
6574
48684
74657
66288
38735
71760
14240
136279
72321
61247
42298
49217
20718
119322
59508
23766
17804
106653
41728
38873
73443
7831
48773
13548
17393
96671
61533
64760
23617
5738
41048
3532
79765
19982
88536
31773
40729
81472
60098
39575
98071
100720
63770
94799
53537
88521
26985
38915
74340
21409
18113
75092
160715
9149
96460
68234
95768
94862
73620
84861
101860
31214
87359
38844
53751
19618
42852
20030
16098
4178
8610
7402
12680
24808
43026
70512
6287
137460
25950
64075
23791
98981
14148
66997
70707
30587
49628
85613
56874
46021
48315
73856
95628
2802
43237
86370
78049
44701
38338
26834
149970
6502
141996
76961
91147
139086
150455
94777
4688
11602
73820
100325
77827
59508
3698
42385
27451
65349
32595
2308
25569
37953
6014
5057
121663
53213
5307
27758
28402
15831
27810
54818
40652
45274
39500
75471
71852
25442
6469
3068
121628
112605
35916
131792
51390
139338
49561
3156
94238
50603
100043
16065
27002
50158
50461
76474
34773
82855
15958
59788
4718
34038
90348
5452
85447
44454
15055
99536
157623
104386
98881
112722
20419
163855
98006
166339
30171
122077
24742
68814
19920
88977
1414
18077
44067
9882
64383
9293
97350
98458
105146
97310
70676
29714
112185
54557
14374
7595
100728
55295
40226
159154
49078
79040
63411
80308
904
54626
10100
37661
31213
32245
100729
8084
4873
40175
157167
6435
74618
40821
16114
53550
116313
77620
55087
51311
41654
24846
147211
82226
161934
48271
31812
72118
29032
70597
82468
43239
26571
101338
47608
48706
5737
86634
29835
54881
3787
117457
62177
18441
71582
66836
84137
89306
53744
60749
15250
55890
29379
52637
37348
83748
3173
28795
23845
11125
2911
128585
111002
102892
5916
13793
60857
31622
46542
710
115897
75286
10206
84085
77011
31982
29365
50902
15072
13671
44935
1394
7900
8032
127751
105468
124152
131630
9725
38286
46212
2944
20828
76208
7580
22146
24384
1401
130730
42716
110958
52817
77015
78295
3250
168303
26928
3086
66509
11041
109271
67661
129659
111824
101570
30911
86936
9532
95182
44400
36161
2592
97548
60024
123272
93240
12143
87692
159817
42042
24919
116818
22805
43672
36474
8903
27127
20391
85638
105044
11460
70415
105091
78549
26172
86850
23937
112483
74686
59081
143702
49084
75120
34166
103950
25702
11601
7790
11231
56537
80684
1557
48384
72329
55371
25789
50177
134928
98174
63563
3348
834
151362
119784
98964
33134
1818
20151
17485
16299
125528
72482
18103
67744
25035
112087
80018
56844
63662
40867
78036
64672
85135
90532
23214
120314
106193
76924
27255
125661
98018
71921
42354
115118
94420
99529
72150
55377
157016
11043
24635
111889
108426
58968
130406
30224
102821
31687
168254
33309
25657
6808
24573
530
82421
30127
25911
70333
42899
143761
66001
39162
38075
153590
109497
68234
2234
6749
66769
95917
32675
107468
59428
19795
107199
150586
21755
108912
133847
18414
150875
136063
18556
51547
11779
83466
10410
694
11804
8166
30391
45163
91521
12815
139530
67068
155601
122563
140766
65217
83807
34362
20031
83622
81917
66363
20307
70690
147725
62769
56116
14587
36657
9531
49724
164423
19489
7343
68979
2690
8754
16501
74928
23090
103672
54945
13840
19714
355
116857
95578
73374
71844
97471
156475
87624
96172
4783
41988
78643
85727
63192
64325
90726
57076
38654
56983
3120
99931
110733
20223
86573
94952
95388
114745
7840
51887
120581
98076
127929
107095
86042
88392
73963
20534
101341
21123
24346
59870
25593
1363
105639
149065
7358
25189
98365
30772
56362
34261
51402
14346
3010
146791
139618
71817
56090
125320
37303
32445
91396
100801
150366
1162
27031
27028
83041
126039
33472
30209
39916
19068
21137
6565
39259
118404
110655
7186
65052
35720
29991
87013
34648
31045
13575
60998
39268
80297
125871
475
118353
7678
111750
74555
26404
80245
85680
40697
66234
134969
39880
83961
81335
15564
38603
10813
98169
37210
31149
39215
112469
114836
52594
87574
86741
78971
137981
88868
105248
93355
90627
17906
80827
8603
23533
102652
68878
55430
30204
105256
86814
106572
80722
12734
63571
13222
47277
102559
46418
120550
98216
23822
12905
65035
80452
46884
21716
29193
53415
108300
17058
4733
25241
1789
47614
33001
27525
87107
23369
23308
68041
8472
67269
60533
82422
105340
63257
36424
81426
130022
3312
131122
54685
37092
87870
Case 5:
32130
35275
122891
48896
62922
124565
126207
54513
74841
59781
24929
112929
69056
25681
104075
35732
81465
55048
30929
39678
182350
48073
42024
114938
114292
43990
46544
73136
117292
67166
80325
85673
101452
185270
139428
45784
23191
52413
124876
121879
50292
20504
63770
64317
53882
26020
19464
57327
117172
107146
86808
84672
95602
58841
3388
27598
171820
88604
18303
161538
125076
70384
86614
146478
50024
15621
12672
5398
114060
63480
145901
90858
156455
996
32250
43769
111054
75732
31467
155118
114490
145781
56902
67262
75161
189590
140357
226793
140244
190014
105806
39017
55143
80504
110989
122024
67708
46064
136816
27762
100725
59151
163101
88136
103425
51160
18819
119208
2144
48492
35306
19416
66038
90110
172436
38192
71850
212089
84881
101691
34472
73800
134556
36201
51840
56386
98347
150373
134480
93426
117929
96339
59979
37887
72397
188456
10907
125328
81751
140375
91629
150706
183591
109905
12096
127310
128807
65165
41378
11909
96124
53366
37668
35477
166097
88214
111774
97248
43450
36742
8523
102016
8391
97542
17856
101815
66740
34678
91587
47130
143786
104597
47237
124716
99802
139299
79134
109215
95255
21537
133080
113841
53316
129506
46370
41356
12083
156523
114459
26974
55386
7237
160532
55798
127253
74073
149123
32883
128827
13006
63332
98267
66420
152289
85413
221405
28988
4810
88236
40935
66974
10601
154861
52133
71042
99902
101442
22534
142734
8923
161208
3633
8559
43143
35763
14144
49378
77431
27613
57027
60851
54759
142339
155774
4424
37674
87978
148908
33997
40147
33689
109827
145505
53367
48918
117591
72560
92730
36543
20482
37359
40351
125022
48806
180378
64854
67506
26713
140684
55238
103799
10665
139383
72028
36452
165148
214158
70808
41708
175983
200665
4061
210789
48400
98056
98543
31396
99227
172095
137113
103554
54499
87016
75779
3662
49230
34586
12647
37172
119310
47423
63411
81269
50639
78560
42991
187779
34401
17625
77503
135411
22670
17845
29857
157370
232980
55230
175627
60975
64151
77622
71188
79789
77430
79308
121053
6692
55596
6159
13849
80820
79548
160825
113089
196770
149720
140654
77186
34494
126602
163151
158042
106527
29544
30389
170458
14605
26331
56183
148347
64997
77224
27897
49319
213591
7480
56994
87952
118616
169805
201973
89047
41950
145485
39575
34826
200783
36246
126972
71621
69646
60525
62101
69019
169
102050
122593
54671
93019
54273
77987
8700
160193
142189
48288
199399
33403
105806
74539
141509
50229
40077
94521
29436
2748
94496
122271
109086
125670
123846
162135
73870
34051
6831
148051
54620
139339
29009
120375
12219
50429
55921
19278
25328
76985
144885
100342
4164
175234
93605
72792
4741
27608
131508
171702
35382
108069
33548
356
127632
143025
88286
12731
35430
98076
102726
72203
135135
103817
118108
151215
122216
112909
119493
60246
121146
30734
10355
105537
105716
45811
103231
144645
65776
26246
169427
54792
195859
38450
14228
724
12817
24782
49005
41387
110052
11983
184805
124665
4260
7071
57911
13767
189200
51872
28329
56355
70499
181542
111100
149553
479
128099
86278
173539
49030
201713
78969
23261
229318
142509
14995
60167
113322
10915
85001
15066
25461
21807
1118
21353
36037
90875
168132
6028
115279
25590
127912
44185
82363
30262
42346
158811
116161
76000
173332
69740
511
9168
83692
2954
189619
14536
337
34147
132818
69277
93822
186671
152748
69537
65880
94458
74770
75758
218705
12624
88103
8524
189966
29528
190601
8724
119785
161856
17301
26745
16589
107339
78472
16976
79939
50651
158299
122016
132101
21835
39048
4716
205936
42253
183201
3325
7228
125073
194105
17042
8321
112724
79122
109026
62164
126723
100024
21610
26649
60529
37254
12031
40676
74534
49503
2442
78554
54401
21600
68770
62519
65828
131070
168097
81539
86824
19521
75115
78405
30217
23959
17288
160336
49289
40672
24117
168806
69374
49419
20970
85312
46341
23879
9727
107150
17589
54263
139969
163804
7321
134786
178567
123763
64811
120170
11906
25138
74839
121017
91509
60759
46930
174250
121762
130786
170575
104610
125909
83008
5701
25122
39633
94559
79000
58918
52382
12388
5002
14576
24171
117205
221258
38454
13253
210252
120005
126262
50370
102655
59148
47367
16485
139893
14728
185365
11174
123745
181054
117322
37094
43796
3949
76736
88001
2056
43665
3759
54531
130556
60410
17439
62344
54588
13528
73959
69533
102986
10094
134832
148248
159946
88099
151224
94369
84262
70371
75065
110508
97074
23318
52056
8929
173557
74730
191098
10863
68666
14743
129081
142217
7096
61603
224636
69751
23203
43314
29242
23343
18035
106380
63233
48171
163204
8778
32623
56069
105682
67004
64888
5781
192263
139389
89613
46706
94612
117085
74967
47753
66799
93072
38315
30005
34451
42329
8454
136652
193972
209354
130184
28614
86572
148733
7283
31134
112542
75695
20937
6334
153517
117544
47445
19662
50436
8516
22008
22400
49301
101744
35819
35332
69115
41905
63800
102074
10919
97221
132746
44999
16155
91017
74227
26985
9295
191646
124947
167159
40001
56943
35429
35209
43814
64976
77112
169994
42325
220241
118917
27024
209010
225658
134669
43683
13389
32372
33361
107798
126022
3549
2043
2852
13870
21636
143243
12008
29713
120913
45791
153059
37508
100613
51233
10330
109585
87595
98395
22393
70563
65196
110541
17304
30736
34077
59134
175283
86208
117674
45805
66993
2876
55884
167529
111045
90170
65339
147625
148304
21510
147802
124158
49031
113564
14704
100738
162642
3593
150333
25324
159478
101149
126908
21444
113652
62607
96953
24975
148222
64432
134013
184722
204290
100230
67037
48982
38889
17518
57001
106216
1016
66240
164764
17900
12181
119062
78394
49751
26552
52590
98293
211375
46406
63079
211246
208505
34427
4417
104092
85344
149715
3455
657
43598
66722
18235
16668
24214
88158
21396
93339
153663
130328
32551
94144
76188
198944
85485
140835
48026
87006
25884
18190
85146
18959
103644
16938
67369
8122
80154
71419
68556
3564
171519
117241
66190
22722
189694
142787
22992
91548
113404
31756
111536
1585
13632
162612
158309
26384
47586
106416
12204
116407
177402
20941
173931
162793
73077
156190
34384
32538
87578
187952
65465
134122
148223
33209
11221
120159
2348
12251
195558
130892
78229
52203
32371
167965
43573
113175
31
76917
56158
38402
20416
111349
21076
41433
17705
73133
21769
165045
68684
151418
92749
10106
196201
126250
29349
51267
82539
12453
172171
103108
14335
53387
102532
107580
223266
21995
64838
150530
100564
85583
189041
96603
74286
210069
14255
15779
179816
91271
14776
170606
154920
209909
61072
80676
177028
43327
10930
39263
220820
133450
127245
130458
37108
38618
16080
74578
89216
86056
86543
58246
133109
189486
5522
149690
103547
111488
144437
5027
25618
124594
159401
23601
69677
90147
117674
67740
26176
30755
128926
64942
95435
9691
143511
844
40056
136071
36764
32348
64595
168249
104159
60104
6788
4206
177517
79730
27205
49225
27807
21297
127434
70961
3358
132088
43408
77550
54068
48707
73838
148905
109289
17060
29377
50160
94209
33623
87621
14806
10097
35616
136494
43421
32600
151163
27482
148397
177812
79860
43829
51567
74415
91154
70381
121852
3519
119812
108427
177016
129899
81972
74591
11358
69786
98210
170038
52633
61291
125669
120588
94904
196359
43924
19455
17859
189855
179752
207947
34090
135917
166435
88335
87526
45125
39862
75145
13959
72647
9286
64432
163465
128764
30203
15747
108409
51610
108015
182557
47947
224853
60642
54107
9003
33530
208937
29519
187602
103498
84549
93256
133931
86120
25120
104108
135174
96808
9420
117123
53447
80624
68812
192944
121307
9671
120168
136573
167962
26544
157453
50887
112643
16422
64299
14486
21718
8767
144916
364
12331
84826
90306
11979
107418
37263
26125
146015
50667
141312
172540
29160
124241
131548
62346
156400
112531
67266
73924
33092
3696
107497
51644
153339
218279
53238
40016
21850
53337
122846
84452
66605
96867
7443
79172
71364
143725
9006
80338
198580
183816
13455
181920
19959
55444
89215
42471
95646
109896
95706
9570
65814
3188
48163
64794
44893
143229
54328
10812
3036
68253
88839
110927
1731
45456
23445
130651
2367
164981
94137
20821
28989
51996
2074
48707
61292
125539
84149
118323
17029
61528
15665
112980
117942
77753
1683
1591
157782
166510
50433
199070
107016
66742
51202
44327
4563
97909
189689
82644
141360
37937
92822
64919
150339
1846
39497
166931
48081
17109
79104
122449
180192
105372
179134
13877
17757
174272
9457
72454
223137
183952
18189
41677
7128
35703
69737
200022
94334
542
105691
63795
88264
133388
33381
87365
40043
47785
45130
22607
38223
138194
49506
11822
113134
183561
58067
67806
26405
34500
96462
12475
60642
145690
21943
102820
35614
197122
93809
78333
67136
59932
1258
9104
10025
58591
23922
95465
18725
17073
109473
49352
45204
144098
171184
70108
48689
9746
90252
40260
160479
8567
3133
133211
93732
158869
84992
83702
74682
37776
191256
64335
27714
193921
55293
62251
137180
61107
149157
144658
8834
104820
89345
161354
175828
56715
110402
186316
50491
150735
43005
41445
61505
79343
130954
17705
78014
94073
39476
58718
156883
173341
18305
215776
39528
77023
2964
170402
1995
25128
101239
86130
133594
24101
53805
105745
99577
157193
75576
81464
81995
14734
52495
132567
76377
123284
25609
95724
151528
30738
68492
71922
120074
237359
68559
162659
139836
34964
19924
108356
130370
35414
84064
128318
127481
38189
26037
57226
116188
4044
113264
71473
226267
21384
60790
125332
27232
8917
21697
27373
77077
58938
79963
203754
126804
25930
80462
32926
119881
110259
30598
153115
35500
64637
79168
177158
32061
72393
120233
29533
6148
177131
160695
207786
161724
24506
131136
1855
22996
93996
152547
22325
17011
49871
105977
71042
15198
82284
95615
149186
83625
116490
74193
33003
41840
36735
64248
19624
143086
30210
55877
83480
64819
69757
11462
44464
35882
53914
9867
83021
107910
181666
42510
73823
43721
56473
90513
43495
20175
26450
14201
10867
22873
71842
87920
763
113103
112520
101396
43634
21250
35515
5721
90119
57907
145962
82998
29913
110970
1831
15105
46039
134674
46068
130541
29420
120630
147280
59470
110445
28256
223216
45580
44015
40756
40036
28582
139543
87900
46122
111802
121948
66366
16715
65909
177839
86
92982
134292
129323
86341
6117
8068
205122
111312
70944
27864
61746
205346
204736
66099
136711
46219
148828
73332
81857
68074
44486
49481
87785
227609
111152
98461
106438
176407
16207
47372
189903
144079
10745
94135
50044
133182
62929
8353
182462
140181
108955
83967
43698
192061
32291
165908
156433
23725
163914
150729
128537
47426
13168
10850
41151
144721
151077
186480
73538
203384
169495
121438
32836
64598
7682
136786
69921
38027
166542
121851
43306
71424
87074
31611
16576
1280
70693
74019
59193
48414
174138
53026
32675
103838
161648
11937
216651
111573
87540
3697
46383
120374
53971
34352
59037
146517
58123
63957
145355
4041
65404
6871
121435
123243
16418
57276
198435
8009
193162
40595
120846
127584
224200
56988
79223
43628
35485
51437
61128
50474
108097
37357
195153
51320
131435
92906
122317
57585
88066
5694
51662
150485
65698
8299
105474
228150
9900
54096
17232
51068
47429
140697
134226
100798
75531
32521
167574
38860
35865
193254
44195
14479
92354
13915
87485
131136
1495
99197
107132
139015
53324
18924
143520
79210
112898
127949
45624
61969
92041
194710
76680
22755
3359
10034
8670
59582
19114
17990
43407
34244
152514
62485
177327
75536
41622
32303
83018
158953
150663
104031
28398
41641
2251
148589
52891
117934
30890
118635
5183
90362
27550
44345
23281
163969
18715
134035
81947
20426
226478
6995
78872
147606
179061
26731
46142
41841
116623
15454
150909
31482
119581
128686
109080
57734
673
150412
147291
30874
93931
86200
29222
58852
142273
48120
169479
79589
9250
51124
155417
146523
101122
99523
125780
56643
82914
17858
42196
188978
163061
132224
49603
22760
124234
218258
50162
96129
154428
103799
132677
105974
56998
41462
30816
126174
66293
111944
18293
121490
4709
167058
9043
62882
222106
27053
57495
72818
23838
185866
65547
112972
6663
175738
93894
74248
197462
124401
14202
63164
7860
85999
139111
151375
124811
7597
186617
67177
1975
138100
23048
64631
65379
38085
62418
7755
162830
30811
40534
19348
217424
6531
106508
202575
9168
51181
68436
33861
1860
201397
205356
114029
152764
14031
41440
3271
6337
108016
120421
88289
56229
91476
2035
86021
6707
16027
33533
140840
29299
69538
29417
50672
63040
136853
36279
833
6523
36544
5739
10678
39364
17576
29584
97936
114685
67569
130848
64818
35400
7903
93089
58192
1496
103452
152710
154972
80155
68283
40361
2523
96249
15582
117385
50658
44571
77901
152204
130238
27656
232551
125038
140881
138274
5106
29993
123195
189881
35010
30403
71184
46044
15456
6076
206269
134558
65006
4675
40069
8622
151031
210150
198808
91860
88902
120237
83918
67558
88837
129700
2301
5506
56403
136540
20249
45363
37544
219937
467
30896
11977
189540
121443
38980
93805
51636
6321
62950
47114
137351
165922
36905
15216
87989
19720
164078
41354
19068
67095
14664
37446
31078
143259
705
203824
9231
11013
114218
110853
59271
118099
122477
38571
26199
17331
179232
26986
61645
155184
32533
77712
127831
93743
9877
20351
3741
23173
93507
25908
57240
238100
42617
154917
73518
232685
100722
8077
1173
94514
97564
157216
21801
9047
70191
54699
83235
27117
65989
156913
96699
95044
63247
36521
187509
138830
4832
76483
88835
6469
162558
39725
82854
7151
223304
190747
184033
87920
34355
97331
97204
17674
99191
34879
31687
96283
101097
243693
47931
36480
26582
15986
10173
78774
19567
12848
155204
123300
191543
18667
33459
30585
33524
15588
3312
173942
59987
29183
24959
82589
29501
1168
189730
199848
24201
124347
27277
70820
46643
114986
110643
30898
102420
11507
150882
773
50412
164048
6869
135046
50290
19454
55851
160070
76657
42690
160872
133914
193114
20895
118053
40177
77258
127480
75402
98467
160438
60212
115166
7648
8472
219491
101910
46006
38296
91111
89988
54680
150025
100863
20068
38217
33553
129891
124588
98973
36205
136073
36314
24207
138616
187007
45028
57014
320
214873
219661
22625
46414
3046
147244
51358
45478
209078
165171
86185
86742
82835
37481
85304
42467
36205
6754
120302
106058
52012
15025
116805
115784
124842
68454
34918
42552
154872
6704
44742
139916
67030
55316
67509
108996
147104
126261
115269
78020
138384
217624
21355
102021
132306
201870
133534
109761
14325
194906
56327
123705
23352
163697
2228
118397
4066
81818
103184
171932
87945
84100
36739
139778
22024
39296
77582
143184
70278
95291
3284
98577
88336
194673
100152
185641
1397
84128
183712
70297
82611
1170
123674
49476
75555
136148
19887
34396
240031
15423
84990
21925
151635
11027
14109
182250
103280
152611
45798
153991
110276
35426
181625
12506
11156
20714
24597
6787
4085
44054
138348
133738
61532
147807
16370
52819
45365
8481
184342
174865
114786
29109
45478
118342
206325
69987
48721
41245
102150
58348
108919
22845
18049
38788
22158
85176
54049
163617
54917
37342
161794
161904
101399
879
60188
209705
192975
21109
174532
16749
147852
54019
232773
48467
127459
152405
26508
11570
197505
169556
13598
76553
1781
92688
160263
79262
144978
79801
32774
54486
139213
17254
83915
26006
197272
66368
150812
103876
25974
46855
10757
161194
121206
105766
74651
133873
173031
58512
6354
140680
19653
154236
219318
33616
35448
44863
6168
36383
66207
20125
103252
89232
108166
5323
85894
47719
122714
116968
109168
58902
25995
15809
14829
38272
66666
27013
95980
84072
68079
21335
98844
20534
166127
112919
17288
117580
48959
44721
33806
121807
129933
80470
71617
1645
218186
178680
124550
194090
165907
38002
52416
41484
23157
135589
36656
9210
121006
132358
68608
91521
8477
114591
105984
61771
27265
12805
72198
15049
96384
79285
45325
23428
100141
52036
203623
18583
60902
7205
39101
127089
180740
48598
65361
230280
7508
32134
39865
16163
178082
24883
14345
112528
5463
30061
5209
54663
100777
27830
123621
15648
73240
173167
156460
119307
73414
57895
55057
139206
62192
41044
190881
83367
47777
127309
103974
60128
45765
37018
92989
181282
122040
78912
16046
36150
122026
26056
107882
28811
151469
180037
4650
106161
26962
38129
65900
5273
6783
143971
28636
131765
160964
194738
201170
27095
21562
29381
88747
23989
114174
88461
58482
232070
85736
53846
191459
31248
173329
19749
1425
85996
44070
211978
25992
18234
69973
73910
26388
23630
6963
67731
32813
77646
19713
12545
54769
84238
151763
124057
47036
34000
29437
16510
118985
45000
83844
60348
127595
196742
77473
16022
122749
91068
36408
93228
82125
33594
50190
31047
105291
48629
128535
224127
34567
16472
47381
106882
71332
189435
995
87362
69306
47136
62759
170443
87122
30668
4571
66850
40130
50015
80556
12565
46555
139629
237037
114122
5654
77114
120604
54943
117533
20881
131171
110559
113053
128748
1877
163699
107903
141556
1799
72523
45239
36219
12741
158813
26885
218206
55415
179762
85889
4704
5435
4273
105136
110334
87852
159612
12866
87033
94291
101389
6613
164141
147640
24524
23804
138477
227077
31007
57491
207917
109487
107468
37847
146183
10732
215197
33442
11074
169421
113495
78251
126391
118686
226016
148330
22521
84848
92704
106346
44107
28542
25903
4540
145998
79187
152014
41356
111602
92885
168137
20445
169776
11299
3282
86990
169480
69766
10726
120322
119585
22060
93132
77830
99846
151385
37344
103528
23246
83046
7414
54096
144563
237258
6980
107918
172710
86967
19232
11914
31815
28956
44569
172556
15638
100316
114992
147941
178043
87911
4889
100282
820
50094
131274
54045
67573
104713
12885
62280
56726
10414
16675
182539
24632
106930
45437
227115
178968
94806
187492
60378
19911
85689
45993
120678
56373
102962
11393
26807
113665
54503
35048
152897
7428
32718
136094
140113
195992
104409
21904
109989
52330
55904
58208
71788
82525
166356
121125
42233
172475
78501
70715
11517
65871
12987
24951
27900
16356
105034
27738
4976
116109
191827
189105
17294
198046
128880
42873
18142
82861
100599
188784
16046
49415
152708
62124
152940
215731
237646
184583
119331
24178
13618
41792
23554
224005
189633
54539
16218
29509
132433
41037
79461
109493
78043
79295
100743
135816
86836
20486
33946
124800
75946
164779
156995
66060
82046
139640
23522
42468
99515
50238
141356
195567
26124
52362
37095
89922
43750
4658
28191
95727
16237
215136
163307
22199
94027
23083
61128
130562
154009
74239
112206
111782
43409
32510
135388
13054
184191
46047
54910
199094
21697
43912
102991
166358
60250
155215
127998
21147
2308
49371
36578
75712
5982
85104
66578
78881
97623
216251
91804
35403
25129
25938
111192
79404
5601
75813
122860
2148
26071
141774
33755
116721
222085
5358
13121
195885
99234
30064
14395
200028
137120
60107
127874
124732
29093
24718
47522
44030
53975
132298
71511
154931
203816
162269
109737
45177
95224
2362
98053
15061
19307
21405
35106
15698
133161
8328
104315
159672
94809
38867
36542
101020
135605
61265
59495
158087
189322
69649
50455
108979
144623
40849
127612
115090
39841
15599
101847
72662
187789
57216
5660
43785
76663
45218
114475
28713
66162
141621
91055
62232
72636
2983
18371
96791
64825
32755
1990
85394
129941
15103
200962
72255
113009
89679
122687
10407
21499
83132
4839
23232
175355
52439
189710
143990
107340
130941
52292
163928
134691
8706
60955
24012
119735
49305
244646
28737
180275
120462
104753
104397
33563
107876
133666
161631
117246
52535
1858
6169
10272
8929
120241
1532
40629
71383
129548
14094
172544
162633
65292
40436
185868
88014
97448
7265
167454
34974
2225
176714
39118
11210
159768
94291
207846
14055
215937
81817
50480
87265
105281
140597
39398
31054
188564
69281
44260
61720
16340
137340
32930
82290
6704
105037
13111
136009
11930
118247
126350
46719
144795
188748
77322
31842
125290
211781
98061
172786
59319
11050
70881
45050
213226
35121
58830
50896
69395
77478
31697
10680
8044
106339
52740
29989
17837
1376
220047
30193
56363
18206
11926
129203
84151
55022
2203
179149
183894
124022
82674
201920
50217
42763
125415
68703
63823
153817
202557
206615
16086
109892
32569
234265
31782
122124
73472
22289
55498
59410
19722
130448
22440
39432
224217
99519
59564
85021
122248
210883
76756
167054
220696
134498
164397
103593
73991
207111
64002
126410
206627
152065
106332
29280
8323
24788
19925
45693
66140
15891
18336
68297
60939
86606
39269
119765
74603
49782
110521
22741
90807
39446
110854
