Case 1:
45837
27350
56031
5427
92151
20433
68775
76503
48137
129315
101101
36234
26054
50587
9440
71463
57619
132751
106301
107416
24067
86455
72434
110747
15813
49841
15145
98706
22455
86998
5053
128273
27261
122865
26245
34286
101469
8782
63718
45399
10106
109486
59960
2794
63938
107482
47088
30004
62925
85524
16095
70529
73905
50632
8914
138328
45106
71232
129532
83236
14725
46526
98902
4516
42947
61408
84217
11570
114918
27229
60299
17138
77145
48341
59996
65946
111085
24436
32535
39241
43739
23271
60583
124633
25212
109086
36326
7770
44659
68325
20584
25182
29818
42473
66348
46895
66184
96721
6774
7770
142296
126913
50228
28571
109836
30136
133053
16225
8526
40810
13370
34685
122163
59324
35751
43079
48999
104621
54167
48034
12979
136290
86589
68305
2701
42821
36740
18929
96479
60335
60327
57532
26323
17697
96782
13393
55867
32287
84458
80817
39021
72244
65204
94317
24061
67392
117927
32529
36291
68410
70308
17638
120084
44370
48650
98820
19713
95631
53400
60666
103184
16595
26546
66789
35648
13547
108386
100319
82676
10258
29102
67160
23440
36309
27916
13216
17395
14396
823
57260
16268
89419
16742
110554
40361
11795
59201
62742
7946
67495
21998
136297
17169
103586
130618
73658
16078
77099
53253
87969
6198
94757
43311
26802
74749
4774
62796
34638
109759
78240
40474
126021
42840
44795
28467
69052
73221
78407
30533
36917
94300
22845
15167
4094
20626
92794
44815
62360
3698
10808
122597
29400
57548
38995
14205
48754
58378
126936
52851
6575
25387
19364
56554
57806
20849
70964
7142
54273
89086
2269
50891
12558
85531
92487
71076
47808
87042
7916
27575
71862
128245
2036
7000
4617
16898
32936
73304
24830
43149
63848
133884
112316
49459
7470
47671
51960
25570
51869
85920
15683
117590
26133
89426
121238
57596
144979
134144
738
54981
80568
37279
115387
95749
74535
49257
54010
5542
32478
85288
46185
44148
92711
43078
78273
12781
6522
104692
43580
85667
94749
18954
12635
93114
128352
91581
1006
54040
70565
6363
83897
23748
1559
66768
103824
92701
23504
75206
118198
38484
80274
112339
117102
34559
87544
42685
129479
145698
23001
102871
33602
20952
10017
84471
38257
6038
56236
84620
111465
9654
20580
2830
75182
30864
12025
30032
53908
91005
50211
9187
134364
92279
57283
100285
48324
81193
22213
79285
140001
23599
31185
28870
43762
81186
108318
52367
55076
10307
3653
3000
73462
33513
119137
70371
51510
100746
45314
37539
53083
9972
109290
66916
10348
140528
43048
40510
46457
5613
69542
6953
64305
52688
18270
106344
26850
47104
13371
51769
22669
45193
34649
37137
70841
16875
47018
30209
60183
99211
6915
49976
103635
100601
8385
118877
1827
103740
4605
14343
80742
38934
17606
84893
30787
67279
16898
15185
74083
8236
40843
45458
24432
65423
71973
17890
123937
109574
80404
69660
25808
16857
116963
40183
23536
48721
34388
55600
16099
2836
19908
8062
143007
933
29678
18074
2009
63615
22454
68285
71149
24294
82755
77389
71169
33510
20828
86489
70646
15705
80795
19259
108058
32241
78734
21892
120518
98932
40852
71636
29536
73653
21823
26700
72811
54242
10153
26442
62779
10078
87050
45473
26743
111698
42572
42545
22832
40838
112112
111584
46180
39178
19357
45819
57279
4720
31689
62041
12251
67062
82503
40330
21049
60900
26679
87618
11003
58991
18950
49028
111402
13337
23787
144172
118734
46711
23812
70167
27522
70431
11007
42113
38005
128272
64015
70993
137024
152707
7691
119269
92478
91909
12121
14243
119549
136789
82290
64886
82955
4832
29596
75177
128971
10701
5021
794
12780
11025
104206
33415
119488
81410
37610
146064
32706
43916
35267
13970
19476
2724
89106
2077
81916
39140
15244
19699
86539
112433
3643
23432
24630
4922
6317
87057
33410
67016
1828
11360
96048
63516
31938
46035
22483
27293
91595
6729
16743
92806
72153
25893
27394
19959
107606
129436
3464
76018
67165
139988
46567
24783
109301
95544
13738
98987
120178
73098
88651
40038
81783
116009
121546
130969
69811
78916
10582
13853
3775
3506
63852
53227
100715
14623
122255
24969
54355
9275
114695
6600
108337
67237
68621
14333
55302
40230
873
58524
54103
42871
77777
39864
47738
13817
50421
19105
31825
57875
76492
127818
50311
21448
87077
50965
32696
3992
26486
11625
2176
22790
61873
49587
6393
96625
48259
37715
41271
92139
141157
30898
87017
66306
63703
94280
16386
989
57029
102775
16352
77498
37383
32327
62629
147182
141576
52191
69821
97249
108493
69125
22208
58722
32331
113508
53348
23711
46792
104907
85745
19296
10949
1471
11524
87506
7558
43561
56431
5341
56388
21801
50549
4391
7339
102051
110433
52997
32717
19573
63613
47051
112262
25588
80081
80928
114396
64632
72472
50631
47175
15882
120977
49391
109471
4401
24991
26209
97822
102139
44385
50365
32660
37166
53063
22005
113200
16350
963
58827
73955
124634
32608
46297
20860
46869
123024
57013
46155
28635
33184
112216
132510
24097
38464
10301
25934
143662
8689
86533
100779
49943
106
32777
96551
40198
4945
61586
23841
51510
63505
2143
81605
22437
113828
18783
140166
100819
35617
87582
40809
46764
144546
41695
51715
40512
7099
10899
48012
1090
108775
64781
17402
11465
5095
137111
27904
49402
43136
43342
86465
61781
30739
36080
112168
50908
56211
23556
9438
48496
59944
91223
25842
18336
118625
97170
32511
67415
18439
60795
50518
34416
80268
27982
19435
36418
5650
52664
32758
26659
95097
53177
29335
63419
21896
17812
74369
24465
14521
36475
38473
7226
5987
113823
139522
77918
132064
9839
20677
53039
49140
96716
77170
50989
117228
2945
51612
55665
129369
46980
23029
27368
64643
98402
13068
7273
68198
68801
4367
73371
6511
1006
28412
48333
7137
120452
35051
144381
67116
14684
72184
64526
3031
104041
33447
14913
121572
106255
34094
30612
54746
10729
47676
98754
90370
32339
3708
97468
31703
50733
68609
22072
40793
51105
72241
34482
90936
41946
43644
117415
72975
11869
136904
44225
133536
59216
136191
38461
78599
111677
81643
49265
5550
17478
27069
18089
11551
11618
92077
125893
54094
44659
71320
129751
87084
127955
120764
17248
15760
1771
80813
62440
73728
39641
116858
109707
111182
9266
118877
22482
77570
32847
4819
62297
37892
32554
28046
111827
60553
108213
79229
141691
27051
76854
56368
85134
51434
26698
69485
55444
60150
42258
64542
13542
47694
24086
2983
54612
102626
15257
115296
16100
38477
79948
7853
58185
3363
33314
7142
42468
77187
37751
11307
64037
95930
85481
21559
19321
23591
39513
12675
16158
86716
74552
40477
109714
98867
103355
37538
62334
64956
99898
11831
54885
464
7845
66810
58497
114372
2054
8933
16528
69268
48308
112009
947
52209
50661
72553
68525
81298
106585
54816
100654
26848
84256
53981
6011
9319
130162
11873
18130
82994
116031
33802
91024
7687
75414
13026
108219
49266
106455
130535
40833
108254
84656
47474
103022
1332
87030
104261
13026
29481
5468
17190
31017
87627
5277
20747
4966
26406
52091
20332
5595
9486
23633
24953
157290
92421
11727
11856
4516
21890
76263
101080
103406
37937
53353
1334
50869
100787
65732
87867
69631
69170
95630
15050
79403
13943
133586
69643
9069
40055
137225
552
77650
7527
16783
37514
74512
10236
64871
56937
21179
103707
32223
68425
4018
127199
20280
53631
8030
19054
114477
71301
90775
17839
47756
107482
48558
91440
1203
36162
21339
22681
32869
11900
5210
15057
28259
96314
76873
109881
126407
75230
14534
39300
46177
16373
104362
40089
105237
18445
5438
41043
44781
38039
142402
31316
105891
16215
57630
14881
92774
65714
33418
27887
11478
41140
121984
96941
9842
22274
125451
28689
4664
38101
93437
143630
9515
31101
6694
35544
139218
58285
28727
114182
69287
26116
90160
78400
28890
25829
52264
2900
35416
81066
8166
81952
94372
42058
36222
64852
93377
24484
80350
3398
21475
63167
75497
64804
10188
79433
16493
36776
1428
91821
52739
17530
140839
132810
124679
29010
1363
9950
136001
61768
54257
40086
9234
26262
67236
15544
13580
40395
126920
21309
49764
4369
13664
85542
62114
53787
87572
7838
124685
59044
18850
16726
8245
65420
116988
11173
69934
8047
111214
121664
58278
1755
49261
34811
26098
110331
13344
18449
21827
66275
100288
51522
13055
159041
12284
81942
9610
51680
97380
58490
11151
61818
12017
58282
83312
87324
21373
46085
161933
7462
82246
17947
38542
43685
105603
10233
62466
16972
94610
141584
66539
54944
25535
118781
121545
7673
31135
143533
63626
23163
58196
94411
143952
56333
13330
10059
3164
85555
44705
2456
91144
106232
62368
31575
36675
50847
43449
12604
9598
49148
129882
29189
117566
12716
94544
128100
22002
50861
95078
82655
51737
11073
12482
8364
13389
14115
20945
16883
19453
36919
70556
7087
80806
104579
35424
8555
12527
60022
27063
24683
39665
79234
8080
13667
117282
5849
68400
76623
111448
102837
92695
24809
3890
30717
31131
21312
42690
160590
119646
84729
56434
100298
16880
77168
32103
71187
124340
142121
15430
124878
13537
24766
9499
2835
43085
9678
44786
16014
24131
39206
47416
105008
51976
97731
147640
96060
64215
54649
73073
20395
35288
64822
18413
59490
72590
98063
3432
42174
101860
26608
110055
5801
153425
134661
92194
50085
13722
104153
70242
115629
26395
15901
60816
79969
4896
103480
59856
151204
101923
12713
109326
49368
17759
47884
69024
65826
16125
98912
24156
64909
9880
66674
22413
26718
23082
9662
33105
18890
78745
144116
118948
17159
83029
17439
71427
1875
32326
69294
52895
7964
24191
24295
79625
58481
113973
79489
65186
19516
54377
10046
49037
69033
89261
3675
29250
56731
17252
15239
353
155364
8034
72081
80279
98713
3612
24903
20959
19789
41503
18573
16241
78062
37465
46166
46386
26477
59607
31431
5721
778
34235
148943
28563
15396
27330
158042
32595
8607
94236
76988
129601
44017
79377
43232
82112
46125
39762
23220
115552
69454
65255
55251
47667
18966
57804
15937
63308
72878
13478
54224
24736
32429
18815
88552
10592
1204
1786
49859
12234
27689
54720
56876
85450
83888
77451
28573
53648
37873
28445
61942
17496
63543
12639
102775
61929
78116
86014
103216
95058
13000
56323
56794
71263
23378
61366
150382
118023
6399
33408
57349
72283
66251
138088
143484
34085
68952
54476
75965
123125
4777
26217
37650
128605
3694
27012
61618
34496
7111
62283
140132
119852
89743
43465
27172
51960
67317
41502
45370
52119
117594
101400
50088
17021
28696
117303
76335
23253
51588
62847
56460
55511
29286
16682
98228
36277
1051
147632
3349
106978
68524
12809
119642
65642
66923
42985
1535
26194
65203
75147
140280
4774
79107
838
29052
15434
32635
42901
63120
26686
79290
108060
59412
58365
93297
67642
20119
41602
47055
22770
4033
6466
12775
20411
99006
12308
40754
38514
373
3173
41697
448
103890
28999
98340
113683
9778
235
3772
10225
141252
10004
37159
65287
16144
4906
21747
27872
15095
60452
81038
50657
13803
18109
9005
50026
20080
85840
21959
21527
82622
62109
22536
15456
55976
66771
7985
2401
36816
678
122535
111506
50334
31725
25780
6431
9752
56476
67443
1054
Case 2:
69062
102528
82983
43055
90209
39318
41149
132366
69902
70123
136689
10482
26947
46728
104394
27969
80073
38465
7345
31378
47675
1299
92939
23997
30584
49033
13854
150676
11073
31215
60079
51471
22444
111100
77271
12065
9124
118718
23173
101736
8499
13001
24788
171849
75596
37763
51463
104721
155319
67755
18347
56766
104221
163938
24629
28635
75961
24496
5180
144905
76875
99317
10051
65551
108959
30342
80692
23702
106503
16774
42148
46856
75743
23017
21154
11639
106374
59420
135449
77518
21534
170021
133450
34186
50950
16324
61354
39540
15855
20764
71421
149179
48232
161704
75039
108684
101993
41096
14771
55858
311
15095
69299
80239
162583
86958
81524
69691
4991
84564
9424
24203
50342
56721
38522
169754
136839
127652
154830
80658
137675
62276
46179
9801
108627
34249
9733
42457
61517
34912
48675
63544
76864
31257
27256
17160
64471
89528
73733
104413
127498
40115
21406
65880
8621
30202
14739
173266
12810
70262
41624
61307
71422
62393
79498
76538
74270
70677
161201
56358
171236
53459
88138
143004
22107
51678
24648
131066
34009
12904
80737
98529
17607
74091
100278
12623
19264
81509
36343
81261
56107
86265
78104
48071
12073
5648
66310
58698
27976
23957
121666
8344
96573
7843
83761
47464
22926
87368
2092
20501
57799
20745
9007
29862
40354
19650
153890
166794
22583
134750
43207
17759
77074
9649
159953
35829
71248
24716
6933
44797
24393
132237
88897
101024
175317
61562
109107
51808
7684
106674
19703
75579
67731
127810
76196
13084
66634
1906
27813
27971
22137
18835
127719
46119
14407
98556
20560
155746
120982
180090
70913
139538
50712
53356
61529
15917
125624
12221
58481
167038
27063
64485
11630
82410
24871
6330
74995
66836
54121
135371
56091
3429
30188
64490
170
74360
6771
97631
85692
60908
48151
12645
6555
22033
155683
16226
654
88386
112159
115202
56430
37896
97691
149460
36967
3882
78039
62642
131683
6214
50639
35895
84535
85162
69478
23145
14870
127123
16181
68475
161012
99676
113500
86210
26763
69872
108684
132745
72130
71455
128501
48793
89482
82910
48465
9017
57575
14223
153153
12959
28771
34421
20332
111174
136814
31122
94776
75219
15654
45360
23067
46544
32016
111173
112754
117892
15792
13588
37750
139606
16508
19167
1461
8323
7532
21214
102548
31769
14924
67773
18419
37817
26062
10045
8158
84447
111214
81213
84218
15282
97371
46509
133204
106985
46644
127979
31388
150150
89811
15976
98776
85569
100848
105492
1931
30690
74665
1692
66223
11151
17299
128713
22158
135683
100646
5478
5718
56305
33046
69668
40300
28427
25208
65058
22657
5792
105658
38304
146506
82424
106606
3661
10907
84784
98177
78528
4190
117356
25645
41435
21097
70135
88488
32369
83345
21446
25228
17573
101641
134015
150072
40860
23636
16445
96745
12854
23274
93219
55911
85245
4092
46597
39493
43585
66569
39872
62188
54496
115623
157983
18034
48988
1303
37467
131492
64465
103428
74511
151795
158927
11615
56169
167315
103193
25510
57668
52704
97580
39957
2209
45961
113325
90712
41332
102917
72054
9490
25888
120444
57188
21516
23465
5697
147934
23855
111719
20910
63192
2278
12839
3261
47014
71767
64692
57770
1609
80603
60306
56639
27969
2321
60558
8103
3391
39423
27968
4934
63582
44825
112777
77359
156631
115761
90774
164932
65610
92749
55943
92440
88394
63335
58185
115944
160218
35323
66372
109426
74164
15980
87519
47242
157182
50652
42310
36312
72365
173310
59386
20355
20952
14190
65512
109840
56002
4039
5455
32669
8346
56234
22086
26184
16871
17017
46920
14470
121099
83005
88625
74970
50840
12404
99091
2773
170943
91125
115070
24988
177442
125066
19955
17532
58616
28704
40370
80084
25429
56412
93798
95938
25334
55102
60095
70697
89408
29122
43252
79674
37850
68357
18996
11023
29961
61512
107801
47196
70658
23788
8456
147292
68120
25400
12691
55272
53716
83002
54067
2149
52071
113187
52167
22173
155794
36872
62744
18027
50190
133258
28595
143343
59005
155031
27986
9843
32
13763
96564
16649
17257
79978
28289
12904
11344
187091
37923
4987
174860
113829
14216
22495
8819
6879
20172
121532
67875
4623
61922
99386
16444
61246
43532
132377
127701
52203
146955
74785
78595
83688
98357
59309
111259
122005
109186
58721
9331
64234
91309
3485
27790
157370
19794
159530
84456
21004
51397
61500
135504
29860
26555
13946
142040
10309
90106
153897
64662
58657
48832
73385
9953
96173
102154
14747
61066
93367
150827
81713
148112
82246
67002
6799
69695
18988
19793
83417
143371
68771
75955
98111
81800
180725
60383
155686
32755
84036
4492
125986
88660
97508
55935
55903
131026
55019
76625
32826
38469
96630
20760
103685
118512
19040
52
48100
92450
5387
70710
143982
151205
143900
15251
126634
30986
1084
507
2519
39339
11426
2983
151868
34439
31692
67474
96677
7314
32651
28129
86181
132094
68013
94350
60268
126992
61425
47414
14193
181963
9451
79000
107157
149454
45616
20134
89311
76951
6011
53997
30631
1336
34949
48815
74477
101071
25815
70719
68434
118672
47486
33919
19906
130120
56246
34406
51632
65241
14774
111320
63278
48493
47464
39733
174263
55884
78861
66241
41210
31501
59811
55269
20169
114979
133157
54695
38439
6521
34852
27167
119189
130169
30978
68483
26730
136616
66123
81159
74739
29250
97043
146504
1397
52332
118170
56102
72644
48990
1426
162657
174214
35297
38897
36060
156748
24368
11849
46207
149657
84156
47714
221
92831
34437
69341
4163
132654
75433
43312
101466
83928
45014
124256
105601
95160
19290
73415
124435
79121
150833
126348
101511
114183
107771
2120
6687
99675
48403
11748
64151
58761
39219
95617
128986
65026
35904
25323
134261
7042
59428
41469
19791
7295
31755
87420
8533
31649
23242
51765
29214
134973
75552
67839
24572
45148
97834
26579
33278
1623
38660
110576
65186
9727
107589
138694
5593
8813
19632
65104
25761
33029
47286
54514
26648
105886
10785
43466
20725
17842
43147
122565
28824
906
64134
6325
59159
35502
30488
50126
145861
12074
30756
142144
149993
52684
4689
99033
68019
84641
24245
87430
167903
67478
99560
7850
19457
14029
100474
113766
83537
69054
66511
573
122718
85763
45657
82274
11784
28608
15212
62917
24833
140178
80214
49776
146026
57957
79223
85454
143067
25590
2950
117623
101284
83992
110859
136802
74137
9504
35911
110151
84287
39528
20999
4166
26251
16752
56102
4677
177605
37170
15890
25250
158583
75673
27582
72267
64616
43130
114639
113513
4288
124601
22182
11363
38905
80328
62760
75389
25752
136632
12823
18105
127597
94199
19642
112376
9000
56282
142034
95006
90987
114391
86952
98259
173530
371
75615
104892
22609
28128
90585
84879
102036
88192
101870
135494
67059
113992
85418
96704
27013
69251
146671
120434
2958
53320
21130
48654
133327
29506
47325
16790
149850
111903
10450
87132
98684
2409
82665
35411
42258
67807
5196
46243
69600
9375
119842
87725
68122
32969
155689
127738
97216
183782
98137
236
135212
32536
169151
44034
30262
134595
79565
101028
158972
125267
14903
31338
97366
80786
78249
22329
164081
50719
114272
105166
95230
33315
15441
28048
96025
113935
37718
65451
107140
811
96295
851
24384
82135
10062
61558
185463
90754
69303
123024
39795
92804
131252
51742
139864
125997
118508
73650
52940
46220
15761
173819
52608
119359
119733
1873
50016
64208
81395
30893
70491
75913
158418
64706
72164
99399
30261
45353
152822
5396
6425
15751
147300
45457
49680
8213
84297
93751
23949
87841
103651
116708
128736
14251
28495
52341
68210
53640
31166
88046
77235
13195
58262
69568
61075
78393
64142
158568
43869
31826
15072
18125
89212
82684
61542
54221
76159
141961
44770
11991
44717
82988
43610
168428
32895
44147
138384
57453
26929
62752
59475
47338
34840
185582
17219
52324
16361
24955
86579
9574
19461
16713
84725
107553
74529
17949
88106
3687
24822
88226
129232
144900
109385
8373
144497
62438
88945
146492
10306
88684
30544
69846
138683
35901
41709
73687
505
155307
91822
40553
64846
151852
67176
26317
38841
112459
96397
109788
81226
35763
98985
8227
88415
35168
90679
119819
152724
155072
74053
44341
55771
16875
44986
70763
20834
54270
108835
12902
72364
63276
138739
6849
8096
55516
41645
27732
121445
132068
13332
12073
68274
13049
23774
56598
56917
150987
133728
172617
121290
18793
116215
133788
45988
66443
2054
61793
56074
161849
127248
122794
47352
14751
87648
16356
18619
38550
23853
28227
2785
29470
70617
32112
45242
126141
65035
154807
8091
6194
59671
79926
70001
170786
102190
2528
142736
24413
21400
15948
53000
22171
148383
25873
108884
92654
71700
143509
158436
165565
7453
26932
70581
59713
109753
31714
75028
5547
37240
118898
63990
62825
113403
50992
15419
10790
114516
2631
30064
3205
7299
77082
7550
24921
55502
62226
9879
17783
100582
85473
130178
82701
80809
92
55184
25257
42760
50359
63913
131934
25177
26996
51401
47888
40214
103305
7743
101563
87467
41367
68325
41969
97071
17771
74805
63693
61139
104922
59659
3346
8001
88555
50103
13164
104808
17620
41227
26031
37128
99604
91757
17318
103687
22354
111840
65075
75176
105266
89762
23767
1361
105497
16580
90656
30635
35139
85693
70129
61258
118613
52463
52639
16087
3836
171202
79436
71799
76676
43629
103969
87962
103034
65240
141517
5379
25071
4556
55854
96303
142562
132694
181458
Case 3:
8930
5425
29691
20970
100064
3251
7133
65662
4874
34528
86392
26601
102465
20823
23100
54997
64410
2788
28988
29668
22566
110850
59147
6657
2121
43107
17980
67957
111930
29239
6388
12356
26656
38793
98656
61386
4649
101811
68271
75787
91501
32564
22186
16385
5697
46242
54077
108442
75950
87551
15129
48276
64788
55719
10428
69492
99012
33397
13797
69298
2571
111941
28707
4696
106016
74785
75024
45218
60309
12723
54725
20325
4104
32447
31503
27582
69782
74515
34592
85061
37803
24961
86314
87778
15446
1894
104289
1430
49827
33582
55386
73098
14657
5952
71998
49584
76075
53834
4929
7126
35702
39373
13981
127173
29549
19526
35421
17629
43076
85982
64038
244
43085
3384
51453
31086
43371
20628
7348
19048
1804
16025
49144
8211
47749
46018
103568
52958
1007
23683
61734
16628
82350
48178
5150
42073
13644
18683
40152
31112
68636
14508
94623
32042
27067
72138
55481
25386
104597
105382
36600
20587
32423
44218
41076
12774
39603
26045
61354
20825
66252
99375
48488
50636
5813
53603
104360
47421
54996
94443
22474
4536
28306
9197
45455
5021
72594
5997
56304
42536
80422
5559
62587
96409
37821
45408
92542
785
12980
34638
32682
35907
12739
6297
60547
51233
46142
80962
35574
68684
43400
6513
68660
3327
43420
101353
89436
28004
20349
97112
28850
32056
86278
42751
64911
106446
27388
10844
47117
44956
24830
87912
70066
14819
7647
4800
16100
5884
65356
100805
98118
24524
21676
10064
6458
84605
39832
89616
