Case 1:
7140
13344
16079
8777
18608
8694
15275
2028
5996
12686
27850
28379
15713
14987
5455
11744
9035
11070
1507
19818
11712
6235
3754
4890
7811
15348
18471
504
7642
20565
16085
1454
9580
21092
7963
18568
19722
15673
115
14316
19912
30289
11305
16814
7724
20408
9306
11929
13651
5606
2625
18452
1099
10255
20845
4862
28963
4268
24969
4056
5833
11329
3186
6536
4784
12043
14361
6068
8754
12834
2026
28448
4860
17671
10944
8453
20669
21211
35410
12862
7680
20420
19356
17472
16276
9732
2461
32122
16901
16461
2438
13821
2545
15551
3381
26213
7940
22822
11559
5037
14842
3101
28672
2287
2449
25332
11058
10326
32291
7504
29997
1357
17827
1681
8476
7493
1754
20056
6691
22742
7387
27299
15456
22847
264
6950
1847
18445
18758
1906
19892
4743
14447
3016
11818
25977
2098
23551
14947
6331
11704
10776
1947
22640
13031
2445
2371
5824
17413
3290
6601
3399
35000
8114
569
10982
9201
16614
23343
2771
25970
19920
5267
14588
17845
15637
2190
18161
8805
19260
12151
12769
2062
17590
6008
10697
6162
11794
18542
26897
441
392
7913
13197
32630
6697
3564
9687
785
9131
20439
13082
1125
10169
1033
10358
4831
3609
1689
12418
13371
5938
6910
17478
6444
16768
1126
33794
2087
16367
2710
13734
15926
7254
2736
18882
8016
20750
22066
21147
24362
35301
10078
19359
12245
6107
15224
3416
14285
18290
11686
4516
4650
13782
1784
10294
4573
8560
10781
13614
14506
2025
16549
19076
1639
1994
7022
8291
3522
97
21749
11962
24426
8820
17871
1254
12640
10875
7540
5063
4039
22901
15057
25556
22262
1684
26818
6632
11372
8806
8232
6362
24733
11625
6408
267
22044
28381
13043
20801
2174
7442
4314
6862
22101
5167
16855
5823
23443
8967
4176
16898
27350
1027
3944
7124
3897
10414
19981
12197
8639
7370
8934
3378
261
21050
1274
21094
19722
8518
32332
7646
8003
32717
2846
1935
5782
6186
6579
9930
19294
31893
16021
4614
10764
18022
6404
21186
4010
16107
19825
7797
9462
30861
29558
21387
1523
11562
19031
2969
411
4613
17719
20119
17472
27747
7900
26414
17371
1341
27828
8663
10337
9261
22843
3275
116
478
6318
25544
27961
13720
28223
33238
2864
15980
30485
6498
33096
24696
21094
21668
17848
16289
3904
5910
2131
6737
4439
10174
5185
13741
9354
29698
17986
7616
25097
1439
7966
4096
34407
1539
30047
1228
1423
17907
3452
24527
3750
23096
1447
6830
27077
997
7653
28472
14959
5606
24199
20138
7569
27081
18847
27574
21944
1021
22564
18057
12895
20258
22989
24016
36985
27224
5110
11007
11517
13965
4671
23431
8153
4971
7813
5187
13150
3360
29983
16593
2822
25704
8129
15776
16312
3848
14819
4415
17285
6913
8485
4298
8708
10426
777
15683
10015
8182
26773
6071
6762
16955
23618
12134
8099
1474
12289
23059
22626
303
28718
2374
18699
3186
20411
6698
5840
32302
9285
4987
7387
6786
22760
27978
3403
9326
30473
10165
25256
10200
12664
21597
5463
11645
2862
5912
25490
19060
4304
12832
4121
8381
15007
767
9028
4625
4127
3381
6373
2166
7302
6331
19526
10928
20395
12592
13763
5872
19578
2404
2959
9122
11419
30310
11882
11523
7375
13795
5124
2360
11142
641
1404
26203
7178
5250
13646
14987
13453
17395
14424
15843
8421
1187
27006
8526
202
5599
769
12128
24634
30058
1728
21026
18410
17071
26198
37354
20635
7551
326
6810
7151
15995
18910
15446
1429
30542
958
15690
11003
24698
19012
8983
7253
22429
22183
8017
27230
15568
575
24892
14382
2217
14682
20869
11243
1884
8301
7772
4794
23526
5981
17783
10460
13811
7467
25094
6079
5583
31921
31311
15668
3918
9302
29630
7836
12916
26439
3662
4009
2169
17928
711
10627
18650
10439
20421
10572
19599
8569
1974
23566
22049
18752
10685
36454
28168
37462
17712
12769
17252
17351
26906
7080
27313
8066
2542
23841
2906
5012
6991
27157
18391
5520
29972
9187
17891
4386
22833
5682
19981
20717
328
1760
9587
5922
10332
5416
11604
9186
21194
28642
24217
11147
3801
7809
8506
8152
21581
15716
3935
16352
7504
29323
34369
7515
19838
4866
5469
7032
287
2673
15415
5708
1207
12217
6040
6353
28759
2319
17783
6760
14745
3717
936
1396
19101
25891
10437
848
25785
8059
172
25813
23636
7110
2648
35616
2640
5549
19225
9487
28495
24157
20946
29549
19681
90
5732
2079
27425
9141
2534
17242
19471
1129
5956
13764
1308
4747
1092
4708
4213
22368
9332
14518
7909
3345
8714
29430
8233
4474
4302
3996
15921
11627
21874
7288
1445
472
7466
33107
16081
7013
13632
29388
21924
23716
1057
10129
21221
16420
3531
15885
18711
7992
1618
13987
12328
10467
10557
5801
369
14853
21002
17981
19520
29540
19932
25163
5561
1745
3963
17956
6185
9564
5023
4083
7319
2861
18103
21987
9990
983
13369
25298
20549
20448
18689
17633
20157
7273
15343
15680
26619
5019
11813
30922
12853
19362
23016
16311
14528
6568
14901
6089
8820
15823
20523
28254
3803
2293
22367
2078
23589
33475
25664
14368
14795
35124
22765
15741
31690
1384
20294
34009
8782
5821
4474
2496
650
5292
16629
4227
20304
10145
2018
20047
9252
33971
6853
6370
18200
16170
4739
7271
26337
14005
8448
14679
14443
3255
4309
16167
20073
10482
17162
6912
3714
2626
25763
18202
8115
25144
36537
26299
21915
2995
21908
17771
18766
20587
6737
114
745
5763
22785
6250
12267
1853
11003
7863
22875
26133
3779
10413
1594
2882
26240
21681
15215
33885
16759
16965
5977
10743
5222
11225
14641
3232
31438
18789
1134
28644
16005
6131
17348
4249
3840
8918
34659
16913
6668
5832
19801
2252
16708
16877
1353
31868
30677
20969
6466
14847
28649
1303
16671
14528
12371
2598
7904
881
20060
2601
4946
573
18729
21051
18281
15077
4187
29858
15899
8903
183
25791
14338
3238
9041
3183
11371
2008
5730
7733
4654
21714
6792
19052
29857
10064
6863
1808
2084
13849
5759
811
6626
804
17206
8832
4529
2625
31840
28678
4316
15707
2302
2228
1644
19260
15455
13188
4063
13655
4867
35643
16555
13789
16271
2904
11653
10546
2182
21707
17362
9201
6798
8921
22649
4083
4390
16876
7237
20595
2060
8988
4115
19514
29731
2101
5285
8196
24924
25040
8725
14386
9346
8055
682
3421
2232
33725
21995
22210
12446
21361
295
15418
3379
3210
1772
13143
13694
20234
12461
12176
957
27217
26875
30376
20140
2401
12620
3030
6091
2301
13455
9079
7106
17724
6366
6298
965
11651
8417
13789
28618
3311
17077
15952
4747
6370
386
1163
23348
27887
24580
24770
245
7683
5306
2316
4787
35040
19832
14071
17370
15534
1010
9835
20988
30691
30353
9308
18169
13671
5393
22864
5213
3067
19913
8232
8862
970
8545
28203
12050
2639
22173
6825
6072
29207
4354
14898
20384
4014
12283
16900
6078
35419
10032
17745
22001
5021
26591
993
2611
4517
24378
4746
33176
17629
22674
11556
9137
10755
12906
20658
12260
32960
20046
2050
4857
9944
35707
7478
10306
895
13398
3867
12682
22348
16984
17628
10396
4676
18597
3340
20211
13615
2471
22176
4804
2708
4219
1719
10970
20012
6299
4692
28970
14536
14883
9917
6937
2808
14031
8007
20065
17847
8898
6991
17116
22817
15029
3400
17729
1313
6974
26445
21439
17045
13096
3820
25788
8961
22048
5520
13850
15981
19532
16973
36079
8697
3477
30114
4914
1960
15206
870
15315
5387
1477
6994
10210
6326
9453
5417
33640
1845
8981
14819
24354
24808
5750
20433
34277
10010
16646
3501
16975
19397
5512
25833
15329
10289
7847
20213
918
28707
33230
9017
4177
25401
10694
1855
2300
31845
31862
29292
11356
20391
1452
3885
10962
14233
7329
17238
20455
22564
5110
56
6444
13458
22214
3076
12846
13551
11635
21229
17577
5507
5177
2997
32304
37263
1458
14441
8276
2366
17042
5008
26985
20104
9193
38305
26273
38816
32572
4302
1093
11108
21460
1543
3476
936
2234
25666
8836
22212
19323
26608
18052
26779
7269
9831
12926
20817
3239
2814
10429
31398
12549
19374
5078
330
1797
11321
652
23959
17434
3756
13707
3435
6087
15124
9641
23259
4105
28955
13325
15626
7261
24329
10277
5845
17333
5554
4563
8939
8093
7196
3895
495
6675
10037
4470
11368
3670
4295
6644
4347
22960
30505
213
10656
15819
9991
25787
9630
24620
23718
1461
7059
12985
14015
29832
8291
13462
14318
6612
26430
10253
14267
10114
9786
21652
27364
24
26361
6999
26326
10399
25218
16531
13196
12063
1360
26065
28883
31648
9921
9788
21603
13746
2153
6737
16938
15610
26865
23333
710
7423
18378
15704
22740
12853
20209
3271
33136
2038
13548
13510
4509
6744
23837
6446
15357
17195
15187
26990
4981
8531
3892
33248
11171
13158
8264
26483
14265
22607
17498
11270
19783
10857
22623
26373
3794
6424
1145
6038
3553
20806
25574
21357
30161
14527
16611
16504
15686
29065
2130
33664
37925
21276
22064
7340
21458
30868
10962
12983
19332
3727
5166
2806
32371
16040
21949
13341
18795
7337
12938
5087
16811
9312
25259
14087
28704
19623
1375
7379
9846
1903
18526
28423
23999
18102
34425
10923
2015
24888
27957
17779
3789
22504
10973
3143
1193
20707
10751
18426
32986
12533
21160
18385
9858
5686
28447
3467
21341
3086
2051
2468
2959
18670
31471
28332
8041
19135
10932
6647
19095
1109
18014
9901
9766
11705
306
2836
9505
4368
28296
16151
6095
26074
31534
5121
22768
34327
613
30750
27958
14162
4070
36376
20467
19740
632
27893
1819
2124
6918
5352
2497
7860
2349
16572
16718
2713
18878
10760
14762
17367
3523
636
26044
17066
12441
5175
18358
6935
32788
27367
3792
18111
19037
3747
14394
19645
7314
1319
11561
6978
1548
37621
10127
1567
21189
2188
4333
8364
14101
1323
5901
2795
6646
436
32567
10499
18470
27989
13920
30075
33701
6203
38270
23047
18582
15682
7784
26375
14486
20940
23968
11451
1977
13877
12025
20956
20378
15353
6600
5079
31618
1599
27275
36704
11330
2149
30133
15593
22189
37531
27750
37055
25953
4743
27691
7166
16482
4921
6084
21083
12580
17946
9147
12369
16400
29237
33617
10624
5598
19491
24103
4933
8469
18745
4836
14917
20941
3500
3988
24132
19529
16820
8791
15395
15894
2721
10523
4485
19882
22377
22817
29905
5058
29575
474
6143
20500
5821
5581
8211
886
33223
6988
26938
20495
1780
15524
4278
3349
14703
4839
25420
28958
30188
1059
9469
2479
3649
31677
27975
16263
22322
26274
10158
489
10571
4931
3400
8555
26073
788
2168
25053
25241
9936
35272
5061
26847
23872
6856
10444
32555
35115
7176
2625
32361
30819
30758
24149
10762
14442
17388
13442
3318
23032
5043
3588
18623
19188
20398
28159
13118
6263
23063
5191
4639
7489
120
10577
9208
25953
6846
9018
25318
27536
36615
7509
34477
29762
3547
10348
506
13639
2527
13356
22928
8133
30174
16469
25571
3682
4968
2012
16351
16656
23116
4395
8775
5897
12118
6430
828
15140
1265
10131
11744
5603
15654
14632
28847
32651
14820
7805
12142
20921
5559
26120
1091
12408
16328
11054
31721
9385
26345
2996
13701
6842
25816
3518
7811
18132
9753
3241
269
27719
26726
20104
8887
26031
18372
4893
3967
23671
6916
4990
10181
11258
5572
6568
12940
14886
24268
18165
7935
9132
10282
5002
5891
1394
3516
1418
15192
1890
36247
2457
3480
15209
5795
30766
30637
21329
1918
20199
327
18351
1083
15752
3605
6378
5668
26114
12538
16087
18066
19001
2880
8502
21094
7715
6084
21196
22888
31658
2177
33878
13020
975
18252
32214
9568
2135
20735
24552
369
38811
7320
27017
13542
33585
24732
26172
2595
17054
6736
6464
9161
12748
17725
6260
20989
35488
30230
7893
25904
11591
16464
14220
9918
3250
34030
31644
15158
8360
7983
9237
876
955
12354
2485
29370
16
9976
81
10286
27532
13286
1096
9184
16662
18196
16002
8729
26819
1219
1978
9746
23514
20217
256
12750
6463
10537
20886
1626
24190
27295
1013
2885
12284
4108
28956
15550
22883
3162
261
3312
3824
14484
38181
8158
18291
3083
22620
17126
7760
6299
5679
17344
1190
9093
19008
11009
6756
5507
5029
15312
6973
22932
4967
11553
4204
10242
20954
24046
26766
8099
3710
23849
15203
21895
26664
2114
3870
26729
30388
1782
10446
13281
29034
5398
6104
567
29753
4367
12687
175
8813
6050
16828
27421
10680
1499
30331
5204
8307
8237
1562
476
10927
32060
6535
11715
13093
1663
30018
7745
12763
950
21840
9146
12587
15735
782
7490
32092
26088
24569
28691
328
10267
27760
24286
11742
24149
6723
35589
20554
7836
29355
8398
2576
32231
16989
9862
15043
2333
3197
10334
8832
12853
16766
15674
19800
17178
17282
27489
33870
14189
10197
37729
2822
35410
29888
30794
26458
14727
12503
20398
10463
3676
15266
7719
924
11732
17971
19302
13807
35089
38712
4936
27268
3371
9791
23247
32305
40489
25544
5606
7957
23419
23182
21873
11926
15593
3817
21007
17982
28848
26945
18314
8828
296
8829
9990
11064
9103
3985
8408
25283
10716
34000
12281
7387
37387
6957
12390
30163
24527
8384
23238
8712
21783
12465
9991
1821
32970
19534
32817
31601
19912
6532
12681
10678
23204
20071
2169
3246
8212
16173
15792
14349
18456
35159
6309
20796
133
4664
889
20489
20905
20355
4391
23835
36374
12288
22951
6284
5178
11881
3424
6399
16261
20750
16261
7763
279
5830
1291
8120
14506
4093
11932
5998
19814
28629
25078
6156
14488
26915
26978
6063
27271
16982
7010
5576
6021
10485
3543
16550
5424
6503
20657
35323
30201
3493
363
33304
4275
38742
8918
12675
35044
3009
3414
32016
21576
7005
13035
655
6563
25528
11438
26363
16755
27570
8110
14716
16464
2540
23556
5358
11300
7154
4029
6760
13019
13365
1784
7129
21205
575
18255
3303
12246
18641
3200
1529
19686
22276
37288
20658
10057
8977
1474
6249
3884
9369
15442
90
26864
11270
20291
27016
25113
5724
15117
3037
39192
5430
12391
2315
5374
37321
22512
15877
25472
11255
1325
23412
15258
21658
17893
35916
5815
38172
10508
28798
22913
6923
33509
21706
21877
5024
8402
2963
38913
25842
20040
28058
15625
777
24750
8359
4801
13630
38174
27586
13650
9632
7687
21421
1960
26537
8609
14809
4569
24052
25423
4894
10702
4971
19578
14037
1046
17615
22695
18104
8453
857
15632
33369
33764
19467
12249
35321
4011
17038
4005
18624
11256
14963
826
11726
15538
3431
2357
2299
12881
11941
28977
36441
8428
9026
2183
12533
16062
13054
7696
9886
10144
16818
1649
8968
14275
8790
2230
27140
24567
16745
4929
6168
22614
11053
8187
6390
1354
29826
36272
13058
21419
1993
25061
27943
13876
26641
29258
11046
3609
38846
37507
14813
29227
197
38805
7790
33844
30146
26643
15642
1590
12522
19419
6190
21896
1960
9337
4073
807
8928
27007
31458
3594
39327
18365
11133
19236
19813
23175
12495
10580
22950
5790
5993
25151
7311
12189
13631
17900
3730
652
9470
7040
13138
36390
13842
39769
24711
5463
11864
8313
167
12651
7926
21838
19567
17463
9681
18233
8681
17253
34165
3418
10916
17501
20756
877
12398
19133
7371
981
7489
3564
15769
401
13385
5495
19121
1089
2708
8307
12168
8586
6421
3455
2015
5062
2231
7497
2372
14536
6325
23453
16725
4855
3422
21788
20182
19790
29707
15000
21361
18522
25999
8506
5963
7921
29414
14212
5591
33612
17327
21454
13632
1276
32018
24076
19440
9221
31501
26289
6765
19965
6992
35694
851
24032
5221
20166
5007
28861
7923
21076
18074
20661
22722
27869
40038
2557
14427
2418
5325
19365
35581
2617
16290
36269
7699
7123
4163
10993
15023
17687
8813
23135
32646
740
6109
15872
10566
13764
27026
10710
24111
9196
13044
19395
7584
28126
4268
13739
26126
31353
8543
25747
14708
7210
9060
2714
17478
15929
37161
4854
10380
1036
9012
11170
16196
1831
3314
6696
4809
1758
1146
6484
9387
21610
31365
14650
24836
8030
5335
3608
10143
22132
23299
2060
43685
11941
20707
6155
24068
7573
4826
1174
27737
32818
6348
10374
2511
30126
5084
8065
1670
31690
38926
16292
31449
4725
10113
32152
14758
3183
10170
14167
20758
29527
27387
26375
21349
19831
1758
3200
8776
15131
11369
7069
7141
5485
15571
29546
9948
17834
26274
15444
18915
25334
4736
15305
8024
20512
16902
582
5443
3864
17980
960
29835
6217
30907
10677
39247
5519
17229
6279
11034
13310
16077
2816
7385
11108
20507
3443
20595
24519
2461
29338
23233
5101
24061
15130
26967
31633
23581
12592
1778
15680
26094
6531
9843
9745
4728
4896
11217
6534
27024
5649
25864
38103
29618
3043
21417
19004
19786
2816
21664
25871
35230
4126
4799
29529
10763
11890
6245
23762
1905
7948
4580
7588
12263
746
1912
15754
31297
9051
26357
5823
26356
21763
19347
12731
7065
29765
26902
26303
3816
18505
24473
24569
177
33727
7965
24093
739
14621
23196
3868
1996
6326
13586
1143
17658
20638
9061
12738
28380
12530
36534
475
27554
22757
6414
14996
6304
28375
6112
24515
26571
24269
22015
18040
17554
13035
6482
12827
5724
586
7214
13080
14496
31247
6972
24226
38532
13255
22021
16410
31670
27142
12626
24389
10041
15564
9996
13704
3545
8185
16002
4926
2518
13799
4317
5950
16064
35218
10091
5040
18401
11009
8125
29901
8683
7176
2839
18519
21690
5024
4379
195
27150
36686
8915
28096
34739
9734
8996
3445
7308
36132
14759
32419
25835
2166
19491
16397
8687
24105
28071
19039
1758
19285
20975
3432
10808
35267
21464
20928
4018
10491
9052
2779
31466
18454
33085
4035
26619
17168
17776
2218
6676
32388
33038
12519
16775
21300
18284
18365
21807
18164
21647
18265
2395
431
2037
22752
1757
288
7588
15610
25433
15104
33497
17763
10469
1964
8923
5725
16973
23724
5110
38100
24331
28165
10148
26341
25623
10545
33763
3855
14247
26645
28395
28909
16182
14151
32095
35106
6819
9118
17259
8054
4301
2045
2884
11360
3542
23606
5618
20493
20659
25800
15710
20361
33831
25412
635
30015
2551
21946
1846
5923
11080
3099
5940
24346
20154
20763
4927
4325
5167
33104
14802
4786
35318
7176
24318
6650
10320
16973
1801
572
3145
8437
11157
430
1246
26260
16839
31987
11774
19548
20899
38418
25812
7224
1868
609
24908
14339
37818
23136
10456
6226
36703
37578
13887
6539
12920
12114
11039
17251
7876
13053
27735
4721
13395
25715
4714
5976
14772
12146
5868
20789
1396
36641
20711
18547
23750
3483
31314
11726
16414
6324
30018
10430
1760
7100
7137
11048
7171
33003
14740
4818
15317
24356
10576
12480
3245
3412
42552
4316
29928
12152
22384
35168
37808
7318
31732
27076
22736
4698
3475
7177
12568
22389
3844
1057
13447
14458
30397
2118
786
41965
18299
2537
7327
3828
18823
15255
14371
12892
39779
4062
23907
42712
35322
6071
3493
13564
13602
7323
11889
16086
16432
17517
5352
7534
27900
1534
5434
7729
20944
8141
17118
15149
12487
13500
9718
4119
1436
34887
14044
8839
37946
31226
16970
12388
12652
18953
8860
29164
13400
27253
27426
23207
6536
2508
28214
16267
25565
6523
14810
16165
9850
16650
11801
14087
23812
7394
3647
1022
14480
28224
10202
8738
3072
10397
29084
11955
5697
15931
1236
4595
16761
10200
3921
31143
14683
14085
9666
33182
1407
5303
39578
2005
5943
10332
11436
5949
6194
40814
13968
9436
475
14911
23523
21335
15759
18381
22836
687
18553
5543
7956
4844
6997
39103
32191
25698
11433
18258
3373
5085
16756
25059
2150
7490
17811
2908
368
18320
8858
5486
25032
14489
4854
9528
25130
1804
513
5355
8543
21027
5955
3804
16955
2358
19224
5721
30719
15880
10348
22564
1979
5295
6607
4015
31369
9799
10209
18474
23236
20415
31328
34550
29984
3778
1314
35650
5016
13529
2778
24994
35498
3140
4939
10306
30247
19219
6321
12162
35792
4600
11918
1889
3042
10423
17963
26655
29692
12008
7337
18330
3306
8235
38164
13034
11589
4455
20742
15608
810
34331
8391
13373
4113
39083
35473
13515
15129
3642
31270
38554
13175
12351
33894
27153
10571
12714
10149
20234
7647
25265
8284
16815
7230
9593
10866
16449
34183
1865
19060
41417
2465
29068
21115
6924
202
14937
7274
4616
15091
2712
24393
11505
5745
13107
9901
2271
9878
14053
18102
33956
11831
5768
852
11038
25029
2061
23424
29929
15727
2933
26620
19787
14387
8004
9652
10973
1575
31267
36821
3855
7684
7296
9822
14311
18221
5075
26057
13232
9938
14341
19227
23480
4073
26428
25682
11467
16482
14322
11064
6023
16225
4122
8045
2024
5813
14543
15604
9622
26494
6722
1272
10486
7820
954
16026
5754
2127
18319
24679
27685
20142
11429
9556
1760
16767
6481
15504
11878
22250
23950
5820
3753
25230
28448
26778
506
3785
11594
34940
23983
14330
27610
22934
9397
19196
2547
20460
13430
20212
28995
17107
6197
4188
2694
10574
2293
9449
479
879
1562
34328
17476
4325
12984
6229
6701
8781
1919
21645
4775
723
18306
14411
35355
3443
19892
2759
25898
34767
9347
6625
519
28817
24314
32554
7936
9257
7982
11815
9416
30316
13287
2783
940
11693
12891
8612
7131
5657
29282
14697
28439
39184
15924
12157
985
17811
2219
25633
15882
1442
21523
14188
13857
7403
462
11159
21560
20026
3019
9783
4682
29462
30508
30617
17445
4673
11063
11113
21556
22713
3755
33997
19954
2399
21976
12285
4867
16425
1785
3678
25329
16448
9208
14919
27527
31475
3110
12621
7991
19106
30652
33418
3825
11765
37689
460
37455
19007
3793
12845
26271
5958
25770
6965
12301
7224
10194
25583
8098
37744
12014
6778
1253
17523
4709
34564
12674
7612
394
1952
3661
34873
7868
2909
14095
19783
43822
13431
30971
26717
25748
16181
30034
30591
5995
12563
6429
1214
969
17196
5836
7364
33646
9607
3379
22366
7084
38600
26709
5338
19336
12167
4306
26120
22700
34181
15117
12523
26837
28458
27744
17868
4524
11813
36696
22848
26400
15842
6590
10963
8767
8682
6299
27800
1064
2936
7511
33384
4627
27742
4358
6029
2267
10573
31483
23026
34205
16107
1076
7664
6310
551
18493
36365
7925
33706
4388
19701
16235
22547
11137
2082
1728
2289
8151
5515
28419
4173
4404
6277
26283
23966
32062
8339
10993
19288
6719
16857
26551
43633
10162
30194
25604
38003
14082
16277
11402
8582
1359
28260
11624
35384
9724
13768
3315
33344
20263
7767
38672
29648
4520
23020
14412
11422
474
7100
8432
12524
8037
40728
6797
10650
37150
149
176
17117
5117
4878
1205
9479
5851
14911
7983
1460
22582
13913
29565
30468
12114
2010
4553
199
15054
28859
18949
12560
14011
22568
16537
29991
6275
1332
36971
19039
3768
8586
25905
22916
3985
10027
20662
27013
2954
17802
17152
17522
1424
452
2057
2593
7268
16082
4409
32399
2371
13589
28212
2269
11808
35485
1473
9263
755
32070
4283
27855
25752
3007
593
22683
6780
9338
12988
10762
16331
6524
35785
18241
6659
18559
25981
28809
4090
22769
2407
8308
15322
25357
12657
16203
9102
27520
13105
33723
29888
35152
16882
3055
10537
15960
36198
4516
37554
19819
29944
1898
7139
24082
10232
29403
336
371
30439
29028
10733
39111
22502
16760
7295
6849
11050
14999
8538
10272
15774
3265
19464
32490
39331
12678
33004
15856
13783
15095
28763
6893
4054
23287
13059
16512
1353
3317
758
27170
17220
861
11090
12367
11674
10704
12463
15221
37232
27062
20056
18526
927
14995
19622
19992
27891
43812
11261
5548
1120
3228
11928
15222
10194
17025
960
2277
21471
10006
15117
30417
21419
4645
9853
3844
13130
1520
30969
148
40163
24708
30694
37549
15616
15987
14280
33790
9765
768
14140
25317
9305
5527
2752
7949
2798
25574
18430
997
41138
181
13492
16417
18101
7360
10870
9987
6943
2301
15078
3318
17776
26929
10685
13057
32932
14351
25863
9037
20969
2033
23969
3980
23376
19232
17189
4976
1393
28348
14249
19708
17541
35288
1493
23031
14489
12841
11187
2206
9535
10103
5650
23144
9043
19772
2745
41514
28507
3075
12684
469
14028
14457
33911
7037
12485
25970
8094
38364
1881
16804
24095
20718
23841
19813
20768
23253
11545
6070
8216
9417
1748
4524
29437
10591
40416
5703
8743
18185
26207
2479
25425
14600
10771
24490
22051
20626
18388
12204
20390
23404
7576
23559
3621
852
15089
1101
18651
13629
17587
6763
24348
7125
5675
251
345
5961
17112
30498
21256
8501
27609
20008
8927
22373
25502
969
14756
269
1119
26937
27679
8298
5151
12932
26561
57
16781
25716
5093
6579
11772
17165
11882
4618
15623
23308
13652
14177
9458
3057
8789
36520
4203
4605
12413
16479
7455
16017
12265
20875
31879
6739
9598
9102
8058
35671
14128
14184
27891
31808
3621
36582
24513
5567
11313
22184
11269
10288
17182
32902
18995
1492
26286
25758
19957
1134
37343
11243
24758
14690
945
3815
11357
33183
16753
20114
22159
34068
4362
18673
22902
17751
18623
18885
22474
9197
18172
16981
3522
39033
22809
18519
5816
15489
42591
841
10568
13910
30250
2377
23575
17882
10411
13020
31953
6492
15623
22894
24581
3434
23688
24354
22394
386
13206
154
3086
20816
25034
12978
9835
27208
15573
3837
33198
43924
14052
23285
28327
31658
25464
2142
1509
26498
5324
8309
2813
1879
11739
7180
8405
8218
11800
24011
13161
13615
26490
20231
39547
3177
16406
23246
16113
14901
39797
18037
28076
3984
18374
1105
38307
7970
1894
10962
869
12896
7260
26165
9816
18726
1418
12963
34482
22420
6230
11012
34855
18792
24220
18117
28894
5409
14241
14082
8434
18151
43345
19032
6723
15727
12782
9853
6104
16251
2507
6456
19609
25894
6930
17856
3636
13901
29705
2341
24010
15788
7213
5238
23835
25188
5290
8892
12583
30742
16822
8517
32363
16726
33748
39864
5928
23529
6224
34499
1367
8831
383
4653
5969
17363
3610
32247
25487
9353
17743
13372
4908
1296
9851
12528
4406
12010
34863
37941
31474
6178
4472
15625
16880
19038
1690
2324
22417
30766
14687
16191
22647
14896
14323
5428
31154
36773
11729
32977
22300
19483
9734
5231
25141
15978
9684
11183
35682
33258
38150
26667
3375
28688
9283
30338
5638
22346
6336
22524
17318
440
8752
560
44728
21878
12100
11916
21186
631
45613
13397
86
7890
10823
14869
15903
25389
41156
2315
27570
33133
16609
1133
30777
6976
13494
28364
15160
27533
5473
147
157
8515
14769
8898
33452
13646
21297
30301
11840
29314
13132
2651
842
Case 2:
29808
14256
34964
2977
14421
9249
15825
12572
23793
2890
5440
15930
30734
9634
12326
12276
39067
5721
10882
10848
42248
4190
25695
7947
9821
31493
31655
31489
29827
32065
11689
41935
45517
11017
7008
34434
12241
30799
12883
26279
43389
16771
14888
11008
25029
40922
3184
27544
37122
15835
17182
5393
10896
15841
51295
4001
53988
13143
31863
23492
19194
17432
42627
37095
3586
23086
10747
33782
6274
6269
22817
30059
35800
5216
5240
1849
4222
641
8906
55656
1353
19350
190
60158
7737
3284
12341
43
25296
39535
6408
35479
2895
33221
56462
37789
24332
16783
9563
1164
2916
13924
9240
41634
24158
4413
18059
12073
7180
43220
6251
35098
27536
21850
3538
27405
52318
12545
26085
48587
13737
3219
31859
26718
7148
2812
17949
11702
6311
5067
38878
16148
38789
18785
27472
40061
29884
3864
323
17771
29813
45423
2418
25057
37390
3339
31506
55954
36101
20223
5368
54224
34383
20147
695
4215
11036
30368
36768
12691
25873
33448
8459
29083
261
28588
6665
22053
8220
13617
36922
26235
3764
19657
35472
635
10986
5654
21976
9077
37367
13553
36659
9168
38675
6875
15007
47316
3380
6338
21269
10731
3981
21565
33669
5776
50323
14439
7048
15940
17417
39341
24048
36240
14353
5003
10643
18343
18048
18264
8790
18828
11640
1835
18124
5748
9390
41360
8783
30149
11577
1759
3036
7270
289
28769
18807
19111
41544
44896
20515
31400
23325
9574
2009
20618
3552
9064
13611
29600
18993
12109
32855
4399
21507
9838
597
26172
7637
20309
37563
5512
46487
997
32146
12808
14708
21546
30265
5352
6980
17959
32327
9322
7220
10922
55258
3214
36951
45101
11233
14011
13034
30414
797
16004
10799
13147
9360
58285
17515
32285
5453
10971
14238
12889
8276
22895
13896
13127
3195
28015
57395
1083
29914
46232
24607
7552
2920
8988
6620
1844
40411
316
38278
26935
49606
2260
31831
359
50780
8477
8746
7336
9878
18545
56528
8494
30421
18112
2167
49225
52096
227
13132
36264
19479
46913
13239
16802
11778
18098
6104
26069
28924
31068
1136
10980
3183
11014
11079
34522
14843
11135
3601
3792
14179
57380
5702
7257
24473
3534
647
53199
12361
1640
42782
9054
34086
46684
10355
11608
2550
10854
43815
5023
19813
9342
30526
14297
17593
1890
5507
38838
27961
23315
39254
2647
4998
8706
54558
34310
3414
11783
58122
62563
31208
8095
61742
17085
13559
1334
9872
24184
19496
234
7165
44929
40527
8970
1184
2870
28401
19703
27113
16013
24155
844
11239
3567
52777
9301
29788
23131
27824
9103
11515
7436
10695
34991
25017
20391
446
43566
57008
141
34487
53516
7402
13214
14892
62434
36351
24883
7949
51009
21604
21142
5351
11005
56603
3970
52849
12089
157
23413
10057
23542
13108
38203
10326
42410
40448
14308
12185
3817
52693
368
50974
40898
12112
14052
28024
14018
26191
398
18776
5192
22742
30502
34103
44371
38853
27404
28101
2785
10204
16359
1422
23920
6496
6465
35828
17869
21534
11608
51802
21194
10323
20811
63799
59487
37036
7932
21478
32622
12098
6904
43957
13765
4673
40161
29847
1407
42128
10520
14908
18667
34035
51056
8448
14716
27183
16834
31868
2027
52256
35428
2572
11822
7291
33759
61763
32475
28749
10610
18109
4181
1720
27726
14740
31009
11329
34598
37292
304
14486
8394
24509
22361
1947
9508
24831
22783
17135
28116
42995
22981
10770
717
4898
9517
49239
44515
38214
34139
36380
4434
24094
32063
51121
502
18968
10418
10232
28794
14017
19065
11413
39436
18087
43125
34941
33520
19635
29263
42219
39057
4298
345
50761
45484
26305
8579
31306
22705
18415
7994
10643
20520
18181
18746
21272
50031
6409
33022
41581
52153
15485
7857
31063
53863
7595
36094
23417
5374
31342
18699
8975
37870
10859
22266
9460
24373
32580
52698
2166
16820
12519
9352
15722
42081
49451
35637
4405
11768
13848
51159
886
22772
10331
8602
39999
10587
1655
20073
63435
21304
8209
49369
39219
40554
14400
12449
45774
37842
6096
22808
4062
31416
41476
14163
7123
50062
22363
19434
17635
4063
20014
23219
25629
23576
9791
9872
29751
42927
12107
35450
9300
5981
20032
17700
14607
6166
3460
26663
14928
3437
23842
3584
32076
48222
31127
6800
16596
11358
15614
3822
27108
17008
36369
31722
29075
11936
4967
33607
27826
7602
9508
22869
23436
6232
18723
14960
44907
9817
33549
50328
23245
17365
44027
2293
29747
40444
6758
15387
38404
7677
20612
57680
29933
16551
38261
47012
20850
23230
18118
4931
42340
55085
40362
2744
30024
2696
23159
10140
19455
1447
8391
22372
18245
23099
21462
17258
9410
34808
11477
12968
49557
12937
536
28763
7446
28841
25017
7786
45106
41141
4298
31543
34997
11961
41427
24696
108
11843
20547
8051
21261
4236
43568
11154
9527
546
49865
7502
8717
8891
10820
45402
24896
10245
16543
22691
12648
59654
11106
13772
20205
20989
34795
53559
2540
14112
9904
26881
15776
23580
18497
53644
3447
7403
31834
46411
19001
883
15271
16995
21285
39611
10882
54197
14851
49350
47223
1265
921
468
18131
10626
10576
20021
24076
27635
3341
50345
33748
3920
344
53602
21278
15254
11035
15120
7394
24065
51964
23871
25267
5603
4451
3982
31419
21114
22220
34517
20591
45853
1111
21116
20759
37153
3861
12842
7575
24679
25895
5196
29742
16061
1359
60208
29327
26699
1500
54158
15525
42094
3257
9209
8928
14898
17672
13280
15645
39511
28952
45701
22800
34363
18059
2205
15138
11029
17180
22790
10877
8974
47826
26886
31531
12045
22661
16263
18592
27414
37890
31783
33883
18294
12161
11418
25548
28797
5620
21856
19040
4464
17316
25512
35460
37607
32973
7269
24359
12467
6204
25137
1481
32740
15622
2907
33058
30583
23436
9567
39245
60165
23276
2719
38335
43253
16332
16921
4518
18757
14885
35953
46087
6013
3307
12284
19491
65194
45094
20305
26691
21542
3079
6471
16492
54359
7726
46974
10425
9329
37121
Case 3:
11606
892
715
6778
3611
2434
411
2038
3733
214
560
5022
9279
8721
10619
145
7736
6026
2077
7828
3328
9714
11859
6380
4488
1844
2253
9595
4334
11236
2866
1494
850
6488
6135
6416
3254
5938
14310
10096
7398
3782
1545
8603
5420
408
1475
1867
321
5279
405
4283
2943
8341
3743
3698
3453
10266
9582
4516
8366
12470
7406
339
11817
8375
2773
7840
7691
11793
3620
2022
2635
5897
2306
8320
7043
4227
1602
2809
1629
11690
2585
2123
8562
9936
3093
2767
9363
5098
9757
12036
9532
7295
525
1365
7154
9514
2029
11369
2580
700
4461
9234
4866
14707
8275
1581
850
1458
7611
6432
7346
2257
4165
2444
13347
4805
10085
3695
11062
3408
1623
388
3337
1504
3752
1171
6545
6550
6282
11857
6143
6095
3750
8308
3595
6634
6748
13602
11112
6394
11177
429
9139
1071
4726
9312
8237
13015
4391
331
6850
7706
13459
2545
362
1594
6869
1011
3565
1101
1928
5072
5020
8984
3297
7140
2704
5416
4156
718
13272
10935
3157
7493
1633
5040
1085
5181
56
6294
4545
905
822
1035
6436
7555
4037
6369
3224
4524
5055
12003
2020
1526
4225
5179
6804
9059
4215
1580
10918
2083
6136
4897
2172
6154
1193
3232
6549
4824
7440
353
8262
1104
2166
1310
13731
354
9671
3044
4451
44
1657
1373
3673
10150
2122
1279
10218
3097
8418
1585
390
675
1147
6608
10134
8302
475
1011
13115
500
2568
802
1939
6704
165
910
8736
11525
9613
6520
6050
8715
6232
1506
4821
1232
5066
13981
7937
1125
5191
3425
8774
708
606
1505
4170
3819
6540
9995
10435
9622
6258
954
79
299
4419
271
13841
1064
4620
2688
7300
4396
3550
6324
2763
3705
12727
14172
4615
5507
3711
4405
6064
3858
5804
2999
1313
8303
6320
8403
6350
4244
204
4881
644
5307
5971
7454
5636
11642
10438
1774
1032
2799
3433
190
1406
8078
5010
4738
6382
5676
12518
7296
2082
8989
590
5173
1576
3670
153
570
7271
8439
4907
12101
9864
5260
4546
15426
4383
2880
1061
12263
7518
6875
15405
11340
1905
5521
3002
8698
704
5929
5703
5405
7237
486
10639
2742
9378
2513
8584
6203
9025
7847
5307
2411
11104
13362
14311
15678
3196
1841
5239
14331
5899
5665
8296
995
5400
11274
11407
8056
12374
6608
7424
11564
6321
3900
91
11905
7091
11444
14465
3112
185
4477
468
10804
10707
2212
2592
5771
5694
1286
12790
509
8594
8527
6723
2028
8537
11791
245
510
3131
1228
7404
6598
1433
3580
543
14411
4626
9245
10006
4967
90
4187
962
9742
997
7499
2459
7135
9274
7384
1130
3134
4708
1279
2153
4263
851
765
7490
6502
8760
4623
12262
4106
98
1249
6202
2666
3753
11816
12639
3963
6811
7226
4849
5013
5507
3423
11141
6900
7415
11402
5814
2194
6783
1792
6766
3714
8003
7791
9395
7221
3219
6586
15541
4692
3220
66
2393
7396
11931
7956
6887
4963
6076
3041
9784
6428
2957
724
1208
1446
12432
12137
3371
2242
3609
3627
11889
15090
1672
2007
4210
5105
7055
3457
15744
5034
10166
9007
3371
7378
8465
10377
1918
2462
10627
5941
11467
5085
4383
11859
486
3599
16783
7703
1427
6826
4686
9439
9321
8999
8972
9995
428
6306
8318
2323
13037
138
5081
13515
13809
5523
13297
4031
12752
9628
5344
8036
7232
11376
9132
4655
1866
11936
7776
4856
3756
5228
2813
1740
7968
12006
2599
12515
16914
14743
2301
4826
11065
4925
5317
4543
2571
1286
13183
8685
44
2986
9723
10833
1947
962
4651
7077
4499
5254
5217
7598
5438
6607
15709
843
2334
4108
317
6613
1072
5326
2792
3061
8861
7187
10638
8331
9702
14742
6673
3536
4044
6314
5105
4176
2189
4460
2600
900
1405
3494
1079
869
12302
961
4183
10474
6242
5652
1287
12518
1889
2791
2596
10878
1118
1746
12621
838
4250
2274
4112
4008
12445
6058
3279
207
11006
2572
3864
129
5184
968
8854
10035
352
14133
10206
5799
4120
2722
2522
6082
14658
5591
2712
2997
14070
437
12750
4158
2335
11388
4238
8320
389
198
262
6030
2029
266
267
3934
3774
11451
6531
465
8253
5707
4193
729
5706
3501
3914
3297
6837
391
16114
6936
6998
12142
1750
7092
3142
2620
13610
2329
1159
870
4761
685
14684
3234
5485
5243
12106
506
4050
5034
14400
7500
3093
11567
3863
4299
5318
14513
3126
428
2439
11467
1970
6830
3873
1156
5397
8414
5940
2723
303
4223
4549
16845
6583
3543
3518
2227
3852
2452
11941
967
7368
5395
9131
14797
4191
3620
7815
5173
6488
7759
5097
1493
1401
872
5335
1621
10772
16762
5567
3278
4531
4175
1876
2476
13338
10108
9269
5858
11125
4068
10085
16494
2248
6811
2765
5589
4331
1427
246
6786
11653
10350
634
7832
2465
758
127
10296
6886
6419
10954
8496
16005
15454
3029
2201
1495
924
3002
10349
3763
5068
12033
6486
4751
9335
1322
7435
45
983
4960
8646
17138
3064
17875
3298
13949
845
3275
14167
4734
12937
4602
7039
9500
1167
6092
7626
6084
16063
10447
3001
16400
960
62
4909
15514
12918
5452
1589
1461
15296
5597
209
1214
3161
4941
7069
6200
1367
7697
9436
9789
10183
15339
7579
14581
5325
1797
2889
3433
5360
5999
1062
12232
5200
5178
10175
5470
9450
5935
1071
2044
9023
2786
2404
1227
1315
3555
329
11929
9490
5157
12619
4213
1576
6063
6104
10546
2850
16860
12560
7365
14161
3707
3171
12975
5831
11205
10474
11875
11586
431
7198
16412
6993
8861
113
634
1698
5297
435
15621
10859
5992
2558
7136
527
1215
883
6306
12632
18223
2298
58
7050
5469
10678
7922
9219
11918
2226
1101
4659
4066
3352
5366
389
12278
2823
3584
2742
13400
6469
10853
10031
8022
4721
17906
5518
868
11871
244
11400
8062
5080
4645
9048
9950
15761
10203
2550
5253
499
4159
11212
6242
5271
11895
7625
12573
972
11358
1757
3550
2516
7360
15137
9026
1269
8205
6732
5750
8315
12785
7352
6741
3887
1035
15327
2114
888
4146
1438
5124
1704
7494
8749
7332
884
8977
13941
8938
6409
2800
3263
1802
2271
11012
1884
5228
3396
321
7983
1372
9153
10269
4391
14851
607
5995
6309
826
7965
12529
5624
12458
3788
16708
5252
9046
6967
8171
7196
13940
380
8496
1065
2364
4886
11621
1083
4620
894
1668
2927
5684
16182
1370
804
5189
1460
627
7071
8841
2530
10617
2684
2921
7092
9617
10752
5329
3572
15945
15468
3067
9033
779
3358
4629
6168
5226
2286
3116
11265
15194
13727
10499
6515
4593
9294
992
974
2742
5930
1858
14099
15470
12911
12743
5385
2821
9813
1695
5109
8154
8895
8260
3810
1896
164
3653
12569
710
5971
14002
16904
7851
5397
5548
5315
175
16383
11003
1123
6664
13171
8679
15309
15671
3893
6027
8600
10954
6515
8126
3424
6287
3911
2936
8652
8377
6664
12946
7791
4645
16863
10721
7892
3101
8091
98
7796
2096
15003
13839
17416
7077
14647
3247
422
16021
1855
7861
14686
6652
6657
6953
7935
7453
4043
8363
16232
11536
7881
5492
5238
6934
1022
13438
3779
3418
211
1665
2149
9219
5657
4761
10392
13850
1075
5140
4449
7467
9104
8156
12508
13330
7233
3467
1150
3081
1218
10174
18017
6884
18167
6215
14713
9417
7185
4005
4741
1177
5254
1471
13452
3196
1971
4992
6710
12402
8729
1747
5137
5995
8213
2050
608
1380
3054
16859
13409
3882
2265
306
559
3054
7526
1366
4927
4313
1505
1241
975
3396
1338
4671
17589
3235
11556
3962
14663
4851
8294
11700
15725
3669
4433
11372
4417
11367
18298
2295
709
10967
2532
4988
815
11837
4755
4111
11383
609
8146
2064
9725
7899
2454
955
13271
7000
4637
1199
4054
13801
6765
7137
2660
1989
2197
10948
1734
6315
2896
3204
6920
2845
7757
6089
2012
1136
11976
1617
2176
9683
828
2774
5492
16884
6854
5180
98
17896
2286
11263
7310
1177
681
288
1378
3262
2528
4379
358
5056
354
9172
3266
903
556
6686
7462
14370
1350
5209
9646
19270
3695
2835
1388
959
15344
1664
14133
6276
11262
733
799
5093
7997
2229
3914
9048
6094
8134
3652
1116
9198
1948
349
4925
18219
9534
3274
4897
9593
1732
2705
17629
6080
7846
5090
12114
4939
1856
1475
988
9364
8718
7163
6390
117
11177
3814
10131
12174
15084
10103
14127
5153
678
540
1809
562
4863
10391
17314
5910
7553
3091
7263
838
4644
9858
200
1689
2150
14000
732
7012
446
2639
1891
14247
4533
7294
2361
3174
1671
18074
3642
4690
7255
2136
110
1145
17744
99
14280
16206
9124
1400
3245
3840
19477
3799
1043
13117
1728
3997
9303
2812
1844
7262
3603
754
2826
2780
13344
6933
6883
8630
2054
5166
10431
2272
1606
4842
13562
9845
4549
4725
16891
2798
8005
1045
11643
3181
16904
1675
7099
9592
4701
11806
106
8145
2122
1264
13571
2468
10019
9022
14237
18313
14272
6798
5157
1865
9903
3570
1595
10873
7103
2986
11167
1801
2516
4600
11477
7435
1756
14082
11822
4637
8871
7598
8942
3515
7040
18897
12593
9125
13505
14347
6243
1116
12266
5408
17382
1746
5639
7111
12070
12175
8992
1715
10399
10359
16382
3656
3295
3651
10270
9884
8143
1723
11741
6329
5765
2904
13740
1225
8404
12138
4322
10513
12051
2142
9867
17645
2337
2668
4681
8687
5823
8197
9362
9427
3719
2025
11317
6003
5769
5936
6671
3272
16784
12162
2984
2121
2873
12714
499
6676
2423
2345
1626
3373
4779
304
13402
7453
9659
2268
11155
620
769
1140
8160
6759
6779
3460
6127
8472
6565
5714
1150
15201
1086
98
14365
2347
7312
5869
16936
4114
11086
6942
12330
8452
1136
1985
2232
14877
6809
3439
353
1686
14355
491
2787
2409
5062
5716
10579
5864
1120
5062
329
2859
9324
9589
2716
1252
8662
6747
6900
5590
4770
4654
1784
4806
3285
8346
6692
8
533
6842
9213
17765
415
12314
8543
1109
705
19117
2293
6258
4516
15740
3661
799
8986
4021
1185
3188
2175
15762
5151
17384
363
8928
7540
5257
6369
6193
13856
8175
1224
5673
2817
3718
4578
20363
204
12607
11011
19299
4258
11697
1583
17526
2725
4676
3751
9006
7327
8048
2050
16754
12484
14412
18153
13430
7233
7484
3358
16210
6155
14799
7709
3498
15733
3350
6533
12035
18667
8510
878
2798
7093
4741
6435
4825
20904
12155
1955
4625
5802
5684
4145
18422
13059
2086
227
1840
2741
578
3423
12731
7591
476
1366
9866
4715
17530
6796
3833
3599
10212
661
4444
9280
13035
18994
10413
558
2487
7814
5966
6400
1052
10567
8812
5201
4160
1716
4673
8344
11165
4363
3747
9380
1298
141
377
17737
1647
16289
4405
12604
4432
11057
2463
7957
14814
6323
8670
10106
6358
6563
7635
11445
2667
825
4272
3723
1356
8721
1617
7976
7206
3975
6226
16501
1809
11086
6264
9996
8655
5150
14662
279
2148
371
11286
3071
12299
16150
3466
6032
3211
4555
5153
420
2050
136
5857
12423
2886
6724
8300
355
4224
396
5448
6418
3610
5784
6895
868
14073
756
17187
11371
993
2510
12952
17360
11980
12064
1917
15620
253
2677
13370
10919
7795
1361
5596
6466
6672
4003
2246
8920
643
13729
1982
2928
6087
6089
3114
7394
3085
9056
5764
6711
9968
5283
8624
15814
2392
3290
15562
3260
7949
6414
3338
10280
5365
7719
961
9178
11362
15385
3653
3695
8816
11657
10571
18357
819
3493
13824
14431
15216
3285
9789
366
7746
12830
837
7529
10140
7809
16571
11822
3392
5872
9443
6033
5257
15618
5712
3048
10236
7281
17511
7849
7961
14265
4752
9669
14262
7061
19791
6224
1005
10443
7710
11011
9247
7379
8365
5683
15792
11696
10348
5170
16325
6895
9350
9365
13810
11671
12898
3493
1994
360
1134
8750
2282
2772
11946
9580
14918
20304
3399
6581
14655
5398
2132
1565
3163
14848
9676
15833
5725
3845
18721
5584
710
230
4006
18803
11534
10925
6100
16444
4577
611
14196
5368
16644
1723
5657
8061
3629
8354
1943
8799
15085
4859
6719
5448
10242
8155
3699
4913
1215
15877
12640
12820
390
2777
5726
7964
4246
1099
9124
11671
3622
8453
11219
10703
7679
760
1307
4876
1714
11827
3827
4062
6975
16598
13433
14402
11266
15299
7528
7400
6025
10295
8706
6267
2155
1195
1827
2216
7940
5579
9098
15375
13363
14063
4528
3227
10033
1957
8167
2130
2131
3117
4792
14085
9771
8156
12143
11095
11198
12597
973
2867
18908
8505
15140
6826
4472
11415
400
525
2382
12913
18525
12587
5316
6200
5766
16725
7204
5764
1013
2449
8622
1730
10574
11344
3686
5051
678
576
6515
8055
7770
10547
9491
4254
13599
6675
3854
257
20046
11694
2774
2806
5471
781
4215
7207
12383
1428
10460
13658
1230
18971
2674
5785
4368
128
20852
4793
2753
7695
5305
1167
11893
9479
5008
14666
15563
327
4481
6998
9001
435
1043
2210
14961
14989
10329
11154
1242
6462
12758
199
1364
5622
11568
11950
17467
14779
4976
4481
4502
561
6613
17390
9845
1250
752
7931
9688
14913
5971
11557
6968
4321
8200
11173
1108
6768
13018
3884
12279
6266
6913
9644
11980
3183
1832
4632
3891
3108
9156
7106
2315
474
2987
243
4883
14768
9008
4814
4877
2493
3107
3021
11521
2052
18449
5618
557
17485
7229
4026
3460
10918
2838
13156
13761
6292
2875
12068
10813
5715
2349
10325
1321
9155
15353
17784
9422
17692
532
13377
6849
7056
77
9955
14654
10914
3936
11437
8405
13046
595
17250
7236
860
7901
18054
10113
2734
4107
21591
5159
12231
5817
6768
1675
6649
9549
1403
11476
17622
5287
104
8242
6714
3103
7524
11269
4786
2970
7707
8249
6253
1629
8619
435
4331
19701
2344
6143
5587
7789
3905
16311
8391
2517
348
4102
14312
2626
8776
2753
10904
630
12995
9081
1645
2686
8791
1141
2847
3631
12683
15651
9688
2367
4927
11777
198
3122
5477
15002
6484
5698
17513
8262
14855
2079
12841
4573
14455
5676
4845
2769
129
367
10926
4184
16326
8624
12519
10002
9536
1024
5541
1568
1111
2173
5960
5194
5073
16833
975
16913
3308
14107
11123
15953
4687
6405
9129
7318
4188
12680
541
2092
12391
4545
1772
16203
641
17891
15483
245
14552
7695
8173
6481
6056
2994
15859
12652
7624
5652
7504
5227
368
1591
10719
7550
7425
10915
603
14115
6824
8905
7799
9514
4364
2924
1162
451
4297
11318
3961
11931
16236
1535
14662
15784
399
17969
13008
6368
7060
9289
1744
5894
10245
2488
474
16267
12722
13187
1792
3443
13746
420
2555
14024
14372
10518
15257
11404
10396
11475
6949
8213
217
615
7311
5419
7194
10881
4946
1933
1468
6521
8854
7746
616
658
7920
19005
484
7962
1470
6412
482
1902
4994
6874
831
10375
1719
16353
13598
14375
184
14900
18341
7801
11569
1738
54
3809
2853
13599
12342
15027
1744
413
15468
11936
13178
5406
11617
2285
19126
19020
20893
6961
5438
4670
4454
11801
11542
7804
9166
5559
15632
5210
7833
19383
19767
3128
7490
16564
10561
15185
8210
5341
1352
7405
7704
2082
13773
9485
5783
18247
17555
5427
2222
5257
4336
1532
5953
14125
1826
12296
510
15551
14347
7950
2416
8516
13092
19041
7927
17559
15975
11299
21770
8246
584
2552
801
21634
5431
5170
18952
17021
10655
2589
16435
9065
5684
9645
13484
1274
10954
4996
13388
10772
7878
11510
982
12536
1960
2461
5393
12287
1667
2712
2260
4461
4072
2212
11147
3836
13024
2596
12502
11627
6516
2252
8251
1213
10537
7458
7199
5450
9217
7591
4744
7885
6370
7079
19715
9194
1560
14616
107
3783
12177
21514
467
126
4051
14445
8621
12543
5279
6901
18541
13865
10617
3312
12250
5184
473
4215
54
3462
590
2322
2685
9702
6931
4817
1908
4844
22582
1396
937
10345
11273
3375
2682
5383
11651
7314
4510
1899
1545
1297
9670
6155
8417
10670
13887
2476
7306
589
5642
12116
1030
2223
10236
10794
18355
1599
3820
5953
11015
15310
14033
5507
16200
7534
10323
13313
2959
1275
10316
588
8971
14706
1693
20954
6816
2792
9879
2967
4825
3712
2073
4671
461
3864
464
1757
2560
10475
17520
4072
1258
11296
1360
18302
8428
12884
6465
1634
18856
1380
5564
335
759
3318
15502
6209
16219
10683
4329
19110
3193
9808
12034
8010
4237
92
13080
8218
21435
4591
10364
456
383
17515
880
13770
10397
6202
17085
646
9887
917
9718
8210
1291
5941
16020
7548
11575
1750
5230
1773
2033
11623
1012
16259
2930
8412
13035
7090
1837
12498
9852
1717
10704
21398
5519
8990
6761
8460
21726
16968
6095
9607
5715
9693
2719
1885
5499
14360
9311
2686
18400
2377
4698
9098
13879
11099
7275
3665
3699
4577
406
449
7653
2254
4433
8952
10874
3241
4796
9859
6080
10825
1690
6240
18603
7614
21645
9560
14385
3047
10309
3121
12064
8863
208
9358
410
3725
2291
6067
3743
17788
9760
19304
6079
3292
3172
11681
11477
14590
8926
6093
6211
2832
10400
6445
1490
134
7313
10640
3581
11358
1459
1402
11922
2057
3372
9510
9585
7270
1442
4451
13198
1414
678
5996
606
19402
950
8714
18483
3462
1638
4884
7275
4693
2310
12925
3484
513
2002
12776
18783
19819
1054
4725
6750
10930
2908
9099
954
9846
11220
8439
347
11821
2497
15714
584
21488
13981
15001
15830
3962
5990
6855
5050
5818
12480
2621
7016
1725
738
269
3456
217
12403
11725
9253
2464
1201
1778
5378
6822
10040
22556
11198
4872
19973
7705
1354
4570
2130
8280
7496
8851
7099
4547
426
16907
7870
8466
1670
10604
17957
3067
19812
13781
9781
4968
7542
837
4261
11867
10758
10905
9506
16695
3330
6770
2778
11379
6837
789
6357
13249
16338
1947
16415
1480
2030
110
1484
7641
4732
6031
8806
1065
3656
10029
6801
3920
9877
1083
1680
13619
5016
3168
7471
15266
4140
17161
1349
2095
13023
16340
2943
11206
15141
17799
6720
6394
5004
6190
8468
586
7911
1171
2196
5082
11260
21506
12599
4141
13707
8725
1047
2005
10316
16377
7263
6993
21529
6066
3755
3992
17700
18475
6460
5445
3068
18245
5610
3036
3559
12018
7237
2615
17888
6541
4370
1298
2481
9105
12576
3473
5356
15080
6920
15237
7050
3900
3931
3216
13645
6947
1913
5653
11044
5474
209
16799
1857
5536
18922
12131
6063
10472
3465
1911
7606
10884
7682
7760
12320
9213
10654
7955
6300
4704
9133
4333
5831
19935
14238
957
12007
6149
1423
10721
14514
18561
495
13714
9190
13518
22652
2920
10748
694
9521
19329
6553
10470
15486
12934
9513
10825
2437
8160
-1
11649
8545
12592
2315
11120
9512
5037
12028
724
1935
927
10829
1003
10504
18650
5754
14898
4154
7181
22674
11985
4372
13978
7602
3747
11593
6596
15821
10863
2833
9950
17958
20183
14069
12141
8172
9848
6694
11194
7572
8501
20730
12522
5035
16766
798
712
5218
6965
6648
10239
8510
14086
14186
5419
16858
14223
8413
8276
2012
2783
3129
7769
2625
6964
5652
8644
2553
10103
1473
12576
2186
3263
10565
210
1695
520
11708
5139
635
7758
600
2482
17664
4111
7743
5700
2733
12084
21426
2155
10999
2295
4694
8902
3600
3273
4651
4638
4587
10080
14764
10246
5732
3334
21587
1976
5852
8143
1858
18698
16718
14930
19680
475
22635
2607
8765
5117
13554
4518
1636
17802
8411
23117
17122
12660
20416
84
23599
3754
10531
6284
11280
2879
2262
178
1197
18051
19445
6686
655
6968
9999
5113
11964
14866
5358
4965
10499
5070
938
3592
17373
532
7086
13801
10340
13560
11050
19501
16954
105
19367
1133
553
17641
4111
15076
1066
7667
14923
6940
5576
530
3351
156
10729
8885
4433
6341
9059
688
6453
8709
11674
14508
10236
6580
15196
4137
4761
17295
9259
6070
10491
2803
5258
18423
13430
11746
14151
9852
7356
3386
8560
12470
5713
10007
4019
2247
13925
6560
8348
14239
345
16086
19428
4080
13829
14827
9165
13260
7380
6883
6694
7041
6963
9546
7470
2894
3516
10861
4960
17194
23473
5488
9708
13435
8468
5691
4344
4984
11410
10032
18467
8073
8404
10841
3605
5618
5299
600
572
4974
9516
777
614
8259
3197
10386
7463
19833
16706
8891
55
5150
24444
9964
4948
17420
8811
6329
10873
3699
524
10258
2505
4379
2759
18343
4582
7688
19409
71
425
18525
124
18357
3550
21299
16268
6619
14945
7572
2384
5873
3989
2303
17976
16667
21792
15848
14297
4355
8868
9181
6284
8878
20560
19110
8684
17796
18331
3366
267
20664
24916
12309
13571
1836
4890
18948
4627
5950
12465
18143
22285
3431
13708
9630
956
16468
1651
6260
7716
15639
18301
8158
3704
817
1227
1750
11500
8428
2274
5343
4829
13701
11250
1864
9471
14247
3438
8972
857
10835
5434
4628
12422
1672
15297
20996
6325
18043
8958
6890
9313
3686
19608
4251
8462
21974
24153
9556
938
5630
4908
9650
7334
6559
12290
2009
11983
6804
11782
10147
1279
1794
23890
127
8727
3505
21121
17267
17864
2053
19574
23423
9063
13119
4810
13998
7849
230
16524
25223
5470
17530
7896
15422
12460
23124
8548
1902
13301
8083
19346
16284
Case 4:
25459
63360
48560
835
2665
44979
80447
79051
69033
12669
17171
25806
78907
13578
74763
12870
51827
42619
9772
27634
19373
29955
74912
12726
52859
5207
34311
111635
61467
30990
8098
76328
11625
23984
57115
40902
77308
51951
4029
37256
49390
20338
30229
19288
7861
3180
3149
40086
10544
21542
17493
16788
84568
31463
82362
36562
44549
24322
77730
45629
27077
7901
32243
58491
74753
44143
12381
40382
21891
43178
60401
4181
65114
61414
46625
43414
28222
6966
71607
8230
8465
77450
15292
55076
3478
75471
57816
75940
39969
84383
21820
73513
47107
19751
15932
9375
41966
17365
26752
57895
4065
73456
66211
79176
22163
17534
44102
60813
125772
79239
37492
69088
18640
24925
23128
1591
20869
1704
93412
10464
34438
28241
23251
37181
10807
31042
68592
23149
32680
40184
54546
39311
10771
30509
11709
55379
17243
5970
34295
43101
45359
68832
42530
21663
6716
53843
23932
19961
79132
84017
22594
53933
7927
68801
43791
93205
15266
29316
61721
10458
66550
4728
92838
7028
93872
2966
116310
22887
94928
102354
68194
101148
41784
50030
24119
20722
46240
86861
104959
108883
102938
20882
36455
49396
98732
3613
7032
61024
47240
44745
92720
48860
81883
97939
93041
13585
38492
74942
54099
1927
37335
29496
69431
23496
82772
873
24998
25171
61941
47202
105376
56693
40220
65168
49917
58455
15363
10064
70264
16585
54649
30917
96903
22913
43759
19931
69122
69098
31476
53145
23506
43718
78641
47920
61064
78848
31447
55501
88074
9628
120839
53401
9085
4517
38895
100
88299
21467
20360
23839
52437
58301
18939
4156
60133
81364
53463
60824
19364
94344
40452
14102
66621
24241
80939
38851
7838
5266
53370
65419
39914
39367
20958
25298
25700
13956
4995
4856
69884
28505
35329
14366
124059
94303
50321
7399
84068
11191
19543
13185
59131
93076
46365
59888
11489
10592
116190
22870
16482
27426
75851
50954
10090
37907
87263
12487
38992
28359
93285
42658
43671
66141
73463
74136
17607
4735
33281
30938
28104
93347
66305
34278
88310
77193
46760
62211
23742
29071
73486
53422
3482
51800
8044
39653
44526
2924
48570
45359
116600
22472
19775
2364
27291
33009
4527
9114
30562
60795
60376
62629
84403
56440
55769
43770
52657
8768
68995
44825
37231
61203
17295
79297
258
36864
97689
9578
70674
55755
88971
42803
55143
90385
56433
87255
49144
20347
98508
25301
52114
76571
45575
5382
6358
58160
10163
19504
103067
18274
15185
63320
15421
31056
589
14394
21106
21414
4357
35479
49693
120190
15772
112410
22596
16022
49640
8517
2397
59182
14580
489
15661
31887
5841
3098
22272
54147
61720
21793
83911
61637
22677
67246
59503
20556
57306
34283
112201
37415
16627
4979
53358
10329
91912
76624
7663
68826
18718
89500
98969
15783
88753
77566
55442
33381
53149
16912
41469
19606
30154
39912
28743
34153
71680
2447
33818
40313
90353
69671
68180
91881
94546
105304
16779
109711
41935
28997
26049
81942
10909
30338
9170
2326
82840
31773
23301
17030
38898
63734
28209
32881
29251
27562
23271
2176
38738
55137
31807
110570
43449
50984
42590
87028
9038
6233
43696
81225
15639
75295
4467
47659
67044
38093
72642
91335
66688
124895
52043
3896
7726
37464
63590
3349
39259
9996
9739
22442
18741
38944
17442
9123
79649
7296
61246
127137
11063
55106
111177
75097
32555
41229
37752
17510
47824
45098
101599
4746
27930
98477
1481
76879
30648
19177
48877
110084
28026
27623
48343
27146
17444
92364
39881
21338
16263
3784
62870
4161
4282
22131
7469
15132
48995
2543
47221
42144
104883
10655
47226
12247
49409
114122
30573
21360
60155
45225
60011
30076
12263
60668
22429
118646
57956
43895
111859
42108
87517
5036
41343
78494
53549
62338
1500
10288
101116
1219
9376
28308
18894
18005
103838
5820
40086
64106
27764
60101
44481
100461
35905
10392
43305
3061
27294
84416
10189
9628
12688
3435
5333
16176
111877
67217
27376
6437
43940
32391
55190
109525
66282
8969
50802
65083
20396
28387
3039
89126
44211
68484
90115
4647
62834
13749
31889
74066
22604
12986
110705
84881
41876
741
3068
29151
123743
33283
51982
80613
9819
55563
27847
90973
111733
100811
5734
28886
122924
75618
3698
34259
19361
75526
80895
5015
42804
22033
55913
97899
23743
106044
34281
45390
36979
91556
38570
16589
62115
84989
101992
44195
71387
10705
76577
20761
24812
1110
65086
112276
1008
32003
108846
36653
6783
56664
42129
11066
62111
41538
100326
26294
1463
25852
20576
42244
1932
27406
2088
50670
12718
25588
34338
8173
110732
35934
58207
108315
46871
47406
53113
80073
68721
77088
18390
45589
19669
86935
19718
89840
61235
60552
48259
79218
34949
35106
18723
41686
694
101005
86338
107681
86384
25778
39085
70304
66196
4907
49360
61211
6761
109171
53501
23223
44489
88885
80610
30249
21703
53401
49703
1757
4178
5831
3805
78674
75680
44365
14493
53996
105107
31812
25326
19112
28853
59694
31253
14309
79137
10478
23819
127821
98655
43981
64163
45756
37443
3977
25236
102624
63180
46682
29948
50754
36544
70032
6690
85240
63914
12292
69422
18904
30982
84063
47132
89306
1169
33483
6743
19065
41638
15023
115271
28086
36310
56139
69009
72778
36439
56206
112124
113221
27206
77621
58151
20728
12394
83852
3825
3233
77208
48645
64110
57535
6912
38609
101380
25304
11701
44589
39238
50383
59453
41448
69556
3731
83574
11600
74631
96931
52679
33131
24587
7160
60737
12686
63567
102446
9772
40278
7891
31624
30142
16574
54291
15767
3261
9992
9442
49607
9195
24286
111252
33264
21597
80152
12504
36545
5005
87404
52261
30506
23836
47308
18899
25823
68352
69019
90893
25505
77628
86481
511
19311
42170
43120
14177
118890
68815
54127
84032
68450
15783
18315
24921
19661
8108
37635
118358
82373
98086
27630
15180
65625
33204
55121
2043
1322
87880
37408
13780
66629
21585
32972
109607
54866
30273
67544
25677
97688
6085
26186
36448
31218
8579
53094
54353
107708
75400
14208
111507
28688
35329
58197
25820
26287
72944
35633
417
68423
37261
37719
27180
62047
36184
21472
6555
35088
9433
8842
73842
60702
37778
31735
115909
11053
13023
70566
85749
22795
22893
30042
106992
94058
83206
19519
19555
50820
21797
12559
19881
45325
88481
1602
112724
43887
31247
5179
293
37023
44771
20259
19517
109007
50395
14553
30610
60195
16727
24768
12424
80971
82905
24305
11453
65460
30770
5594
37795
62907
6765
128828
46303
90757
57128
122469
26457
39932
90804
14112
44974
16188
76314
68187
61451
21743
39636
99454
66477
44323
30768
34028
94672
7290
35244
108187
77959
39914
71810
39410
6702
51137
42007
63479
54408
26843
118777
74398
13938
32594
99929
76316
72330
84061
90904
9965
39397
50345
11444
42160
19900
60790
327
6614
16736
4276
35263
30574
28881
23185
77841
5697
33094
28098
38615
95823
96983
115306
55185
82224
52492
49399
17618
67440
91426
68659
20051
21246
43451
8871
12131
25848
1612
12514
12297
69145
92775
42966
50914
93975
18514
60248
11599
43703
32177
85086
70007
23140
36889
63205
63958
36933
27407
63326
93680
60848
69887
46078
26376
55510
7698
26759
83794
13016
40567
49430
33010
9155
59239
32426
72432
20108
84791
110063
100815
43058
36043
55272
47005
76586
42481
38996
38775
23696
12790
84851
16178
23061
53164
89410
79684
44881
27737
4853
7753
61254
25733
12572
9839
24247
32867
52468
4292
76863
100701
20950
107887
27177
102148
28901
1619
48837
30970
51803
99543
433
83783
12819
96536
6598
89985
20040
111869
33137
20661
30443
37090
14586
16520
35210
11577
27271
26889
36068
42773
36137
90372
17796
49293
17723
84918
103749
20170
72130
56426
19164
461
27461
7178
25168
16442
550
19188
10360
65315
76383
59804
6067
29904
34775
25696
56836
26739
51045
10780
85598
73566
69019
72180
22303
65031
33629
40610
24677
54223
7492
38022
10843
55972
40883
43942
80890
17831
79049
104741
39622
95599
63708
74811
9926
53704
66884
66715
83082
49836
485
17530
20828
19926
12091
13585
4426
19184
125304
78932
60000
76635
37437
16744
64957
8247
18881
39558
80326
28159
60607
71803
64601
39582
117515
74572
33620
32930
42726
54138
34006
69558
126124
21755
69848
29006
8187
9533
110141
14593
43167
107741
2248
105224
11624
20889
55507
14463
124909
51793
85271
41618
7545
48807
28011
83263
42997
25502
97782
1155
64301
16006
602
46928
48385
21156
27877
18881
89321
70921
104595
38105
16799
68665
68440
104651
75793
17177
43568
38598
5374
11431
34953
21210
12727
12546
50224
14385
57207
59643
32330
87830
22731
72524
88
46902
9755
5775
65021
25966
2005
102751
9982
6676
1133
25685
29860
14992
838
129502
66848
81256
68243
71167
5865
23433
34869
47526
74597
88219
25590
43911
46796
45208
42885
9301
9978
38593
98
28391
30617
13105
8671
4549
14775
58889
46093
118723
36417
3363
120310
72973
34056
38482
69781
28945
75427
24815
23800
37167
23058
53088
82931
26001
93719
65833
5475
22235
43858
7187
96174
55302
6457
42202
68942
74096
9019
29058
1172
3607
70952
56604
78996
27838
47093
76924
32278
30701
79356
73690
64360
51417
8755
30207
4733
67330
9922
63355
28393
39592
45201
67462
40000
6187
6322
102778
2238
32820
10903
10249
34333
100212
15625
23421
1615
15254
10961
10754
43554
1071
76541
119011
42730
106208
47579
9053
63656
81685
57547
49625
18434
92050
15664
43226
80972
24440
30617
8645
115084
112129
29854
108245
1418
108217
96613
116221
36689
13302
91756
21194
35951
40446
70446
71931
12657
25103
341
65910
44177
90187
70600
115863
47165
26265
78275
27475
83661
9916
21731
22948
76561
44825
32916
14787
79664
15337
89378
6652
5680
65670
48934
35198
5667
8650
22274
57408
564
28311
113731
56023
61022
70725
49367
64575
106038
67221
23635
22343
18303
28410
46952
79814
35642
40210
2231
68297
10557
43788
81720
62605
49286
3848
65259
80419
18186
62725
38473
24976
69688
111443
63048
42470
50922
106808
113826
8495
8333
27255
35879
8183
66907
45971
105414
63291
29627
66321
104810
110998
2877
23613
78004
14567
75553
27724
22718
116512
37474
4496
53790
72399
12265
70761
51030
28
108
18794
117590
51981
68841
44331
18239
77825
5012
96975
90816
27118
4384
123591
26498
58368
73039
82339
103763
9325
133057
30967
111238
37765
9198
17421
66813
67447
43600
100982
3761
53277
44828
34482
65315
18766
72355
77226
4185
59082
82830
38397
43266
44244
11249
101685
18140
45209
29075
21026
31847
3871
22970
99183
30773
5882
34794
11517
14190
9350
39489
92252
94122
14424
63059
57633
74090
24564
3218
56819
104246
63889
115995
11005
52857
76134
75364
113131
76749
57907
66310
53070
9685
89538
29336
79057
56461
80948
109933
18821
26993
58081
46717
234
7517
529
71907
24740
58567
125842
70111
8450
3044
14554
111975
69031
33543
76761
18599
59564
91709
1993
131266
834
12067
69380
17474
61790
34121
1278
9489
34102
48227
19918
55805
107363
60011
39634
37531
107064
11959
29567
42831
53318
25631
17606
4823
28606
3188
49411
589
112379
74213
4396
77454
35104
15928
102642
96140
56686
15262
7172
69683
79858
28070
60239
34904
11952
19377
46602
126264
43834
99154
34180
6934
39163
42598
75788
4877
49037
97599
84062
47240
91970
97326
91984
50481
19355
108452
11872
39184
100061
3481
52565
55114
78345
29780
42115
85247
36420
74080
21777
96964
2094
38207
102371
7833
52590
118266
78512
58865
10713
87629
14145
35007
22440
385
13505
18518
61815
82618
35278
4653
85976
22081
34369
82358
68721
30121
20957
32388
34092
2436
68176
27699
83902
76164
26706
62882
7256
44523
6159
15972
15204
9367
33068
9081
11075
47526
22261
39522
3111
127393
18741
104527
2163
78035
29947
35759
22681
60149
27944
18993
61970
10699
10026
79362
80989
61368
22601
66788
79623
16843
53414
5355
104019
82762
7968
20513
71642
9179
20286
19985
62927
17101
7094
61053
114446
18206
90608
33623
81963
43555
21362
110912
40065
79724
21431
41742
12084
50682
37172
19191
72609
88208
12928
62786
105666
104465
48907
8258
80091
104544
45090
85829
103417
127902
74578
57803
107711
58883
94603
9645
37078
5569
45186
67495
35315
18214
19470
66411
48509
10656
53314
55766
39056
83091
53157
44483
73143
34305
2710
21638
73487
46265
3029
13286
94388
94495
30182
77641
62958
99079
105359
52508
34428
114418
41541
10529
48135
18036
627
57746
15864
8687
46119
44522
28706
16471
14955
6204
54361
10850
46015
52768
13408
34894
27027
42435
19140
32698
6879
59005
75084
14225
18118
37720
29975
44667
57164
34316
64657
2201
29521
5716
65985
1593
28564
21204
42735
60728
77376
68204
28745
6520
73791
72419
31637
94091
121501
84470
62181
4208
28687
83416
39471
23511
793
4127
106896
8021
27492
98423
19823
96791
58521
35053
38673
13943
51466
4388
12448
19537
52723
14515
63542
56050
3425
105218
14224
74874
49899
16366
26047
75674
43399
67298
22803
7816
67102
25636
27927
55100
54158
22533
109770
119050
66281
50621
47655
7851
35794
9858
976
47156
105471
55189
35696
105486
210
102166
16302
50169
37496
76742
91091
23147
14724
28884
18329
7261
27023
7637
23733
20970
17635
2683
11885
92558
127494
62091
43387
67958
9149
88565
51571
6422
8572
75302
87408
100325
97943
73417
69399
29488
12270
9016
10570
55449
25402
274
81933
132790
98605
18332
113201
24494
69291
33542
43042
99803
75750
38639
18150
82653
95396
97374
730
14828
80380
99891
74751
29056
71191
63407
69844
95594
43430
6663
2421
94094
6213
54238
67244
49755
11606
49741
111826
82107
36281
86886
60899
104761
42034
24533
46213
21684
69690
104993
22041
27084
29414
8162
101797
125619
28079
61493
24150
34845
18857
254
13309
82363
77898
109327
74491
11789
44843
125631
70677
2326
64230
116094
8169
15979
17428
70305
18142
73017
34685
55792
60438
94732
21380
99472
14574
1968
107910
14453
619
83473
79
37700
11205
9707
7436
110706
44015
52908
10145
45547
92576
48117
40307
43325
43863
30235
13931
40859
50757
39060
6181
21376
28887
105260
12334
34109
11099
64886
22129
64766
46908
28417
60505
56140
24867
41991
1160
59368
38714
8619
15406
67269
90168
127429
102341
60494
18234
70800
39373
15118
52712
11292
60373
33976
99967
63541
5416
59280
25752
728
20151
32896
113129
16731
23206
17919
30716
50989
62909
91192
12115
1158
32224
60595
82477
112918
65376
59048
94215
35331
27579
54980
95128
76427
58708
80380
9105
53082
67185
48527
21240
52713
18455
3139
29906
17657
25778
90947
12034
1267
9718
47067
64900
57360
16331
97689
19365
92500
24905
99116
40597
90523
1601
62524
5580
6231
11055
46946
34466
87646
7955
69891
4992
67239
31701
43867
30556
12499
38214
77544
15952
69285
3456
5115
10452
110279
3632
30654
20110
70033
67351
311
26619
43613
38422
41710
8981
17064
46896
31749
62557
73168
19335
15612
53405
92805
1863
90490
62145
49572
18645
108627
64022
78364
59310
1408
3445
29179
77943
26751
88819
7573
22847
44447
66055
78493
37188
21366
31789
91154
13282
48144
3591
58938
92486
28722
19653
17869
9288
13770
30953
8452
53390
32448
77257
14381
37322
61612
38123
97238
109874
33450
4197
53486
42712
18702
6143
15887
25138
64330
95125
125403
9404
9476
22609
71402
14576
23375
21804
12853
2587
27199
34264
14194
2716
101322
25713
21704
99509
74006
15529
90
8738
72162
25327
44755
42708
83746
81332
5435
18688
19627
25169
100898
77714
93249
9034
98122
2647
20121
7941
40389
3094
69173
53889
23584
7509
50265
43980
75387
64191
45419
13518
63945
108117
67994
13516
47998
1235
32073
61133
25245
34313
39021
48723
22699
26115
23217
56987
49270
28600
77152
59301
35937
45004
33026
32269
4955
53446
14555
93037
41297
16802
72980
101811
13813
33964
14458
69184
38834
89205
25667
66238
42610
25993
24493
30484
34915
47874
109687
85312
69061
33388
4788
54123
110668
30432
40634
30444
27427
11309
41522
45501
62297
102983
67531
124916
84842
79795
95977
30294
75863
111846
57479
25057
105390
48325
62023
22642
22675
108256
119420
105823
80915
31558
67115
30523
45798
57228
83402
50529
98732
42078
78202
104289
93658
218
90550
43667
21058
26085
16432
43279
48392
19692
21476
36955
93367
30184
119187
37432
33882
45744
70469
81990
2514
6329
116527
24992
83950
39153
28200
95036
71666
108339
7143
60661
66793
67935
55299
54562
85426
44187
74032
15933
33065
95114
43945
38804
8647
97135
49855
81790
70476
46579
34212
9126
71776
105269
69588
20313
60410
41322
16769
26459
5504
74642
10140
25903
10054
34367
25920
72849
7562
26317
48896
13414
49925
86788
11707
75280
24686
33621
46646
66701
16948
628
4250
87123
85061
73768
78620
68640
59634
83946
34609
76318
11773
60745
75060
85106
122916
19586
62533
2032
2769
21026
58371
26773
20876
55438
76454
76673
197
39863
56635
39478
67038
40189
89166
14169
46641
38648
41215
99083
38395
16259
20536
76391
71713
69375
44480
37337
29119
77385
19846
52122
24242
107430
1300
99824
47884
260
35415
19384
53535
87590
49964
70138
56513
111113
44925
47819
112637
62004
11989
8729
21824
103129
21907
34938
130695
96212
2352
1223
7837
29633
593
22473
37752
74059
19931
73592
111163
88335
26174
91001
27517
95134
62683
25474
6737
67619
108108
20564
97198
48059
12347
9153
68628
26348
13965
51649
48183
44717
62032
111853
58124
8169
15107
25207
7506
78693
43511
39954
91167
30335
91839
68836
82198
14214
4175
243
44924
23806
111830
6235
29983
42412
23470
58169
56278
9581
46595
5989
66943
6251
40053
74389
30104
112103
112211
6638
106993
19763
29970
40267
80114
40404
114954
43611
87426
52008
13017
110508
8757
68717
24214
92209
38346
21183
20333
54101
21294
28863
86565
92733
37687
133085
66568
82794
5150
44292
55104
41867
42743
126059
25166
90682
20814
3196
72712
86962
5118
38400
7046
62016
91375
45144
10155
74313
54960
91215
79813
13064
43725
105044
30383
84721
67220
89367
88218
48178
33391
55526
18903
52593
56992
124637
71588
36589
36205
56592
42981
20275
4811
65908
1545
19736
37940
47849
5343
57511
23567
33721
63812
11728
92059
72605
34667
69231
9888
25662
63266
47075
92059
113860
44985
50701
51469
16608
28576
99965
122519
61015
47501
1420
83636
24844
19142
65657
40152
31206
81554
19461
993
6096
55328
78216
37566
70044
55243
15577
15730
87446
84916
59154
76
3448
36923
77179
133425
33186
25822
46998
66521
7251
15184
6528
115447
65932
22192
31632
76528
60763
1267
38676
60964
49452
23894
26230
84540
121229
18738
59446
85628
87593
11229
64441
28110
56058
29480
41703
27859
51364
55942
52441
26873
57109
75487
23726
24509
31018
11690
20635
29951
55245
101542
4362
10978
113595
10849
22289
30848
367
13068
102711
37172
91956
2349
74329
10772
53531
20565
1051
17972
54666
46678
127945
95374
47594
9782
24488
54508
48061
23692
25584
16090
7537
90273
36817
69952
11774
90844
91288
100262
56798
32485
18402
2760
20818
110402
25757
32489
27848
14171
24221
31018
71220
64875
30161
35891
23975
3530
5920
311
77688
115978
92659
3984
18815
34873
30483
112752
44378
61986
20912
44942
32587
67086
13992
63129
55568
118592
103188
91872
58174
53870
60511
23699
42523
47565
10484
31559
44378
55726
19887
106854
25172
86661
100405
33254
57903
814
10264
8718
84835
82472
51061
6025
18743
36919
63713
8491
50755
37412
31349
73514
22012
4226
3617
3830
27022
76344
70672
76357
7479
17088
51952
13340
40798
13771
94160
8507
1615
56795
40963
8728
1793
26307
77526
550
95045
106828
76863
9763
133859
39025
690
76667
95029
62488
63259
94892
67976
5672
47950
51520
61717
45818
72111
53528
13681
2742
5512
58356
6174
67585
8439
16450
46259
9796
28132
63077
32161
64220
23848
55797
33029
6772
69279
56112
34840
114311
98178
82747
74794
21693
46440
67068
72688
37168
7205
35888
21933
12981
27710
43008
31890
20515
43555
31132
11913
33238
53366
77663
78630
39736
66441
11793
92453
83407
102654
72911
26982
6320
77325
27660
140027
56800
26198
78636
16376
1123
31937
71842
119558
5723
46023
16211
78040
10363
58673
13758
15761
52803
65892
7090
21452
49100
19576
15167
34272
58449
5891
42529
13584
103743
84434
73424
39961
115341
71667
84917
76646
4817
1298
11748
25687
26013
45010
116646
61144
55029
20203
17422
72969
51174
72518
94469
20923
33696
37320
104219
72899
42878
2209
87536
30004
25415
50649
41149
10337
112532
397
78229
76885
34428
8811
50816
48553
98806
14570
38065
84427
62646
7063
16565
46805
78993
39002
55855
29319
67885
39729
19203
21113
28315
3319
30809
35209
67990
97883
2672
103870
63200
2903
55526
105218
26882
16985
25314
77713
86165
38581
41009
44698
27568
55626
28309
82706
84229
20497
53642
5651
23434
48552
44571
20467
10022
42763
3012
24293
70093
125999
111457
15250
39025
21297
38584
16166
30743
59715
15897
3723
53547
125023
52801
56426
7749
3794
52372
13510
21126
29632
81540
123398
92679
6287
118818
90326
45225
82283
97029
45443
74400
81701
57025
63876
92965
96928
81287
44746
109251
12748
69207
17085
48160
45994
26315
755
18034
86587
53734
2889
65625
11542
11361
28007
31709
46298
18655
23180
124237
58239
2386
67550
96962
869
106604
3374
20132
53948
45186
47210
81408
90300
10058
86259
4959
59578
3408
79302
45917
85190
101192
12353
87526
23213
2304
18749
23176
5287
87802
35123
64773
26797
14723
45303
93068
76363
65651
57919
42361
94759
23768
85770
120857
116109
2379
196
122322
80683
6166
1307
20258
51467
8398
30322
27393
52627
59386
102279
95
88026
36766
73554
13611
4579
76993
89539
3399
111263
57329
25791
28326
18367
72661
23889
52374
39534
26123
79680
7883
45774
480
26756
64986
62745
45747
105479
15765
53881
22764
100538
13528
3109
81611
96351
62789
83323
10401
1508
5248
29347
28641
72388
139447
6083
83371
117418
2128
71161
22782
8953
64519
23946
73080
18864
126790
65368
85643
42010
56196
89118
83432
22508
51008
29765
65554
56674
9968
40388
79862
80732
112897
31211
101262
26258
37947
90236
47174
108108
4955
27943
3592
23500
114683
29615
23116
110086
104288
35705
4389
41893
104097
21408
90042
69222
39059
22640
78899
40007
107390
345
83703
66667
21459
102853
84268
5423
17445
41295
41356
30915
20539
20835
14308
16710
101344
35499
50127
8255
20737
68733
23674
4119
7777
31833
7640
88485
68930
36177
76338
49540
14842
92726
8540
7089
110374
39118
92746
71160
13526
9677
27619
66505
29718
54957
68791
19363
15327
39241
12351
43347
3163
-2
109387
56329
13649
85093
31865
96562
13921
108434
85185
29554
50858
77898
7821
126496
40114
5758
19153
77429
78361
81212
88369
35813
12683
2681
17341
15917
23057
38476
43157
24761
84064
33859
16481
12907
35724
60798
11172
9916
112824
105272
62709
135576
72435
55691
31061
94083
25447
73946
55860
5503
17388
125721
12169
111818
85941
19650
31250
3792
133620
28953
55842
30609
51354
42090
14613
415
10669
105865
22991
23020
50313
74070
40864
98002
90216
8965
34083
42262
75385
68717
84444
52755
73426
42845
94604
11309
93833
7573
72654
44478
35091
80969
92081
34723
34056
25144
101263
75481
8325
42242
114491
99454
62165
52839
69255
61241
115315
11385
84670
30205
8028
21265
4950
8620
79566
75142
43007
40574
123238
48572
11917
66583
29937
88828
91096
134889
77677
52373
96609
29738
54576
81063
7255
83917
19451
5118
81374
25827
10352
65378
63150
47427
27107
35442
76398
30330
12739
105293
113635
18530
5959
21015
33841
69771
65020
58567
52524
69884
43610
9674
73072
83059
19258
80321
14257
69291
3957
37556
61504
64486
18433
8075
117042
67732
32800
95722
115927
15113
25096
100748
124107
70962
11654
22790
28036
106935
13160
32039
76565
43321
28652
17724
94868
33375
106491
90537
46585
130787
19971
56508
90343
69115
58325
2073
51117
18854
79611
44819
28891
70456
65953
11556
13034
20777
75585
66007
77736
39236
29672
52931
118569
78537
59419
51300
59912
45296
5986
51318
113711
33993
53757
28951
11718
3760
98429
9930
10864
28865
30769
69514
72329
91061
64065
6713
6344
4088
2705
27115
75307
28691
85499
16828
41220
606
104306
91698
38530
62843
13204
15714
111791
8075
103718
63477
82300
72064
86300
29999
37280
42681
59948
123687
13065
22660
17778
115346
23490
19840
108743
5482
53509
9583
22111
15018
45987
18273
21016
26807
98743
70961
64394
3245
3028
12429
24588
53461
33427
12273
73566
100322
34281
47366
27359
110188
29238
24369
3145
84949
17296
26961
127979
32674
79685
15921
51033
16802
84970
5613
19776
87020
60827
4137
48502
10573
127951
7685
100784
27445
34597
5241
85286
43290
4717
25763
28345
104104
63968
87482
19996
15879
34169
31164
13076
24173
52575
45092
48912
39826
38590
20158
41656
35601
19120
24308
31106
18767
131700
89750
49243
42175
71275
110414
89855
13703
5651
2152
77533
25244
62689
80495
27356
33952
26542
93270
51458
6995
47317
74407
49289
25971
82312
26526
105082
61879
30895
75867
277
53717
50684
91496
18969
33963
120056
129
99788
37238
41617
81697
94008
35049
71398
108915
60437
72511
47977
8334
80093
6615
27744
35174
2163
21454
253
10628
19568
99608
67362
67464
31410
87723
38170
23638
111944
6007
23731
41200
26129
29389
26205
30306
46199
16456
9795
69253
18663
5604
4741
101278
46585
46731
40631
15148
105013
20007
45865
39018
45425
36432
50846
62407
87532
2943
17327
24272
48769
41702
11552
9393
71155
31235
17593
95916
106575
42392
72541
42223
78723
33780
3378
20493
63129
90346
25802
14166
39300
116115
2367
65750
90280
56356
1986
61307
60218
79345
112956
39860
124862
73514
82103
71379
61270
6370
9344
26524
37955
9637
27109
100560
15705
94802
28961
15021
58856
24278
88354
20479
109494
11938
47552
23266
45533
87035
70199
3433
33037
58457
48827
36593
19613
92860
46151
81295
21247
57715
3162
2422
32075
42964
65605
4198
80885
76284
31066
3232
116817
19441
5964
107335
101679
37214
74470
51170
78111
88906
972
8402
25777
54923
16308
36819
80549
57008
3050
20956
20846
7708
50035
83508
94110
54668
40786
43890
46946
7075
15485
23306
49025
12624
4539
65499
3894
92342
63701
51874
12476
48634
18501
14873
124231
26959
5247
57910
95469
85850
14601
37228
16702
69726
6247
25953
30432
32913
66868
73825
82793
28901
85805
28176
75372
56529
31661
17967
7582
2989
19278
56188
80680
66087
33923
30405
51859
62304
10794
3170
8121
88810
15124
14561
62204
84536
83706
82624
18241
29810
46430
5613
26857
39328
67913
30058
28212
77734
22864
11650
46679
74007
69693
77228
70674
74378
16271
24731
57396
21797
56636
40441
16704
61139
99254
44031
116211
1723
33733
116064
7056
124706
33417
31990
740
80343
12290
98226
72280
6462
85056
109257
1909
19334
1800
29169
78711
72056
407
62023
59924
54482
48583
72042
27517
21348
8485
73820
19486
91824
17344
62828
92443
722
107663
21151
14042
11848
6915
45650
106747
3229
8287
50650
134909
28250
42418
96135
57138
91775
107831
59435
11256
6413
17045
18079
55540
63550
18821
69156
23887
5849
87834
36857
26318
3173
45326
40153
77061
61215
41759
94947
27607
74220
38288
38881
75714
38339
133547
52657
18328
70074
77825
22494
63023
14857
3794
85145
61893
121002
86735
66232
83188
5466
87760
60610
50492
107219
27599
2527
55637
28687
25370
24625
59828
35310
82062
24654
53607
7293
108768
44306
88925
337
15915
85769
60027
17906
96781
29562
108229
2950
74081
29589
25364
7498
10706
61025
42127
46248
51872
39051
96978
45767
18269
12656
118060
5903
12073
73935
13760
2482
56962
56723
36127
80352
64112
21716
86403
14689
62822
16125
11124
53291
216
43668
15837
65914
88724
35880
32487
2782
53866
7121
55834
26646
18705
5750
46451
107548
51612
63878
79291
13471
11550
27088
10967
41931
11433
75776
3066
59796
4097
51181
75311
21739
67186
6234
88320
10268
7332
15649
9670
49819
66650
71007
2292
44978
100996
53339
24789
105410
14617
37726
27693
79955
7613
80960
105593
59753
4873
16474
58253
24459
15434
105699
51868
114478
36769
3181
73678
1923
9479
68851
73171
14806
65542
77133
11448
9181
34248
3508
51610
110336
24236
31466
49567
67330
71735
32335
113587
4270
99047
112289
102923
38245
34890
57638
62260
51219
22798
52815
75410
12671
35868
52186
5583
1978
90395
49569
85996
91642
100127
32002
23341
53249
16061
122080
70211
90155
95266
74563
3171
86376
33536
67402
46820
60001
52807
82190
40128
55451
52001
114198
88804
97094
21037
23074
12664
46925
43083
45588
42173
7469
10203
49369
49542
73774
16011
60347
33718
512
1828
46417
37783
22482
53497
10998
83879
74104
115227
43913
23328
33822
64445
72158
44731
91916
29926
116070
58481
70191
22853
93958
28649
87446
2846
24934
82695
127603
10270
6131
53746
1095
5745
106138
14827
43945
30518
114176
72177
36464
11339
20199
5117
18313
126552
52631
122306
32401
110817
23841
56434
61838
56964
43563
93387
20050
14077
98187
109295
31036
68698
76487
116772
73196
22967
45451
15428
103621
13813
66010
50991
27163
117680
3534
93119
42721
77159
73866
50432
79772
66202
2486
112156
59305
11352
36508
51523
57627
58150
6322
122113
122919
32646
37245
104623
56021
22963
9733
1900
67659
67817
114480
41680
95468
36127
56497
93356
91003
38786
39863
3497
119978
18590
43227
18849
38620
32340
78387
13848
19914
21904
101408
107801
23698
11525
19631
34850
65920
49758
25450
3945
70143
11783
10940
20727
30068
31692
115329
12723
8476
49535
11727
5618
33309
68361
31406
124102
38582
93425
15244
128217
13156
18475
74257
112
59853
52640
86134
25912
5979
32453
47395
71844
37066
7390
19612
9282
10733
62796
127873
50081
60339
65177
30571
84364
10484
37025
29536
90143
8928
61439
66755
77021
77706
40145
99530
11495
43395
34909
87244
19211
79903
54171
8927
69484
1466
42037
53832
65107
43413
5549
109548
37990
33823
87190
36466
8370
69048
3623
42640
121430
7772
49226
48557
3796
16822
90874
75181
30339
40751
8781
79043
61375
4144
14119
96536
20461
53616
61066
52287
38280
57860
15125
7202
22296
43921
100815
74085
5464
49890
10529
25320
52169
90085
25185
17125
12657
8514
105910
40362
34680
5183
2016
15269
9714
79311
99790
6465
32944
46309
5846
5975
27659
80276
28874
8855
36534
15209
4009
58775
35846
94038
38751
45418
9342
46718
985
98855
5454
21608
101693
59455
58566
29527
8528
33764
19985
17210
42307
82225
102764
31448
26033
