Case 1:
46354
122796
25336
108224
98600
12050
37432
94134
34468
70350
79997
97281
52988
65930
171119
26112
77498
107227
51499
17783
70818
53120
107909
142475
105490
68698
123243
129175
148427
29327
91730
18851
66258
54917
14008
12208
87942
134979
102416
54522
157108
45529
1486
10903
48388
4780
36748
172728
153218
46365
20645
61568
4492
116635
100324
19541
85775
23722
9979
8911
16280
142630
90332
108558
159982
102925
127549
99459
25163
12465
117239
117680
191716
33866
39674
125173
47516
21770
70761
146121
143752
60060
58669
110418
73933
60528
11701
843
71457
5296
11270
24337
10437
15741
52440
114491
81154
154047
103161
58974
958
74177
16885
79941
26425
63583
9432
27286
98756
77369
114666
79486
14977
98450
22796
23409
125574
165250
100488
165290
120195
39818
2721
17226
6044
5445
63591
75379
99708
112553
117366
144789
105023
142553
73517
159937
14037
8234
59029
75554
121673
40977
18852
14302
124698
27599
45405
43177
14919
180251
82635
8930
66131
22708
72548
82215
29696
883
42563
70870
5856
57740
4616
28087
68888
33735
83562
136229
6265
58831
161346
125220
11855
2234
57023
34621
127342
119693
11297
12969
34202
76877
158210
4166
14206
103855
46764
144141
96792
63864
111012
148583
117467
17459
65146
43170
65907
64215
48945
88869
136300
111641
168150
43875
17829
42137
12230
140502
28337
94642
59735
99273
140214
27743
93202
47440
40776
44916
19645
59819
55865
6368
93753
98868
3848
167608
38439
143020
94687
26782
61266
124262
118307
5469
165503
93677
81472
155980
57162
7099
12357
42111
1147
112609
2350
23875
61268
2737
104460
91192
87004
183952
7538
194008
76517
16746
141808
1579
51552
92638
23286
107816
27304
20154
119592
5417
173416
60978
4271
43247
49083
118970
54134
143591
112111
5528
121468
125104
31994
184644
34354
7489
49205
12347
141520
25970
118405
25403
24878
40215
24697
49308
175815
109355
62259
109547
123047
129479
13296
142990
10282
76726
64757
9671
68457
34107
104370
13756
26250
16954
46752
59309
11638
58822
2684
85144
97099
24444
57771
60485
72058
27059
73771
60636
37670
23986
103596
58920
55311
2670
154647
80062
182296
133935
156113
5533
64644
81448
55013
9279
136136
57961
133908
36548
8485
66808
120885
173961
27027
47548
40042
1215
60114
52355
25481
130864
81839
106178
871
19669
18107
108673
172487
115039
54463
10409
27981
18450
1424
72193
47473
346
132877
43785
37905
100480
168709
20268
1991
139735
67192
96262
163708
47366
47054
114307
113099
60511
2063
61000
76990
28001
28663
2178
58119
163845
94599
47453
123599
40423
103832
4605
41548
103840
10374
14892
32186
57810
95678
47179
926
17368
45159
179581
164748
67528
20540
101575
82489
24468
67543
68106
56858
82474
33964
17361
129990
26294
117206
70881
13738
121482
53518
103522
71769
37157
36500
43966
56329
30527
17346
58922
39622
119349
43643
60024
165707
117364
28495
11659
74628
48558
66215
192170
125741
85698
35312
106925
5335
88874
120928
29890
5292
44943
81269
31993
85246
39215
4771
111956
118266
96037
37298
50320
80527
6738
139463
23411
7338
4257
120956
24541
80078
160544
93482
117053
39927
136432
5663
3750
48523
114372
59662
99990
128620
52074
159041
41283
5250
101318
35868
85346
91800
100025
114229
33968
20831
52015
36920
1981
158084
68016
23818
5848
20957
37343
104747
41156
113172
19858
48152
19890
27106
13911
25470
113929
104963
76332
138221
146076
119646
1625
100538
44214
84303
91732
111438
8334
43595
72125
7974
10824
38324
90614
100290
46896
6821
29436
57129
24125
54733
6619
23636
124402
31007
118973
12649
45107
41617
10519
9406
61135
24971
63127
61631
54796
82443
76642
5721
79236
101838
81869
103701
82187
135462
1001
104286
105773
86974
30193
58749
71184
99620
70883
54610
99831
35930
108676
41959
74838
23694
60620
761
147312
68963
110580
78653
9371
9905
16675
77573
119364
42320
79796
107499
90918
1816
24729
106430
50266
18160
139296
41190
150285
76957
59145
76394
68066
128103
167508
119998
27649
108099
70288
129541
19670
129727
77293
159470
88382
79108
53272
126988
7996
67303
27625
57520
22853
5889
26203
2992
49930
172328
123813
72647
47295
12319
73382
59250
21394
124514
37114
38560
153710
17713
44714
103738
33094
123301
133339
3905
47085
33121
32422
19864
113935
87843
74512
8056
91450
7411
4758
92520
96639
59827
46075
126477
31266
107806
91588
39466
19429
28440
120215
42624
121454
93064
26616
14524
22555
93381
17663
76188
31065
124809
3580
25048
13663
97712
49420
13206
67290
16471
60708
41594
11029
156869
45792
96639
23907
34828
22731
129698
47880
15789
22228
95274
106582
185684
109676
67868
69707
190016
101022
147860
66565
82055
65734
24444
118500
42760
75595
9173
25980
124996
9409
38433
119452
48380
97072
164983
95113
109728
97395
14724
96033
107183
4081
69884
20823
73668
7627
35245
96975
80023
25587
74319
56638
124759
100364
81373
49184
21889
65779
25329
50553
30854
55307
111786
69540
108613
71511
21578
7503
98660
36127
103406
27096
45667
44267
72336
153147
63136
60929
144765
46392
91512
132375
18498
31123
146883
33467
142131
4467
87121
72937
64157
32572
302
23968
22056
28915
137326
44119
47940
23341
56859
190326
111864
8735
50289
2687
13661
119718
190775
8137
62333
25230
94276
71639
72896
767
1863
49928
184904
17174
68230
105588
52420
26906
17995
18061
49943
165291
52692
11374
5900
44937
83902
76977
78555
79124
67071
68517
59774
98159
53421
18054
57050
135074
101170
53137
53127
88228
88099
100531
43191
37386
30233
54226
67763
6859
131604
99776
137204
41074
10214
118490
57415
114556
7120
60742
23630
7249
7462
104029
27408
143211
53849
9963
53191
66682
66530
25370
125039
76968
104992
74502
186585
24619
65226
21766
121487
26362
90809
3919
80268
50903
4701
138306
154917
154815
109873
18242
36810
138273
33089
60674
94107
12335
75911
146714
26262
12911
5021
78029
22689
8915
50585
36513
4785
71482
45095
145774
117123
87396
17627
130367
108862
46063
62397
98699
14710
130402
100016
42656
18573
9337
19941
27008
59572
486
134385
29606
148234
160867
108697
26475
158738
86497
59589
59903
99513
72847
42134
13326
41463
152708
95772
11998
92265
13333
99539
803
64571
30299
8339
19378
19158
19035
174193
147964
1697
132297
96627
1107
9703
156148
99356
25352
38028
132641
26431
10645
32437
24862
53191
67337
82517
13366
165844
132391
71611
30503
33814
28588
25081
40557
100692
24885
68488
51181
98630
36482
89983
38145
61848
11683
157208
114650
33303
6865
65334
142206
88772
5402
18987
91162
120017
185197
15739
3666
56887
39931
18710
72592
120006
9441
128813
48553
158074
131433
50427
145993
93683
148043
37803
74975
76785
96327
123460
23315
19425
297
48640
32982
109293
94419
65307
100058
37071
126867
137643
134239
38046
76152
88140
14280
47840
168156
106858
49967
72233
57397
1262
4231
47082
71489
78070
153199
55990
33146
24646
87405
8138
1826
143925
3334
107618
80297
47343
15084
146969
34809
732
7140
119
23180
107782
156564
101798
79739
57963
14392
31970
29384
15997
4227
55629
36252
46116
76816
8895
79489
118886
41719
59177
83233
66564
112884
51822
73924
35316
15816
59063
119985
103611
24379
12892
16262
61749
27144
26426
70164
83689
4740
102330
28236
111417
112605
100802
49983
129361
43581
91172
170079
81447
98709
83018
154565
43448
8204
53732
44680
116780
72656
29463
30823
142606
62418
81465
152118
4974
11339
110958
47862
27526
65058
62337
73613
16629
726
14955
51497
62573
20141
168747
5218
26121
85340
41054
9286
16156
88026
24441
59406
4235
38965
131386
91572
88959
56978
29506
38563
175872
42835
108186
65633
43753
29312
43774
52653
51333
119782
2137
139729
38026
127887
46930
1212
6494
53612
30634
36604
15801
72114
91806
88431
40483
27339
161850
24598
57785
12902
133347
23367
35592
165568
92187
11561
60213
871
80028
177489
155695
24223
38304
39016
78422
13524
19806
8471
5365
36655
69772
62036
103483
80450
5610
112630
36161
171849
1061
91758
8765
96900
187288
38230
21648
168944
63390
48319
83423
67981
92985
9427
210
151570
115748
47294
30807
96283
117496
8700
20563
47548
100793
17816
96172
10189
35461
32253
94633
58649
112720
44260
84121
17518
54283
14528
13869
132866
14666
13853
55657
36329
35673
21385
41977
9103
11044
41437
137690
46695
50596
102052
119230
22841
48419
25471
148790
57616
37531
186088
47519
32178
86897
14725
103643
18189
12173
21185
97449
45790
8323
24801
16787
74609
35545
88342
32684
77724
96512
12075
745
75427
15946
89669
23561
21281
172473
62494
95969
86060
31711
18550
40792
14120
106587
48356
48345
20912
80115
72572
41292
65636
95601
70718
22231
59249
38999
49200
73847
65818
107602
44917
65855
123178
167954
1104
76274
137721
10896
102094
54946
38143
115384
71466
29664
71904
103649
91068
62266
21130
4964
89515
59117
83740
177274
60604
112746
76828
47571
81480
172250
10667
6376
85510
959
15717
35536
105605
45274
134319
41462
74445
44427
94665
54636
8866
51916
34478
11140
37352
61743
121685
11867
56081
28915
82410
20725
20245
55843
3393
61738
45659
139606
35441
10019
46773
60253
14246
55660
20433
37676
18937
49907
56149
25682
36970
15143
29952
109743
37406
197494
47415
45273
13368
1539
115869
140221
63097
28437
68709
34150
59789
54221
157920
24778
21194
92182
17746
47301
116891
86234
58826
140007
3028
164413
46773
63927
14027
119600
62747
15999
80485
56858
130620
185759
91379
171156
90733
114081
82849
58384
24085
134001
7519
69706
98065
10337
194890
142757
13833
3392
22159
50271
3098
132021
8334
105523
11490
39523
155854
46421
83722
8270
87599
140336
14661
57166
92173
52705
52150
18000
105449
39951
156536
78097
125627
86755
94597
36016
52815
180273
4409
766
104993
99417
95521
62977
76725
76543
32891
5393
108508
4722
84820
74705
56875
12012
63150
58702
11724
80234
44583
114178
46920
15754
9597
11736
164739
50830
25494
23865
105462
119681
12987
40784
53302
120008
135817
3522
79811
92978
65893
11417
88171
111558
158156
2841
147793
134664
141041
53461
177661
16941
20502
18395
47010
67485
140828
132626
15578
4691
127532
47195
39956
16636
31589
38511
54607
150855
158990
73690
73417
173635
15882
27103
94806
62939
155461
18770
27705
70616
60373
45749
124485
58300
61603
83200
27871
69764
130475
80812
49988
2271
110179
80625
81888
175808
41544
79819
18049
121331
42155
14438
85893
19946
127937
32613
26208
104392
88727
148588
28460
37689
39313
100308
45559
89652
76769
2710
34087
39925
22497
21367
93674
126368
104262
42206
34096
151857
51467
11520
48472
69523
14712
40474
1661
11727
35955
81024
46378
92434
78054
22987
12292
88815
897
141694
24982
3874
52563
56493
19053
55133
34393
6525
56871
41526
56621
136268
29157
83508
4648
45510
168808
133398
84494
40835
36882
22204
62809
56206
51347
48601
10735
17706
31689
32909
94043
10635
129850
27439
20255
91490
127660
65787
118826
86878
131379
72662
52944
53144
114416
122639
45061
51966
112098
9535
74067
29372
23633
37484
23204
23879
171066
9742
57683
36847
23167
109151
31290
98626
125245
25488
57387
27342
35087
7990
51512
32820
43696
24369
110020
21553
71839
29157
75236
16323
131329
172291
20788
198916
86686
2520
25322
60253
82652
68892
68507
92467
41077
3793
41353
123526
114081
93029
79783
32395
39140
51031
21288
3134
143740
27214
6566
26385
126085
11779
2349
19605
146857
118241
20895
100934
15422
39106
40921
25114
41995
14212
52438
30521
115087
83909
47136
35143
44300
62234
79100
38091
164067
11746
1929
62094
12071
26658
144157
42041
33329
116250
75571
75162
21183
59976
678
127927
166243
101388
2624
2734
21383
45209
7341
129011
13965
55764
136152
190820
49120
160268
53823
62169
48679
176839
140043
56633
99451
30084
26233
150376
103644
66768
14448
73546
126057
62109
59861
41745
11895
42294
125567
14736
25351
35127
121972
61493
134120
18322
44414
172491
16021
51500
70594
14376
137838
44579
37263
62082
157806
34054
182458
3894
119831
18189
72738
49688
61454
23379
131456
15575
30595
126886
18402
95989
149697
150409
13542
15915
3807
26112
37044
16994
113305
151356
19511
20798
59902
101239
124918
43709
77658
29202
85042
87286
28220
30206
121599
63249
24104
48338
93501
54929
29733
12517
67400
71166
87740
5510
10778
42497
63695
32944
160573
140734
6601
66441
115631
115887
83497
4158
51369
66141
4088
87066
159364
103456
64894
30805
2906
51134
128058
16397
68528
139564
71976
116764
33495
78803
52003
95786
34955
95997
21085
46257
9950
125316
144605
52577
14793
4677
15715
91361
88983
7895
38427
68067
123718
76565
72937
70412
46678
172153
50520
49041
32117
169347
144396
25715
122060
144389
20453
568
48810
149614
20933
95557
153452
129253
15690
90203
22174
125770
1457
14388
36789
58035
71227
94551
30706
63313
65168
53742
105590
145573
88034
104963
14195
76558
107930
47626
145599
18863
56597
91068
45598
1537
157489
131202
15423
389
52378
85107
10036
66969
48539
66796
20743
29771
88207
145832
15310
17412
201549
108084
65347
40276
19097
46696
53061
71692
59739
20680
28326
31608
86593
56554
109424
24026
1278
21931
47744
18361
55538
15624
152163
57975
141373
33097
108989
66872
98073
22849
104348
39089
123006
1669
110519
122338
20879
67381
40312
97441
172293
530
63007
80943
176290
40346
101052
26041
30621
86748
23969
76950
89028
64985
142441
137818
93014
40790
11783
60731
8202
81463
46471
13375
25893
21148
79755
123512
86341
89157
150875
2248
83590
72780
3475
137483
5759
11142
131088
17104
27098
133199
80661
107256
56283
42080
1473
114320
42066
48035
192851
192364
57685
107349
52734
98232
89409
38754
68313
7770
91746
85522
94639
40947
17422
24062
68300
87784
135808
147852
41530
99531
98688
17190
34920
77844
3398
147873
119561
4146
180574
125990
10455
94455
24872
35835
32134
17384
118087
10281
137146
12152
26621
6906
1480
78323
105396
71005
27447
130052
49042
71448
25311
31885
25898
37179
13773
48005
135520
76430
24497
32978
9796
50895
133077
154725
124974
4945
25112
70307
23976
83643
123401
14339
46765
107211
89286
13624
102065
36600
113601
54404
109966
85360
66449
16745
127469
54145
17915
42760
73912
63443
42149
37599
149502
146758
157636
26592
136120
60244
71671
29613
1679
21816
3595
7166
107400
56419
157260
110996
88021
23854
1717
25625
47552
74363
62201
173820
17310
97195
10518
59653
9595
17347
82645
14926
90977
80408
90858
124354
63665
23300
29661
146096
56819
149056
86525
72854
171953
87458
25109
143731
91818
31181
96628
6075
67593
46903
112474
170212
26264
94760
149032
38867
106117
160751
78909
76533
69996
5890
55109
104179
48708
14201
119694
116271
31974
103144
146951
46757
4024
94441
43494
5610
19552
14859
26363
28280
7822
17406
54688
58054
139099
21178
2538
108223
106353
39194
133366
79951
67885
17245
93113
45912
90586
114962
123754
70816
1171
141389
59508
143117
94214
34018
38124
101081
134201
30498
176732
159204
130071
47712
21683
100765
24337
7760
43772
179130
133702
33201
54339
94357
38472
29129
70916
76081
132490
32425
19294
6196
74152
121664
58387
45504
1178
155411
42855
96610
53902
164191
34726
109661
133726
101095
48476
48011
6593
26385
162621
114629
57889
14707
16796
71944
124920
105759
178138
116379
186193
60314
146993
107958
8795
3605
26558
117528
15815
51569
154772
45790
41131
51550
37394
138790
18719
122026
132595
44230
19151
2849
146354
2041
33181
34001
141866
33883
43288
165556
50334
122695
4999
29467
7951
30402
5335
190443
61953
33355
134812
107722
100407
35457
10326
85894
8041
1702
84204
132771
35924
42930
108871
14977
101456
37738
27294
102108
68795
181448
169753
72383
105671
62128
26293
18891
138145
151222
59899
1732
156314
106228
93684
114681
56567
75914
3032
96112
100665
97495
139482
49339
46192
147354
141109
107502
73996
89916
3019
28428
149854
103179
83060
154199
28577
135801
40441
32261
37522
100131
29813
148593
132162
2752
59059
79763
182007
153981
97987
87262
23924
120079
3708
78014
138099
140012
51465
1889
87459
91721
25283
5891
12840
35793
126632
106695
77176
59107
68111
124764
121610
58185
158879
47109
1622
104993
167342
18215
156224
36586
62405
91029
55023
13291
20479
71267
70990
81134
52055
81561
38864
162939
101567
99877
149445
122548
4467
27443
94274
63010
33294
52636
186032
85495
38608
144027
15890
78485
97981
106364
96205
85053
66224
115165
147086
151949
52299
136121
16283
78364
135738
153107
12101
92135
21392
8684
52555
80378
152298
102451
143685
69656
53755
36365
180952
54135
80087
19447
86116
105033
28
172392
145930
18632
33789
79919
51508
175011
30426
91240
71975
14520
134378
21180
52723
71758
814
33792
102696
29403
2953
31334
88305
482
2960
36044
84092
51474
20455
119235
71102
77891
70866
46124
72919
41112
69192
50881
33891
97021
95622
28332
97196
40508
117560
61593
100634
81995
117522
43117
35573
6164
31505
34590
50091
79916
121905
23398
24738
127308
128962
31884
5984
125855
15562
63477
115774
72152
103921
35187
1125
77545
19812
104566
55431
74859
129362
165244
95302
127708
94989
102541
9395
5014
180908
1364
14887
147466
11939
117505
32710
15795
168250
12562
28359
32727
25611
77143
110314
98877
168339
56555
31641
16188
67294
52790
109205
96073
9773
11426
42752
48697
128969
123231
94717
134785
49587
9976
118429
93900
69815
142099
140992
96938
38008
92259
50710
49126
81266
33991
136098
82662
36132
72860
171194
100984
110106
36731
38494
88608
110813
162172
31048
38963
124748
20795
69481
4227
166752
151168
63918
139967
21690
102280
178845
14558
138475
101269
87126
13738
48623
56309
141901
5084
168882
73363
74736
28471
114585
6001
76739
76712
61170
74930
113062
58811
45662
100022
16908
2200
92504
3155
167793
105715
74781
25244
61609
131067
136526
46077
90757
77583
69955
34392
52544
123525
72659
24988
119076
6288
34236
24817
2179
157881
32483
68945
6860
145316
145699
62538
125415
34903
51973
53508
16651
9712
52439
29045
14103
134328
31273
11002
8541
3100
133818
5971
100834
43190
120199
91566
1395
96375
104794
80488
170918
144696
5554
71475
80661
13750
156295
90034
9479
85975
128686
28138
151388
28255
119868
445
62398
156957
24014
136744
101398
4204
147894
125487
11035
3503
18303
23784
152485
14319
113224
3638
71398
55606
54290
77731
97753
119013
128652
67859
67752
170671
10932
110196
1640
41430
24829
3559
180621
25191
20069
112411
11928
80843
146950
18083
4764
38329
160959
44782
71533
89987
61480
62262
3868
50263
71125
94870
12442
201360
73107
16215
681
154933
40414
148211
124093
173779
62790
61882
118791
109883
28160
100319
57937
2728
11249
50500
81776
27182
36528
79834
130262
105585
160429
111688
112491
14712
99339
110947
47336
11932
16948
50034
118931
91432
76283
511
57458
17755
126082
9309
112403
124971
105301
92909
49189
64694
105259
146582
65867
37355
48408
85297
79246
84634
30307
16788
141973
44775
79208
117748
14045
35324
38731
139573
53021
76283
142967
127320
25149
134058
3080
33693
60600
22545
124287
2254
30218
62324
180342
155321
18000
6072
156124
31326
34940
84830
35120
22181
22127
21227
71315
124213
35275
76711
47457
96623
20850
17915
45497
135474
24484
72825
9876
2920
54082
8153
35261
79583
184328
41332
180084
89652
8499
55948
60926
131271
94175
80059
17133
47276
48907
158400
60400
79613
9779
76195
406
108481
100415
128555
676
59264
50695
102144
10450
44890
78704
41142
88208
96189
22173
78465
113259
127526
36969
145403
25962
22969
165663
30112
111837
38403
49989
48641
86813
46274
11503
66606
11931
48917
136
55973
103205
146036
29559
105465
40880
9089
183072
30422
48244
92928
113664
128910
111793
55211
96506
73289
154451
115835
400
117344
32583
50339
138542
132306
163389
643
22974
150667
40876
50610
113704
106967
130263
71300
92908
6178
74729
67286
73201
41052
71
169720
143199
11740
74313
13010
107513
100086
28261
31632
175192
14582
8729
19136
45653
49075
168065
81063
29485
111113
25421
17216
16760
1536
94661
153731
30639
60115
72186
58173
127989
19660
97948
39170
106504
39117
41557
108027
102563
30470
110155
25190
22823
164810
17757
102578
90209
21732
35803
20251
13240
122397
100348
151159
126220
42223
16640
66317
30603
132516
40171
6918
92118
11318
80011
24632
193047
53024
16274
22365
39079
56119
63139
60114
196802
15497
92212
57351
55718
12259
75632
145581
59977
130678
40286
34740
117867
87953
70534
137394
116174
129797
74127
161811
48547
6668
16549
140746
159257
131462
16801
85492
158805
84927
36172
32953
44843
24490
130599
10501
60659
130905
31251
51200
25486
41500
32751
35435
7751
196012
6337
153634
129714
176222
8081
11133
65672
26754
79947
18064
17733
92344
50622
58360
34930
2195
25592
90157
28150
49995
17828
6657
102911
59728
4728
16396
52113
120966
632
88876
22386
159330
94671
68661
28913
7173
55566
56519
93298
42494
581
68526
82488
6736
4871
54416
64190
67255
146610
174435
162398
41496
13803
2965
42457
17637
10901
4528
87729
36625
19932
56871
64429
248
81816
19843
43254
73730
53063
28904
129044
28658
26971
32478
6468
90424
39995
44738
38620
54256
148775
172014
329
78982
145677
21269
71378
48083
55386
166503
60329
143556
129733
49992
64407
743
39819
28532
16340
121392
143353
144194
196238
43247
44194
2181
140761
44339
14664
83262
90949
115834
176958
164023
70977
8732
183149
142981
104675
114772
21486
73685
139346
55416
93803
22586
37264
27814
53111
133266
68194
35357
169899
151398
9653
97935
79888
2702
91794
32296
13528
6252
22293
7357
31134
109913
113898
42399
119629
101431
25798
26249
28938
77810
120530
87664
187928
87129
15170
8477
116923
159946
140814
81483
108971
70837
49877
62648
79104
25293
33526
107320
46652
122993
1253
143551
44616
47433
130792
162100
9730
10770
11812
151469
128730
15035
90238
30501
91283
103165
25490
26030
41807
65887
150831
13895
8304
22152
57917
7800
43283
17815
69510
24868
86381
87130
52326
76163
66312
16596
109264
152490
36148
141944
130788
30420
85176
2376
3574
53567
22568
21982
1035
70490
33518
31540
3344
179588
24912
81031
151417
99192
159330
42963
50738
120717
142772
124357
48714
25199
8287
49001
61878
156237
8464
49707
6060
103407
106407
74455
11787
16223
135971
33872
24005
22938
35962
47592
96402
157975
46435
75751
75330
59581
76323
3142
62011
188236
1902
83838
147227
80445
24035
96108
11715
108712
198410
75379
106669
145708
132019
108793
138033
16223
17453
38995
79300
14938
103218
165096
46354
150558
132808
20551
96153
80598
16811
167110
42484
35919
125774
36207
15703
45692
92886
38022
30966
64327
118994
60449
39096
102824
196018
36635
16526
14006
50124
106310
138
131663
11436
97795
83327
7160
18758
25058
23348
31375
64132
114286
124780
31598
118981
73825
37574
6853
13194
11274
23639
12590
5480
163786
11400
170777
45423
1257
53699
7024
60686
87890
105351
106079
71993
5030
48376
3391
88720
14299
170077
138494
97051
13339
108148
138201
19791
145766
128416
38258
97089
53050
24378
138527
153112
129452
63032
92300
11603
6554
24769
181912
40962
99361
134106
104725
97572
108063
46660
68627
91447
84869
75782
43877
21897
11689
97373
53986
59650
12949
29417
51620
79648
90008
45437
58838
132320
102
25274
59076
22365
34697
105564
13774
74621
21704
174194
61171
62884
48324
96007
120709
83331
24118
111149
2030
45949
110923
5619
48993
96715
58688
175895
134340
189807
87346
63568
50554
34952
121427
15672
29345
91971
23324
110951
79260
112251
23946
90274
148427
107891
109480
161438
11420
180471
126358
165617
123558
8203
32827
15522
132465
31881
17441
59896
132979
139162
51588
119504
18319
2337
91608
150367
41209
84552
92693
108354
38469
48959
31885
35789
12637
99847
45843
68211
56702
104698
52468
90756
22187
51779
55485
13708
126139
120735
45655
54542
109
20668
140738
56721
52709
29401
44507
121946
1647
2552
136526
132793
26810
26306
134306
125196
120745
90198
41892
105680
29918
36759
82885
76681
43361
34622
80762
404
99985
63781
175884
91726
53550
141934
44391
168533
31055
34260
120039
Case 2:
30174
37962
45774
41438
19666
4912
31723
10959
9423
10068
31703
940
19286
1308
8629
742
3068
3059
4627
9970
35046
11392
8968
25442
24218
5249
31646
40040
1448
4806
34013
39398
37922
9651
24404
109
730
30749
40669
57738
24449
13738
165
21450
8212
17607
22001
20138
46723
13823
26508
1272
4505
24427
37910
7602
7099
18357
19836
13677
4343
918
8047
28688
40143
1998
27614
45215
54638
9205
17464
29270
9999
544
30975
11541
22363
19489
7767
28217
41807
17103
48181
49524
3230
780
2618
13316
23301
40372
32952
40034
29603
998
6494
33323
18329
20833
16379
1864
24045
25197
16521
26927
7092
15480
27651
5494
34589
4171
20420
51154
15243
30163
44672
13772
13336
1616
29067
21743
33189
39953
2267
14164
38887
1122
4756
46614
44346
28751
18987
3532
28476
41903
3101
19272
24750
12923
57317
45314
11354
3703
6227
16917
6791
13992
22368
32650
39334
6276
22944
58186
13350
11685
16944
21960
4165
15958
33951
3081
29971
2055
18939
8986
29832
26430
13772
9122
1357
4733
24814
42865
28307
11245
1042
50195
45763
40598
21462
35897
27557
13697
18220
22433
15568
34564
7735
55
2510
7670
4419
3799
3488
33329
6135
11109
35124
12312
15568
12205
32516
4847
32665
32028
51754
3235
18269
17613
526
36188
47269
7958
35429
42178
17660
17450
33045
41627
23478
52833
23535
21589
40415
44196
28822
21274
5346
19764
52275
12577
42082
7133
26856
26062
18644
25742
10165
23241
31362
8807
33103
17695
3403
34239
52046
23970
41631
15204
32205
35849
857
15328
17775
7514
10359
32785
17186
143
22068
27644
27906
30383
6384
4416
20825
35955
14644
39981
5115
18308
44943
24112
45408
40723
33166
1647
33876
835
21334
1610
16128
16961
781
4596
44870
12079
24991
32377
26594
4816
11997
6511
34055
8340
34487
62176
33601
20204
8045
4490
20004
1919
12346
3926
17265
23761
30183
45019
16303
17995
21924
18987
11175
1192
12432
48265
57781
2640
51711
8392
22187
13499
24720
50250
9880
8921
9221
2406
19837
26963
9094
43396
32814
36833
14053
2655
40310
25927
21295
42857
4341
24011
5564
4925
26706
7622
651
34337
8239
1696
24889
31387
7737
7147
11998
8357
2564
3345
8996
24554
9727
24307
25893
46695
376
18034
12312
13563
2220
23192
31546
48841
42038
51461
10686
30798
45580
10163
15700
12321
31344
52178
24698
55050
16963
7642
10943
17169
393
13317
12774
13540
1110
5105
10721
35031
48417
32294
13025
13605
6220
13840
25085
34730
36038
25751
50099
2838
44267
28992
22953
32458
23036
21801
33984
45509
12602
11809
31431
7155
14909
21177
18144
5443
8779
25368
13794
51269
38713
19998
48648
10454
11661
3641
40997
39491
19718
23225
38929
400
17056
14211
13888
466
948
735
16206
7426
26354
39269
7382
21841
5192
1251
45518
34115
18858
25591
37372
32917
23393
46503
35278
24944
20739
2880
13538
49049
18190
57294
5017
15141
52171
36517
40567
23515
29509
22994
6741
5601
23700
10973
4654
29516
7139
35355
8873
11571
17930
14774
25839
5561
15824
6534
18492
62822
45784
9835
28224
16423
51756
7358
1155
17037
34006
10238
8318
34715
7677
39048
14310
21122
5682
44493
18835
13375
1264
22032
10338
14555
4486
18572
15876
51927
35465
8080
23775
50064
25574
49494
47053
10390
15496
18865
7124
7670
2753
22613
13450
11107
60003
29131
17098
12640
8032
48387
16180
7537
27054
28993
7985
9156
4198
34639
52127
36475
33167
54023
3118
30166
14158
26288
25629
37201
1158
15120
32572
36945
7678
30876
17144
34001
41317
27283
51737
60334
40762
16871
37942
15464
43131
10656
19000
12896
716
11157
16717
52403
35766
2648
1235
12129
41454
4715
19878
20624
7588
37701
60450
7402
16602
16600
41690
12948
39221
6435
37076
9555
13154
52089
46275
8936
45664
3356
45630
13210
9036
29695
12075
3649
39770
7153
1009
37365
14163
38550
31527
24965
3285
668
11694
38432
17662
54285
35012
363
22188
29524
26509
6204
2153
9908
26763
9392
3458
37983
40650
52413
43102
2347
40840
15069
10202
40815
17165
9414
18939
29164
11351
32951
7249
29985
41931
23059
47686
34121
14075
12976
37739
56821
1251
6364
11056
37722
24074
1753
10940
5492
23702
36594
35339
12423
20988
36991
7076
24507
20394
7867
13886
16362
16029
362
20430
58145
20346
18239
19409
20944
48857
575
53817
16074
22393
32527
6967
13690
8066
44271
11282
1211
7177
11821
32453
33204
19548
19265
3906
56570
37248
25313
11384
30454
4632
15524
7515
41127
30493
25625
21472
1703
36722
11164
2947
41691
21517
3607
46290
25024
18955
3015
2630
2497
4338
2411
1042
9157
1895
7479
21946
48675
18197
11586
21858
9179
40706
12282
24936
2919
34064
33165
5282
4713
11828
51772
4749
16963
4736
36968
1375
33321
3590
6975
48167
10054
58986
35280
54227
30049
37781
22455
32836
26610
35139
27262
8328
2266
25409
27303
11578
23094
14022
13527
13702
460
38165
28513
40529
3569
37734
8849
8830
47746
32780
28455
29101
14658
756
55893
13062
3296
52507
40761
49103
19587
7409
8096
24343
35742
1338
29624
31767
44487
27204
52517
28709
11665
29102
3017
28728
13461
2467
37852
4267
7571
7179
9345
6732
13211
925
42511
29263
26855
9417
1581
34055
22488
20746
10658
41953
23967
2364
15253
36301
29602
7871
19925
14557
5685
13048
16075
52970
8527
5835
5403
1944
5895
29014
21225
40822
2308
31833
54446
14452
26568
28738
4041
29323
7172
49701
26224
7777
15592
41992
1446
32606
38808
46813
20717
123
22186
31525
36357
57949
17579
4830
11789
34998
28144
31104
18120
16266
4607
53050
41130
36130
29457
41307
9235
20948
57788
13889
3752
49025
2991
16675
2928
5279
23794
30083
41964
2042
21460
15124
17164
19108
28821
18523
22120
5585
24449
33047
2572
15412
5277
55778
6757
20743
29411
29274
46643
12173
16175
54678
10292
51720
167
35278
12879
14808
22244
36286
4753
3682
35409
19427
16452
47490
48576
1822
4990
23022
32001
24484
22807
24305
26395
3242
36149
24522
33662
886
20464
16098
26222
3631
13873
36163
9531
28007
2636
40468
21659
19866
15597
20441
42300
6076
32250
4011
13944
34352
37763
20212
7359
8588
48095
10625
10875
14071
27903
57992
49533
11004
22651
25628
20961
20507
56094
10690
28424
21924
28934
10432
4161
45132
5663
6549
31762
47528
3396
12931
35962
51387
12799
2716
15099
10823
21071
35606
37364
5143
2517
25181
4987
43037
8084
30443
45788
13973
23894
16771
40958
19893
40947
26282
18409
32461
24292
29033
11926
52461
22268
44275
15367
18655
5282
23548
2016
21498
974
48209
8534
7997
10644
4397
7267
12271
15278
9784
59689
32530
11152
12664
40266
30796
25292
14489
38529
1932
5287
6347
42841
27683
17134
51875
9571
10718
19107
10457
6970
13038
5829
3311
12292
3425
8776
21033
22307
47818
9453
21737
30552
4671
36543
44113
29976
35044
8760
58822
989
50673
13191
23406
6339
24263
13237
34978
20008
16227
43080
29807
20312
44604
33000
11038
48027
6405
8336
4144
1569
15940
37565
48511
11052
15983
30052
20572
26745
2472
55595
27959
13312
36472
16782
26509
14754
12604
26786
14372
35257
2481
40036
1888
37229
10954
8748
8452
712
4444
43173
24322
18075
33554
55096
15508
49747
18376
9948
14346
34531
3896
18274
9034
16586
9996
22086
54467
1896
20510
20955
36733
4603
1521
8812
9631
35001
2316
29387
27635
46099
49142
21531
1115
2110
2827
25131
11255
33464
44170
37211
472
37287
48904
5009
4294
757
6790
57682
17763
39799
34240
29102
5563
56889
20713
20946
10122
28380
15087
46312
7160
8413
2180
19371
5429
21038
29776
1118
41090
46549
2525
26679
23167
21336
26850
21640
19333
9342
16625
3997
23032
5488
3726
42577
42747
7267
59214
28355
36124
35708
21299
25226
7787
24258
8736
22810
50357
14307
41880
1982
30046
2793
26751
10750
13341
41991
9359
23847
1078
6389
36268
7270
29322
4275
17767
26282
15854
35795
65770
3592
16711
2013
3224
40101
958
24162
3105
3070
19416
42875
10050
11792
7331
2949
19575
44939
7302
36849
24354
7786
36522
13942
25271
42839
28417
9928
17006
29513
9751
23268
10733
16751
29167
1378
17014
28539
28969
51221
2486
7623
22359
23041
44287
21572
24979
59281
38375
19070
52892
31595
6257
22295
21648
4347
22182
26240
19410
20851
35476
11266
12361
46752
31892
27661
26715
7037
25257
7455
3096
12995
38156
2976
39014
51213
26344
16270
42580
31414
25732
34519
60421
51940
50330
7525
30736
4472
25247
45411
37789
35090
37750
23850
41920
18552
2462
14780
34876
23907
10801
3368
14813
51721
12512
50638
16430
35640
9148
50122
64599
47077
9640
26353
13082
21681
33276
4174
65631
173
28567
2649
16611
39713
13112
16853
14125
55147
520
64948
27160
14630
20537
54736
29228
8927
6802
11409
38776
17357
26324
59423
11394
43768
25976
160
39443
22723
40362
27914
11961
6458
18833
53459
23359
21513
1535
5732
15763
24679
935
29026
22293
7652
29517
1155
21015
51481
54342
1917
11256
47917
25825
10526
48385
35710
18971
22310
39530
29057
8970
13895
33899
58396
36022
8846
11863
40394
24274
2066
41826
5787
62575
10789
17835
11447
34574
33521
7548
31790
38891
9087
43191
28722
25076
40962
34270
21479
27541
27882
5228
53357
35100
27266
41147
39855
29878
4638
729
50689
8576
3576
22946
16582
44613
41616
9727
17363
9514
12141
12506
36347
22213
16120
35253
31127
35991
65026
22053
60009
19688
8472
26214
57598
22306
26711
19925
47083
8296
9852
46903
16737
21856
22120
3198
44445
5248
15288
45965
45147
59419
40432
10652
42423
13499
2040
9362
37408
32974
22689
41121
7121
2453
2770
51806
23002
5115
22416
15807
32301
10620
36450
1592
9776
28600
29373
23149
12735
4136
54946
16460
32952
11124
28408
10131
17872
30092
11190
12320
46318
4575
23633
59161
1526
25291
11166
42952
20525
22436
22024
57018
16744
7673
27770
29172
24237
4700
40372
15878
18285
8506
56719
7636
114
5307
38657
10534
16276
4644
9448
45493
25471
49069
57421
1522
7967
40850
5068
17867
536
14475
801
11252
29385
27299
43148
57221
12212
37026
59122
24684
28374
10688
23451
36066
25247
37581
42496
12413
6417
11130
13521
15195
8235
38394
1068
7064
63039
45758
5372
10349
3605
22348
10642
19521
44269
37648
9918
48175
55496
10867
27341
35245
24492
7610
15427
480
2500
29264
11094
9584
37274
34040
18691
46074
16723
484
15170
8821
1725
25370
42863
31995
1780
7349
38562
41232
12706
52619
12957
25606
32394
13773
43058
1845
11104
30120
41117
10726
623
23665
23883
43712
33439
11087
16681
18680
12103
3674
17486
6395
43699
25778
10666
31815
24415
1504
49545
379
32390
52546
170
39139
34497
49070
31656
26988
3954
27459
2431
28587
8734
63222
14743
4864
14237
3976
30729
59888
40125
50603
10328
16174
17546
47411
14936
31633
18750
36081
4060
10729
33869
36596
13577
4291
8268
1415
11741
12835
3585
8245
17123
1391
20472
19042
4855
24631
28093
27618
14621
6857
17932
33928
12376
22615
43479
34986
7460
17542
20512
20518
34947
41124
34182
24348
45944
33793
20657
4157
53795
12555
19131
61401
23855
20392
46052
16823
62859
62034
17422
50765
40389
43547
41002
5421
6157
36640
58373
15533
11749
3508
24518
9754
25549
20369
29590
39043
12972
4774
43789
14758
108
42628
5550
30950
20001
15082
8775
40668
15949
36641
16480
18539
32702
8613
35602
6523
53673
6009
39508
20941
9688
39298
32022
24121
42980
2923
2434
39879
30272
2537
271
30848
26098
44637
7273
49469
8183
24724
13438
5502
37625
5701
1709
19461
22353
2025
29760
41672
4869
24718
16623
45177
5344
63906
5198
10583
26624
45571
6538
58155
607
37756
13428
12371
4351
30749
37958
43755
32740
3773
45438
8266
13150
24324
49439
2889
42505
24771
18627
14240
19218
2604
20460
22447
62020
20299
30416
22422
10788
11335
49677
60036
1272
59698
33959
32089
7052
21391
42800
31097
53567
54303
3306
22381
12546
852
21953
29213
15847
23865
5000
13666
14372
9290
16523
19567
3428
47044
36315
15268
30960
38141
5315
6846
28917
44994
32914
17629
12551
33798
29951
35346
36787
8063
12734
16030
17237
23011
10304
6297
5795
6603
50041
27804
9913
32465
12464
59423
51030
1068
7562
35150
544
27961
31895
17538
18160
5200
2431
22036
37004
22694
848
6802
26687
35258
35070
18289
19526
46592
7885
20812
40269
1006
11260
39484
54311
8238
15498
1253
46772
12700
7541
12633
16306
34150
19769
23857
20415
51447
45322
10876
42458
17024
42259
18366
38655
47573
16023
43520
17872
18897
1319
8202
35041
34747
16787
32302
17903
35983
5305
1505
6198
371
41664
16142
18302
48666
36811
9831
47342
41833
31818
19897
13955
41577
10867
56805
13498
12574
29405
3625
1783
36229
20753
9550
18068
31766
490
13973
34035
849
6762
12478
25268
2386
8014
56830
41790
6134
43191
21020
15335
30184
26345
45596
6844
37253
29510
16721
25108
1477
28545
7522
12576
7065
56153
34652
14664
18537
42405
36122
43306
49087
44361
40329
52509
18344
46918
6910
31754
23938
2671
38103
19639
49382
41875
1975
33563
21525
2414
67192
31244
27450
21420
7188
5463
31228
41453
24192
5958
2008
14920
18788
548
15736
11749
1339
37
22517
19245
30179
15043
32223
14144
17605
30830
44056
60356
22261
27006
25000
52935
12877
27918
3953
13603
24347
39659
38350
13464
11480
15362
2470
2372
12271
15105
270
36197
26597
33693
1762
18829
24412
8664
6642
6752
7564
42712
8539
11278
6983
19317
22101
41778
41871
1051
43014
15679
62196
16514
1856
2204
4155
40168
11351
16745
13046
27084
29113
41629
46824
23607
9827
9726
21667
20011
22577
41814
27960
18141
23920
27238
15110
44510
49360
35523
387
7913
45058
6999
3501
33932
42640
43635
58279
23665
27982
4444
35896
21426
7504
23313
16429
11374
26794
29471
13871
20671
31676
15753
6424
11586
32452
12122
5442
16669
53173
25592
2939
15854
41381
14687
66491
5463
18832
33429
726
7213
15615
20591
33489
4527
33873
1009
22029
716
37970
4101
25230
15588
29832
11683
24283
1454
17609
6377
48494
11498
26651
19822
50918
24234
11531
16302
2227
13800
12459
6177
9397
3576
5585
26423
38144
519
4484
25555
36868
18395
43887
11991
12871
37494
17558
16180
12940
22015
8738
34728
3148
6769
39784
41334
10676
7749
29970
40840
1742
36706
33718
32691
45909
7728
36533
46687
24120
41401
26280
43567
16931
7361
34654
9886
6197
4563
35690
43896
21351
25846
31625
6516
19362
25432
40390
5141
38671
13487
39083
24296
8532
21039
55158
15388
25585
20400
1280
51673
10931
91
47228
5308
3040
21101
3756
12116
53002
37226
41755
11130
61956
44499
16528
32359
6181
26534
42949
12478
24114
37218
27320
36613
12489
20188
17905
32152
3828
31712
15968
39486
33559
24928
19400
14293
8814
55547
582
53467
46413
15960
6214
30966
8238
11016
7491
10210
30358
33186
26044
11979
21751
35418
23362
6983
37630
18157
8393
28319
34551
1511
9355
38507
19339
12461
31944
25181
46635
16869
56429
29712
16976
1163
46160
39362
4611
32549
22228
6027
36063
34154
19898
33954
3856
11672
11824
1088
31038
14956
489
41308
9945
63307
49911
36857
10159
27727
27999
19193
31071
9992
9371
39328
30579
52893
851
51761
13880
41414
44538
59216
56741
8409
8609
29982
6110
35632
49412
21949
16665
16845
1314
47047
12600
14999
30023
24782
59706
54931
18350
15748
9519
13431
1010
27250
5804
1489
11128
21460
61000
8183
27259
11545
3603
20798
971
34447
8548
25760
26195
22628
32829
27415
16376
7948
42252
30182
15791
55681
9341
10012
40515
11967
16157
10549
3429
48928
8566
12841
48849
39223
1633
34050
49918
55051
8959
32203
46228
4795
14867
1510
15132
44507
49901
2021
3409
19890
28960
36982
51640
21419
639
48510
22020
21927
29964
24529
43688
21277
15698
6046
20265
48790
29610
23359
6693
64476
31559
21875
16555
45620
21762
43176
7227
22555
30903
61716
6245
5641
16268
22918
9080
48562
11732
16590
3750
38220
16519
23293
21915
12332
35429
26930
7737
61453
41049
59776
4662
4384
11750
7958
9740
15720
23214
15962
38962
28612
449
2960
37782
47854
4120
20243
19195
8133
12389
10699
27616
17743
11177
45092
5420
41660
40272
1790
13951
15711
14488
2585
53321
5941
37813
19342
40967
3876
15593
15298
26375
12785
57915
35287
15372
15620
19957
6524
25322
40454
12814
12715
4271
17804
830
17839
16088
13555
10952
28436
6592
14893
61657
10020
19214
9837
2305
4386
6736
59384
14512
5988
9662
41120
43839
20617
27576
15618
7673
55558
4651
50669
30042
44069
63610
47505
15030
28133
12890
751
9540
31942
4094
19852
13768
54
47332
54333
45944
25776
36156
27429
27986
1288
15205
4228
79
42298
7516
24876
1446
11670
45042
33035
20774
38780
22643
26310
17819
39333
39077
1392
7630
25481
25325
2831
3137
10468
45952
37112
6407
26598
54048
16623
16246
24059
26091
21265
14502
7044
4939
7575
1471
11467
4437
51769
905
8034
13919
19903
27194
1895
1592
38026
24908
35181
22243
3692
8965
12311
15822
5461
23859
26521
18845
4909
16723
15520
4926
31089
21215
1761
2210
42527
2776
44743
12753
7757
58102
11990
49076
29881
12266
31333
2726
10203
34188
15536
57078
28652
24701
3546
3297
19578
22772
20189
23601
26307
34337
44467
20929
39111
3711
7355
40629
43555
17124
10526
12023
21970
5323
22607
23784
7817
41213
13718
18068
57
6025
24418
40220
47519
7684
16152
8981
7594
31865
1450
1267
1390
23317
15667
12420
14024
21204
41663
31270
53210
28886
1177
7957
48062
8855
9731
26677
20270
21484
32247
28493
39377
16694
6859
30732
10041
9927
31437
36092
52923
37610
22415
15208
59948
2509
16651
36424
61366
17148
19634
34894
51146
41595
21817
9452
26550
6930
2892
16474
19296
17735
47225
1886
10039
19929
3374
140
9919
41653
39138
2689
15807
51714
45059
29287
19550
37177
28174
13314
25435
18432
53459
3009
9257
50849
24923
15803
28675
5230
20820
37421
14720
35578
2205
4527
32968
43111
35793
34784
992
49612
27815
45923
29038
33121
24591
20816
29503
41697
49252
13700
28544
27155
41506
20271
39559
5591
16755
3326
4307
4098
35242
29946
8918
10076
19759
47327
350
25988
18583
47448
46163
5420
41505
8718
48599
33001
14152
51343
3332
27621
19942
3133
14135
28153
2026
12523
19537
33946
33118
1013
15013
39590
5992
32132
7896
9259
40213
41393
48569
26224
2463
16370
30160
54735
5711
37153
11512
9921
56446
1719
13219
64172
40770
2168
14526
6839
30215
8830
34907
39467
11594
18839
18823
9392
27606
24675
14327
28845
21077
23329
22740
11739
3101
2779
20922
19608
25208
28415
31125
38269
23478
38031
1072
4276
32191
32551
12807
5585
16935
13650
10287
1506
3662
10489
13608
41206
13113
13242
14848
35070
3968
41065
46615
4355
20624
3746
631
9729
34765
51680
25805
8702
36992
28100
3861
43
30248
3430
7668
63981
10122
9172
29520
25213
40597
1702
12099
58953
31222
41436
6507
36789
15218
31404
12555
14649
54542
2627
19648
2494
14237
18651
29618
28217
7496
12840
41740
22937
27325
65628
17148
44092
28650
5103
20039
39230
2951
14843
16590
18192
3184
12473
3455
33581
11777
1727
44001
5913
31361
31762
60773
64157
23371
41675
37524
24025
31648
52330
4158
41082
35248
18266
51695
25789
5156
52526
15262
5722
32054
7021
21347
40979
2301
51359
12315
55636
10596
30277
12302
27213
16692
4770
7273
6109
23648
6642
5930
38549
23070
19480
2126
46872
16757
34222
7088
17779
41779
2801
34653
21697
8195
34084
21039
33634
19218
14031
15475
58317
29426
7910
7422
13174
38954
56857
23033
3948
33786
32552
6868
44252
28387
2236
11921
17595
70050
11277
4435
14775
8866
59670
33907
16432
10542
14087
16659
28062
312
23965
13967
28842
36661
8498
34040
36230
9982
24808
57803
11409
59518
15608
12322
31816
46881
23448
15152
17468
30537
3284
9754
31808
2690
1198
21948
18738
10219
39068
40857
18662
43233
30792
26053
9786
712
26025
48970
12224
48801
34680
34377
61550
13909
28343
16924
14897
4704
5858
62809
18415
67196
11910
22124
7938
14809
22673
26192
3219
24601
41594
7232
11885
33059
37995
56596
11170
10633
33946
42832
29205
7933
6108
44896
60100
43622
21388
17087
22102
13666
37655
56750
57923
23297
24726
2602
30569
23907
19230
448
63368
5406
10323
38009
4114
37461
35247
6821
27816
2771
10201
59892
2839
16268
8039
5657
22118
6920
31826
53332
16797
36926
42645
12894
6545
9794
9013
26718
45608
51731
12902
24807
19974
24705
12932
1156
9543
52749
380
16492
66935
25351
10026
20125
20934
57038
19928
20554
11280
12454
25104
23749
16109
12760
50865
18748
11952
5598
67223
30598
12110
3223
23780
1096
2139
11354
15169
54491
36589
4763
3246
39610
6260
55629
32471
49113
21956
21183
3408
30499
35187
27009
10299
7282
57183
23576
22080
58904
7851
13852
27806
32277
4176
34006
30576
35164
21289
8051
3033
8963
2586
57018
47480
4695
4627
27522
22229
33357
13500
50287
13833
12759
4960
12707
26346
22528
24272
32511
37021
12629
56213
12594
23450
11669
33572
41072
28155
15135
72698
28555
16066
1444
5648
3981
48572
33765
46130
18621
38596
799
25596
57098
32383
32902
16800
27695
46209
28487
19463
20711
36988
12403
65981
8441
2321
7425
7653
15629
17771
24984
10155
33929
6320
30127
8055
739
32164
18235
50084
22507
12465
9176
50480
17523
49276
64208
4833
49986
26471
4546
11682
6507
21632
2611
55873
37618
3421
8494
44536
26270
435
24417
25490
40745
23369
28790
7073
29176
55269
17258
35915
57250
6558
18890
18295
16062
26772
35262
34012
770
40550
9530
5228
1832
24088
28764
12280
10485
982
33704
47666
19299
33321
23604
61603
19496
69195
41394
5464
2363
5701
67004
20831
19592
26479
26664
7460
40693
37471
10512
38754
16723
64913
15649
6856
6043
11101
14617
22193
55638
13419
9575
14138
61213
44982
59842
36834
885
28106
24684
4988
5515
5402
36015
53307
41076
2516
467
20662
4088
28238
59045
19834
56688
1923
847
29683
30239
31886
2978
37432
33159
23465
40139
19385
60729
59763
39294
39187
63217
479
21044
29216
38038
56815
9466
37001
21827
33659
32004
15497
44203
13347
39382
20130
24674
43542
12116
25818
26185
18364
4263
4102
1594
11664
46089
3880
18000
8626
62430
16732
22425
61183
40097
44916
40608
17019
12530
4999
65065
7651
13202
3892
24275
13768
1618
57813
31722
13500
57104
52436
26832
17901
60940
27541
4865
36896
25024
53929
27509
14036
20406
13891
37961
56888
2876
6765
16511
5384
6237
11141
56799
27843
36926
29104
12897
41818
44217
15242
5975
10785
43701
54861
17435
45881
22073
8666
2628
51066
36791
4779
47231
3850
22891
48699
7545
8850
1780
24869
45986
25279
20103
51430
11348
15481
21192
24882
31737
27438
3118
34998
14900
16236
49343
45079
7629
52
5091
63853
7784
6335
22808
34835
67669
10372
10521
48149
44454
29315
11528
18206
68934
71200
7299
21463
9582
7656
10254
31349
8291
5040
17721
32168
23415
30499
2457
4753
10878
6299
19459
15294
39612
19885
60736
21331
25564
6514
44517
24516
3252
22410
15807
19267
44009
34110
33118
7007
27399
14178
1865
6859
6106
1353
10815
60465
28105
10040
20371
44139
42797
2922
43394
8823
5051
13213
2061
34195
62591
50134
11002
15931
7702
20308
3477
865
30757
34071
20296
62666
9795
974
42823
9202
46458
64431
27357
59660
17736
4087
202
44008
58253
28856
39780
52687
10798
41055
12937
2869
22728
38326
45592
45099
56489
10346
8943
12142
17024
27177
66938
5219
24367
8689
25042
33483
51685
21092
19605
35071
10881
41159
42580
40413
27476
7622
3311
26910
43341
17590
15315
26217
27078
19183
20994
3749
13679
56469
27651
3152
26851
10371
60975
26086
28848
2451
588
11713
23919
3652
25484
73240
29748
42212
44679
6170
16028
16423
7764
36714
9649
6009
2379
37863
27695
7880
16989
7896
52006
24095
47230
6048
53483
17664
30499
27541
6491
20601
20249
29269
68132
2095
29974
38889
26779
14037
8582
39880
40489
62399
4757
52888
48109
46923
29635
20725
47568
33395
5549
863
34392
19018
37264
19693
24011
12455
55838
33368
38477
52527
26298
38069
28512
31279
10381
34107
2008
Case 3:
15883
5919
415
18794
22033
18081
23434
14341
2075
13932
3226
6492
10264
968
6460
15952
20457
2259
11210
22174
7995
21445
4295
225
18492
2797
7297
7796
8175
4739
17230
12680
5911
21549
18961
1854
2459
18193
3201
20940
18038
17908
6180
3005
7335
6365
1233
16541
1777
16642
285
968
3380
10622
7122
260
106
11085
1479
972
7307
16674
988
8363
13814
1582
4005
1080
687
6835
377
17371
5326
15847
2280
9953
2477
200
2208
3522
23728
18151
18483
21368
13550
2410
16306
5477
8420
14411
21613
27809
5610
2335
22999
525
19171
26245
5074
23547
9352
20303
20734
15516
21718
12749
1244
6733
14324
25654
576
11001
21201
3749
13241
15452
21580
5094
14473
6244
16491
18077
15143
6471
14020
6681
2745
3641
6719
12461
120
15217
4754
813
10375
20607
15492
5411
4369
19940
23427
4602
4682
8066
642
9296
11292
14646
5394
19163
23155
10724
3534
5959
9701
8587
11617
544
12338
19593
10023
3196
3341
10653
6943
4534
2349
2348
25670
4219
23490
13834
22032
18695
13628
7885
16533
2314
2112
8545
27082
846
278
24033
24563
6864
5981
9564
9095
1325
