Case 1:
72309
13779
77954
18480
18465
5050
60102
60078
80530
59198
2570
62384
19838
25969
55289
10801
83494
93426
1491
84277
6586
7677
74403
97298
32203
10998
75032
5123
18953
32878
105697
11442
97608
22607
7920
37189
88763
79894
16392
91138
17840
4429
93800
3793
85067
12722
55900
18841
13139
115823
53773
19058
37395
71818
64217
55479
23741
24442
3921
6910
8535
103594
82785
67224
3981
21911
19661
33645
3809
34282
87596
56784
114136
7972
18921
42331
51622
25761
86323
68754
3244
2602
16505
30989
67357
7655
50249
37905
46307
7145
60196
13750
27915
20319
64681
8434
18525
54895
2037
43015
52180
19935
112159
23214
40362
67159
11380
8527
23567
7415
37806
1704
47228
12731
50476
15016
7153
40474
31633
58063
57416
27712
83181
23692
50449
25883
30957
6070
60157
2767
31290
47433
2022
16838
34579
52584
6723
13100
37876
7537
44269
46283
71413
46167
43475
104181
25497
30044
99520
19476
53612
27428
23673
20514
39398
51823
79972
8704
31501
53252
1642
10996
18317
25937
43082
32668
10456
38223
31334
60438
19851
48307
13503
1138
87261
34299
71712
6357
56845
15266
70397
43698
82596
26686
46109
47044
3602
73566
81234
26340
26464
66875
3618
33740
3655
20726
73395
18719
52304
18170
10456
34880
17998
57420
16872
8467
9775
100815
67219
29404
14667
3097
86342
85438
26459
43474
71130
47818
82652
4672
99987
17115
39613
43302
59754
28648
14159
42692
9226
71571
95466
25927
7363
6046
51840
22145
42139
77534
18345
67146
17277
20802
100896
102153
81512
111135
74029
54584
93661
89005
62827
60234
51997
23429
42963
24366
13770
87121
84116
17348
37662
7943
51914
43663
65807
58663
79679
30782
66378
23438
19586
10874
8563
70312
17410
41617
68228
4537
20697
4589
75196
52441
21576
16010
28404
97888
43003
42324
110725
72913
6655
1180
4086
5032
25307
88760
40327
31728
77974
111519
55980
34628
9858
59123
4878
98204
46687
50351
63848
45564
36678
7339
101770
52834
10561
49483
42997
66511
41185
72125
98279
64176
2121
42623
13552
22358
21013
39220
15653
40101
20453
63862
33252
54177
57160
72673
8603
12394
31531
87042
12096
55286
47572
47461
24508
52262
2811
40604
64190
9389
52972
56510
46484
22767
91004
52631
43840
20819
61407
90211
29233
31837
5210
38784
13498
49271
1250
20267
32946
67649
5232
47799
62837
45067
37770
1077
14533
71559
48181
1737
90898
27701
13851
100110
28558
106369
76686
99567
20857
28845
24447
12078
31189
21677
44089
16486
50372
39234
13644
69374
9932
34688
15305
43938
34173
30398
17486
9490
12545
6710
26547
24072
92124
90079
26644
35485
58910
28824
101291
90567
25586
12076
66280
58624
21997
98487
18506
67379
11115
64553
47549
5833
42371
77641
8495
23903
81175
46679
17294
71314
38282
33180
40025
53951
7400
39911
73281
78108
25195
13568
63216
74316
47587
45599
3083
25107
46677
45142
18642
1221
63251
10160
78112
7752
62933
14312
12602
80802
84762
31643
38761
104418
28606
110398
75132
21883
5415
31651
29120
47682
37814
58830
88607
13901
29533
50021
75622
36084
14812
89142
72656
38438
107107
113870
1993
53040
25656
20142
41826
30531
5405
17855
25966
16632
63573
42306
13575
68043
35764
53480
85610
64132
65260
24736
94004
81451
4561
7790
84586
39141
3745
36099
43772
55789
13812
63056
17322
55046
68368
51744
2257
47306
60885
37449
38191
23867
228
95660
17426
24637
8265
94343
7087
50029
43618
45857
42068
50485
75000
56992
60800
53725
29417
45342
20899
16279
20310
61788
104927
8123
74250
6582
42076
39620
4089
20910
29837
99809
75689
3142
14994
62472
83683
63033
15840
14533
98347
67924
15907
31147
64482
47317
3493
5380
17808
14370
6955
15162
18654
68110
93279
14112
52155
1478
7447
3028
57281
40818
33194
54317
54091
14371
62529
12656
27539
15388
52723
44723
40717
57979
12996
21392
76010
55491
22228
94363
1586
48972
33325
45792
17798
28233
46478
16512
40793
13567
35843
26282
25760
99733
15549
67882
2103
1572
13677
34982
20287
20772
40245
31888
47228
36179
29759
7735
36904
53642
57138
39601
18968
80154
103779
63572
40032
25454
7185
14757
518
34052
34885
40573
74748
22589
65288
23314
44191
68609
73581
6352
80580
11934
98987
23169
40166
24238
51477
7053
51537
23068
8997
9271
73431
40412
67608
53674
117631
89521
54796
1235
908
4479
34095
16007
15899
453
94342
26950
19174
35967
98857
56645
67446
53411
80578
91823
2266
65843
18102
9420
80952
50022
6408
38329
4657
81194
57911
26437
79530
22756
31300
12757
18397
50210
32612
91920
858
34459
19615
6353
33807
33855
24699
117595
95195
48899
642
46521
81369
53926
9527
36106
84733
19902
4838
1725
42593
26359
6721
67513
25406
61489
7429
45058
1249
50053
53082
20273
55791
36196
36219
103562
2882
86665
32433
54779
31755
74118
32744
13715
66614
28431
22714
89820
46568
63850
20159
82415
31336
5031
101167
40156
4905
54100
38642
66304
39903
2312
28842
57789
1872
77505
36983
64146
31510
45345
44939
14221
39658
56241
84904
67642
97484
59756
22514
22929
53216
22806
9091
62264
1518
63292
42019
74110
51723
5875
89567
1494
61840
8237
52093
1688
34140
29527
332
59112
23755
40608
43828
58422
8182
42165
43411
3972
67988
51003
66912
59575
9253
65739
2144
9214
81240
90684
36993
93672
48664
24150
33437
1880
50488
18950
41263
28688
43490
10221
8078
9548
22330
22892
23043
53470
56764
61645
73096
62851
34764
100192
46242
24293
92699
79135
4059
90109
47151
58044
12833
5986
87818
6762
8485
12404
68694
92722
70242
27539
64718
71847
80870
87584
4965
56031
72608
23532
25634
72753
33425
3686
5766
71877
18200
44362
82671
44338
83356
15838
40969
54370
4127
79680
100232
62927
102051
21115
57105
31224
76502
36318
54153
24307
56823
26940
20840
43906
17843
49839
26401
59420
24881
112528
19548
106234
10885
56589
86419
17769
44816
65263
79651
59738
97645
17496
94809
74082
25843
5218
4244
81860
53248
77656
41763
40394
5370
17274
12861
40374
29897
2212
63412
45425
33432
12025
43366
70206
55738
77463
79080
57492
19174
2248
89845
22925
25111
8196
35067
58119
11799
62789
51192
54150
109969
10209
39155
54434
14840
11836
1223
23899
19526
66127
3182
59162
14491
11764
47155
4012
100015
1670
74089
37636
87285
5074
22681
14791
6477
76528
71616
66544
4906
11997
2475
3590
46438
43722
38627
61468
27457
56254
75651
52223
58736
17960
2535
27411
40921
23725
9341
5519
35791
48013
43977
5090
68465
22791
2387
12797
44229
19196
12671
43954
69618
10596
70405
38272
99942
48661
25058
42650
9723
41616
2736
42937
1901
40581
11134
88876
94060
68813
36103
97372
60218
47548
73215
38148
95471
92445
25307
111304
27229
35275
36002
3770
69762
15405
114868
37741
13695
40254
49648
29278
16714
55182
56774
9293
18934
75989
32176
14160
77433
49674
31765
105573
113402
9342
4274
50240
56920
39155
16248
91020
51250
53415
40996
20220
45228
68994
6246
96634
59589
68684
35843
78216
1008
7525
19735
75087
18930
23163
88206
26035
103705
45661
873
86531
60031
46209
5084
36824
30191
14341
38261
97752
40247
55169
7202
5781
12644
25774
60537
34153
98938
7290
91656
1543
48048
83868
42241
14092
31864
93972
75853
786
35547
57618
90376
15579
22581
27636
39377
1283
37482
84801
10724
54839
85379
5339
10185
96006
44749
14436
40303
85801
6763
14253
51454
28305
13295
31798
75749
81334
30363
65001
45202
77861
8556
115967
13029
43128
34
3881
61352
53209
35922
21231
29376
58591
86477
12658
60842
113862
20490
71693
10520
113186
7198
190
55508
46385
38110
79242
90034
33321
103450
49732
21265
49219
51748
87365
58232
2607
71419
80395
2104
70975
1743
76010
47942
12496
17634
10786
13393
79550
29804
86808
41107
107717
45754
10838
57128
8944
22142
23735
73192
54287
93339
102106
40538
18713
82641
1152
53890
34347
23773
31424
17041
2467
31672
76865
99149
45446
50648
52861
114209
40326
29919
26799
15923
49728
57617
80672
57140
27856
100532
23538
67757
34793
54969
2583
26046
82060
1319
71075
4983
4681
104838
41447
22983
38307
11477
80252
6387
55628
34421
105850
11589
1969
11852
19750
13134
109981
44363
29512
42524
23660
37881
22275
29068
32232
731
59970
80057
60951
38631
11396
43951
7504
20219
46332
11919
17908
35604
6007
13339
31843
63139
51678
37054
35693
19927
34594
23066
10985
7627
35361
98882
64896
32953
54635
61630
4268
34022
37176
65060
59273
60987
111608
7472
30627
31757
46196
11543
24901
19723
11545
778
103859
18138
17213
79868
6453
16980
27184
316
3977
33493
91989
77724
6390
59853
58774
10958
29849
56403
2218
17835
54018
15760
23978
22914
70292
86640
5730
34889
42183
23507
51703
5831
7004
77423
66800
39450
3883
14218
230
2309
2536
109275
49337
99176
38818
31162
12069
79865
29832
22913
29427
25259
18962
43259
101054
7843
93145
24046
75395
4336
43514
33144
48907
50299
48741
17650
21136
51813
10433
49758
74735
51656
43626
20210
20525
5022
49847
73537
71630
1135
18522
21535
100891
9691
5863
30898
28529
61044
100799
49049
2943
2397
86706
13395
45219
73554
15522
38929
38131
108878
7054
33197
40626
4101
22139
25511
15012
24668
31657
62033
106360
96070
23059
45904
5876
50932
15302
110694
50205
8321
60818
67780
16652
108513
44249
23888
49966
76946
27331
104903
26177
7132
88910
22702
68934
83060
20215
20738
7740
7645
52572
3888
45071
27732
20258
48758
88869
102495
79291
29790
27456
22965
1170
57262
81123
51955
48607
70710
95256
90347
22074
65523
17210
41819
50882
677
28680
69428
50517
26397
25524
9967
3181
4663
16052
95940
5315
43285
11556
105336
47156
54457
47993
24295
84013
52284
33325
31324
33108
29333
94105
15707
12068
71553
61369
14357
70675
3500
24321
