Case 1:
495489 1 1195

Case 2:
19555 1 47

Case 3:
1396774 1 3523

Case 4:
1059413 1 2660

Case 5:
4017623 1 9944

Case 6:
2981661 1 7400

Case 7:
2866250 1 7272

Case 8:
2927729 1 7165

Case 9:
3099568 1 7703

Case 10:
2963731 1 7539

Case 11:
1139792 1 2834

Case 12:
2098927 1 5193

Case 13:
1122067 1 2821

Case 14:
1310968 1 3318

Case 15:
1898130 4 4629

Case 16:
282024 1 720

Case 17:
2026294 1 5177

Case 18:
1566558 1 3869

Case 19:
459323 1 1126
